<?xml version="1.0" encoding="UTF-8"?>
<testsuites name="removePlenum_removeFan_deleteBin_deleteSite_unmapNode_unregNode_unregGW" time="422" tests="7" failures="2" errors="0">
   <testsuite name="removePlenum_removeFan_deleteBin_deleteSite_unmapNode_unregNode_unregGW" tests="7" failures="2" errors="0" time="422" timestamp="2018-06-08 11:48:09" hostname="geetab - OPI-LT66.opisystems.local" id="Test Suites/removePlenum_removeFan_deleteBin_deleteSite_unmapNode_unregNode_unregGW">
      <properties>
         <property name="deviceName" value=""/>
         <property name="devicePlatform" value=""/>
         <property name="logFolder" value="C:\\Users\\geetab\\Katalon Studio\\RA_opi_blue_cloud\\Reports\\removePlenum_removeFan_deleteBin_deleteSite_unmapNode_unregNode_unregGW\\20180608_114807"/>
         <property name="logFiles" value="C:\\Users\\geetab\\Katalon Studio\\RA_opi_blue_cloud\\Reports\\removePlenum_removeFan_deleteBin_deleteSite_unmapNode_unregNode_unregGW\\20180608_114807\\execution0.log"/>
         <property name="attachments" value="C:\\Users\\geetab\\Katalon Studio\\RA_opi_blue_cloud\\Reports\\removePlenum_removeFan_deleteBin_deleteSite_unmapNode_unregNode_unregGW\\20180608_114807\\1528480298342.png, C:\\Users\\geetab\\Katalon Studio\\RA_opi_blue_cloud\\Reports\\removePlenum_removeFan_deleteBin_deleteSite_unmapNode_unregNode_unregGW\\20180608_114807\\1528480385117.png"/>
         <property name="hostName" value="geetab - OPI-LT66.opisystems.local"/>
         <property name="os" value="Windows 10 64bit"/>
         <property name="katalonVersion" value="5.4.2.1"/>
         <property name="browser" value="Chrome 67.0.3396.62"/>
         <property name="hostAddress" value="172.16.6.51"/>
         <property name="sessionId" value="7feb41ad90679b7e55c509ba22ed725b"/>
         <property name="seleniumVersion" value="3.7.1"/>
         <property name="proxyInformation" value="ProxyInformation{proxyOption=NO_PROXY, proxyServerType=HTTP, password=, proxyServerAddress=, proxyServerPort=0}"/>
         <property name="platform" value="Windows 10"/>
      </properties>
      <testcase name="Test Cases/remove_plenum_from_bin" classname="Test Cases/remove_plenum_from_bin" status="PASSED">
         <system-out><![CDATA[2018-06-08 11:48:09 - [TEST_CASE][PASSED] - Test Cases/remove_plenum_from_bin: Test Cases/remove_plenum_from_bin

2018-06-08 11:48:10 - [TEST_STEP][PASSED] - openBrowser: Browser is opened with url: ''

2018-06-08 11:48:18 - [MESSAGE][PASSED] - Browser is opened with url: ''

2018-06-08 11:48:18 - [TEST_STEP][PASSED] - navigateToUrl: Navigate to 'https://ra.managegrain.com/#/dashboard/userPreferences' successfully

2018-06-08 11:48:21 - [MESSAGE][PASSED] - Navigate to 'https://ra.managegrain.com/#/dashboard/userPreferences' successfully

2018-06-08 11:48:21 - [TEST_STEP][PASSED] - setText: Text 'opiopi20171+00028@gmail.com' is set on object 'Object Repository/remove_plenum_from_bin/Page_OPI Blue/input_username'

2018-06-08 11:48:27 - [MESSAGE][PASSED] - Text 'opiopi20171+00028@gmail.com' is set on object 'Object Repository/remove_plenum_from_bin/Page_OPI Blue/input_username'

2018-06-08 11:48:27 - [TEST_STEP][PASSED] - setText: Text 'gWF7Q4IlreZBZUpxglt7' is set on object 'Object Repository/remove_plenum_from_bin/Page_OPI Blue/input_password'

2018-06-08 11:48:32 - [MESSAGE][PASSED] - Text 'gWF7Q4IlreZBZUpxglt7' is set on object 'Object Repository/remove_plenum_from_bin/Page_OPI Blue/input_password'

2018-06-08 11:48:32 - [TEST_STEP][PASSED] - click: Object: 'Object Repository/remove_plenum_from_bin/Page_OPI Blue/button_Log In' is clicked on

2018-06-08 11:48:35 - [MESSAGE][PASSED] - Object: 'Object Repository/remove_plenum_from_bin/Page_OPI Blue/button_Log In' is clicked on

2018-06-08 11:48:35 - [TEST_STEP][PASSED] - click: Object: 'Object Repository/remove_plenum_from_bin/Page_Gateways and Nodes - OPI Blue/span_Sites and Bins' is clicked on

2018-06-08 11:48:38 - [MESSAGE][PASSED] - Object: 'Object Repository/remove_plenum_from_bin/Page_Gateways and Nodes - OPI Blue/span_Sites and Bins' is clicked on

2018-06-08 11:48:38 - [TEST_STEP][PASSED] - click: Object: 'Object Repository/remove_plenum_from_bin/Page_Sites and Bins - OPI Blue/a_Bins' is clicked on

2018-06-08 11:48:40 - [MESSAGE][PASSED] - Object: 'Object Repository/remove_plenum_from_bin/Page_Sites and Bins - OPI Blue/a_Bins' is clicked on

2018-06-08 11:48:40 - [TEST_STEP][PASSED] - click: Object: 'Object Repository/remove_plenum_from_bin/Page_Sites and Bins - OPI Blue/a_Plenum' is clicked on

2018-06-08 11:48:42 - [MESSAGE][PASSED] - Object: 'Object Repository/remove_plenum_from_bin/Page_Sites and Bins - OPI Blue/a_Plenum' is clicked on

2018-06-08 11:48:42 - [TEST_STEP][PASSED] - click: Object: 'Object Repository/remove_plenum_from_bin/Page_Sites and Bins - OPI Blue/button_Remove' is clicked on

2018-06-08 11:48:44 - [MESSAGE][PASSED] - Object: 'Object Repository/remove_plenum_from_bin/Page_Sites and Bins - OPI Blue/button_Remove' is clicked on

2018-06-08 11:48:44 - [TEST_STEP][PASSED] - click: Object: 'Object Repository/remove_plenum_from_bin/Page_Sites and Bins - OPI Blue/button_Remove_1' is clicked on

2018-06-08 11:48:47 - [MESSAGE][PASSED] - Object: 'Object Repository/remove_plenum_from_bin/Page_Sites and Bins - OPI Blue/button_Remove_1' is clicked on

2018-06-08 11:48:47 - [TEST_STEP][PASSED] - waitForElementPresent: Object 'Object Repository/remove_plenum_from_bin/Page_Sites and Bins - OPI Blue/a_Log out' is present

2018-06-08 11:48:48 - [MESSAGE][PASSED] - Object 'Object Repository/remove_plenum_from_bin/Page_Sites and Bins - OPI Blue/a_Log out' is present

2018-06-08 11:48:48 - [TEST_STEP][PASSED] - waitForElementClickable: Object 'Object Repository/remove_plenum_from_bin/Page_Sites and Bins - OPI Blue/a_Log out' is clickable

2018-06-08 11:48:50 - [MESSAGE][PASSED] - Object 'Object Repository/remove_plenum_from_bin/Page_Sites and Bins - OPI Blue/a_Log out' is clickable

2018-06-08 11:48:50 - [TEST_STEP][PASSED] - click: Object: 'Object Repository/remove_plenum_from_bin/Page_Sites and Bins - OPI Blue/a_Log out' is clicked on

2018-06-08 11:48:53 - [MESSAGE][PASSED] - Object: 'Object Repository/remove_plenum_from_bin/Page_Sites and Bins - OPI Blue/a_Log out' is clicked on

2018-06-08 11:48:53 - [TEST_STEP][PASSED] - closeBrowser: Browser is closed

2018-06-08 11:48:55 - [MESSAGE][PASSED] - Browser is closed]]></system-out>
         <system-err><![CDATA[]]></system-err>
      </testcase>
      <testcase name="Test Cases/remove_fan_from_bin" classname="Test Cases/remove_fan_from_bin" status="PASSED">
         <system-out><![CDATA[2018-06-08 11:48:57 - [TEST_CASE][PASSED] - Test Cases/remove_fan_from_bin: Test Cases/remove_fan_from_bin

2018-06-08 11:48:57 - [TEST_STEP][PASSED] - openBrowser: Browser is opened with url: ''

2018-06-08 11:49:02 - [MESSAGE][PASSED] - Browser is opened with url: ''

2018-06-08 11:49:02 - [TEST_STEP][PASSED] - navigateToUrl: Navigate to 'https://ra.managegrain.com/#/dashboard/userPreferences' successfully

2018-06-08 11:49:05 - [MESSAGE][PASSED] - Navigate to 'https://ra.managegrain.com/#/dashboard/userPreferences' successfully

2018-06-08 11:49:05 - [TEST_STEP][PASSED] - setText: Text 'opiopi20171+00028@gmail.com' is set on object 'Object Repository/create_bin_add_fan_only/Page_OPI Blue/input_username'

2018-06-08 11:49:11 - [MESSAGE][PASSED] - Text 'opiopi20171+00028@gmail.com' is set on object 'Object Repository/create_bin_add_fan_only/Page_OPI Blue/input_username'

2018-06-08 11:49:11 - [TEST_STEP][PASSED] - setText: Text 'gWF7Q4IlreZBZUpxglt7' is set on object 'Object Repository/create_bin_add_fan_only/Page_OPI Blue/input_password'

2018-06-08 11:49:16 - [MESSAGE][PASSED] - Text 'gWF7Q4IlreZBZUpxglt7' is set on object 'Object Repository/create_bin_add_fan_only/Page_OPI Blue/input_password'

2018-06-08 11:49:16 - [TEST_STEP][PASSED] - click: Object: 'Object Repository/create_bin_add_fan_only/Page_OPI Blue/button_Log In' is clicked on

2018-06-08 11:49:19 - [MESSAGE][PASSED] - Object: 'Object Repository/create_bin_add_fan_only/Page_OPI Blue/button_Log In' is clicked on

2018-06-08 11:49:19 - [TEST_STEP][PASSED] - click: Object: 'Object Repository/create_bin_add_fan_only/Page_Dashboard - OPI Blue/span_Sites and Bins' is clicked on

2018-06-08 11:49:22 - [MESSAGE][PASSED] - Object: 'Object Repository/create_bin_add_fan_only/Page_Dashboard - OPI Blue/span_Sites and Bins' is clicked on

2018-06-08 11:49:22 - [TEST_STEP][PASSED] - click: Object: 'Object Repository/create_bin_add_fan_only/Page_Sites and Bins - OPI Blue/a_Bins' is clicked on

2018-06-08 11:49:24 - [MESSAGE][PASSED] - Object: 'Object Repository/create_bin_add_fan_only/Page_Sites and Bins - OPI Blue/a_Bins' is clicked on

2018-06-08 11:49:24 - [TEST_STEP][PASSED] - click: Object: 'Object Repository/create_bin_add_fan_only/Page_Sites and Bins - OPI Blue/a_Fans' is clicked on

2018-06-08 11:49:26 - [MESSAGE][PASSED] - Object: 'Object Repository/create_bin_add_fan_only/Page_Sites and Bins - OPI Blue/a_Fans' is clicked on

2018-06-08 11:49:26 - [TEST_STEP][PASSED] - click: Object: 'Object Repository/create_bin_add_fan_only/Page_Sites and Bins - OPI Blue/button_Remove Fan' is clicked on

2018-06-08 11:49:28 - [MESSAGE][PASSED] - Object: 'Object Repository/create_bin_add_fan_only/Page_Sites and Bins - OPI Blue/button_Remove Fan' is clicked on

2018-06-08 11:49:28 - [TEST_STEP][PASSED] - click: Object: 'Object Repository/create_bin_add_fan_only/Page_Sites and Bins - OPI Blue/button_Remove' is clicked on

2018-06-08 11:49:30 - [MESSAGE][PASSED] - Object: 'Object Repository/create_bin_add_fan_only/Page_Sites and Bins - OPI Blue/button_Remove' is clicked on

2018-06-08 11:49:30 - [TEST_STEP][PASSED] - waitForElementPresent: Object 'Object Repository/create_bin_add_fan_only/Page_Sites and Bins - OPI Blue/a_Log out' is present

2018-06-08 11:49:31 - [MESSAGE][PASSED] - Object 'Object Repository/create_bin_add_fan_only/Page_Sites and Bins - OPI Blue/a_Log out' is present

2018-06-08 11:49:31 - [TEST_STEP][PASSED] - waitForElementClickable: Object 'Object Repository/create_bin_add_fan_only/Page_Sites and Bins - OPI Blue/a_Log out' is clickable

2018-06-08 11:49:33 - [MESSAGE][PASSED] - Object 'Object Repository/create_bin_add_fan_only/Page_Sites and Bins - OPI Blue/a_Log out' is clickable

2018-06-08 11:49:33 - [TEST_STEP][PASSED] - click: Object: 'Object Repository/create_bin_add_fan_only/Page_Sites and Bins - OPI Blue/a_Log out' is clicked on

2018-06-08 11:49:36 - [MESSAGE][PASSED] - Object: 'Object Repository/create_bin_add_fan_only/Page_Sites and Bins - OPI Blue/a_Log out' is clicked on

2018-06-08 11:49:36 - [TEST_STEP][PASSED] - closeBrowser: Browser is closed

2018-06-08 11:49:39 - [MESSAGE][PASSED] - Browser is closed]]></system-out>
         <system-err><![CDATA[]]></system-err>
      </testcase>
      <testcase name="Test Cases/delete_first_bin" classname="Test Cases/delete_first_bin" status="PASSED">
         <system-out><![CDATA[2018-06-08 11:49:41 - [TEST_CASE][PASSED] - Test Cases/delete_first_bin: Test Cases/delete_first_bin

2018-06-08 11:49:41 - [TEST_STEP][PASSED] - openBrowser: Browser is opened with url: ''

2018-06-08 11:49:46 - [MESSAGE][PASSED] - Browser is opened with url: ''

2018-06-08 11:49:46 - [TEST_STEP][PASSED] - navigateToUrl: Navigate to 'https://ra.managegrain.com/#/dashboard/userPreferences' successfully

2018-06-08 11:49:49 - [MESSAGE][PASSED] - Navigate to 'https://ra.managegrain.com/#/dashboard/userPreferences' successfully

2018-06-08 11:49:49 - [TEST_STEP][PASSED] - setText: Text 'opiopi20171+00028@gmail.com' is set on object 'Object Repository/delete_first_bin/Page_OPI Blue/input_username'

2018-06-08 11:49:55 - [MESSAGE][PASSED] - Text 'opiopi20171+00028@gmail.com' is set on object 'Object Repository/delete_first_bin/Page_OPI Blue/input_username'

2018-06-08 11:49:55 - [TEST_STEP][PASSED] - setText: Text 'gWF7Q4IlreZBZUpxglt7' is set on object 'Object Repository/delete_first_bin/Page_OPI Blue/input_password'

2018-06-08 11:49:59 - [MESSAGE][PASSED] - Text 'gWF7Q4IlreZBZUpxglt7' is set on object 'Object Repository/delete_first_bin/Page_OPI Blue/input_password'

2018-06-08 11:49:59 - [TEST_STEP][PASSED] - click: Object: 'Object Repository/delete_first_bin/Page_OPI Blue/button_Log In' is clicked on

2018-06-08 11:50:03 - [MESSAGE][PASSED] - Object: 'Object Repository/delete_first_bin/Page_OPI Blue/button_Log In' is clicked on

2018-06-08 11:50:03 - [TEST_STEP][PASSED] - click: Object: 'Object Repository/delete_first_bin/Page_Gateways and Nodes - OPI Blue/span_Sites and Bins' is clicked on

2018-06-08 11:50:05 - [MESSAGE][PASSED] - Object: 'Object Repository/delete_first_bin/Page_Gateways and Nodes - OPI Blue/span_Sites and Bins' is clicked on

2018-06-08 11:50:05 - [TEST_STEP][PASSED] - click: Object: 'Object Repository/delete_first_bin/Page_Sites and Bins - OPI Blue/a_Bins' is clicked on

2018-06-08 11:50:08 - [MESSAGE][PASSED] - Object: 'Object Repository/delete_first_bin/Page_Sites and Bins - OPI Blue/a_Bins' is clicked on

2018-06-08 11:50:08 - [TEST_STEP][PASSED] - click: Object: 'Object Repository/delete_first_bin/Page_Sites and Bins - OPI Blue/button_Delete' is clicked on

2018-06-08 11:50:10 - [MESSAGE][PASSED] - Object: 'Object Repository/delete_first_bin/Page_Sites and Bins - OPI Blue/button_Delete' is clicked on

2018-06-08 11:50:10 - [TEST_STEP][PASSED] - click: Object: 'Object Repository/delete_first_bin/Page_Sites and Bins - OPI Blue/button_Delete' is clicked on

2018-06-08 11:50:12 - [MESSAGE][PASSED] - Object: 'Object Repository/delete_first_bin/Page_Sites and Bins - OPI Blue/button_Delete' is clicked on

2018-06-08 11:50:12 - [TEST_STEP][PASSED] - waitForElementPresent: Object 'Object Repository/delete_first_bin/Page_Sites and Bins - OPI Blue/a_Log out' is present

2018-06-08 11:50:13 - [MESSAGE][PASSED] - Object 'Object Repository/delete_first_bin/Page_Sites and Bins - OPI Blue/a_Log out' is present

2018-06-08 11:50:13 - [TEST_STEP][PASSED] - waitForElementClickable: Object 'Object Repository/delete_first_bin/Page_Sites and Bins - OPI Blue/a_Log out' is clickable

2018-06-08 11:50:15 - [MESSAGE][PASSED] - Object 'Object Repository/delete_first_bin/Page_Sites and Bins - OPI Blue/a_Log out' is clickable

2018-06-08 11:50:15 - [TEST_STEP][PASSED] - click: Object: 'Object Repository/delete_first_bin/Page_Sites and Bins - OPI Blue/a_Log out' is clicked on

2018-06-08 11:50:18 - [MESSAGE][PASSED] - Object: 'Object Repository/delete_first_bin/Page_Sites and Bins - OPI Blue/a_Log out' is clicked on

2018-06-08 11:50:18 - [TEST_STEP][PASSED] - closeBrowser: Browser is closed

2018-06-08 11:50:20 - [MESSAGE][PASSED] - Browser is closed]]></system-out>
         <system-err><![CDATA[]]></system-err>
      </testcase>
      <testcase name="Test Cases/delete_bin_with_cables_ws_fan_plenum" classname="Test Cases/delete_bin_with_cables_ws_fan_plenum" status="FAILED">
         <failure type="FAILED" message="Unable to click on object 'Object Repository/delete_bin_with_cables/delete_bin_with_cables_ws_fan_plenum/Page_Sites and Bins - OPI Blue/button_Remove Fan' (Root cause: com.kms.katalon.core.webui.exception.WebElementNotFoundException: Web element with id: 'Object Repository/delete_bin_with_cables/delete_bin_with_cables_ws_fan_plenum/Page_Sites and Bins - OPI Blue/button_Remove Fan' located by 'By.xpath: //button[(text() = '
                Remove Fan
            ' or . = '
                Remove Fan
            ')]' not found)"/>
         <system-out><![CDATA[2018-06-08 11:50:22 - [TEST_CASE][FAILED] - Test Cases/delete_bin_with_cables_ws_fan_plenum: Test Cases/delete_bin_with_cables_ws_fan_plenum FAILED because (of) Unable to click on object 'Object Repository/delete_bin_with_cables/delete_bin_with_cables_ws_fan_plenum/Page_Sites and Bins - OPI Blue/button_Remove Fan' (Root cause: com.kms.katalon.core.webui.exception.WebElementNotFoundException: Web element with id: 'Object Repository/delete_bin_with_cables/delete_bin_with_cables_ws_fan_plenum/Page_Sites and Bins - OPI Blue/button_Remove Fan' located by 'By.xpath: //button[(text() = '
                Remove Fan
            ' or . = '
                Remove Fan
            ')]' not found)

2018-06-08 11:50:22 - [TEST_STEP][PASSED] - openBrowser: Browser is opened with url: ''

2018-06-08 11:50:27 - [MESSAGE][PASSED] - Browser is opened with url: ''

2018-06-08 11:50:27 - [TEST_STEP][PASSED] - navigateToUrl: Navigate to 'https://ra.managegrain.com/#/dashboard/userPreferences' successfully

2018-06-08 11:50:30 - [MESSAGE][PASSED] - Navigate to 'https://ra.managegrain.com/#/dashboard/userPreferences' successfully

2018-06-08 11:50:30 - [TEST_STEP][PASSED] - setText: Text 'opiopi20171+00028@gmail.com' is set on object 'Object Repository/delete_bin_with_cables/delete_bin_with_cables_ws_fan_plenum/Page_OPI Blue/input_username'

2018-06-08 11:50:36 - [MESSAGE][PASSED] - Text 'opiopi20171+00028@gmail.com' is set on object 'Object Repository/delete_bin_with_cables/delete_bin_with_cables_ws_fan_plenum/Page_OPI Blue/input_username'

2018-06-08 11:50:36 - [TEST_STEP][PASSED] - setText: Text 'gWF7Q4IlreZBZUpxglt7' is set on object 'Object Repository/delete_bin_with_cables/delete_bin_with_cables_ws_fan_plenum/Page_OPI Blue/input_password'

2018-06-08 11:50:41 - [MESSAGE][PASSED] - Text 'gWF7Q4IlreZBZUpxglt7' is set on object 'Object Repository/delete_bin_with_cables/delete_bin_with_cables_ws_fan_plenum/Page_OPI Blue/input_password'

2018-06-08 11:50:41 - [TEST_STEP][PASSED] - click: Object: 'Object Repository/delete_bin_with_cables/delete_bin_with_cables_ws_fan_plenum/Page_OPI Blue/span_Log In' is clicked on

2018-06-08 11:50:44 - [MESSAGE][PASSED] - Object: 'Object Repository/delete_bin_with_cables/delete_bin_with_cables_ws_fan_plenum/Page_OPI Blue/span_Log In' is clicked on

2018-06-08 11:50:44 - [TEST_STEP][PASSED] - click: Object: 'Object Repository/delete_bin_with_cables/delete_bin_with_cables_ws_fan_plenum/Page_Dashboard - OPI Blue/span_Sites and Bins' is clicked on

2018-06-08 11:50:47 - [MESSAGE][PASSED] - Object: 'Object Repository/delete_bin_with_cables/delete_bin_with_cables_ws_fan_plenum/Page_Dashboard - OPI Blue/span_Sites and Bins' is clicked on

2018-06-08 11:50:47 - [TEST_STEP][PASSED] - click: Object: 'Object Repository/delete_bin_with_cables/delete_bin_with_cables_ws_fan_plenum/Page_Sites and Bins - OPI Blue/a_Bins' is clicked on

2018-06-08 11:50:49 - [MESSAGE][PASSED] - Object: 'Object Repository/delete_bin_with_cables/delete_bin_with_cables_ws_fan_plenum/Page_Sites and Bins - OPI Blue/a_Bins' is clicked on

2018-06-08 11:50:49 - [TEST_STEP][PASSED] - click: Object: 'Object Repository/delete_bin_with_cables/delete_bin_with_cables_ws_fan_plenum/Page_Sites and Bins - OPI Blue/a_Cables' is clicked on

2018-06-08 11:50:51 - [MESSAGE][PASSED] - Object: 'Object Repository/delete_bin_with_cables/delete_bin_with_cables_ws_fan_plenum/Page_Sites and Bins - OPI Blue/a_Cables' is clicked on

2018-06-08 11:50:51 - [TEST_STEP][PASSED] - click: Object: 'Object Repository/delete_bin_with_cables/delete_bin_with_cables_ws_fan_plenum/Page_Sites and Bins - OPI Blue/button_Edit' is clicked on

2018-06-08 11:50:53 - [MESSAGE][PASSED] - Object: 'Object Repository/delete_bin_with_cables/delete_bin_with_cables_ws_fan_plenum/Page_Sites and Bins - OPI Blue/button_Edit' is clicked on

2018-06-08 11:50:53 - [TEST_STEP][PASSED] - click: Object: 'Object Repository/delete_bin_with_cables/delete_bin_with_cables_ws_fan_plenum/Page_Sites and Bins - OPI Blue/i_icon-pencil' is clicked on

2018-06-08 11:50:55 - [MESSAGE][PASSED] - Object: 'Object Repository/delete_bin_with_cables/delete_bin_with_cables_ws_fan_plenum/Page_Sites and Bins - OPI Blue/i_icon-pencil' is clicked on

2018-06-08 11:50:55 - [TEST_STEP][PASSED] - click: Object: 'Object Repository/delete_bin_with_cables/delete_bin_with_cables_ws_fan_plenum/Page_Sites and Bins - OPI Blue/i_icon-cancel-circled unmap-ic' is clicked on

2018-06-08 11:50:58 - [MESSAGE][PASSED] - Object: 'Object Repository/delete_bin_with_cables/delete_bin_with_cables_ws_fan_plenum/Page_Sites and Bins - OPI Blue/i_icon-cancel-circled unmap-ic' is clicked on

2018-06-08 11:50:58 - [TEST_STEP][PASSED] - click: Object: 'Object Repository/delete_bin_with_cables/delete_bin_with_cables_ws_fan_plenum/Page_Sites and Bins - OPI Blue/i_icon-pencil_1' is clicked on

2018-06-08 11:51:00 - [MESSAGE][PASSED] - Object: 'Object Repository/delete_bin_with_cables/delete_bin_with_cables_ws_fan_plenum/Page_Sites and Bins - OPI Blue/i_icon-pencil_1' is clicked on

2018-06-08 11:51:00 - [TEST_STEP][PASSED] - click: Object: 'Object Repository/delete_bin_with_cables/delete_bin_with_cables_ws_fan_plenum/Page_Sites and Bins - OPI Blue/i_icon-cancel-circled unmap-ic_1' is clicked on

2018-06-08 11:51:02 - [MESSAGE][PASSED] - Object: 'Object Repository/delete_bin_with_cables/delete_bin_with_cables_ws_fan_plenum/Page_Sites and Bins - OPI Blue/i_icon-cancel-circled unmap-ic_1' is clicked on

2018-06-08 11:51:02 - [TEST_STEP][PASSED] - click: Object: 'Object Repository/delete_bin_with_cables/delete_bin_with_cables_ws_fan_plenum/Page_Sites and Bins - OPI Blue/button_Save' is clicked on

2018-06-08 11:51:04 - [MESSAGE][PASSED] - Object: 'Object Repository/delete_bin_with_cables/delete_bin_with_cables_ws_fan_plenum/Page_Sites and Bins - OPI Blue/button_Save' is clicked on

2018-06-08 11:51:04 - [TEST_STEP][NOT_RUN] - click: NOT_RUN: click

2018-06-08 11:51:04 - [MESSAGE][NOT_RUN] - NOT_RUN: click

2018-06-08 11:51:04 - [TEST_STEP][PASSED] - waitForElementPresent: Object 'Object Repository/delete_bin_with_cables/delete_bin_with_cables_ws_fan_plenum/Page_Sites and Bins - OPI Blue/a_Fans' is present

2018-06-08 11:51:05 - [MESSAGE][PASSED] - Object 'Object Repository/delete_bin_with_cables/delete_bin_with_cables_ws_fan_plenum/Page_Sites and Bins - OPI Blue/a_Fans' is present

2018-06-08 11:51:05 - [TEST_STEP][PASSED] - click: Object: 'Object Repository/delete_bin_with_cables/delete_bin_with_cables_ws_fan_plenum/Page_Sites and Bins - OPI Blue/a_Fans' is clicked on

2018-06-08 11:51:07 - [MESSAGE][PASSED] - Object: 'Object Repository/delete_bin_with_cables/delete_bin_with_cables_ws_fan_plenum/Page_Sites and Bins - OPI Blue/a_Fans' is clicked on

2018-06-08 11:51:07 - [TEST_STEP][FAILED] - click: Unable to click on object 'Object Repository/delete_bin_with_cables/delete_bin_with_cables_ws_fan_plenum/Page_Sites and Bins - OPI Blue/button_Remove Fan' (Root cause: com.kms.katalon.core.webui.exception.WebElementNotFoundException: Web element with id: 'Object Repository/delete_bin_with_cables/delete_bin_with_cables_ws_fan_plenum/Page_Sites and Bins - OPI Blue/button_Remove Fan' located by 'By.xpath: //button[(text() = '
                Remove Fan
            ' or . = '
                Remove Fan
            ')]' not found)

2018-06-08 11:51:39 - [MESSAGE][FAILED] - Unable to click on object 'Object Repository/delete_bin_with_cables/delete_bin_with_cables_ws_fan_plenum/Page_Sites and Bins - OPI Blue/button_Remove Fan' (Root cause: com.kms.katalon.core.webui.exception.WebElementNotFoundException: Web element with id: 'Object Repository/delete_bin_with_cables/delete_bin_with_cables_ws_fan_plenum/Page_Sites and Bins - OPI Blue/button_Remove Fan' located by 'By.xpath: //button[(text() = '
                Remove Fan
            ' or . = '
                Remove Fan
            ')]' not found)
[[ATTACHMENT|C:\\Users\\geetab\\Katalon Studio\\RA_opi_blue_cloud\\Reports\\removePlenum_removeFan_deleteBin_deleteSite_unmapNode_unregNode_unregGW\\20180608_114807\\1528480298342.png]]]]></system-out>
         <system-err><![CDATA[2018-06-08 11:50:22 - [TEST_CASE][FAILED] - Test Cases/delete_bin_with_cables_ws_fan_plenum: Test Cases/delete_bin_with_cables_ws_fan_plenum FAILED because (of) Unable to click on object 'Object Repository/delete_bin_with_cables/delete_bin_with_cables_ws_fan_plenum/Page_Sites and Bins - OPI Blue/button_Remove Fan' (Root cause: com.kms.katalon.core.webui.exception.WebElementNotFoundException: Web element with id: 'Object Repository/delete_bin_with_cables/delete_bin_with_cables_ws_fan_plenum/Page_Sites and Bins - OPI Blue/button_Remove Fan' located by 'By.xpath: //button[(text() = '
                Remove Fan
            ' or . = '
                Remove Fan
            ')]' not found)]]></system-err>
      </testcase>
      <testcase name="Test Cases/remove_weather_station_from_site" classname="Test Cases/remove_weather_station_from_site" status="PASSED">
         <system-out><![CDATA[2018-06-08 11:51:41 - [TEST_CASE][PASSED] - Test Cases/remove_weather_station_from_site: Test Cases/remove_weather_station_from_site

2018-06-08 11:51:42 - [TEST_STEP][PASSED] - openBrowser: Browser is opened with url: ''

2018-06-08 11:51:42 - [MESSAGE][WARNING] - A browser is already opened. Closing browser and opening a new one

2018-06-08 11:51:49 - [MESSAGE][PASSED] - Browser is opened with url: ''

2018-06-08 11:51:49 - [TEST_STEP][PASSED] - navigateToUrl: Navigate to 'https://ra.managegrain.com/#/dashboard/userPreferences' successfully

2018-06-08 11:51:52 - [MESSAGE][PASSED] - Navigate to 'https://ra.managegrain.com/#/dashboard/userPreferences' successfully

2018-06-08 11:51:52 - [TEST_STEP][PASSED] - setText: Text 'opiopi20171+00028@gmail.com' is set on object 'Object Repository/remove_weather_station/Page_OPI Blue/input_username'

2018-06-08 11:51:58 - [MESSAGE][PASSED] - Text 'opiopi20171+00028@gmail.com' is set on object 'Object Repository/remove_weather_station/Page_OPI Blue/input_username'

2018-06-08 11:51:58 - [TEST_STEP][PASSED] - setText: Text 'gWF7Q4IlreZBZUpxglt7' is set on object 'Object Repository/remove_weather_station/Page_OPI Blue/input_password'

2018-06-08 11:52:02 - [MESSAGE][PASSED] - Text 'gWF7Q4IlreZBZUpxglt7' is set on object 'Object Repository/remove_weather_station/Page_OPI Blue/input_password'

2018-06-08 11:52:02 - [TEST_STEP][PASSED] - click: Object: 'Object Repository/remove_weather_station/Page_OPI Blue/span_Log In' is clicked on

2018-06-08 11:52:06 - [MESSAGE][PASSED] - Object: 'Object Repository/remove_weather_station/Page_OPI Blue/span_Log In' is clicked on

2018-06-08 11:52:06 - [TEST_STEP][PASSED] - click: Object: 'Object Repository/remove_weather_station/Page_Dashboard - OPI Blue/span_Sites and Bins' is clicked on

2018-06-08 11:52:08 - [MESSAGE][PASSED] - Object: 'Object Repository/remove_weather_station/Page_Dashboard - OPI Blue/span_Sites and Bins' is clicked on

2018-06-08 11:52:08 - [TEST_STEP][PASSED] - click: Object: 'Object Repository/remove_weather_station/Page_Sites and Bins - OPI Blue/a_Sites' is clicked on

2018-06-08 11:52:10 - [MESSAGE][PASSED] - Object: 'Object Repository/remove_weather_station/Page_Sites and Bins - OPI Blue/a_Sites' is clicked on

2018-06-08 11:52:10 - [TEST_STEP][PASSED] - click: Object: 'Object Repository/remove_weather_station/Page_Sites and Bins - OPI Blue/a_Weather Stations' is clicked on

2018-06-08 11:52:12 - [MESSAGE][PASSED] - Object: 'Object Repository/remove_weather_station/Page_Sites and Bins - OPI Blue/a_Weather Stations' is clicked on

2018-06-08 11:52:12 - [TEST_STEP][PASSED] - click: Object: 'Object Repository/remove_weather_station/Page_Sites and Bins - OPI Blue/button_Remove' is clicked on

2018-06-08 11:52:15 - [MESSAGE][PASSED] - Object: 'Object Repository/remove_weather_station/Page_Sites and Bins - OPI Blue/button_Remove' is clicked on

2018-06-08 11:52:15 - [TEST_STEP][PASSED] - click: Object: 'Object Repository/remove_weather_station/Page_Sites and Bins - OPI Blue/button_Remove_1' is clicked on

2018-06-08 11:52:17 - [MESSAGE][PASSED] - Object: 'Object Repository/remove_weather_station/Page_Sites and Bins - OPI Blue/button_Remove_1' is clicked on

2018-06-08 11:52:17 - [TEST_STEP][PASSED] - waitForElementPresent: Object 'Object Repository/remove_weather_station/Page_Sites and Bins - OPI Blue/a_Log out' is present

2018-06-08 11:52:18 - [MESSAGE][PASSED] - Object 'Object Repository/remove_weather_station/Page_Sites and Bins - OPI Blue/a_Log out' is present

2018-06-08 11:52:18 - [TEST_STEP][PASSED] - waitForElementClickable: Object 'Object Repository/remove_weather_station/Page_Sites and Bins - OPI Blue/a_Log out' is clickable

2018-06-08 11:52:20 - [MESSAGE][PASSED] - Object 'Object Repository/remove_weather_station/Page_Sites and Bins - OPI Blue/a_Log out' is clickable

2018-06-08 11:52:20 - [TEST_STEP][PASSED] - click: Object: 'Object Repository/remove_weather_station/Page_Sites and Bins - OPI Blue/a_Log out' is clicked on

2018-06-08 11:52:23 - [MESSAGE][PASSED] - Object: 'Object Repository/remove_weather_station/Page_Sites and Bins - OPI Blue/a_Log out' is clicked on

2018-06-08 11:52:23 - [TEST_STEP][PASSED] - closeBrowser: Browser is closed

2018-06-08 11:52:25 - [MESSAGE][PASSED] - Browser is closed]]></system-out>
         <system-err><![CDATA[]]></system-err>
      </testcase>
      <testcase name="Test Cases/delete_site_without_ws" classname="Test Cases/delete_site_without_ws" status="FAILED">
         <failure type="FAILED" message="Unable to click on object 'Object Repository/delete_site/Page_Sites and Bins - OPI Blue/a_Log out' (Root cause: org.openqa.selenium.WebDriverException: unknown error: Element &lt;a id=&quot;navLogOut&quot; ng-click=&quot;vm.logOut();&quot; analytics-category=&quot;Navigation Menu&quot; analytics-event=&quot;Menu Click&quot; analytics-label=&quot;Log out&quot;>...&lt;/a> is not clickable at point (213, 100). Other element would receive the click: &lt;div uib-modal-window=&quot;modal-window&quot; class=&quot;modal fade ng-scope ng-isolate-scope in&quot; role=&quot;dialog&quot; size=&quot;md&quot; index=&quot;0&quot; animate=&quot;animate&quot; ng-style=&quot;{'z-index': 1050 + $$topModalIndex*10, display: 'block'}&quot; tabindex=&quot;-1&quot; uib-modal-animation-class=&quot;fade&quot; modal-in-class=&quot;in&quot; modal-animation=&quot;true&quot; style=&quot;z-index: 1050; display: block;&quot;>...&lt;/div>
  (Session info: chrome=67.0.3396.62)
  (Driver info: chromedriver=2.35.528161 (5b82f2d2aae0ca24b877009200ced9065a772e73),platform=Windows NT 10.0.16299 x86_64) (WARNING: The server did not provide any stacktrace information)
Command duration or timeout: 0 milliseconds
Build info: version: '3.7.1', revision: '8a0099a', time: '2017-11-06T21:07:36.161Z'
System info: host: 'OPI-LT66', ip: '172.16.6.51', os.name: 'Windows 10', os.arch: 'amd64', os.version: '10.0', java.version: '1.8.0_102'
Driver info: com.kms.katalon.selenium.driver.CChromeDriver
Capabilities {acceptInsecureCerts: false, acceptSslCerts: false, applicationCacheEnabled: false, browserConnectionEnabled: false, browserName: chrome, chrome: {chromedriverVersion: 2.35.528161 (5b82f2d2aae0ca..., userDataDir: C:\Users\geetab\AppData\Loc...}, cssSelectorsEnabled: true, databaseEnabled: false, handlesAlerts: true, hasTouchScreen: false, javascriptEnabled: true, locationContextEnabled: true, mobileEmulationEnabled: false, nativeEvents: true, networkConnectionEnabled: false, pageLoadStrategy: normal, platform: XP, platformName: XP, rotatable: false, setWindowRect: true, takesHeapSnapshot: true, takesScreenshot: true, unexpectedAlertBehaviour: , unhandledPromptBehavior: , version: 67.0.3396.62, webStorageEnabled: true}
Session ID: f1999e75647536943c40f9ed35e3f22c)"/>
         <system-out><![CDATA[2018-06-08 11:52:27 - [TEST_CASE][FAILED] - Test Cases/delete_site_without_ws: Test Cases/delete_site_without_ws FAILED because (of) Unable to click on object 'Object Repository/delete_site/Page_Sites and Bins - OPI Blue/a_Log out' (Root cause: org.openqa.selenium.WebDriverException: unknown error: Element <a id="navLogOut" ng-click="vm.logOut();" analytics-category="Navigation Menu" analytics-event="Menu Click" analytics-label="Log out">...</a> is not clickable at point (213, 100). Other element would receive the click: <div uib-modal-window="modal-window" class="modal fade ng-scope ng-isolate-scope in" role="dialog" size="md" index="0" animate="animate" ng-style="{'z-index': 1050 + $$topModalIndex*10, display: 'block'}" tabindex="-1" uib-modal-animation-class="fade" modal-in-class="in" modal-animation="true" style="z-index: 1050; display: block;">...</div>
  (Session info: chrome=67.0.3396.62)
  (Driver info: chromedriver=2.35.528161 (5b82f2d2aae0ca24b877009200ced9065a772e73),platform=Windows NT 10.0.16299 x86_64) (WARNING: The server did not provide any stacktrace information)
Command duration or timeout: 0 milliseconds
Build info: version: '3.7.1', revision: '8a0099a', time: '2017-11-06T21:07:36.161Z'
System info: host: 'OPI-LT66', ip: '172.16.6.51', os.name: 'Windows 10', os.arch: 'amd64', os.version: '10.0', java.version: '1.8.0_102'
Driver info: com.kms.katalon.selenium.driver.CChromeDriver
Capabilities {acceptInsecureCerts: false, acceptSslCerts: false, applicationCacheEnabled: false, browserConnectionEnabled: false, browserName: chrome, chrome: {chromedriverVersion: 2.35.528161 (5b82f2d2aae0ca..., userDataDir: C:\Users\geetab\AppData\Loc...}, cssSelectorsEnabled: true, databaseEnabled: false, handlesAlerts: true, hasTouchScreen: false, javascriptEnabled: true, locationContextEnabled: true, mobileEmulationEnabled: false, nativeEvents: true, networkConnectionEnabled: false, pageLoadStrategy: normal, platform: XP, platformName: XP, rotatable: false, setWindowRect: true, takesHeapSnapshot: true, takesScreenshot: true, unexpectedAlertBehaviour: , unhandledPromptBehavior: , version: 67.0.3396.62, webStorageEnabled: true}
Session ID: f1999e75647536943c40f9ed35e3f22c)

2018-06-08 11:52:27 - [TEST_STEP][PASSED] - openBrowser: Browser is opened with url: ''

2018-06-08 11:52:33 - [MESSAGE][PASSED] - Browser is opened with url: ''

2018-06-08 11:52:33 - [TEST_STEP][PASSED] - navigateToUrl: Navigate to 'https://ra.managegrain.com/#/dashboard/userPreferences' successfully

2018-06-08 11:52:37 - [MESSAGE][PASSED] - Navigate to 'https://ra.managegrain.com/#/dashboard/userPreferences' successfully

2018-06-08 11:52:37 - [TEST_STEP][PASSED] - setText: Text 'opiopi20171+00028@gmail.com' is set on object 'Object Repository/delete_site/Page_OPI Blue/input_username'

2018-06-08 11:52:43 - [MESSAGE][PASSED] - Text 'opiopi20171+00028@gmail.com' is set on object 'Object Repository/delete_site/Page_OPI Blue/input_username'

2018-06-08 11:52:43 - [TEST_STEP][PASSED] - setText: Text 'gWF7Q4IlreZBZUpxglt7' is set on object 'Object Repository/delete_site/Page_OPI Blue/input_password'

2018-06-08 11:52:47 - [MESSAGE][PASSED] - Text 'gWF7Q4IlreZBZUpxglt7' is set on object 'Object Repository/delete_site/Page_OPI Blue/input_password'

2018-06-08 11:52:47 - [TEST_STEP][PASSED] - click: Object: 'Object Repository/delete_site/Page_OPI Blue/span_Log In' is clicked on

2018-06-08 11:52:51 - [MESSAGE][PASSED] - Object: 'Object Repository/delete_site/Page_OPI Blue/span_Log In' is clicked on

2018-06-08 11:52:51 - [TEST_STEP][PASSED] - click: Object: 'Object Repository/delete_site/Page_Sites and Bins - OPI Blue/span_Sites and Bins' is clicked on

2018-06-08 11:52:53 - [MESSAGE][PASSED] - Object: 'Object Repository/delete_site/Page_Sites and Bins - OPI Blue/span_Sites and Bins' is clicked on

2018-06-08 11:52:53 - [TEST_STEP][PASSED] - click: Object: 'Object Repository/delete_site/Page_Sites and Bins - OPI Blue/a_Sites' is clicked on

2018-06-08 11:52:55 - [MESSAGE][PASSED] - Object: 'Object Repository/delete_site/Page_Sites and Bins - OPI Blue/a_Sites' is clicked on

2018-06-08 11:52:55 - [TEST_STEP][PASSED] - click: Object: 'Object Repository/delete_site/Page_Sites and Bins - OPI Blue/button_Delete' is clicked on

2018-06-08 11:52:57 - [MESSAGE][PASSED] - Object: 'Object Repository/delete_site/Page_Sites and Bins - OPI Blue/button_Delete' is clicked on

2018-06-08 11:52:57 - [TEST_STEP][PASSED] - click: Object: 'Object Repository/delete_site/Page_Sites and Bins - OPI Blue/button_Delete' is clicked on

2018-06-08 11:52:59 - [MESSAGE][PASSED] - Object: 'Object Repository/delete_site/Page_Sites and Bins - OPI Blue/button_Delete' is clicked on

2018-06-08 11:52:59 - [TEST_STEP][PASSED] - waitForElementPresent: Object 'Object Repository/delete_site/Page_Sites and Bins - OPI Blue/a_Log out' is present

2018-06-08 11:53:00 - [MESSAGE][PASSED] - Object 'Object Repository/delete_site/Page_Sites and Bins - OPI Blue/a_Log out' is present

2018-06-08 11:53:00 - [TEST_STEP][PASSED] - waitForElementClickable: Object 'Object Repository/delete_site/Page_Sites and Bins - OPI Blue/a_Log out' is clickable

2018-06-08 11:53:03 - [MESSAGE][PASSED] - Object 'Object Repository/delete_site/Page_Sites and Bins - OPI Blue/a_Log out' is clickable

2018-06-08 11:53:03 - [TEST_STEP][FAILED] - click: Unable to click on object 'Object Repository/delete_site/Page_Sites and Bins - OPI Blue/a_Log out' (Root cause: org.openqa.selenium.WebDriverException: unknown error: Element <a id="navLogOut" ng-click="vm.logOut();" analytics-category="Navigation Menu" analytics-event="Menu Click" analytics-label="Log out">...</a> is not clickable at point (213, 100). Other element would receive the click: <div uib-modal-window="modal-window" class="modal fade ng-scope ng-isolate-scope in" role="dialog" size="md" index="0" animate="animate" ng-style="{'z-index': 1050 + $$topModalIndex*10, display: 'block'}" tabindex="-1" uib-modal-animation-class="fade" modal-in-class="in" modal-animation="true" style="z-index: 1050; display: block;">...</div>
  (Session info: chrome=67.0.3396.62)
  (Driver info: chromedriver=2.35.528161 (5b82f2d2aae0ca24b877009200ced9065a772e73),platform=Windows NT 10.0.16299 x86_64) (WARNING: The server did not provide any stacktrace information)
Command duration or timeout: 0 milliseconds
Build info: version: '3.7.1', revision: '8a0099a', time: '2017-11-06T21:07:36.161Z'
System info: host: 'OPI-LT66', ip: '172.16.6.51', os.name: 'Windows 10', os.arch: 'amd64', os.version: '10.0', java.version: '1.8.0_102'
Driver info: com.kms.katalon.selenium.driver.CChromeDriver
Capabilities {acceptInsecureCerts: false, acceptSslCerts: false, applicationCacheEnabled: false, browserConnectionEnabled: false, browserName: chrome, chrome: {chromedriverVersion: 2.35.528161 (5b82f2d2aae0ca..., userDataDir: C:\Users\geetab\AppData\Loc...}, cssSelectorsEnabled: true, databaseEnabled: false, handlesAlerts: true, hasTouchScreen: false, javascriptEnabled: true, locationContextEnabled: true, mobileEmulationEnabled: false, nativeEvents: true, networkConnectionEnabled: false, pageLoadStrategy: normal, platform: XP, platformName: XP, rotatable: false, setWindowRect: true, takesHeapSnapshot: true, takesScreenshot: true, unexpectedAlertBehaviour: , unhandledPromptBehavior: , version: 67.0.3396.62, webStorageEnabled: true}
Session ID: f1999e75647536943c40f9ed35e3f22c)

2018-06-08 11:53:06 - [MESSAGE][FAILED] - Unable to click on object 'Object Repository/delete_site/Page_Sites and Bins - OPI Blue/a_Log out' (Root cause: org.openqa.selenium.WebDriverException: unknown error: Element <a id="navLogOut" ng-click="vm.logOut();" analytics-category="Navigation Menu" analytics-event="Menu Click" analytics-label="Log out">...</a> is not clickable at point (213, 100). Other element would receive the click: <div uib-modal-window="modal-window" class="modal fade ng-scope ng-isolate-scope in" role="dialog" size="md" index="0" animate="animate" ng-style="{'z-index': 1050 + $$topModalIndex*10, display: 'block'}" tabindex="-1" uib-modal-animation-class="fade" modal-in-class="in" modal-animation="true" style="z-index: 1050; display: block;">...</div>
  (Session info: chrome=67.0.3396.62)
  (Driver info: chromedriver=2.35.528161 (5b82f2d2aae0ca24b877009200ced9065a772e73),platform=Windows NT 10.0.16299 x86_64) (WARNING: The server did not provide any stacktrace information)
Command duration or timeout: 0 milliseconds
Build info: version: '3.7.1', revision: '8a0099a', time: '2017-11-06T21:07:36.161Z'
System info: host: 'OPI-LT66', ip: '172.16.6.51', os.name: 'Windows 10', os.arch: 'amd64', os.version: '10.0', java.version: '1.8.0_102'
Driver info: com.kms.katalon.selenium.driver.CChromeDriver
Capabilities {acceptInsecureCerts: false, acceptSslCerts: false, applicationCacheEnabled: false, browserConnectionEnabled: false, browserName: chrome, chrome: {chromedriverVersion: 2.35.528161 (5b82f2d2aae0ca..., userDataDir: C:\Users\geetab\AppData\Loc...}, cssSelectorsEnabled: true, databaseEnabled: false, handlesAlerts: true, hasTouchScreen: false, javascriptEnabled: true, locationContextEnabled: true, mobileEmulationEnabled: false, nativeEvents: true, networkConnectionEnabled: false, pageLoadStrategy: normal, platform: XP, platformName: XP, rotatable: false, setWindowRect: true, takesHeapSnapshot: true, takesScreenshot: true, unexpectedAlertBehaviour: , unhandledPromptBehavior: , version: 67.0.3396.62, webStorageEnabled: true}
Session ID: f1999e75647536943c40f9ed35e3f22c)
[[ATTACHMENT|C:\\Users\\geetab\\Katalon Studio\\RA_opi_blue_cloud\\Reports\\removePlenum_removeFan_deleteBin_deleteSite_unmapNode_unregNode_unregGW\\20180608_114807\\1528480385117.png]]]]></system-out>
         <system-err><![CDATA[2018-06-08 11:52:27 - [TEST_CASE][FAILED] - Test Cases/delete_site_without_ws: Test Cases/delete_site_without_ws FAILED because (of) Unable to click on object 'Object Repository/delete_site/Page_Sites and Bins - OPI Blue/a_Log out' (Root cause: org.openqa.selenium.WebDriverException: unknown error: Element <a id="navLogOut" ng-click="vm.logOut();" analytics-category="Navigation Menu" analytics-event="Menu Click" analytics-label="Log out">...</a> is not clickable at point (213, 100). Other element would receive the click: <div uib-modal-window="modal-window" class="modal fade ng-scope ng-isolate-scope in" role="dialog" size="md" index="0" animate="animate" ng-style="{'z-index': 1050 + $$topModalIndex*10, display: 'block'}" tabindex="-1" uib-modal-animation-class="fade" modal-in-class="in" modal-animation="true" style="z-index: 1050; display: block;">...</div>
  (Session info: chrome=67.0.3396.62)
  (Driver info: chromedriver=2.35.528161 (5b82f2d2aae0ca24b877009200ced9065a772e73),platform=Windows NT 10.0.16299 x86_64) (WARNING: The server did not provide any stacktrace information)
Command duration or timeout: 0 milliseconds
Build info: version: '3.7.1', revision: '8a0099a', time: '2017-11-06T21:07:36.161Z'
System info: host: 'OPI-LT66', ip: '172.16.6.51', os.name: 'Windows 10', os.arch: 'amd64', os.version: '10.0', java.version: '1.8.0_102'
Driver info: com.kms.katalon.selenium.driver.CChromeDriver
Capabilities {acceptInsecureCerts: false, acceptSslCerts: false, applicationCacheEnabled: false, browserConnectionEnabled: false, browserName: chrome, chrome: {chromedriverVersion: 2.35.528161 (5b82f2d2aae0ca..., userDataDir: C:\Users\geetab\AppData\Loc...}, cssSelectorsEnabled: true, databaseEnabled: false, handlesAlerts: true, hasTouchScreen: false, javascriptEnabled: true, locationContextEnabled: true, mobileEmulationEnabled: false, nativeEvents: true, networkConnectionEnabled: false, pageLoadStrategy: normal, platform: XP, platformName: XP, rotatable: false, setWindowRect: true, takesHeapSnapshot: true, takesScreenshot: true, unexpectedAlertBehaviour: , unhandledPromptBehavior: , version: 67.0.3396.62, webStorageEnabled: true}
Session ID: f1999e75647536943c40f9ed35e3f22c)]]></system-err>
      </testcase>
      <testcase name="Test Cases/unmap_node" classname="Test Cases/unmap_node" status="PASSED">
         <system-out><![CDATA[2018-06-08 11:53:08 - [TEST_CASE][PASSED] - Test Cases/unmap_node: Test Cases/unmap_node

2018-06-08 11:53:08 - [TEST_STEP][PASSED] - openBrowser: Browser is opened with url: ''

2018-06-08 11:53:08 - [MESSAGE][WARNING] - A browser is already opened. Closing browser and opening a new one

2018-06-08 11:53:15 - [MESSAGE][PASSED] - Browser is opened with url: ''

2018-06-08 11:53:15 - [TEST_STEP][PASSED] - navigateToUrl: Navigate to 'https://ra.managegrain.com/#/dashboard/userPreferences' successfully

2018-06-08 11:53:18 - [MESSAGE][PASSED] - Navigate to 'https://ra.managegrain.com/#/dashboard/userPreferences' successfully

2018-06-08 11:53:18 - [TEST_STEP][PASSED] - setText: Text 'opiopi20171+00028@gmail.com' is set on object 'Object Repository/unmap_node/Page_OPI Blue/input_username'

2018-06-08 11:53:24 - [MESSAGE][PASSED] - Text 'opiopi20171+00028@gmail.com' is set on object 'Object Repository/unmap_node/Page_OPI Blue/input_username'

2018-06-08 11:53:24 - [TEST_STEP][PASSED] - setText: Text 'gWF7Q4IlreZBZUpxglt7' is set on object 'Object Repository/unmap_node/Page_OPI Blue/input_password'

2018-06-08 11:53:29 - [MESSAGE][PASSED] - Text 'gWF7Q4IlreZBZUpxglt7' is set on object 'Object Repository/unmap_node/Page_OPI Blue/input_password'

2018-06-08 11:53:29 - [TEST_STEP][PASSED] - click: Object: 'Object Repository/unmap_node/Page_OPI Blue/span_Log In' is clicked on

2018-06-08 11:53:32 - [MESSAGE][PASSED] - Object: 'Object Repository/unmap_node/Page_OPI Blue/span_Log In' is clicked on

2018-06-08 11:53:32 - [TEST_STEP][PASSED] - click: Object: 'Object Repository/unmap_node/Page_Dashboard - OPI Blue/span_Gateways and Nodes' is clicked on

2018-06-08 11:53:35 - [MESSAGE][PASSED] - Object: 'Object Repository/unmap_node/Page_Dashboard - OPI Blue/span_Gateways and Nodes' is clicked on

2018-06-08 11:53:35 - [TEST_STEP][PASSED] - click: Object: 'Object Repository/unmap_node/Page_Gateways and Nodes - OPI Blue/a_Nodes' is clicked on

2018-06-08 11:53:37 - [MESSAGE][PASSED] - Object: 'Object Repository/unmap_node/Page_Gateways and Nodes - OPI Blue/a_Nodes' is clicked on

2018-06-08 11:53:37 - [TEST_STEP][PASSED] - click: Object: 'Object Repository/unmap_node/Page_Gateways and Nodes - OPI Blue/button_Unmap' is clicked on

2018-06-08 11:53:39 - [MESSAGE][PASSED] - Object: 'Object Repository/unmap_node/Page_Gateways and Nodes - OPI Blue/button_Unmap' is clicked on

2018-06-08 11:53:39 - [TEST_STEP][PASSED] - waitForElementPresent: Object 'Object Repository/unmap_node/Page_Gateways and Nodes - OPI Blue/a_Log out' is present

2018-06-08 11:53:40 - [MESSAGE][PASSED] - Object 'Object Repository/unmap_node/Page_Gateways and Nodes - OPI Blue/a_Log out' is present

2018-06-08 11:53:40 - [TEST_STEP][PASSED] - waitForElementClickable: Object 'Object Repository/unmap_node/Page_Gateways and Nodes - OPI Blue/a_Log out' is clickable

2018-06-08 11:53:42 - [MESSAGE][PASSED] - Object 'Object Repository/unmap_node/Page_Gateways and Nodes - OPI Blue/a_Log out' is clickable

2018-06-08 11:53:42 - [TEST_STEP][PASSED] - click: Object: 'Object Repository/unmap_node/Page_Gateways and Nodes - OPI Blue/a_Log out' is clicked on

2018-06-08 11:53:45 - [MESSAGE][PASSED] - Object: 'Object Repository/unmap_node/Page_Gateways and Nodes - OPI Blue/a_Log out' is clicked on

2018-06-08 11:53:45 - [TEST_STEP][PASSED] - closeBrowser: Browser is closed

2018-06-08 11:53:47 - [MESSAGE][PASSED] - Browser is closed]]></system-out>
         <system-err><![CDATA[]]></system-err>
      </testcase>
      <testcase name="Test Cases/unregister_node" classname="Test Cases/unregister_node" status="PASSED">
         <system-out><![CDATA[2018-06-08 11:53:49 - [TEST_CASE][PASSED] - Test Cases/unregister_node: Test Cases/unregister_node

2018-06-08 11:53:49 - [TEST_STEP][PASSED] - openBrowser: Browser is opened with url: ''

2018-06-08 11:53:54 - [MESSAGE][PASSED] - Browser is opened with url: ''

2018-06-08 11:53:54 - [TEST_STEP][PASSED] - navigateToUrl: Navigate to 'https://ra.managegrain.com/#/dashboard/userPreferences' successfully

2018-06-08 11:53:57 - [MESSAGE][PASSED] - Navigate to 'https://ra.managegrain.com/#/dashboard/userPreferences' successfully

2018-06-08 11:53:57 - [TEST_STEP][PASSED] - setText: Text 'opiopi20171+00028@gmail.com' is set on object 'Object Repository/unregister_node/Page_OPI Blue/input_username'

2018-06-08 11:54:03 - [MESSAGE][PASSED] - Text 'opiopi20171+00028@gmail.com' is set on object 'Object Repository/unregister_node/Page_OPI Blue/input_username'

2018-06-08 11:54:03 - [TEST_STEP][PASSED] - setText: Text 'gWF7Q4IlreZBZUpxglt7' is set on object 'Object Repository/unregister_node/Page_OPI Blue/input_password'

2018-06-08 11:54:07 - [MESSAGE][PASSED] - Text 'gWF7Q4IlreZBZUpxglt7' is set on object 'Object Repository/unregister_node/Page_OPI Blue/input_password'

2018-06-08 11:54:07 - [TEST_STEP][PASSED] - click: Object: 'Object Repository/unregister_node/Page_OPI Blue/span_Log In' is clicked on

2018-06-08 11:54:11 - [MESSAGE][PASSED] - Object: 'Object Repository/unregister_node/Page_OPI Blue/span_Log In' is clicked on

2018-06-08 11:54:11 - [TEST_STEP][PASSED] - click: Object: 'Object Repository/unregister_node/Page_Dashboard - OPI Blue/span_Gateways and Nodes' is clicked on

2018-06-08 11:54:13 - [MESSAGE][PASSED] - Object: 'Object Repository/unregister_node/Page_Dashboard - OPI Blue/span_Gateways and Nodes' is clicked on

2018-06-08 11:54:13 - [TEST_STEP][PASSED] - click: Object: 'Object Repository/unregister_node/Page_Gateways and Nodes - OPI Blue/a_Nodes' is clicked on

2018-06-08 11:54:15 - [MESSAGE][PASSED] - Object: 'Object Repository/unregister_node/Page_Gateways and Nodes - OPI Blue/a_Nodes' is clicked on

2018-06-08 11:54:15 - [TEST_STEP][PASSED] - click: Object: 'Object Repository/unregister_node/Page_Gateways and Nodes - OPI Blue/button_Unregister' is clicked on

2018-06-08 11:54:18 - [MESSAGE][PASSED] - Object: 'Object Repository/unregister_node/Page_Gateways and Nodes - OPI Blue/button_Unregister' is clicked on

2018-06-08 11:54:18 - [TEST_STEP][PASSED] - click: Object: 'Object Repository/unregister_node/Page_Gateways and Nodes - OPI Blue/button_Unregister_1' is clicked on

2018-06-08 11:54:20 - [MESSAGE][PASSED] - Object: 'Object Repository/unregister_node/Page_Gateways and Nodes - OPI Blue/button_Unregister_1' is clicked on

2018-06-08 11:54:20 - [TEST_STEP][PASSED] - click: Object: 'Object Repository/unregister_node/Page_Gateways and Nodes - OPI Blue/button_Close                 R' is clicked on

2018-06-08 11:54:22 - [MESSAGE][PASSED] - Object: 'Object Repository/unregister_node/Page_Gateways and Nodes - OPI Blue/button_Close                 R' is clicked on

2018-06-08 11:54:22 - [TEST_STEP][PASSED] - waitForElementPresent: Object 'Object Repository/unregister_node/Page_Gateways and Nodes - OPI Blue/a_Log out' is present

2018-06-08 11:54:23 - [MESSAGE][PASSED] - Object 'Object Repository/unregister_node/Page_Gateways and Nodes - OPI Blue/a_Log out' is present

2018-06-08 11:54:23 - [TEST_STEP][PASSED] - waitForElementClickable: Object 'Object Repository/unregister_node/Page_Gateways and Nodes - OPI Blue/a_Log out' is clickable

2018-06-08 11:54:25 - [MESSAGE][PASSED] - Object 'Object Repository/unregister_node/Page_Gateways and Nodes - OPI Blue/a_Log out' is clickable

2018-06-08 11:54:25 - [TEST_STEP][PASSED] - click: Object: 'Object Repository/unregister_node/Page_Gateways and Nodes - OPI Blue/a_Log out' is clicked on

2018-06-08 11:54:28 - [MESSAGE][PASSED] - Object: 'Object Repository/unregister_node/Page_Gateways and Nodes - OPI Blue/a_Log out' is clicked on

2018-06-08 11:54:28 - [TEST_STEP][PASSED] - closeBrowser: Browser is closed

2018-06-08 11:54:30 - [MESSAGE][PASSED] - Browser is closed]]></system-out>
         <system-err><![CDATA[]]></system-err>
      </testcase>
      <testcase name="Test Cases/unregister_gateway" classname="Test Cases/unregister_gateway" status="PASSED">
         <system-out><![CDATA[2018-06-08 11:54:32 - [TEST_CASE][PASSED] - Test Cases/unregister_gateway: Test Cases/unregister_gateway

2018-06-08 11:54:32 - [TEST_STEP][PASSED] - openBrowser: Browser is opened with url: ''

2018-06-08 11:54:37 - [MESSAGE][PASSED] - Browser is opened with url: ''

2018-06-08 11:54:37 - [TEST_STEP][PASSED] - navigateToUrl: Navigate to 'https://ra.managegrain.com/#/dashboard/userPreferences' successfully

2018-06-08 11:54:40 - [MESSAGE][PASSED] - Navigate to 'https://ra.managegrain.com/#/dashboard/userPreferences' successfully

2018-06-08 11:54:40 - [TEST_STEP][PASSED] - setText: Text 'opiopi20171+00028@gmail.com' is set on object 'Object Repository/unregister_gateway/Page_OPI Blue/input_username'

2018-06-08 11:54:46 - [MESSAGE][PASSED] - Text 'opiopi20171+00028@gmail.com' is set on object 'Object Repository/unregister_gateway/Page_OPI Blue/input_username'

2018-06-08 11:54:46 - [TEST_STEP][PASSED] - setText: Text 'gWF7Q4IlreZBZUpxglt7' is set on object 'Object Repository/unregister_gateway/Page_OPI Blue/input_password'

2018-06-08 11:54:51 - [MESSAGE][PASSED] - Text 'gWF7Q4IlreZBZUpxglt7' is set on object 'Object Repository/unregister_gateway/Page_OPI Blue/input_password'

2018-06-08 11:54:51 - [TEST_STEP][PASSED] - click: Object: 'Object Repository/unregister_gateway/Page_OPI Blue/span_Log In' is clicked on

2018-06-08 11:54:54 - [MESSAGE][PASSED] - Object: 'Object Repository/unregister_gateway/Page_OPI Blue/span_Log In' is clicked on

2018-06-08 11:54:54 - [TEST_STEP][PASSED] - click: Object: 'Object Repository/unregister_gateway/Page_Dashboard - OPI Blue/span_Gateways and Nodes' is clicked on

2018-06-08 11:54:57 - [MESSAGE][PASSED] - Object: 'Object Repository/unregister_gateway/Page_Dashboard - OPI Blue/span_Gateways and Nodes' is clicked on

2018-06-08 11:54:57 - [TEST_STEP][PASSED] - click: Object: 'Object Repository/unregister_gateway/Page_Gateways and Nodes - OPI Blue/button_Unregister' is clicked on

2018-06-08 11:54:59 - [MESSAGE][PASSED] - Object: 'Object Repository/unregister_gateway/Page_Gateways and Nodes - OPI Blue/button_Unregister' is clicked on

2018-06-08 11:54:59 - [TEST_STEP][PASSED] - click: Object: 'Object Repository/unregister_gateway/Page_Gateways and Nodes - OPI Blue/button_Unregister_1' is clicked on

2018-06-08 11:55:01 - [MESSAGE][PASSED] - Object: 'Object Repository/unregister_gateway/Page_Gateways and Nodes - OPI Blue/button_Unregister_1' is clicked on

2018-06-08 11:55:01 - [TEST_STEP][PASSED] - waitForElementPresent: Object 'Object Repository/unregister_gateway/Page_Gateways and Nodes - OPI Blue/a_Log out' is present

2018-06-08 11:55:02 - [MESSAGE][PASSED] - Object 'Object Repository/unregister_gateway/Page_Gateways and Nodes - OPI Blue/a_Log out' is present

2018-06-08 11:55:02 - [TEST_STEP][PASSED] - waitForElementClickable: Object 'Object Repository/unregister_gateway/Page_Gateways and Nodes - OPI Blue/a_Log out' is clickable

2018-06-08 11:55:04 - [MESSAGE][PASSED] - Object 'Object Repository/unregister_gateway/Page_Gateways and Nodes - OPI Blue/a_Log out' is clickable

2018-06-08 11:55:04 - [TEST_STEP][PASSED] - click: Object: 'Object Repository/unregister_gateway/Page_Gateways and Nodes - OPI Blue/a_Log out' is clicked on

2018-06-08 11:55:07 - [MESSAGE][PASSED] - Object: 'Object Repository/unregister_gateway/Page_Gateways and Nodes - OPI Blue/a_Log out' is clicked on

2018-06-08 11:55:07 - [TEST_STEP][PASSED] - closeBrowser: Browser is closed

2018-06-08 11:55:09 - [MESSAGE][PASSED] - Browser is closed]]></system-out>
         <system-err><![CDATA[]]></system-err>
      </testcase>
      <system-out><![CDATA[2018-06-08 11:48:09 - [TEST_SUITE][FAILED] - removePlenum_removeFan_deleteBin_deleteSite_unmapNode_unregNode_unregGW: Test Cases/delete_bin_with_cables_ws_fan_plenum FAILED because (of) Unable to click on object 'Object Repository/delete_bin_with_cables/delete_bin_with_cables_ws_fan_plenum/Page_Sites and Bins - OPI Blue/button_Remove Fan' (Root cause: com.kms.katalon.core.webui.exception.WebElementNotFoundException: Web element with id: 'Object Repository/delete_bin_with_cables/delete_bin_with_cables_ws_fan_plenum/Page_Sites and Bins - OPI Blue/button_Remove Fan' located by 'By.xpath: //button[(text() = '
                Remove Fan
            ' or . = '
                Remove Fan
            ')]' not found)]]></system-out>
      <system-err><![CDATA[2018-06-08 11:48:09 - [TEST_SUITE][FAILED] - removePlenum_removeFan_deleteBin_deleteSite_unmapNode_unregNode_unregGW: Test Cases/delete_bin_with_cables_ws_fan_plenum FAILED because (of) Unable to click on object 'Object Repository/delete_bin_with_cables/delete_bin_with_cables_ws_fan_plenum/Page_Sites and Bins - OPI Blue/button_Remove Fan' (Root cause: com.kms.katalon.core.webui.exception.WebElementNotFoundException: Web element with id: 'Object Repository/delete_bin_with_cables/delete_bin_with_cables_ws_fan_plenum/Page_Sites and Bins - OPI Blue/button_Remove Fan' located by 'By.xpath: //button[(text() = '
                Remove Fan
            ' or . = '
                Remove Fan
            ')]' not found)]]></system-err>
   </testsuite>
</testsuites>
