<?xml version="1.0" encoding="UTF-8"?>
<testsuites name="regGW_regNode_mapNode_createSite_createBin" time="509" tests="9" failures="0" errors="0">
   <testsuite name="regGW_regNode_mapNode_createSite_createBin" tests="9" failures="0" errors="0" time="509" timestamp="2018-06-11 09:07:14" hostname="geetab - OPI-LT66.opisystems.local" id="Test Suites/regGW_regNode_mapNode_createSite_createBin">
      <properties>
         <property name="deviceName" value=""/>
         <property name="devicePlatform" value=""/>
         <property name="logFolder" value="C:\\Users\\geetab\\Katalon Studio\\RA_opi_blue_cloud\\Reports\\regGW_regNode_mapNode_createSite_createBin\\20180611_090712"/>
         <property name="logFiles" value="C:\\Users\\geetab\\Katalon Studio\\RA_opi_blue_cloud\\Reports\\regGW_regNode_mapNode_createSite_createBin\\20180611_090712\\execution0.log"/>
         <property name="attachments" value=""/>
         <property name="hostName" value="geetab - OPI-LT66.opisystems.local"/>
         <property name="os" value="Windows 10 64bit"/>
         <property name="katalonVersion" value="5.4.2.1"/>
         <property name="browser" value="Chrome 67.0.3396.79"/>
         <property name="hostAddress" value="172.16.6.51"/>
         <property name="sessionId" value="66fa6c7df643b8d3880333bbff5b9a4e"/>
         <property name="seleniumVersion" value="3.7.1"/>
         <property name="proxyInformation" value="ProxyInformation{proxyOption=NO_PROXY, proxyServerType=HTTP, password=, proxyServerAddress=, proxyServerPort=0}"/>
         <property name="platform" value="Windows 10"/>
      </properties>
      <testcase name="Test Cases/register_gateway" classname="Test Cases/register_gateway" status="PASSED">
         <system-out><![CDATA[2018-06-11 09:07:15 - [TEST_CASE][PASSED] - Test Cases/register_gateway: Test Cases/register_gateway

2018-06-11 09:07:15 - [TEST_STEP][PASSED] - openBrowser: Browser is opened with url: ''

2018-06-11 09:07:24 - [MESSAGE][PASSED] - Browser is opened with url: ''

2018-06-11 09:07:24 - [TEST_STEP][PASSED] - navigateToUrl: Navigate to 'https://ra.managegrain.com/#/dashboard/userPreferences' successfully

2018-06-11 09:07:27 - [MESSAGE][PASSED] - Navigate to 'https://ra.managegrain.com/#/dashboard/userPreferences' successfully

2018-06-11 09:07:27 - [TEST_STEP][PASSED] - setText: Text 'opiopi20171+00028@gmail.com' is set on object 'Object Repository/register_gateway/Page_OPI Blue/input_username'

2018-06-11 09:07:33 - [MESSAGE][PASSED] - Text 'opiopi20171+00028@gmail.com' is set on object 'Object Repository/register_gateway/Page_OPI Blue/input_username'

2018-06-11 09:07:33 - [TEST_STEP][PASSED] - setText: Text 'gWF7Q4IlreZBZUpxglt7' is set on object 'Object Repository/register_gateway/Page_OPI Blue/input_password'

2018-06-11 09:07:37 - [MESSAGE][PASSED] - Text 'gWF7Q4IlreZBZUpxglt7' is set on object 'Object Repository/register_gateway/Page_OPI Blue/input_password'

2018-06-11 09:07:37 - [TEST_STEP][PASSED] - click: Object: 'Object Repository/register_gateway/Page_OPI Blue/span_Log In' is clicked on

2018-06-11 09:07:41 - [MESSAGE][PASSED] - Object: 'Object Repository/register_gateway/Page_OPI Blue/span_Log In' is clicked on

2018-06-11 09:07:41 - [TEST_STEP][PASSED] - click: Object: 'Object Repository/register_gateway/Page_System Settings - OPI Blue/span_Gateways and Nodes' is clicked on

2018-06-11 09:07:43 - [MESSAGE][PASSED] - Object: 'Object Repository/register_gateway/Page_System Settings - OPI Blue/span_Gateways and Nodes' is clicked on

2018-06-11 09:07:43 - [TEST_STEP][PASSED] - waitForElementPresent: Object 'Object Repository/register_gateway/Page_OPI Blue/Page_Gateways and Nodes - OPI Blue/button_Register a Gateway' is present

2018-06-11 09:07:44 - [MESSAGE][PASSED] - Object 'Object Repository/register_gateway/Page_OPI Blue/Page_Gateways and Nodes - OPI Blue/button_Register a Gateway' is present

2018-06-11 09:07:44 - [TEST_STEP][PASSED] - waitForElementVisible: Object 'Object Repository/register_gateway/Page_OPI Blue/Page_Gateways and Nodes - OPI Blue/button_Register a Gateway' is visible

2018-06-11 09:07:46 - [MESSAGE][PASSED] - Object 'Object Repository/register_gateway/Page_OPI Blue/Page_Gateways and Nodes - OPI Blue/button_Register a Gateway' is visible

2018-06-11 09:07:46 - [TEST_STEP][PASSED] - waitForElementClickable: Object 'Object Repository/register_gateway/Page_OPI Blue/Page_Gateways and Nodes - OPI Blue/button_Register a Gateway' is clickable

2018-06-11 09:07:49 - [MESSAGE][PASSED] - Object 'Object Repository/register_gateway/Page_OPI Blue/Page_Gateways and Nodes - OPI Blue/button_Register a Gateway' is clickable

2018-06-11 09:07:49 - [TEST_STEP][PASSED] - click: Object: 'Object Repository/register_gateway/Page_OPI Blue/Page_Gateways and Nodes - OPI Blue/button_Register a Gateway' is clicked on

2018-06-11 09:07:51 - [MESSAGE][PASSED] - Object: 'Object Repository/register_gateway/Page_OPI Blue/Page_Gateways and Nodes - OPI Blue/button_Register a Gateway' is clicked on

2018-06-11 09:07:51 - [TEST_STEP][PASSED] - setText: Text '5F7DC8' is set on object 'Object Repository/register_gateway/Page_Gateways and Nodes - OPI Blue/input_gatewayId'

2018-06-11 09:07:55 - [MESSAGE][PASSED] - Text '5F7DC8' is set on object 'Object Repository/register_gateway/Page_Gateways and Nodes - OPI Blue/input_gatewayId'

2018-06-11 09:07:55 - [TEST_STEP][PASSED] - setText: Text '4724' is set on object 'Object Repository/register_gateway/Page_Gateways and Nodes - OPI Blue/input_pin'

2018-06-11 09:07:59 - [MESSAGE][PASSED] - Text '4724' is set on object 'Object Repository/register_gateway/Page_Gateways and Nodes - OPI Blue/input_pin'

2018-06-11 09:07:59 - [TEST_STEP][PASSED] - setText: Text '5F7DC8-GW' is set on object 'Object Repository/register_gateway/Page_Gateways and Nodes - OPI Blue/input_gatewayName'

2018-06-11 09:08:04 - [MESSAGE][PASSED] - Text '5F7DC8-GW' is set on object 'Object Repository/register_gateway/Page_Gateways and Nodes - OPI Blue/input_gatewayName'

2018-06-11 09:08:04 - [TEST_STEP][PASSED] - click: Object: 'Object Repository/register_gateway/Page_Gateways and Nodes - OPI Blue/button_Register' is clicked on

2018-06-11 09:08:06 - [MESSAGE][PASSED] - Object: 'Object Repository/register_gateway/Page_Gateways and Nodes - OPI Blue/button_Register' is clicked on

2018-06-11 09:08:06 - [TEST_STEP][PASSED] - waitForElementPresent: Object 'Object Repository/register_gateway/Page_Gateways and Nodes - OPI Blue/a_Log out' is present

2018-06-11 09:08:07 - [MESSAGE][PASSED] - Object 'Object Repository/register_gateway/Page_Gateways and Nodes - OPI Blue/a_Log out' is present

2018-06-11 09:08:07 - [TEST_STEP][PASSED] - waitForElementClickable: Object 'Object Repository/register_gateway/Page_Gateways and Nodes - OPI Blue/a_Log out' is clickable

2018-06-11 09:08:09 - [MESSAGE][PASSED] - Object 'Object Repository/register_gateway/Page_Gateways and Nodes - OPI Blue/a_Log out' is clickable

2018-06-11 09:08:09 - [TEST_STEP][PASSED] - click: Object: 'Object Repository/register_gateway/Page_Gateways and Nodes - OPI Blue/a_Log out' is clicked on

2018-06-11 09:08:12 - [MESSAGE][PASSED] - Object: 'Object Repository/register_gateway/Page_Gateways and Nodes - OPI Blue/a_Log out' is clicked on

2018-06-11 09:08:12 - [TEST_STEP][PASSED] - closeBrowser: Browser is closed

2018-06-11 09:08:14 - [MESSAGE][PASSED] - Browser is closed]]></system-out>
         <system-err><![CDATA[]]></system-err>
      </testcase>
      <testcase name="Test Cases/register_node" classname="Test Cases/register_node" status="PASSED">
         <system-out><![CDATA[2018-06-11 09:08:16 - [TEST_CASE][PASSED] - Test Cases/register_node: Test Cases/register_node

2018-06-11 09:08:16 - [TEST_STEP][PASSED] - openBrowser: Browser is opened with url: ''

2018-06-11 09:08:21 - [MESSAGE][PASSED] - Browser is opened with url: ''

2018-06-11 09:08:21 - [TEST_STEP][PASSED] - navigateToUrl: Navigate to 'https://ra.managegrain.com/#/dashboard/userPreferences' successfully

2018-06-11 09:08:24 - [MESSAGE][PASSED] - Navigate to 'https://ra.managegrain.com/#/dashboard/userPreferences' successfully

2018-06-11 09:08:24 - [TEST_STEP][PASSED] - setText: Text 'opiopi20171+00028@gmail.com' is set on object 'Object Repository/register_node/Page_OPI Blue/input_username'

2018-06-11 09:08:30 - [MESSAGE][PASSED] - Text 'opiopi20171+00028@gmail.com' is set on object 'Object Repository/register_node/Page_OPI Blue/input_username'

2018-06-11 09:08:30 - [TEST_STEP][PASSED] - setText: Text 'gWF7Q4IlreZBZUpxglt7' is set on object 'Object Repository/register_node/Page_OPI Blue/input_password'

2018-06-11 09:08:35 - [MESSAGE][PASSED] - Text 'gWF7Q4IlreZBZUpxglt7' is set on object 'Object Repository/register_node/Page_OPI Blue/input_password'

2018-06-11 09:08:35 - [TEST_STEP][PASSED] - click: Object: 'Object Repository/register_node/Page_OPI Blue/span_Log In' is clicked on

2018-06-11 09:08:38 - [MESSAGE][PASSED] - Object: 'Object Repository/register_node/Page_OPI Blue/span_Log In' is clicked on

2018-06-11 09:08:38 - [TEST_STEP][PASSED] - click: Object: 'Object Repository/register_node/Page_Dashboard - OPI Blue/span_Gateways and Nodes' is clicked on

2018-06-11 09:08:41 - [MESSAGE][PASSED] - Object: 'Object Repository/register_node/Page_Dashboard - OPI Blue/span_Gateways and Nodes' is clicked on

2018-06-11 09:08:41 - [TEST_STEP][PASSED] - click: Object: 'Object Repository/register_node/Page_Gateways and Nodes - OPI Blue/a_Nodes' is clicked on

2018-06-11 09:08:43 - [MESSAGE][PASSED] - Object: 'Object Repository/register_node/Page_Gateways and Nodes - OPI Blue/a_Nodes' is clicked on

2018-06-11 09:08:43 - [TEST_STEP][PASSED] - click: Object: 'Object Repository/register_node/Page_Gateways and Nodes - OPI Blue/button_ Register a Node' is clicked on

2018-06-11 09:08:45 - [MESSAGE][PASSED] - Object: 'Object Repository/register_node/Page_Gateways and Nodes - OPI Blue/button_ Register a Node' is clicked on

2018-06-11 09:08:45 - [TEST_STEP][PASSED] - setText: Text '089CDB' is set on object 'Object Repository/register_node/Page_Gateways and Nodes - OPI Blue/input_nodeId'

2018-06-11 09:08:49 - [MESSAGE][PASSED] - Text '089CDB' is set on object 'Object Repository/register_node/Page_Gateways and Nodes - OPI Blue/input_nodeId'

2018-06-11 09:08:49 - [TEST_STEP][PASSED] - setText: Text '5689' is set on object 'Object Repository/register_node/Page_Gateways and Nodes - OPI Blue/input_pin'

2018-06-11 09:08:54 - [MESSAGE][PASSED] - Text '5689' is set on object 'Object Repository/register_node/Page_Gateways and Nodes - OPI Blue/input_pin'

2018-06-11 09:08:54 - [TEST_STEP][PASSED] - setText: Text '089CDB-FN' is set on object 'Object Repository/register_node/Page_Gateways and Nodes - OPI Blue/input_name'

2018-06-11 09:08:58 - [MESSAGE][PASSED] - Text '089CDB-FN' is set on object 'Object Repository/register_node/Page_Gateways and Nodes - OPI Blue/input_name'

2018-06-11 09:08:58 - [TEST_STEP][PASSED] - click: Object: 'Object Repository/register_node/Page_Gateways and Nodes - OPI Blue/span_Register' is clicked on

2018-06-11 09:09:00 - [MESSAGE][PASSED] - Object: 'Object Repository/register_node/Page_Gateways and Nodes - OPI Blue/span_Register' is clicked on

2018-06-11 09:09:00 - [TEST_STEP][PASSED] - waitForElementPresent: Object 'Object Repository/register_node/Page_Gateways and Nodes - OPI Blue/a_Log out' is present

2018-06-11 09:09:01 - [MESSAGE][PASSED] - Object 'Object Repository/register_node/Page_Gateways and Nodes - OPI Blue/a_Log out' is present

2018-06-11 09:09:01 - [TEST_STEP][PASSED] - waitForElementClickable: Object 'Object Repository/register_node/Page_Gateways and Nodes - OPI Blue/a_Log out' is clickable

2018-06-11 09:09:03 - [MESSAGE][PASSED] - Object 'Object Repository/register_node/Page_Gateways and Nodes - OPI Blue/a_Log out' is clickable

2018-06-11 09:09:03 - [TEST_STEP][PASSED] - click: Object: 'Object Repository/register_node/Page_Gateways and Nodes - OPI Blue/a_Log out' is clicked on

2018-06-11 09:09:06 - [MESSAGE][PASSED] - Object: 'Object Repository/register_node/Page_Gateways and Nodes - OPI Blue/a_Log out' is clicked on

2018-06-11 09:09:06 - [TEST_STEP][PASSED] - closeBrowser: Browser is closed

2018-06-11 09:09:08 - [MESSAGE][PASSED] - Browser is closed]]></system-out>
         <system-err><![CDATA[]]></system-err>
      </testcase>
      <testcase name="Test Cases/map_node" classname="Test Cases/map_node" status="PASSED">
         <system-out><![CDATA[2018-06-11 09:09:10 - [TEST_CASE][PASSED] - Test Cases/map_node: Test Cases/map_node

2018-06-11 09:09:10 - [TEST_STEP][PASSED] - openBrowser: Browser is opened with url: ''

2018-06-11 09:09:15 - [MESSAGE][PASSED] - Browser is opened with url: ''

2018-06-11 09:09:15 - [TEST_STEP][PASSED] - navigateToUrl: Navigate to 'https://ra.managegrain.com/#/dashboard/userPreferences' successfully

2018-06-11 09:09:18 - [MESSAGE][PASSED] - Navigate to 'https://ra.managegrain.com/#/dashboard/userPreferences' successfully

2018-06-11 09:09:18 - [TEST_STEP][PASSED] - setText: Text 'opiopi20171+00028@gmail.com' is set on object 'Object Repository/map_node/Page_OPI Blue/input_username'

2018-06-11 09:09:24 - [MESSAGE][PASSED] - Text 'opiopi20171+00028@gmail.com' is set on object 'Object Repository/map_node/Page_OPI Blue/input_username'

2018-06-11 09:09:24 - [TEST_STEP][PASSED] - setText: Text 'gWF7Q4IlreZBZUpxglt7' is set on object 'Object Repository/map_node/Page_OPI Blue/input_password'

2018-06-11 09:09:29 - [MESSAGE][PASSED] - Text 'gWF7Q4IlreZBZUpxglt7' is set on object 'Object Repository/map_node/Page_OPI Blue/input_password'

2018-06-11 09:09:29 - [TEST_STEP][PASSED] - click: Object: 'Object Repository/map_node/Page_OPI Blue/span_Log In' is clicked on

2018-06-11 09:09:32 - [MESSAGE][PASSED] - Object: 'Object Repository/map_node/Page_OPI Blue/span_Log In' is clicked on

2018-06-11 09:09:32 - [TEST_STEP][PASSED] - click: Object: 'Object Repository/map_node/Page_Dashboard - OPI Blue/span_Gateways and Nodes' is clicked on

2018-06-11 09:09:35 - [MESSAGE][PASSED] - Object: 'Object Repository/map_node/Page_Dashboard - OPI Blue/span_Gateways and Nodes' is clicked on

2018-06-11 09:09:35 - [TEST_STEP][PASSED] - click: Object: 'Object Repository/map_node/Page_Gateways and Nodes - OPI Blue/a_Nodes' is clicked on

2018-06-11 09:09:37 - [MESSAGE][PASSED] - Object: 'Object Repository/map_node/Page_Gateways and Nodes - OPI Blue/a_Nodes' is clicked on

2018-06-11 09:09:37 - [TEST_STEP][PASSED] - click: Object: 'Object Repository/map_node/Page_Gateways and Nodes - OPI Blue/button_Map' is clicked on

2018-06-11 09:09:39 - [MESSAGE][PASSED] - Object: 'Object Repository/map_node/Page_Gateways and Nodes - OPI Blue/button_Map' is clicked on

2018-06-11 09:09:39 - [TEST_STEP][PASSED] - waitForElementPresent: Object 'Object Repository/map_node/Page_Gateways and Nodes - OPI Blue/a_Log out' is present

2018-06-11 09:09:40 - [MESSAGE][PASSED] - Object 'Object Repository/map_node/Page_Gateways and Nodes - OPI Blue/a_Log out' is present

2018-06-11 09:09:40 - [TEST_STEP][PASSED] - waitForElementClickable: Object 'Object Repository/map_node/Page_Gateways and Nodes - OPI Blue/a_Log out' is clickable

2018-06-11 09:09:42 - [MESSAGE][PASSED] - Object 'Object Repository/map_node/Page_Gateways and Nodes - OPI Blue/a_Log out' is clickable

2018-06-11 09:09:42 - [TEST_STEP][PASSED] - click: Object: 'Object Repository/map_node/Page_Gateways and Nodes - OPI Blue/a_Log out' is clicked on

2018-06-11 09:09:45 - [MESSAGE][PASSED] - Object: 'Object Repository/map_node/Page_Gateways and Nodes - OPI Blue/a_Log out' is clicked on

2018-06-11 09:09:45 - [TEST_STEP][PASSED] - closeBrowser: Browser is closed

2018-06-11 09:09:47 - [MESSAGE][PASSED] - Browser is closed]]></system-out>
         <system-err><![CDATA[]]></system-err>
      </testcase>
      <testcase name="Test Cases/create_first_site" classname="Test Cases/create_first_site" status="PASSED">
         <system-out><![CDATA[2018-06-11 09:09:49 - [TEST_CASE][PASSED] - Test Cases/create_first_site: Test Cases/create_first_site

2018-06-11 09:09:49 - [TEST_STEP][PASSED] - openBrowser: Browser is opened with url: ''

2018-06-11 09:09:54 - [MESSAGE][PASSED] - Browser is opened with url: ''

2018-06-11 09:09:54 - [TEST_STEP][PASSED] - navigateToUrl: Navigate to 'https://ra.managegrain.com/#/dashboard/userPreferences' successfully

2018-06-11 09:09:58 - [MESSAGE][PASSED] - Navigate to 'https://ra.managegrain.com/#/dashboard/userPreferences' successfully

2018-06-11 09:09:58 - [TEST_STEP][PASSED] - setText: Text 'opiopi20171+00028@gmail.com' is set on object 'Object Repository/create_first_site/Page_OPI Blue/input_username'

2018-06-11 09:10:04 - [MESSAGE][PASSED] - Text 'opiopi20171+00028@gmail.com' is set on object 'Object Repository/create_first_site/Page_OPI Blue/input_username'

2018-06-11 09:10:04 - [TEST_STEP][PASSED] - setText: Text 'gWF7Q4IlreZBZUpxglt7' is set on object 'Object Repository/create_first_site/Page_OPI Blue/input_password'

2018-06-11 09:10:08 - [MESSAGE][PASSED] - Text 'gWF7Q4IlreZBZUpxglt7' is set on object 'Object Repository/create_first_site/Page_OPI Blue/input_password'

2018-06-11 09:10:08 - [TEST_STEP][PASSED] - click: Object: 'Object Repository/create_first_site/Page_OPI Blue/button_Log In' is clicked on

2018-06-11 09:10:12 - [MESSAGE][PASSED] - Object: 'Object Repository/create_first_site/Page_OPI Blue/button_Log In' is clicked on

2018-06-11 09:10:12 - [TEST_STEP][PASSED] - click: Object: 'Object Repository/create_first_site/Page_Sites and Bins - OPI Blue/span_Sites and Bins' is clicked on

2018-06-11 09:10:14 - [MESSAGE][PASSED] - Object: 'Object Repository/create_first_site/Page_Sites and Bins - OPI Blue/span_Sites and Bins' is clicked on

2018-06-11 09:10:14 - [TEST_STEP][PASSED] - click: Object: 'Object Repository/create_first_site/Page_Sites and Bins - OPI Blue/button_Create a Site' is clicked on

2018-06-11 09:10:16 - [MESSAGE][PASSED] - Object: 'Object Repository/create_first_site/Page_Sites and Bins - OPI Blue/button_Create a Site' is clicked on

2018-06-11 09:10:16 - [TEST_STEP][PASSED] - setText: Text 'Site-1' is set on object 'Object Repository/create_first_site/Page_Sites and Bins - OPI Blue/input_name'

2018-06-11 09:10:20 - [MESSAGE][PASSED] - Text 'Site-1' is set on object 'Object Repository/create_first_site/Page_Sites and Bins - OPI Blue/input_name'

2018-06-11 09:10:20 - [TEST_STEP][PASSED] - click: Object: 'Object Repository/create_first_site/Page_Sites and Bins - OPI Blue/button_Save' is clicked on

2018-06-11 09:10:23 - [MESSAGE][PASSED] - Object: 'Object Repository/create_first_site/Page_Sites and Bins - OPI Blue/button_Save' is clicked on

2018-06-11 09:10:23 - [TEST_STEP][PASSED] - waitForElementPresent: Object 'Object Repository/create_first_site/Page_Sites and Bins - OPI Blue/a_Log out' is present

2018-06-11 09:10:24 - [MESSAGE][PASSED] - Object 'Object Repository/create_first_site/Page_Sites and Bins - OPI Blue/a_Log out' is present

2018-06-11 09:10:24 - [TEST_STEP][PASSED] - waitForElementClickable: Object 'Object Repository/create_first_site/Page_Sites and Bins - OPI Blue/a_Log out' is clickable

2018-06-11 09:10:26 - [MESSAGE][PASSED] - Object 'Object Repository/create_first_site/Page_Sites and Bins - OPI Blue/a_Log out' is clickable

2018-06-11 09:10:26 - [TEST_STEP][PASSED] - click: Object: 'Object Repository/create_first_site/Page_Sites and Bins - OPI Blue/a_Log out' is clicked on

2018-06-11 09:10:29 - [MESSAGE][PASSED] - Object: 'Object Repository/create_first_site/Page_Sites and Bins - OPI Blue/a_Log out' is clicked on

2018-06-11 09:10:29 - [TEST_STEP][PASSED] - closeBrowser: Browser is closed

2018-06-11 09:10:30 - [MESSAGE][PASSED] - Browser is closed]]></system-out>
         <system-err><![CDATA[]]></system-err>
      </testcase>
      <testcase name="Test Cases/add_weather_station_on_site" classname="Test Cases/add_weather_station_on_site" status="PASSED">
         <system-out><![CDATA[2018-06-11 09:10:33 - [TEST_CASE][PASSED] - Test Cases/add_weather_station_on_site: Test Cases/add_weather_station_on_site

2018-06-11 09:10:33 - [TEST_STEP][PASSED] - openBrowser: Browser is opened with url: ''

2018-06-11 09:10:38 - [MESSAGE][PASSED] - Browser is opened with url: ''

2018-06-11 09:10:38 - [TEST_STEP][PASSED] - navigateToUrl: Navigate to 'https://ra.managegrain.com/#/dashboard/userPreferences' successfully

2018-06-11 09:10:41 - [MESSAGE][PASSED] - Navigate to 'https://ra.managegrain.com/#/dashboard/userPreferences' successfully

2018-06-11 09:10:41 - [TEST_STEP][PASSED] - setText: Text 'opiopi20171+00028@gmail.com' is set on object 'Object Repository/add_weather_station/Page_OPI Blue/input_username'

2018-06-11 09:10:47 - [MESSAGE][PASSED] - Text 'opiopi20171+00028@gmail.com' is set on object 'Object Repository/add_weather_station/Page_OPI Blue/input_username'

2018-06-11 09:10:47 - [TEST_STEP][PASSED] - setText: Text 'gWF7Q4IlreZBZUpxglt7' is set on object 'Object Repository/add_weather_station/Page_OPI Blue/input_password'

2018-06-11 09:10:51 - [MESSAGE][PASSED] - Text 'gWF7Q4IlreZBZUpxglt7' is set on object 'Object Repository/add_weather_station/Page_OPI Blue/input_password'

2018-06-11 09:10:51 - [TEST_STEP][PASSED] - click: Object: 'Object Repository/add_weather_station/Page_OPI Blue/span_Log In' is clicked on

2018-06-11 09:10:55 - [MESSAGE][PASSED] - Object: 'Object Repository/add_weather_station/Page_OPI Blue/span_Log In' is clicked on

2018-06-11 09:10:55 - [TEST_STEP][PASSED] - click: Object: 'Object Repository/add_weather_station/Page_Dashboard - OPI Blue/span_Sites and Bins' is clicked on

2018-06-11 09:10:57 - [MESSAGE][PASSED] - Object: 'Object Repository/add_weather_station/Page_Dashboard - OPI Blue/span_Sites and Bins' is clicked on

2018-06-11 09:10:57 - [TEST_STEP][PASSED] - click: Object: 'Object Repository/add_weather_station/Page_Sites and Bins - OPI Blue/a_Sites' is clicked on

2018-06-11 09:10:59 - [MESSAGE][PASSED] - Object: 'Object Repository/add_weather_station/Page_Sites and Bins - OPI Blue/a_Sites' is clicked on

2018-06-11 09:10:59 - [TEST_STEP][PASSED] - click: Object: 'Object Repository/add_weather_station/Page_Sites and Bins - OPI Blue/a_Weather Stations' is clicked on

2018-06-11 09:11:01 - [MESSAGE][PASSED] - Object: 'Object Repository/add_weather_station/Page_Sites and Bins - OPI Blue/a_Weather Stations' is clicked on

2018-06-11 09:11:01 - [TEST_STEP][PASSED] - click: Object: 'Object Repository/add_weather_station/Page_Sites and Bins - OPI Blue/button_Add station' is clicked on

2018-06-11 09:11:04 - [MESSAGE][PASSED] - Object: 'Object Repository/add_weather_station/Page_Sites and Bins - OPI Blue/button_Add station' is clicked on

2018-06-11 09:11:04 - [TEST_STEP][PASSED] - click: Object: 'Object Repository/add_weather_station/Page_Sites and Bins - OPI Blue/label_fa checkbox-with-label' is clicked on

2018-06-11 09:11:06 - [MESSAGE][PASSED] - Object: 'Object Repository/add_weather_station/Page_Sites and Bins - OPI Blue/label_fa checkbox-with-label' is clicked on

2018-06-11 09:11:06 - [TEST_STEP][PASSED] - click: Object: 'Object Repository/add_weather_station/Page_Sites and Bins - OPI Blue/button_Add to Site' is clicked on

2018-06-11 09:11:08 - [MESSAGE][PASSED] - Object: 'Object Repository/add_weather_station/Page_Sites and Bins - OPI Blue/button_Add to Site' is clicked on

2018-06-11 09:11:08 - [TEST_STEP][PASSED] - waitForElementPresent: Object 'Object Repository/add_weather_station/Page_Sites and Bins - OPI Blue/a_Log out' is present

2018-06-11 09:11:09 - [MESSAGE][PASSED] - Object 'Object Repository/add_weather_station/Page_Sites and Bins - OPI Blue/a_Log out' is present

2018-06-11 09:11:09 - [TEST_STEP][PASSED] - waitForElementClickable: Object 'Object Repository/add_weather_station/Page_Sites and Bins - OPI Blue/a_Log out' is clickable

2018-06-11 09:11:11 - [MESSAGE][PASSED] - Object 'Object Repository/add_weather_station/Page_Sites and Bins - OPI Blue/a_Log out' is clickable

2018-06-11 09:11:11 - [TEST_STEP][PASSED] - click: Object: 'Object Repository/add_weather_station/Page_Sites and Bins - OPI Blue/a_Log out' is clicked on

2018-06-11 09:11:14 - [MESSAGE][PASSED] - Object: 'Object Repository/add_weather_station/Page_Sites and Bins - OPI Blue/a_Log out' is clicked on

2018-06-11 09:11:14 - [TEST_STEP][PASSED] - closeBrowser: Browser is closed

2018-06-11 09:11:16 - [MESSAGE][PASSED] - Browser is closed]]></system-out>
         <system-err><![CDATA[]]></system-err>
      </testcase>
      <testcase name="Test Cases/create_first_bin_with_single_site_ws" classname="Test Cases/create_first_bin_with_single_site_ws" status="PASSED">
         <system-out><![CDATA[2018-06-11 09:11:18 - [TEST_CASE][PASSED] - Test Cases/create_first_bin_with_single_site_ws: Test Cases/create_first_bin_with_single_site_ws

2018-06-11 09:11:18 - [TEST_STEP][PASSED] - openBrowser: Browser is opened with url: ''

2018-06-11 09:11:23 - [MESSAGE][PASSED] - Browser is opened with url: ''

2018-06-11 09:11:23 - [TEST_STEP][PASSED] - navigateToUrl: Navigate to 'https://ra.managegrain.com/#/dashboard/userPreferences' successfully

2018-06-11 09:11:27 - [MESSAGE][PASSED] - Navigate to 'https://ra.managegrain.com/#/dashboard/userPreferences' successfully

2018-06-11 09:11:27 - [TEST_STEP][PASSED] - setText: Text 'opiopi20171+00028@gmail.com' is set on object 'Object Repository/create_first_bin_with_single_site_ws/Page_OPI Blue/input_username'

2018-06-11 09:11:32 - [MESSAGE][PASSED] - Text 'opiopi20171+00028@gmail.com' is set on object 'Object Repository/create_first_bin_with_single_site_ws/Page_OPI Blue/input_username'

2018-06-11 09:11:32 - [TEST_STEP][PASSED] - setText: Text 'gWF7Q4IlreZBZUpxglt7' is set on object 'Object Repository/create_first_bin_with_single_site_ws/Page_OPI Blue/input_password'

2018-06-11 09:11:37 - [MESSAGE][PASSED] - Text 'gWF7Q4IlreZBZUpxglt7' is set on object 'Object Repository/create_first_bin_with_single_site_ws/Page_OPI Blue/input_password'

2018-06-11 09:11:37 - [TEST_STEP][PASSED] - click: Object: 'Object Repository/create_first_bin_with_single_site_ws/Page_OPI Blue/button_Log In' is clicked on

2018-06-11 09:11:40 - [MESSAGE][PASSED] - Object: 'Object Repository/create_first_bin_with_single_site_ws/Page_OPI Blue/button_Log In' is clicked on

2018-06-11 09:11:40 - [TEST_STEP][PASSED] - click: Object: 'Object Repository/create_first_bin_with_single_site_ws/Page_Sites and Bins - OPI Blue/span_Sites and Bins' is clicked on

2018-06-11 09:11:42 - [MESSAGE][PASSED] - Object: 'Object Repository/create_first_bin_with_single_site_ws/Page_Sites and Bins - OPI Blue/span_Sites and Bins' is clicked on

2018-06-11 09:11:42 - [TEST_STEP][PASSED] - click: Object: 'Object Repository/create_first_bin_with_single_site_ws/Page_Sites and Bins - OPI Blue/a_Bins' is clicked on

2018-06-11 09:11:45 - [MESSAGE][PASSED] - Object: 'Object Repository/create_first_bin_with_single_site_ws/Page_Sites and Bins - OPI Blue/a_Bins' is clicked on

2018-06-11 09:11:45 - [TEST_STEP][PASSED] - click: Object: 'Object Repository/create_first_bin_with_single_site_ws/Page_Sites and Bins - OPI Blue/button_Create a Bin' is clicked on

2018-06-11 09:11:47 - [MESSAGE][PASSED] - Object: 'Object Repository/create_first_bin_with_single_site_ws/Page_Sites and Bins - OPI Blue/button_Create a Bin' is clicked on

2018-06-11 09:11:47 - [TEST_STEP][PASSED] - setText: Text 'FirstBin' is set on object 'Object Repository/create_first_bin_with_single_site_ws/Page_Sites and Bins - OPI Blue/input_name'

2018-06-11 09:11:51 - [MESSAGE][PASSED] - Text 'FirstBin' is set on object 'Object Repository/create_first_bin_with_single_site_ws/Page_Sites and Bins - OPI Blue/input_name'

2018-06-11 09:11:51 - [TEST_STEP][PASSED] - click: Object: 'Object Repository/create_first_bin_with_single_site_ws/Page_Sites and Bins - OPI Blue/button_Continue' is clicked on

2018-06-11 09:11:54 - [MESSAGE][PASSED] - Object: 'Object Repository/create_first_bin_with_single_site_ws/Page_Sites and Bins - OPI Blue/button_Continue' is clicked on

2018-06-11 09:11:54 - [TEST_STEP][PASSED] - click: Object: 'Object Repository/create_first_bin_with_single_site_ws/Page_Sites and Bins - OPI Blue/strong_skip this step' is clicked on

2018-06-11 09:11:56 - [MESSAGE][PASSED] - Object: 'Object Repository/create_first_bin_with_single_site_ws/Page_Sites and Bins - OPI Blue/strong_skip this step' is clicked on

2018-06-11 09:11:56 - [TEST_STEP][PASSED] - click: Object: 'Object Repository/create_first_bin_with_single_site_ws/Page_Sites and Bins - OPI Blue/strong_skip this step' is clicked on

2018-06-11 09:11:58 - [MESSAGE][PASSED] - Object: 'Object Repository/create_first_bin_with_single_site_ws/Page_Sites and Bins - OPI Blue/strong_skip this step' is clicked on

2018-06-11 09:11:58 - [TEST_STEP][PASSED] - click: Object: 'Object Repository/create_first_bin_with_single_site_ws/Page_Sites and Bins - OPI Blue/button_Continue_1' is clicked on

2018-06-11 09:12:00 - [MESSAGE][PASSED] - Object: 'Object Repository/create_first_bin_with_single_site_ws/Page_Sites and Bins - OPI Blue/button_Continue_1' is clicked on

2018-06-11 09:12:00 - [TEST_STEP][PASSED] - click: Object: 'Object Repository/create_first_bin_with_single_site_ws/Page_Sites and Bins - OPI Blue/strong_skip this step' is clicked on

2018-06-11 09:12:03 - [MESSAGE][PASSED] - Object: 'Object Repository/create_first_bin_with_single_site_ws/Page_Sites and Bins - OPI Blue/strong_skip this step' is clicked on

2018-06-11 09:12:03 - [TEST_STEP][PASSED] - click: Object: 'Object Repository/create_first_bin_with_single_site_ws/Page_Sites and Bins - OPI Blue/button_Continue_2' is clicked on

2018-06-11 09:12:05 - [MESSAGE][PASSED] - Object: 'Object Repository/create_first_bin_with_single_site_ws/Page_Sites and Bins - OPI Blue/button_Continue_2' is clicked on

2018-06-11 09:12:05 - [TEST_STEP][PASSED] - click: Object: 'Object Repository/create_first_bin_with_single_site_ws/Page_Sites and Bins - OPI Blue/strong_skip this step' is clicked on

2018-06-11 09:12:07 - [MESSAGE][PASSED] - Object: 'Object Repository/create_first_bin_with_single_site_ws/Page_Sites and Bins - OPI Blue/strong_skip this step' is clicked on

2018-06-11 09:12:07 - [TEST_STEP][PASSED] - click: Object: 'Object Repository/create_first_bin_with_single_site_ws/Page_Sites and Bins - OPI Blue/strong_skip this step' is clicked on

2018-06-11 09:12:09 - [MESSAGE][PASSED] - Object: 'Object Repository/create_first_bin_with_single_site_ws/Page_Sites and Bins - OPI Blue/strong_skip this step' is clicked on

2018-06-11 09:12:09 - [TEST_STEP][PASSED] - waitForElementPresent: Object 'Object Repository/create_first_bin_with_single_site_ws/Page_Sites and Bins - OPI Blue/button_View Bin' is present

2018-06-11 09:12:10 - [MESSAGE][PASSED] - Object 'Object Repository/create_first_bin_with_single_site_ws/Page_Sites and Bins - OPI Blue/button_View Bin' is present

2018-06-11 09:12:10 - [TEST_STEP][PASSED] - waitForElementClickable: Object 'Object Repository/create_first_bin_with_single_site_ws/Page_Sites and Bins - OPI Blue/button_View Bin' is clickable

2018-06-11 09:12:12 - [MESSAGE][PASSED] - Object 'Object Repository/create_first_bin_with_single_site_ws/Page_Sites and Bins - OPI Blue/button_View Bin' is clickable

2018-06-11 09:12:12 - [TEST_STEP][PASSED] - click: Object: 'Object Repository/create_first_bin_with_single_site_ws/Page_Sites and Bins - OPI Blue/button_View Bin' is clicked on

2018-06-11 09:12:14 - [MESSAGE][PASSED] - Object: 'Object Repository/create_first_bin_with_single_site_ws/Page_Sites and Bins - OPI Blue/button_View Bin' is clicked on

2018-06-11 09:12:14 - [TEST_STEP][PASSED] - waitForElementPresent: Object 'Object Repository/create_first_bin_with_single_site_ws/Page_Sites and Bins - OPI Blue/a_Log out' is present

2018-06-11 09:12:15 - [MESSAGE][PASSED] - Object 'Object Repository/create_first_bin_with_single_site_ws/Page_Sites and Bins - OPI Blue/a_Log out' is present

2018-06-11 09:12:15 - [TEST_STEP][PASSED] - waitForElementClickable: Object 'Object Repository/create_first_bin_with_single_site_ws/Page_Sites and Bins - OPI Blue/a_Log out' is clickable

2018-06-11 09:12:17 - [MESSAGE][PASSED] - Object 'Object Repository/create_first_bin_with_single_site_ws/Page_Sites and Bins - OPI Blue/a_Log out' is clickable

2018-06-11 09:12:17 - [TEST_STEP][PASSED] - click: Object: 'Object Repository/create_first_bin_with_single_site_ws/Page_Sites and Bins - OPI Blue/a_Log out' is clicked on

2018-06-11 09:12:20 - [MESSAGE][PASSED] - Object: 'Object Repository/create_first_bin_with_single_site_ws/Page_Sites and Bins - OPI Blue/a_Log out' is clicked on

2018-06-11 09:12:20 - [TEST_STEP][PASSED] - closeBrowser: Browser is closed

2018-06-11 09:12:22 - [MESSAGE][PASSED] - Browser is closed]]></system-out>
         <system-err><![CDATA[]]></system-err>
      </testcase>
      <testcase name="Test Cases/create_second_bin_with_cables_single_site_without_ws_fan_plenum" classname="Test Cases/create_second_bin_with_cables_single_site_without_ws_fan_plenum" status="PASSED">
         <system-out><![CDATA[2018-06-11 09:12:24 - [TEST_CASE][PASSED] - Test Cases/create_second_bin_with_cables_single_site_without_ws_fan_plenum: Test Cases/create_second_bin_with_cables_single_site_without_ws_fan_plenum

2018-06-11 09:12:25 - [TEST_STEP][PASSED] - openBrowser: Browser is opened with url: ''

2018-06-11 09:12:29 - [MESSAGE][PASSED] - Browser is opened with url: ''

2018-06-11 09:12:29 - [TEST_STEP][PASSED] - navigateToUrl: Navigate to 'https://ra.managegrain.com/#/dashboard/userPreferences' successfully

2018-06-11 09:12:33 - [MESSAGE][PASSED] - Navigate to 'https://ra.managegrain.com/#/dashboard/userPreferences' successfully

2018-06-11 09:12:33 - [TEST_STEP][PASSED] - setText: Text 'opiopi20171+00028@gmail.com' is set on object 'Object Repository/create_second_bin_with_cables_single_site_without_ws_fan_plenum/Page_OPI Blue/input_username'

2018-06-11 09:12:39 - [MESSAGE][PASSED] - Text 'opiopi20171+00028@gmail.com' is set on object 'Object Repository/create_second_bin_with_cables_single_site_without_ws_fan_plenum/Page_OPI Blue/input_username'

2018-06-11 09:12:39 - [TEST_STEP][PASSED] - setText: Text 'gWF7Q4IlreZBZUpxglt7' is set on object 'Object Repository/create_second_bin_with_cables_single_site_without_ws_fan_plenum/Page_OPI Blue/input_password'

2018-06-11 09:12:43 - [MESSAGE][PASSED] - Text 'gWF7Q4IlreZBZUpxglt7' is set on object 'Object Repository/create_second_bin_with_cables_single_site_without_ws_fan_plenum/Page_OPI Blue/input_password'

2018-06-11 09:12:43 - [TEST_STEP][PASSED] - click: Object: 'Object Repository/create_second_bin_with_cables_single_site_without_ws_fan_plenum/Page_OPI Blue/button_Log In' is clicked on

2018-06-11 09:12:47 - [MESSAGE][PASSED] - Object: 'Object Repository/create_second_bin_with_cables_single_site_without_ws_fan_plenum/Page_OPI Blue/button_Log In' is clicked on

2018-06-11 09:12:47 - [TEST_STEP][PASSED] - click: Object: 'Object Repository/create_second_bin_with_cables_single_site_without_ws_fan_plenum/Page_Dashboard - OPI Blue/span_Sites and Bins' is clicked on

2018-06-11 09:12:49 - [MESSAGE][PASSED] - Object: 'Object Repository/create_second_bin_with_cables_single_site_without_ws_fan_plenum/Page_Dashboard - OPI Blue/span_Sites and Bins' is clicked on

2018-06-11 09:12:49 - [TEST_STEP][PASSED] - click: Object: 'Object Repository/create_second_bin_with_cables_single_site_without_ws_fan_plenum/Page_Sites and Bins - OPI Blue/a_Bins' is clicked on

2018-06-11 09:12:51 - [MESSAGE][PASSED] - Object: 'Object Repository/create_second_bin_with_cables_single_site_without_ws_fan_plenum/Page_Sites and Bins - OPI Blue/a_Bins' is clicked on

2018-06-11 09:12:51 - [TEST_STEP][PASSED] - click: Object: 'Object Repository/create_second_bin_with_cables_single_site_without_ws_fan_plenum/Page_Sites and Bins - OPI Blue/button_Create a Bin' is clicked on

2018-06-11 09:12:54 - [MESSAGE][PASSED] - Object: 'Object Repository/create_second_bin_with_cables_single_site_without_ws_fan_plenum/Page_Sites and Bins - OPI Blue/button_Create a Bin' is clicked on

2018-06-11 09:12:54 - [TEST_STEP][PASSED] - setText: Text 'SecondBin' is set on object 'Object Repository/create_second_bin_with_cables_single_site_without_ws_fan_plenum/Page_Sites and Bins - OPI Blue/input_name'

2018-06-11 09:12:58 - [MESSAGE][PASSED] - Text 'SecondBin' is set on object 'Object Repository/create_second_bin_with_cables_single_site_without_ws_fan_plenum/Page_Sites and Bins - OPI Blue/input_name'

2018-06-11 09:12:58 - [TEST_STEP][PASSED] - click: Object: 'Object Repository/create_second_bin_with_cables_single_site_without_ws_fan_plenum/Page_Sites and Bins - OPI Blue/button_Continue' is clicked on

2018-06-11 09:13:00 - [MESSAGE][PASSED] - Object: 'Object Repository/create_second_bin_with_cables_single_site_without_ws_fan_plenum/Page_Sites and Bins - OPI Blue/button_Continue' is clicked on

2018-06-11 09:13:00 - [TEST_STEP][PASSED] - click: Object: 'Object Repository/create_second_bin_with_cables_single_site_without_ws_fan_plenum/Page_Sites and Bins - OPI Blue/span_Select' is clicked on

2018-06-11 09:13:03 - [MESSAGE][PASSED] - Object: 'Object Repository/create_second_bin_with_cables_single_site_without_ws_fan_plenum/Page_Sites and Bins - OPI Blue/span_Select' is clicked on

2018-06-11 09:13:03 - [TEST_STEP][PASSED] - click: Object: 'Object Repository/create_second_bin_with_cables_single_site_without_ws_fan_plenum/Page_Sites and Bins - OPI Blue/div_919' is clicked on

2018-06-11 09:13:05 - [MESSAGE][PASSED] - Object: 'Object Repository/create_second_bin_with_cables_single_site_without_ws_fan_plenum/Page_Sites and Bins - OPI Blue/div_919' is clicked on

2018-06-11 09:13:05 - [TEST_STEP][PASSED] - waitForElementPresent: Object 'Object Repository/create_second_bin_with_cables_single_site_without_ws_fan_plenum/spy_web/Page_Sites and Bins - OPI Blue/b' is present

2018-06-11 09:13:06 - [MESSAGE][PASSED] - Object 'Object Repository/create_second_bin_with_cables_single_site_without_ws_fan_plenum/spy_web/Page_Sites and Bins - OPI Blue/b' is present

2018-06-11 09:13:06 - [TEST_STEP][PASSED] - waitForElementVisible: Object 'Object Repository/create_second_bin_with_cables_single_site_without_ws_fan_plenum/spy_web/Page_Sites and Bins - OPI Blue/b' is visible

2018-06-11 09:13:08 - [MESSAGE][PASSED] - Object 'Object Repository/create_second_bin_with_cables_single_site_without_ws_fan_plenum/spy_web/Page_Sites and Bins - OPI Blue/b' is visible

2018-06-11 09:13:08 - [TEST_STEP][PASSED] - waitForElementClickable: Object 'Object Repository/create_second_bin_with_cables_single_site_without_ws_fan_plenum/spy_web/Page_Sites and Bins - OPI Blue/b' is clickable

2018-06-11 09:13:10 - [MESSAGE][PASSED] - Object 'Object Repository/create_second_bin_with_cables_single_site_without_ws_fan_plenum/spy_web/Page_Sites and Bins - OPI Blue/b' is clickable

2018-06-11 09:13:10 - [TEST_STEP][PASSED] - click: Object: 'Object Repository/create_second_bin_with_cables_single_site_without_ws_fan_plenum/spy_web/Page_Sites and Bins - OPI Blue/b' is clicked on

2018-06-11 09:13:12 - [MESSAGE][PASSED] - Object: 'Object Repository/create_second_bin_with_cables_single_site_without_ws_fan_plenum/spy_web/Page_Sites and Bins - OPI Blue/b' is clicked on

2018-06-11 09:13:12 - [TEST_STEP][PASSED] - click: Object: 'Object Repository/create_second_bin_with_cables_single_site_without_ws_fan_plenum/Page_Sites and Bins - OPI Blue/div_Blackbean' is clicked on

2018-06-11 09:13:14 - [MESSAGE][PASSED] - Object: 'Object Repository/create_second_bin_with_cables_single_site_without_ws_fan_plenum/Page_Sites and Bins - OPI Blue/div_Blackbean' is clicked on

2018-06-11 09:13:14 - [TEST_STEP][PASSED] - click: Object: 'Object Repository/create_second_bin_with_cables_single_site_without_ws_fan_plenum/Page_Sites and Bins - OPI Blue/button_Continue_1' is clicked on

2018-06-11 09:13:17 - [MESSAGE][PASSED] - Object: 'Object Repository/create_second_bin_with_cables_single_site_without_ws_fan_plenum/Page_Sites and Bins - OPI Blue/button_Continue_1' is clicked on

2018-06-11 09:13:17 - [TEST_STEP][PASSED] - setText: Text '2018-01-01' is set on object 'Object Repository/create_second_bin_with_cables_single_site_without_ws_fan_plenum/Page_Sites and Bins - OPI Blue/input_ng-pristine ng-untouched'

2018-06-11 09:13:21 - [MESSAGE][PASSED] - Text '2018-01-01' is set on object 'Object Repository/create_second_bin_with_cables_single_site_without_ws_fan_plenum/Page_Sites and Bins - OPI Blue/input_ng-pristine ng-untouched'

2018-06-11 09:13:21 - [TEST_STEP][PASSED] - setText: Text '10000' is set on object 'Object Repository/create_second_bin_with_cables_single_site_without_ws_fan_plenum/Page_Sites and Bins - OPI Blue/input_capacity'

2018-06-11 09:13:25 - [MESSAGE][PASSED] - Text '10000' is set on object 'Object Repository/create_second_bin_with_cables_single_site_without_ws_fan_plenum/Page_Sites and Bins - OPI Blue/input_capacity'

2018-06-11 09:13:25 - [TEST_STEP][PASSED] - click: Object: 'Object Repository/create_second_bin_with_cables_single_site_without_ws_fan_plenum/Page_Sites and Bins - OPI Blue/button_Continue_1' is clicked on

2018-06-11 09:13:27 - [MESSAGE][PASSED] - Object: 'Object Repository/create_second_bin_with_cables_single_site_without_ws_fan_plenum/Page_Sites and Bins - OPI Blue/button_Continue_1' is clicked on

2018-06-11 09:13:27 - [TEST_STEP][PASSED] - click: Object: 'Object Repository/create_second_bin_with_cables_single_site_without_ws_fan_plenum/Page_Sites and Bins - OPI Blue/button_Continue_1' is clicked on

2018-06-11 09:13:29 - [MESSAGE][PASSED] - Object: 'Object Repository/create_second_bin_with_cables_single_site_without_ws_fan_plenum/Page_Sites and Bins - OPI Blue/button_Continue_1' is clicked on

2018-06-11 09:13:29 - [TEST_STEP][PASSED] - click: Object: 'Object Repository/create_second_bin_with_cables_single_site_without_ws_fan_plenum/Page_Sites and Bins - OPI Blue/i_icon-plus' is clicked on

2018-06-11 09:13:32 - [MESSAGE][PASSED] - Object: 'Object Repository/create_second_bin_with_cables_single_site_without_ws_fan_plenum/Page_Sites and Bins - OPI Blue/i_icon-plus' is clicked on

2018-06-11 09:13:32 - [TEST_STEP][PASSED] - click: Object: 'Object Repository/create_second_bin_with_cables_single_site_without_ws_fan_plenum/Page_Sites and Bins - OPI Blue/a_edit-btn' is clicked on

2018-06-11 09:13:34 - [MESSAGE][PASSED] - Object: 'Object Repository/create_second_bin_with_cables_single_site_without_ws_fan_plenum/Page_Sites and Bins - OPI Blue/a_edit-btn' is clicked on

2018-06-11 09:13:34 - [TEST_STEP][PASSED] - click: Object: 'Object Repository/create_second_bin_with_cables_single_site_without_ws_fan_plenum/Page_Sites and Bins - OPI Blue/button_Continue_1' is clicked on

2018-06-11 09:13:36 - [MESSAGE][PASSED] - Object: 'Object Repository/create_second_bin_with_cables_single_site_without_ws_fan_plenum/Page_Sites and Bins - OPI Blue/button_Continue_1' is clicked on

2018-06-11 09:13:36 - [TEST_STEP][PASSED] - waitForElementPresent: Object 'Object Repository/create_second_bin_with_cables_single_site_without_ws_fan_plenum/Page_Sites and Bins - OPI Blue/button_Continue_2' is present

2018-06-11 09:13:37 - [MESSAGE][PASSED] - Object 'Object Repository/create_second_bin_with_cables_single_site_without_ws_fan_plenum/Page_Sites and Bins - OPI Blue/button_Continue_2' is present

2018-06-11 09:13:37 - [TEST_STEP][PASSED] - waitForElementClickable: Object 'Object Repository/create_second_bin_with_cables_single_site_without_ws_fan_plenum/Page_Sites and Bins - OPI Blue/button_Continue_2' is clickable

2018-06-11 09:13:39 - [MESSAGE][PASSED] - Object 'Object Repository/create_second_bin_with_cables_single_site_without_ws_fan_plenum/Page_Sites and Bins - OPI Blue/button_Continue_2' is clickable

2018-06-11 09:13:39 - [TEST_STEP][PASSED] - click: Object: 'Object Repository/create_second_bin_with_cables_single_site_without_ws_fan_plenum/Page_Sites and Bins - OPI Blue/button_Continue_2' is clicked on

2018-06-11 09:13:41 - [MESSAGE][PASSED] - Object: 'Object Repository/create_second_bin_with_cables_single_site_without_ws_fan_plenum/Page_Sites and Bins - OPI Blue/button_Continue_2' is clicked on

2018-06-11 09:13:41 - [TEST_STEP][PASSED] - click: Object: 'Object Repository/create_second_bin_with_cables_single_site_without_ws_fan_plenum/Page_Sites and Bins - OPI Blue/button_Continue_1' is clicked on

2018-06-11 09:13:44 - [MESSAGE][PASSED] - Object: 'Object Repository/create_second_bin_with_cables_single_site_without_ws_fan_plenum/Page_Sites and Bins - OPI Blue/button_Continue_1' is clicked on

2018-06-11 09:13:44 - [TEST_STEP][PASSED] - click: Object: 'Object Repository/create_second_bin_with_cables_single_site_without_ws_fan_plenum/Page_Sites and Bins - OPI Blue/button_Continue_2' is clicked on

2018-06-11 09:13:46 - [MESSAGE][PASSED] - Object: 'Object Repository/create_second_bin_with_cables_single_site_without_ws_fan_plenum/Page_Sites and Bins - OPI Blue/button_Continue_2' is clicked on

2018-06-11 09:13:46 - [TEST_STEP][PASSED] - waitForElementPresent: Object 'Object Repository/create_second_bin_with_cables_single_site_without_ws_fan_plenum/Page_Sites and Bins - OPI Blue/button_View Bin' is present

2018-06-11 09:13:47 - [MESSAGE][PASSED] - Object 'Object Repository/create_second_bin_with_cables_single_site_without_ws_fan_plenum/Page_Sites and Bins - OPI Blue/button_View Bin' is present

2018-06-11 09:13:47 - [TEST_STEP][PASSED] - waitForElementClickable: Object 'Object Repository/create_second_bin_with_cables_single_site_without_ws_fan_plenum/Page_Sites and Bins - OPI Blue/button_View Bin' is clickable

2018-06-11 09:13:49 - [MESSAGE][PASSED] - Object 'Object Repository/create_second_bin_with_cables_single_site_without_ws_fan_plenum/Page_Sites and Bins - OPI Blue/button_View Bin' is clickable

2018-06-11 09:13:49 - [TEST_STEP][PASSED] - click: Object: 'Object Repository/create_second_bin_with_cables_single_site_without_ws_fan_plenum/Page_Sites and Bins - OPI Blue/button_View Bin' is clicked on

2018-06-11 09:13:51 - [MESSAGE][PASSED] - Object: 'Object Repository/create_second_bin_with_cables_single_site_without_ws_fan_plenum/Page_Sites and Bins - OPI Blue/button_View Bin' is clicked on

2018-06-11 09:13:51 - [TEST_STEP][PASSED] - waitForElementPresent: Object 'Object Repository/create_second_bin_with_cables_single_site_without_ws_fan_plenum/Page_Sites and Bins - OPI Blue/a_Log out' is present

2018-06-11 09:13:52 - [MESSAGE][PASSED] - Object 'Object Repository/create_second_bin_with_cables_single_site_without_ws_fan_plenum/Page_Sites and Bins - OPI Blue/a_Log out' is present

2018-06-11 09:13:52 - [TEST_STEP][PASSED] - waitForElementClickable: Object 'Object Repository/create_second_bin_with_cables_single_site_without_ws_fan_plenum/Page_Sites and Bins - OPI Blue/a_Log out' is clickable

2018-06-11 09:13:54 - [MESSAGE][PASSED] - Object 'Object Repository/create_second_bin_with_cables_single_site_without_ws_fan_plenum/Page_Sites and Bins - OPI Blue/a_Log out' is clickable

2018-06-11 09:13:54 - [TEST_STEP][PASSED] - click: Object: 'Object Repository/create_second_bin_with_cables_single_site_without_ws_fan_plenum/Page_Sites and Bins - OPI Blue/a_Log out' is clicked on

2018-06-11 09:13:57 - [MESSAGE][PASSED] - Object: 'Object Repository/create_second_bin_with_cables_single_site_without_ws_fan_plenum/Page_Sites and Bins - OPI Blue/a_Log out' is clicked on

2018-06-11 09:13:57 - [TEST_STEP][PASSED] - closeBrowser: Browser is closed

2018-06-11 09:13:59 - [MESSAGE][PASSED] - Browser is closed]]></system-out>
         <system-err><![CDATA[]]></system-err>
      </testcase>
      <testcase name="Test Cases/add_plenum_on_bin" classname="Test Cases/add_plenum_on_bin" status="PASSED">
         <system-out><![CDATA[2018-06-11 09:14:01 - [TEST_CASE][PASSED] - Test Cases/add_plenum_on_bin: Test Cases/add_plenum_on_bin

2018-06-11 09:14:01 - [TEST_STEP][PASSED] - openBrowser: Browser is opened with url: ''

2018-06-11 09:14:06 - [MESSAGE][PASSED] - Browser is opened with url: ''

2018-06-11 09:14:06 - [TEST_STEP][PASSED] - navigateToUrl: Navigate to 'https://ra.managegrain.com/#/dashboard/userPreferences' successfully

2018-06-11 09:14:10 - [MESSAGE][PASSED] - Navigate to 'https://ra.managegrain.com/#/dashboard/userPreferences' successfully

2018-06-11 09:14:10 - [TEST_STEP][PASSED] - setText: Text 'opiopi20171+00028@gmail.com' is set on object 'Object Repository/create_bin_add_plenum_only/Page_OPI Blue/input_username'

2018-06-11 09:14:15 - [MESSAGE][PASSED] - Text 'opiopi20171+00028@gmail.com' is set on object 'Object Repository/create_bin_add_plenum_only/Page_OPI Blue/input_username'

2018-06-11 09:14:15 - [TEST_STEP][PASSED] - setEncryptedText: Text ****** has been set on object 'Object Repository/create_bin_add_plenum_only/Page_OPI Blue/input_password'

2018-06-11 09:14:19 - [MESSAGE][PASSED] - Text ****** has been set on object 'Object Repository/create_bin_add_plenum_only/Page_OPI Blue/input_password'

2018-06-11 09:14:19 - [TEST_STEP][PASSED] - click: Object: 'Object Repository/create_bin_add_plenum_only/Page_OPI Blue/button_Log In' is clicked on

2018-06-11 09:14:23 - [MESSAGE][PASSED] - Object: 'Object Repository/create_bin_add_plenum_only/Page_OPI Blue/button_Log In' is clicked on

2018-06-11 09:14:23 - [TEST_STEP][PASSED] - click: Object: 'Object Repository/create_bin_add_plenum_only/Page_Dashboard - OPI Blue/span_Sites and Bins' is clicked on

2018-06-11 09:14:25 - [MESSAGE][PASSED] - Object: 'Object Repository/create_bin_add_plenum_only/Page_Dashboard - OPI Blue/span_Sites and Bins' is clicked on

2018-06-11 09:14:25 - [TEST_STEP][PASSED] - click: Object: 'Object Repository/create_bin_add_plenum_only/Page_Sites and Bins - OPI Blue/a_Bins' is clicked on

2018-06-11 09:14:27 - [MESSAGE][PASSED] - Object: 'Object Repository/create_bin_add_plenum_only/Page_Sites and Bins - OPI Blue/a_Bins' is clicked on

2018-06-11 09:14:27 - [TEST_STEP][PASSED] - click: Object: 'Object Repository/create_bin_add_plenum_only/Page_Sites and Bins - OPI Blue/a_Plenum' is clicked on

2018-06-11 09:14:30 - [MESSAGE][PASSED] - Object: 'Object Repository/create_bin_add_plenum_only/Page_Sites and Bins - OPI Blue/a_Plenum' is clicked on

2018-06-11 09:14:30 - [TEST_STEP][PASSED] - click: Object: 'Object Repository/create_bin_add_plenum_only/Page_Sites and Bins - OPI Blue/button_Add a Plenum Sensor' is clicked on

2018-06-11 09:14:32 - [MESSAGE][PASSED] - Object: 'Object Repository/create_bin_add_plenum_only/Page_Sites and Bins - OPI Blue/button_Add a Plenum Sensor' is clicked on

2018-06-11 09:14:32 - [TEST_STEP][PASSED] - click: Object: 'Object Repository/create_bin_add_plenum_only/Page_Sites and Bins - OPI Blue/span_Select' is clicked on

2018-06-11 09:14:34 - [MESSAGE][PASSED] - Object: 'Object Repository/create_bin_add_plenum_only/Page_Sites and Bins - OPI Blue/span_Select' is clicked on

2018-06-11 09:14:34 - [TEST_STEP][PASSED] - click: Object: 'Object Repository/create_bin_add_plenum_only/Page_Sites and Bins - OPI Blue/spy_web/Page_Sites and Bins - OPI Blue/div_089CDB-FN' is clicked on

2018-06-11 09:14:36 - [MESSAGE][PASSED] - Object: 'Object Repository/create_bin_add_plenum_only/Page_Sites and Bins - OPI Blue/spy_web/Page_Sites and Bins - OPI Blue/div_089CDB-FN' is clicked on

2018-06-11 09:14:36 - [TEST_STEP][PASSED] - click: Object: 'Object Repository/create_bin_add_plenum_only/Page_Sites and Bins - OPI Blue/button_Save' is clicked on

2018-06-11 09:14:38 - [MESSAGE][PASSED] - Object: 'Object Repository/create_bin_add_plenum_only/Page_Sites and Bins - OPI Blue/button_Save' is clicked on

2018-06-11 09:14:38 - [TEST_STEP][PASSED] - waitForElementPresent: Object 'Object Repository/create_bin_add_plenum_only/Page_Sites and Bins - OPI Blue/a_Log out' is present

2018-06-11 09:14:39 - [MESSAGE][PASSED] - Object 'Object Repository/create_bin_add_plenum_only/Page_Sites and Bins - OPI Blue/a_Log out' is present

2018-06-11 09:14:39 - [TEST_STEP][PASSED] - waitForElementClickable: Object 'Object Repository/create_bin_add_plenum_only/Page_Sites and Bins - OPI Blue/a_Log out' is clickable

2018-06-11 09:14:41 - [MESSAGE][PASSED] - Object 'Object Repository/create_bin_add_plenum_only/Page_Sites and Bins - OPI Blue/a_Log out' is clickable

2018-06-11 09:14:41 - [TEST_STEP][PASSED] - click: Object: 'Object Repository/create_bin_add_plenum_only/Page_Sites and Bins - OPI Blue/a_Log out' is clicked on

2018-06-11 09:14:44 - [MESSAGE][PASSED] - Object: 'Object Repository/create_bin_add_plenum_only/Page_Sites and Bins - OPI Blue/a_Log out' is clicked on

2018-06-11 09:14:44 - [TEST_STEP][PASSED] - closeBrowser: Browser is closed

2018-06-11 09:14:46 - [MESSAGE][PASSED] - Browser is closed]]></system-out>
         <system-err><![CDATA[]]></system-err>
      </testcase>
      <testcase name="Test Cases/add_fan_on_bin" classname="Test Cases/add_fan_on_bin" status="PASSED">
         <system-out><![CDATA[2018-06-11 09:14:48 - [TEST_CASE][PASSED] - Test Cases/add_fan_on_bin: Test Cases/add_fan_on_bin

2018-06-11 09:14:48 - [TEST_STEP][PASSED] - openBrowser: Browser is opened with url: ''

2018-06-11 09:14:53 - [MESSAGE][PASSED] - Browser is opened with url: ''

2018-06-11 09:14:53 - [TEST_STEP][PASSED] - navigateToUrl: Navigate to 'https://ra.managegrain.com/#/dashboard/userPreferences' successfully

2018-06-11 09:14:57 - [MESSAGE][PASSED] - Navigate to 'https://ra.managegrain.com/#/dashboard/userPreferences' successfully

2018-06-11 09:14:57 - [TEST_STEP][PASSED] - setText: Text 'opiopi20171+00028@gmail.com' is set on object 'Object Repository/create_bin_add_fan_only/Page_OPI Blue/input_username'

2018-06-11 09:15:03 - [MESSAGE][PASSED] - Text 'opiopi20171+00028@gmail.com' is set on object 'Object Repository/create_bin_add_fan_only/Page_OPI Blue/input_username'

2018-06-11 09:15:03 - [TEST_STEP][PASSED] - setEncryptedText: Text ****** has been set on object 'Object Repository/create_bin_add_fan_only/Page_OPI Blue/input_password'

2018-06-11 09:15:06 - [MESSAGE][PASSED] - Text ****** has been set on object 'Object Repository/create_bin_add_fan_only/Page_OPI Blue/input_password'

2018-06-11 09:15:06 - [TEST_STEP][PASSED] - click: Object: 'Object Repository/create_bin_add_fan_only/Page_OPI Blue/button_Log In' is clicked on

2018-06-11 09:15:10 - [MESSAGE][PASSED] - Object: 'Object Repository/create_bin_add_fan_only/Page_OPI Blue/button_Log In' is clicked on

2018-06-11 09:15:10 - [TEST_STEP][PASSED] - click: Object: 'Object Repository/create_bin_add_fan_only/Page_Dashboard - OPI Blue/span_Sites and Bins' is clicked on

2018-06-11 09:15:12 - [MESSAGE][PASSED] - Object: 'Object Repository/create_bin_add_fan_only/Page_Dashboard - OPI Blue/span_Sites and Bins' is clicked on

2018-06-11 09:15:12 - [TEST_STEP][PASSED] - click: Object: 'Object Repository/create_bin_add_fan_only/Page_Sites and Bins - OPI Blue/a_Bins' is clicked on

2018-06-11 09:15:14 - [MESSAGE][PASSED] - Object: 'Object Repository/create_bin_add_fan_only/Page_Sites and Bins - OPI Blue/a_Bins' is clicked on

2018-06-11 09:15:14 - [TEST_STEP][PASSED] - click: Object: 'Object Repository/create_bin_add_fan_only/Page_Sites and Bins - OPI Blue/a_Fans' is clicked on

2018-06-11 09:15:16 - [MESSAGE][PASSED] - Object: 'Object Repository/create_bin_add_fan_only/Page_Sites and Bins - OPI Blue/a_Fans' is clicked on

2018-06-11 09:15:16 - [TEST_STEP][PASSED] - click: Object: 'Object Repository/create_bin_add_fan_only/Page_Sites and Bins - OPI Blue/button_Add a Fan' is clicked on

2018-06-11 09:15:19 - [MESSAGE][PASSED] - Object: 'Object Repository/create_bin_add_fan_only/Page_Sites and Bins - OPI Blue/button_Add a Fan' is clicked on

2018-06-11 09:15:19 - [TEST_STEP][PASSED] - click: Object: 'Object Repository/create_bin_add_fan_only/Page_Sites and Bins - OPI Blue/span_Select' is clicked on

2018-06-11 09:15:21 - [MESSAGE][PASSED] - Object: 'Object Repository/create_bin_add_fan_only/Page_Sites and Bins - OPI Blue/span_Select' is clicked on

2018-06-11 09:15:21 - [TEST_STEP][NOT_RUN] - click: NOT_RUN: click

2018-06-11 09:15:21 - [MESSAGE][NOT_RUN] - NOT_RUN: click

2018-06-11 09:15:21 - [TEST_STEP][PASSED] - click: Object: 'Object Repository/create_bin/create_bin_add_fan/Page_Sites and Bins - OPI Blue/spy_web/Page_Sites and Bins - OPI Blue/div_089CDB-FN (MAC HFF0004)' is clicked on

2018-06-11 09:15:23 - [MESSAGE][PASSED] - Object: 'Object Repository/create_bin/create_bin_add_fan/Page_Sites and Bins - OPI Blue/spy_web/Page_Sites and Bins - OPI Blue/div_089CDB-FN (MAC HFF0004)' is clicked on

2018-06-11 09:15:23 - [TEST_STEP][NOT_RUN] - waitForElementPresent: NOT_RUN: waitForElementPresent

2018-06-11 09:15:23 - [MESSAGE][NOT_RUN] - NOT_RUN: waitForElementPresent

2018-06-11 09:15:23 - [TEST_STEP][NOT_RUN] - waitForElementVisible: NOT_RUN: waitForElementVisible

2018-06-11 09:15:23 - [MESSAGE][NOT_RUN] - NOT_RUN: waitForElementVisible

2018-06-11 09:15:23 - [TEST_STEP][NOT_RUN] - waitForElementClickable: NOT_RUN: waitForElementClickable

2018-06-11 09:15:23 - [MESSAGE][NOT_RUN] - NOT_RUN: waitForElementClickable

2018-06-11 09:15:23 - [TEST_STEP][PASSED] - click: Object: 'Object Repository/create_bin_add_fan_only/spy_web/Page_Sites and Bins - OPI Blue (2)/b' is clicked on

2018-06-11 09:15:25 - [MESSAGE][PASSED] - Object: 'Object Repository/create_bin_add_fan_only/spy_web/Page_Sites and Bins - OPI Blue (2)/b' is clicked on

2018-06-11 09:15:25 - [TEST_STEP][PASSED] - click: Object: 'Object Repository/create_bin_add_fan_only/Page_Sites and Bins - OPI Blue/div_1' is clicked on

2018-06-11 09:15:27 - [MESSAGE][PASSED] - Object: 'Object Repository/create_bin_add_fan_only/Page_Sites and Bins - OPI Blue/div_1' is clicked on

2018-06-11 09:15:27 - [TEST_STEP][PASSED] - click: Object: 'Object Repository/create_bin_add_fan_only/Page_Sites and Bins - OPI Blue/span_Manual' is clicked on

2018-06-11 09:15:30 - [MESSAGE][PASSED] - Object: 'Object Repository/create_bin_add_fan_only/Page_Sites and Bins - OPI Blue/span_Manual' is clicked on

2018-06-11 09:15:30 - [TEST_STEP][PASSED] - click: Object: 'Object Repository/create_bin_add_fan_only/Page_Sites and Bins - OPI Blue/div_Manual' is clicked on

2018-06-11 09:15:32 - [MESSAGE][PASSED] - Object: 'Object Repository/create_bin_add_fan_only/Page_Sites and Bins - OPI Blue/div_Manual' is clicked on

2018-06-11 09:15:32 - [TEST_STEP][PASSED] - click: Object: 'Object Repository/create_bin_add_fan_only/Page_Sites and Bins - OPI Blue/button_Save' is clicked on

2018-06-11 09:15:34 - [MESSAGE][PASSED] - Object: 'Object Repository/create_bin_add_fan_only/Page_Sites and Bins - OPI Blue/button_Save' is clicked on

2018-06-11 09:15:34 - [TEST_STEP][PASSED] - waitForElementPresent: Object 'Object Repository/create_bin_add_fan_only/Page_Sites and Bins - OPI Blue/a_Log out' is present

2018-06-11 09:15:35 - [MESSAGE][PASSED] - Object 'Object Repository/create_bin_add_fan_only/Page_Sites and Bins - OPI Blue/a_Log out' is present

2018-06-11 09:15:35 - [TEST_STEP][PASSED] - waitForElementClickable: Object 'Object Repository/create_bin_add_fan_only/Page_Sites and Bins - OPI Blue/a_Log out' is clickable

2018-06-11 09:15:37 - [MESSAGE][PASSED] - Object 'Object Repository/create_bin_add_fan_only/Page_Sites and Bins - OPI Blue/a_Log out' is clickable

2018-06-11 09:15:37 - [TEST_STEP][PASSED] - click: Object: 'Object Repository/create_bin_add_fan_only/Page_Sites and Bins - OPI Blue/a_Log out' is clicked on

2018-06-11 09:15:40 - [MESSAGE][PASSED] - Object: 'Object Repository/create_bin_add_fan_only/Page_Sites and Bins - OPI Blue/a_Log out' is clicked on

2018-06-11 09:15:40 - [TEST_STEP][PASSED] - closeBrowser: Browser is closed

2018-06-11 09:15:42 - [MESSAGE][PASSED] - Browser is closed]]></system-out>
         <system-err><![CDATA[]]></system-err>
      </testcase>
      <system-out><![CDATA[2018-06-11 09:07:14 - [TEST_SUITE][PASSED] - regGW_regNode_mapNode_createSite_createBin: Test Cases/add_fan_on_bin]]></system-out>
      <system-err><![CDATA[]]></system-err>
   </testsuite>
</testsuites>
