<?xml version="1.0" encoding="UTF-8"?>
<testsuites name="side_nav_update_pref" time="117" tests="2" failures="0" errors="0">
   <testsuite name="side_nav_update_pref" tests="2" failures="0" errors="0" time="117" timestamp="2018-06-12 09:16:33" hostname="geetab - OPI-LT66.opisystems.local" id="Test Suites/side_nav_update_pref">
      <properties>
         <property name="deviceName" value=""/>
         <property name="devicePlatform" value=""/>
         <property name="logFolder" value="C:\\Users\\geetab\\Katalon Studio\\RA_opi_blue_cloud\\Reports\\side_nav_update_pref\\20180612_091631"/>
         <property name="logFiles" value="C:\\Users\\geetab\\Katalon Studio\\RA_opi_blue_cloud\\Reports\\side_nav_update_pref\\20180612_091631\\execution0.log"/>
         <property name="attachments" value=""/>
         <property name="hostName" value="geetab - OPI-LT66.opisystems.local"/>
         <property name="os" value="Windows 10 64bit"/>
         <property name="katalonVersion" value="5.4.2.1"/>
         <property name="browser" value="Chrome 67.0.3396.79"/>
         <property name="hostAddress" value="172.16.6.51"/>
         <property name="sessionId" value="24af38b0afa7d8aefaa436e83a322a0c"/>
         <property name="seleniumVersion" value="3.7.1"/>
         <property name="proxyInformation" value="ProxyInformation{proxyOption=NO_PROXY, proxyServerType=HTTP, password=, proxyServerAddress=, proxyServerPort=0}"/>
         <property name="platform" value="Windows 10"/>
      </properties>
      <testcase name="Test Cases/side_navigation" classname="Test Cases/side_navigation" status="PASSED">
         <system-out><![CDATA[2018-06-12 09:16:34 - [TEST_CASE][PASSED] - Test Cases/side_navigation: Test Cases/side_navigation

2018-06-12 09:16:35 - [TEST_STEP][PASSED] - openBrowser: Browser is opened with url: ''

2018-06-12 09:16:42 - [MESSAGE][PASSED] - Browser is opened with url: ''

2018-06-12 09:16:42 - [TEST_STEP][PASSED] - navigateToUrl: Navigate to 'https://ra.managegrain.com/#/dashboard/userPreferences' successfully

2018-06-12 09:16:45 - [MESSAGE][PASSED] - Navigate to 'https://ra.managegrain.com/#/dashboard/userPreferences' successfully

2018-06-12 09:16:45 - [TEST_STEP][PASSED] - setText: Text 'geetab@opisystems.com' is set on object 'Object Repository/side_navigation/Page_OPI Blue/input_username'

2018-06-12 09:16:51 - [MESSAGE][PASSED] - Text 'geetab@opisystems.com' is set on object 'Object Repository/side_navigation/Page_OPI Blue/input_username'

2018-06-12 09:16:51 - [TEST_STEP][PASSED] - setEncryptedText: Text ****** has been set on object 'Object Repository/side_navigation/Page_OPI Blue/input_password'

2018-06-12 09:16:55 - [MESSAGE][PASSED] - Text ****** has been set on object 'Object Repository/side_navigation/Page_OPI Blue/input_password'

2018-06-12 09:16:55 - [TEST_STEP][PASSED] - click: Object: 'Object Repository/side_navigation/Page_OPI Blue/button_Log In' is clicked on

2018-06-12 09:16:59 - [MESSAGE][PASSED] - Object: 'Object Repository/side_navigation/Page_OPI Blue/button_Log In' is clicked on

2018-06-12 09:16:59 - [TEST_STEP][PASSED] - click: Object: 'Object Repository/side_navigation/Page_Dashboard - OPI Blue/a_Dashboard' is clicked on

2018-06-12 09:17:01 - [MESSAGE][PASSED] - Object: 'Object Repository/side_navigation/Page_Dashboard - OPI Blue/a_Dashboard' is clicked on

2018-06-12 09:17:01 - [TEST_STEP][PASSED] - click: Object: 'Object Repository/side_navigation/Page_Dashboard - OPI Blue/a_Grain Condition' is clicked on

2018-06-12 09:17:03 - [MESSAGE][PASSED] - Object: 'Object Repository/side_navigation/Page_Dashboard - OPI Blue/a_Grain Condition' is clicked on

2018-06-12 09:17:03 - [TEST_STEP][PASSED] - click: Object: 'Object Repository/side_navigation/Page_Grain Condition - OPI Blue/span_Site Summary' is clicked on

2018-06-12 09:17:05 - [MESSAGE][PASSED] - Object: 'Object Repository/side_navigation/Page_Grain Condition - OPI Blue/span_Site Summary' is clicked on

2018-06-12 09:17:05 - [TEST_STEP][PASSED] - click: Object: 'Object Repository/side_navigation/Page_Site Summary - OPI Blue/span_Bin Data' is clicked on

2018-06-12 09:17:08 - [MESSAGE][PASSED] - Object: 'Object Repository/side_navigation/Page_Site Summary - OPI Blue/span_Bin Data' is clicked on

2018-06-12 09:17:08 - [TEST_STEP][PASSED] - click: Object: 'Object Repository/side_navigation/Page_Bin Data - OPI Blue/a_Fan Control' is clicked on

2018-06-12 09:17:11 - [MESSAGE][PASSED] - Object: 'Object Repository/side_navigation/Page_Bin Data - OPI Blue/a_Fan Control' is clicked on

2018-06-12 09:17:11 - [TEST_STEP][PASSED] - click: Object: 'Object Repository/side_navigation/Page_Fan Control - OPI Blue/a_Inventory' is clicked on

2018-06-12 09:17:13 - [MESSAGE][PASSED] - Object: 'Object Repository/side_navigation/Page_Fan Control - OPI Blue/a_Inventory' is clicked on

2018-06-12 09:17:13 - [TEST_STEP][PASSED] - click: Object: 'Object Repository/side_navigation/Page_Inventory - OPI Blue/a_Global View' is clicked on

2018-06-12 09:17:15 - [MESSAGE][PASSED] - Object: 'Object Repository/side_navigation/Page_Inventory - OPI Blue/a_Global View' is clicked on

2018-06-12 09:17:15 - [TEST_STEP][PASSED] - click: Object: 'Object Repository/side_navigation/Page_Global View - OPI Blue/a_System Status' is clicked on

2018-06-12 09:17:18 - [MESSAGE][PASSED] - Object: 'Object Repository/side_navigation/Page_Global View - OPI Blue/a_System Status' is clicked on

2018-06-12 09:17:18 - [TEST_STEP][PASSED] - click: Object: 'Object Repository/side_navigation/Page_System Status - OPI Blue/a_System Settings' is clicked on

2018-06-12 09:17:20 - [MESSAGE][PASSED] - Object: 'Object Repository/side_navigation/Page_System Status - OPI Blue/a_System Settings' is clicked on

2018-06-12 09:17:20 - [TEST_STEP][PASSED] - click: Object: 'Object Repository/side_navigation/Page_System Settings - OPI Blue/span_Gateways and Nodes' is clicked on

2018-06-12 09:17:22 - [MESSAGE][PASSED] - Object: 'Object Repository/side_navigation/Page_System Settings - OPI Blue/span_Gateways and Nodes' is clicked on

2018-06-12 09:17:22 - [TEST_STEP][PASSED] - click: Object: 'Object Repository/side_navigation/Page_Gateways and Nodes - OPI Blue/span_Sites and Bins' is clicked on

2018-06-12 09:17:24 - [MESSAGE][PASSED] - Object: 'Object Repository/side_navigation/Page_Gateways and Nodes - OPI Blue/span_Sites and Bins' is clicked on

2018-06-12 09:17:24 - [TEST_STEP][PASSED] - click: Object: 'Object Repository/side_navigation/Page_Sites and Bins - OPI Blue/a_Account Details' is clicked on

2018-06-12 09:17:27 - [MESSAGE][PASSED] - Object: 'Object Repository/side_navigation/Page_Sites and Bins - OPI Blue/a_Account Details' is clicked on

2018-06-12 09:17:27 - [TEST_STEP][PASSED] - click: Object: 'Object Repository/side_navigation/Page_Account Details - OPI Blue/span_Members' is clicked on

2018-06-12 09:17:30 - [MESSAGE][PASSED] - Object: 'Object Repository/side_navigation/Page_Account Details - OPI Blue/span_Members' is clicked on

2018-06-12 09:17:30 - [TEST_STEP][PASSED] - click: Object: 'Object Repository/side_navigation/Page_Members - OPI Blue/span_View as Customer' is clicked on

2018-06-12 09:17:32 - [MESSAGE][PASSED] - Object: 'Object Repository/side_navigation/Page_Members - OPI Blue/span_View as Customer' is clicked on

2018-06-12 09:17:32 - [TEST_STEP][NOT_RUN] - click: NOT_RUN: click

2018-06-12 09:17:32 - [MESSAGE][NOT_RUN] - NOT_RUN: click

2018-06-12 09:17:32 - [TEST_STEP][PASSED] - click: Object: 'Object Repository/side_navigation/Page_View as Customer - OPI Blue/a_helpopisystems.com' is clicked on

2018-06-12 09:17:34 - [MESSAGE][PASSED] - Object: 'Object Repository/side_navigation/Page_View as Customer - OPI Blue/a_helpopisystems.com' is clicked on

2018-06-12 09:17:34 - [TEST_STEP][PASSED] - click: Object: 'Object Repository/side_navigation/Page_View as Customer - OPI Blue/a_View manual' is clicked on

2018-06-12 09:17:36 - [MESSAGE][PASSED] - Object: 'Object Repository/side_navigation/Page_View as Customer - OPI Blue/a_View manual' is clicked on

2018-06-12 09:17:36 - [TEST_STEP][PASSED] - waitForElementPresent: Object 'Object Repository/side_navigation/Page_View as Customer - OPI Blue/a_Log out' is present

2018-06-12 09:17:37 - [MESSAGE][PASSED] - Object 'Object Repository/side_navigation/Page_View as Customer - OPI Blue/a_Log out' is present

2018-06-12 09:17:37 - [TEST_STEP][PASSED] - waitForElementClickable: Object 'Object Repository/side_navigation/Page_View as Customer - OPI Blue/a_Log out' is clickable

2018-06-12 09:17:39 - [MESSAGE][PASSED] - Object 'Object Repository/side_navigation/Page_View as Customer - OPI Blue/a_Log out' is clickable

2018-06-12 09:17:39 - [TEST_STEP][PASSED] - click: Object: 'Object Repository/side_navigation/Page_View as Customer - OPI Blue/a_Log out' is clicked on

2018-06-12 09:17:47 - [MESSAGE][PASSED] - Object: 'Object Repository/side_navigation/Page_View as Customer - OPI Blue/a_Log out' is clicked on

2018-06-12 09:17:47 - [TEST_STEP][PASSED] - closeBrowser: Browser is closed

2018-06-12 09:17:49 - [MESSAGE][PASSED] - Browser is closed]]></system-out>
         <system-err><![CDATA[]]></system-err>
      </testcase>
      <testcase name="Test Cases/update_preference" classname="Test Cases/update_preference" status="PASSED">
         <system-out><![CDATA[2018-06-12 09:17:51 - [TEST_CASE][PASSED] - Test Cases/update_preference: Test Cases/update_preference

2018-06-12 09:17:52 - [TEST_STEP][PASSED] - openBrowser: Browser is opened with url: ''

2018-06-12 09:17:56 - [MESSAGE][PASSED] - Browser is opened with url: ''

2018-06-12 09:17:56 - [TEST_STEP][PASSED] - navigateToUrl: Navigate to 'https://ra.managegrain.com/#/dashboard/userPreferences' successfully

2018-06-12 09:17:59 - [MESSAGE][PASSED] - Navigate to 'https://ra.managegrain.com/#/dashboard/userPreferences' successfully

2018-06-12 09:17:59 - [TEST_STEP][PASSED] - setText: Text 'opiopi20171+00028@gmail.com' is set on object 'Object Repository/update_preferences/Page_OPI Blue/input_username'

2018-06-12 09:18:05 - [MESSAGE][PASSED] - Text 'opiopi20171+00028@gmail.com' is set on object 'Object Repository/update_preferences/Page_OPI Blue/input_username'

2018-06-12 09:18:05 - [TEST_STEP][PASSED] - setText: Text 'gWF7Q4IlreZBZUpxglt7' is set on object 'Object Repository/update_preferences/Page_OPI Blue/input_password'

2018-06-12 09:18:10 - [MESSAGE][PASSED] - Text 'gWF7Q4IlreZBZUpxglt7' is set on object 'Object Repository/update_preferences/Page_OPI Blue/input_password'

2018-06-12 09:18:10 - [TEST_STEP][PASSED] - click: Object: 'Object Repository/update_preferences/Page_OPI Blue/span_Log In' is clicked on

2018-06-12 09:18:13 - [MESSAGE][PASSED] - Object: 'Object Repository/update_preferences/Page_OPI Blue/span_Log In' is clicked on

2018-06-12 09:18:13 - [TEST_STEP][PASSED] - waitForElementNotVisible: Object 'Object Repository/update_preferences/Page_Dashboard - OPI Blue/button_Preferences' is visible after 5 second(s)

2018-06-12 09:18:20 - [MESSAGE][WARNING] - Object 'Object Repository/update_preferences/Page_Dashboard - OPI Blue/button_Preferences' is visible after 5 second(s)

2018-06-12 09:18:20 - [TEST_STEP][PASSED] - click: Object: 'Object Repository/update_preferences/Page_Dashboard - OPI Blue/button_Preferences' is clicked on

2018-06-12 09:18:22 - [MESSAGE][PASSED] - Object: 'Object Repository/update_preferences/Page_Dashboard - OPI Blue/button_Preferences' is clicked on

2018-06-12 09:18:22 - [TEST_STEP][PASSED] - click: Object: 'Object Repository/update_preferences/Page_Preferences - OPI Blue/div_md-off' is clicked on

2018-06-12 09:18:24 - [MESSAGE][PASSED] - Object: 'Object Repository/update_preferences/Page_Preferences - OPI Blue/div_md-off' is clicked on

2018-06-12 09:18:24 - [TEST_STEP][PASSED] - click: Object: 'Object Repository/update_preferences/Page_Preferences - OPI Blue/a_Log out' is clicked on

2018-06-12 09:18:27 - [MESSAGE][PASSED] - Object: 'Object Repository/update_preferences/Page_Preferences - OPI Blue/a_Log out' is clicked on

2018-06-12 09:18:27 - [TEST_STEP][PASSED] - closeBrowser: Browser is closed

2018-06-12 09:18:29 - [MESSAGE][PASSED] - Browser is closed]]></system-out>
         <system-err><![CDATA[]]></system-err>
      </testcase>
      <system-out><![CDATA[2018-06-12 09:16:33 - [TEST_SUITE][PASSED] - side_nav_update_pref: Test Cases/update_preference]]></system-out>
      <system-err><![CDATA[]]></system-err>
   </testsuite>
</testsuites>
