<?xml version="1.0" encoding="UTF-8"?>
<testsuites name="removePlenum_removeFan_deleteBin_deleteSite_unmapNode_unregNode_unregGW" time="251" tests="4" failures="1" errors="0">
   <testsuite name="removePlenum_removeFan_deleteBin_deleteSite_unmapNode_unregNode_unregGW" tests="4" failures="1" errors="0" time="251" timestamp="2018-06-06 11:36:25" hostname="geetab - OPI-LT66.opisystems.local" id="Test Suites/removePlenum_removeFan_deleteBin_deleteSite_unmapNode_unregNode_unregGW">
      <properties>
         <property name="deviceName" value=""/>
         <property name="devicePlatform" value=""/>
         <property name="logFolder" value="C:\\Users\\geetab\\Katalon Studio\\RA_opi_blue_cloud\\Reports\\removePlenum_removeFan_deleteBin_deleteSite_unmapNode_unregNode_unregGW\\20180606_113623"/>
         <property name="logFiles" value="C:\\Users\\geetab\\Katalon Studio\\RA_opi_blue_cloud\\Reports\\removePlenum_removeFan_deleteBin_deleteSite_unmapNode_unregNode_unregGW\\20180606_113623\\execution0.log"/>
         <property name="attachments" value="C:\\Users\\geetab\\Katalon Studio\\RA_opi_blue_cloud\\Reports\\removePlenum_removeFan_deleteBin_deleteSite_unmapNode_unregNode_unregGW\\20180606_113623\\1528306700916.png"/>
         <property name="hostName" value="geetab - OPI-LT66.opisystems.local"/>
         <property name="os" value="Windows 10 64bit"/>
         <property name="katalonVersion" value="5.4.2.1"/>
         <property name="browser" value="Chrome 67.0.3396.62"/>
         <property name="hostAddress" value="172.16.6.51"/>
         <property name="sessionId" value="5edc3f0146bbcc5a155ef95b953d163a"/>
         <property name="seleniumVersion" value="3.7.1"/>
         <property name="proxyInformation" value="ProxyInformation{proxyOption=NO_PROXY, proxyServerType=HTTP, password=, proxyServerAddress=, proxyServerPort=0}"/>
         <property name="platform" value="Windows 10"/>
      </properties>
      <testcase name="Test Cases/delete_bin_with_cables_ws_fan_plenum" classname="Test Cases/delete_bin_with_cables_ws_fan_plenum" status="PASSED">
         <system-out><![CDATA[2018-06-06 11:36:25 - [TEST_CASE][PASSED] - Test Cases/delete_bin_with_cables_ws_fan_plenum: Test Cases/delete_bin_with_cables_ws_fan_plenum

2018-06-06 11:36:26 - [TEST_STEP][PASSED] - openBrowser: Browser is opened with url: ''

2018-06-06 11:36:34 - [MESSAGE][PASSED] - Browser is opened with url: ''

2018-06-06 11:36:34 - [TEST_STEP][PASSED] - navigateToUrl: Navigate to 'https://ra.managegrain.com/#/dashboard/userPreferences' successfully

2018-06-06 11:36:37 - [MESSAGE][PASSED] - Navigate to 'https://ra.managegrain.com/#/dashboard/userPreferences' successfully

2018-06-06 11:36:37 - [TEST_STEP][PASSED] - setText: Text 'opiopi20171+00028@gmail.com' is set on object 'Object Repository/delete_bin_with_cables/delete_bin_with_cables_ws_fan_plenum/Page_OPI Blue/input_username'

2018-06-06 11:36:44 - [MESSAGE][PASSED] - Text 'opiopi20171+00028@gmail.com' is set on object 'Object Repository/delete_bin_with_cables/delete_bin_with_cables_ws_fan_plenum/Page_OPI Blue/input_username'

2018-06-06 11:36:44 - [TEST_STEP][PASSED] - setText: Text 'gWF7Q4IlreZBZUpxglt7' is set on object 'Object Repository/delete_bin_with_cables/delete_bin_with_cables_ws_fan_plenum/Page_OPI Blue/input_password'

2018-06-06 11:36:48 - [MESSAGE][PASSED] - Text 'gWF7Q4IlreZBZUpxglt7' is set on object 'Object Repository/delete_bin_with_cables/delete_bin_with_cables_ws_fan_plenum/Page_OPI Blue/input_password'

2018-06-06 11:36:48 - [TEST_STEP][PASSED] - click: Object: 'Object Repository/delete_bin_with_cables/delete_bin_with_cables_ws_fan_plenum/Page_OPI Blue/span_Log In' is clicked on

2018-06-06 11:36:51 - [MESSAGE][PASSED] - Object: 'Object Repository/delete_bin_with_cables/delete_bin_with_cables_ws_fan_plenum/Page_OPI Blue/span_Log In' is clicked on

2018-06-06 11:36:51 - [TEST_STEP][PASSED] - click: Object: 'Object Repository/delete_bin_with_cables/delete_bin_with_cables_ws_fan_plenum/Page_Dashboard - OPI Blue/span_Sites and Bins' is clicked on

2018-06-06 11:36:54 - [MESSAGE][PASSED] - Object: 'Object Repository/delete_bin_with_cables/delete_bin_with_cables_ws_fan_plenum/Page_Dashboard - OPI Blue/span_Sites and Bins' is clicked on

2018-06-06 11:36:54 - [TEST_STEP][PASSED] - click: Object: 'Object Repository/delete_bin_with_cables/delete_bin_with_cables_ws_fan_plenum/Page_Sites and Bins - OPI Blue/a_Bins' is clicked on

2018-06-06 11:36:56 - [MESSAGE][PASSED] - Object: 'Object Repository/delete_bin_with_cables/delete_bin_with_cables_ws_fan_plenum/Page_Sites and Bins - OPI Blue/a_Bins' is clicked on

2018-06-06 11:36:56 - [TEST_STEP][PASSED] - click: Object: 'Object Repository/delete_bin_with_cables/delete_bin_with_cables_ws_fan_plenum/Page_Sites and Bins - OPI Blue/a_Cables' is clicked on

2018-06-06 11:36:58 - [MESSAGE][PASSED] - Object: 'Object Repository/delete_bin_with_cables/delete_bin_with_cables_ws_fan_plenum/Page_Sites and Bins - OPI Blue/a_Cables' is clicked on

2018-06-06 11:36:58 - [TEST_STEP][PASSED] - click: Object: 'Object Repository/delete_bin_with_cables/delete_bin_with_cables_ws_fan_plenum/Page_Sites and Bins - OPI Blue/button_Edit' is clicked on

2018-06-06 11:37:01 - [MESSAGE][PASSED] - Object: 'Object Repository/delete_bin_with_cables/delete_bin_with_cables_ws_fan_plenum/Page_Sites and Bins - OPI Blue/button_Edit' is clicked on

2018-06-06 11:37:01 - [TEST_STEP][PASSED] - click: Object: 'Object Repository/delete_bin_with_cables/delete_bin_with_cables_ws_fan_plenum/Page_Sites and Bins - OPI Blue/i_icon-pencil' is clicked on

2018-06-06 11:37:03 - [MESSAGE][PASSED] - Object: 'Object Repository/delete_bin_with_cables/delete_bin_with_cables_ws_fan_plenum/Page_Sites and Bins - OPI Blue/i_icon-pencil' is clicked on

2018-06-06 11:37:03 - [TEST_STEP][PASSED] - click: Object: 'Object Repository/delete_bin_with_cables/delete_bin_with_cables_ws_fan_plenum/Page_Sites and Bins - OPI Blue/i_icon-cancel-circled unmap-ic' is clicked on

2018-06-06 11:37:05 - [MESSAGE][PASSED] - Object: 'Object Repository/delete_bin_with_cables/delete_bin_with_cables_ws_fan_plenum/Page_Sites and Bins - OPI Blue/i_icon-cancel-circled unmap-ic' is clicked on

2018-06-06 11:37:05 - [TEST_STEP][PASSED] - click: Object: 'Object Repository/delete_bin_with_cables/delete_bin_with_cables_ws_fan_plenum/Page_Sites and Bins - OPI Blue/i_icon-pencil_1' is clicked on

2018-06-06 11:37:07 - [MESSAGE][PASSED] - Object: 'Object Repository/delete_bin_with_cables/delete_bin_with_cables_ws_fan_plenum/Page_Sites and Bins - OPI Blue/i_icon-pencil_1' is clicked on

2018-06-06 11:37:07 - [TEST_STEP][PASSED] - click: Object: 'Object Repository/delete_bin_with_cables/delete_bin_with_cables_ws_fan_plenum/Page_Sites and Bins - OPI Blue/i_icon-cancel-circled unmap-ic_1' is clicked on

2018-06-06 11:37:09 - [MESSAGE][PASSED] - Object: 'Object Repository/delete_bin_with_cables/delete_bin_with_cables_ws_fan_plenum/Page_Sites and Bins - OPI Blue/i_icon-cancel-circled unmap-ic_1' is clicked on

2018-06-06 11:37:09 - [TEST_STEP][PASSED] - click: Object: 'Object Repository/delete_bin_with_cables/delete_bin_with_cables_ws_fan_plenum/Page_Sites and Bins - OPI Blue/button_Save' is clicked on

2018-06-06 11:37:11 - [MESSAGE][PASSED] - Object: 'Object Repository/delete_bin_with_cables/delete_bin_with_cables_ws_fan_plenum/Page_Sites and Bins - OPI Blue/button_Save' is clicked on

2018-06-06 11:37:11 - [TEST_STEP][NOT_RUN] - click: NOT_RUN: click

2018-06-06 11:37:11 - [MESSAGE][NOT_RUN] - NOT_RUN: click

2018-06-06 11:37:11 - [TEST_STEP][PASSED] - waitForElementPresent: Object 'Object Repository/delete_bin_with_cables/delete_bin_with_cables_ws_fan_plenum/Page_Sites and Bins - OPI Blue/a_Fans' is present

2018-06-06 11:37:13 - [MESSAGE][PASSED] - Object 'Object Repository/delete_bin_with_cables/delete_bin_with_cables_ws_fan_plenum/Page_Sites and Bins - OPI Blue/a_Fans' is present

2018-06-06 11:37:13 - [TEST_STEP][PASSED] - click: Object: 'Object Repository/delete_bin_with_cables/delete_bin_with_cables_ws_fan_plenum/Page_Sites and Bins - OPI Blue/a_Fans' is clicked on

2018-06-06 11:37:15 - [MESSAGE][PASSED] - Object: 'Object Repository/delete_bin_with_cables/delete_bin_with_cables_ws_fan_plenum/Page_Sites and Bins - OPI Blue/a_Fans' is clicked on

2018-06-06 11:37:15 - [TEST_STEP][PASSED] - click: Object: 'Object Repository/delete_bin_with_cables/delete_bin_with_cables_ws_fan_plenum/Page_Sites and Bins - OPI Blue/button_Remove Fan' is clicked on

2018-06-06 11:37:17 - [MESSAGE][PASSED] - Object: 'Object Repository/delete_bin_with_cables/delete_bin_with_cables_ws_fan_plenum/Page_Sites and Bins - OPI Blue/button_Remove Fan' is clicked on

2018-06-06 11:37:17 - [TEST_STEP][PASSED] - click: Object: 'Object Repository/delete_bin_with_cables/delete_bin_with_cables_ws_fan_plenum/Page_Sites and Bins - OPI Blue/button_Remove' is clicked on

2018-06-06 11:37:19 - [MESSAGE][PASSED] - Object: 'Object Repository/delete_bin_with_cables/delete_bin_with_cables_ws_fan_plenum/Page_Sites and Bins - OPI Blue/button_Remove' is clicked on

2018-06-06 11:37:19 - [TEST_STEP][PASSED] - waitForElementPresent: Object 'Object Repository/delete_bin_with_cables/delete_bin_with_cables_ws_fan_plenum/Page_Sites and Bins - OPI Blue/a_Plenum' is present

2018-06-06 11:37:20 - [MESSAGE][PASSED] - Object 'Object Repository/delete_bin_with_cables/delete_bin_with_cables_ws_fan_plenum/Page_Sites and Bins - OPI Blue/a_Plenum' is present

2018-06-06 11:37:20 - [TEST_STEP][PASSED] - click: Object: 'Object Repository/delete_bin_with_cables/delete_bin_with_cables_ws_fan_plenum/Page_Sites and Bins - OPI Blue/a_Plenum' is clicked on

2018-06-06 11:37:22 - [MESSAGE][PASSED] - Object: 'Object Repository/delete_bin_with_cables/delete_bin_with_cables_ws_fan_plenum/Page_Sites and Bins - OPI Blue/a_Plenum' is clicked on

2018-06-06 11:37:22 - [TEST_STEP][PASSED] - click: Object: 'Object Repository/delete_bin_with_cables/delete_bin_with_cables_ws_fan_plenum/Page_Sites and Bins - OPI Blue/button_Remove_1' is clicked on

2018-06-06 11:37:25 - [MESSAGE][PASSED] - Object: 'Object Repository/delete_bin_with_cables/delete_bin_with_cables_ws_fan_plenum/Page_Sites and Bins - OPI Blue/button_Remove_1' is clicked on

2018-06-06 11:37:25 - [TEST_STEP][PASSED] - click: Object: 'Object Repository/delete_bin_with_cables/delete_bin_with_cables_ws_fan_plenum/Page_Sites and Bins - OPI Blue/button_Remove' is clicked on

2018-06-06 11:37:27 - [MESSAGE][PASSED] - Object: 'Object Repository/delete_bin_with_cables/delete_bin_with_cables_ws_fan_plenum/Page_Sites and Bins - OPI Blue/button_Remove' is clicked on

2018-06-06 11:37:27 - [TEST_STEP][PASSED] - waitForElementPresent: Object 'Object Repository/delete_bin_with_cables/delete_bin_with_cables_ws_fan_plenum/Page_Sites and Bins - OPI Blue/button_Delete' is present

2018-06-06 11:37:28 - [MESSAGE][PASSED] - Object 'Object Repository/delete_bin_with_cables/delete_bin_with_cables_ws_fan_plenum/Page_Sites and Bins - OPI Blue/button_Delete' is present

2018-06-06 11:37:28 - [TEST_STEP][PASSED] - waitForElementClickable: Object 'Object Repository/delete_bin_with_cables/delete_bin_with_cables_ws_fan_plenum/Page_Sites and Bins - OPI Blue/button_Delete' is clickable

2018-06-06 11:37:30 - [MESSAGE][PASSED] - Object 'Object Repository/delete_bin_with_cables/delete_bin_with_cables_ws_fan_plenum/Page_Sites and Bins - OPI Blue/button_Delete' is clickable

2018-06-06 11:37:30 - [TEST_STEP][PASSED] - click: Object: 'Object Repository/delete_bin_with_cables/delete_bin_with_cables_ws_fan_plenum/Page_Sites and Bins - OPI Blue/button_Delete' is clicked on

2018-06-06 11:37:32 - [MESSAGE][PASSED] - Object: 'Object Repository/delete_bin_with_cables/delete_bin_with_cables_ws_fan_plenum/Page_Sites and Bins - OPI Blue/button_Delete' is clicked on

2018-06-06 11:37:32 - [TEST_STEP][PASSED] - click: Object: 'Object Repository/delete_bin_with_cables/delete_bin_with_cables_ws_fan_plenum/Page_Sites and Bins - OPI Blue/button_Delete' is clicked on

2018-06-06 11:37:34 - [MESSAGE][PASSED] - Object: 'Object Repository/delete_bin_with_cables/delete_bin_with_cables_ws_fan_plenum/Page_Sites and Bins - OPI Blue/button_Delete' is clicked on

2018-06-06 11:37:34 - [TEST_STEP][PASSED] - waitForElementPresent: Object 'Object Repository/delete_bin_with_cables/delete_bin_with_cables_ws_fan_plenum/Page_Sites and Bins - OPI Blue/a_Log out' is present

2018-06-06 11:37:35 - [MESSAGE][PASSED] - Object 'Object Repository/delete_bin_with_cables/delete_bin_with_cables_ws_fan_plenum/Page_Sites and Bins - OPI Blue/a_Log out' is present

2018-06-06 11:37:35 - [TEST_STEP][PASSED] - waitForElementClickable: Object 'Object Repository/delete_bin_with_cables/delete_bin_with_cables_ws_fan_plenum/Page_Sites and Bins - OPI Blue/a_Log out' is clickable

2018-06-06 11:37:37 - [MESSAGE][PASSED] - Object 'Object Repository/delete_bin_with_cables/delete_bin_with_cables_ws_fan_plenum/Page_Sites and Bins - OPI Blue/a_Log out' is clickable

2018-06-06 11:37:37 - [TEST_STEP][PASSED] - click: Object: 'Object Repository/delete_bin_with_cables/delete_bin_with_cables_ws_fan_plenum/Page_Sites and Bins - OPI Blue/a_Log out' is clicked on

2018-06-06 11:37:40 - [MESSAGE][PASSED] - Object: 'Object Repository/delete_bin_with_cables/delete_bin_with_cables_ws_fan_plenum/Page_Sites and Bins - OPI Blue/a_Log out' is clicked on

2018-06-06 11:37:40 - [TEST_STEP][PASSED] - closeBrowser: Browser is closed

2018-06-06 11:37:42 - [MESSAGE][PASSED] - Browser is closed]]></system-out>
         <system-err><![CDATA[]]></system-err>
      </testcase>
      <testcase name="Test Cases/delete_site" classname="Test Cases/delete_site" status="FAILED">
         <failure type="FAILED" message="Unable to click on object 'Object Repository/delete_site/Page_Sites and Bins - OPI Blue/a_Log out' (Root cause: org.openqa.selenium.WebDriverException: unknown error: Element &lt;a id=&quot;navLogOut&quot; ng-click=&quot;vm.logOut();&quot; analytics-category=&quot;Navigation Menu&quot; analytics-event=&quot;Menu Click&quot; analytics-label=&quot;Log out&quot;>...&lt;/a> is not clickable at point (213, 100). Other element would receive the click: &lt;div uib-modal-window=&quot;modal-window&quot; class=&quot;modal fade ng-scope ng-isolate-scope in&quot; role=&quot;dialog&quot; size=&quot;md&quot; index=&quot;0&quot; animate=&quot;animate&quot; ng-style=&quot;{'z-index': 1050 + $$topModalIndex*10, display: 'block'}&quot; tabindex=&quot;-1&quot; uib-modal-animation-class=&quot;fade&quot; modal-in-class=&quot;in&quot; modal-animation=&quot;true&quot; style=&quot;z-index: 1050; display: block;&quot;>...&lt;/div>
  (Session info: chrome=67.0.3396.62)
  (Driver info: chromedriver=2.35.528161 (5b82f2d2aae0ca24b877009200ced9065a772e73),platform=Windows NT 10.0.16299 x86_64) (WARNING: The server did not provide any stacktrace information)
Command duration or timeout: 0 milliseconds
Build info: version: '3.7.1', revision: '8a0099a', time: '2017-11-06T21:07:36.161Z'
System info: host: 'OPI-LT66', ip: '172.16.6.51', os.name: 'Windows 10', os.arch: 'amd64', os.version: '10.0', java.version: '1.8.0_102'
Driver info: com.kms.katalon.selenium.driver.CChromeDriver
Capabilities {acceptInsecureCerts: false, acceptSslCerts: false, applicationCacheEnabled: false, browserConnectionEnabled: false, browserName: chrome, chrome: {chromedriverVersion: 2.35.528161 (5b82f2d2aae0ca..., userDataDir: C:\Users\geetab\AppData\Loc...}, cssSelectorsEnabled: true, databaseEnabled: false, handlesAlerts: true, hasTouchScreen: false, javascriptEnabled: true, locationContextEnabled: true, mobileEmulationEnabled: false, nativeEvents: true, networkConnectionEnabled: false, pageLoadStrategy: normal, platform: XP, platformName: XP, rotatable: false, setWindowRect: true, takesHeapSnapshot: true, takesScreenshot: true, unexpectedAlertBehaviour: , unhandledPromptBehavior: , version: 67.0.3396.62, webStorageEnabled: true}
Session ID: 91f8e878c21cde90e20ee5f70337a4a7)"/>
         <system-out><![CDATA[2018-06-06 11:37:44 - [TEST_CASE][FAILED] - Test Cases/delete_site: Test Cases/delete_site FAILED because (of) Unable to click on object 'Object Repository/delete_site/Page_Sites and Bins - OPI Blue/a_Log out' (Root cause: org.openqa.selenium.WebDriverException: unknown error: Element <a id="navLogOut" ng-click="vm.logOut();" analytics-category="Navigation Menu" analytics-event="Menu Click" analytics-label="Log out">...</a> is not clickable at point (213, 100). Other element would receive the click: <div uib-modal-window="modal-window" class="modal fade ng-scope ng-isolate-scope in" role="dialog" size="md" index="0" animate="animate" ng-style="{'z-index': 1050 + $$topModalIndex*10, display: 'block'}" tabindex="-1" uib-modal-animation-class="fade" modal-in-class="in" modal-animation="true" style="z-index: 1050; display: block;">...</div>
  (Session info: chrome=67.0.3396.62)
  (Driver info: chromedriver=2.35.528161 (5b82f2d2aae0ca24b877009200ced9065a772e73),platform=Windows NT 10.0.16299 x86_64) (WARNING: The server did not provide any stacktrace information)
Command duration or timeout: 0 milliseconds
Build info: version: '3.7.1', revision: '8a0099a', time: '2017-11-06T21:07:36.161Z'
System info: host: 'OPI-LT66', ip: '172.16.6.51', os.name: 'Windows 10', os.arch: 'amd64', os.version: '10.0', java.version: '1.8.0_102'
Driver info: com.kms.katalon.selenium.driver.CChromeDriver
Capabilities {acceptInsecureCerts: false, acceptSslCerts: false, applicationCacheEnabled: false, browserConnectionEnabled: false, browserName: chrome, chrome: {chromedriverVersion: 2.35.528161 (5b82f2d2aae0ca..., userDataDir: C:\Users\geetab\AppData\Loc...}, cssSelectorsEnabled: true, databaseEnabled: false, handlesAlerts: true, hasTouchScreen: false, javascriptEnabled: true, locationContextEnabled: true, mobileEmulationEnabled: false, nativeEvents: true, networkConnectionEnabled: false, pageLoadStrategy: normal, platform: XP, platformName: XP, rotatable: false, setWindowRect: true, takesHeapSnapshot: true, takesScreenshot: true, unexpectedAlertBehaviour: , unhandledPromptBehavior: , version: 67.0.3396.62, webStorageEnabled: true}
Session ID: 91f8e878c21cde90e20ee5f70337a4a7)

2018-06-06 11:37:45 - [TEST_STEP][PASSED] - openBrowser: Browser is opened with url: ''

2018-06-06 11:37:50 - [MESSAGE][PASSED] - Browser is opened with url: ''

2018-06-06 11:37:50 - [TEST_STEP][PASSED] - navigateToUrl: Navigate to 'https://ra.managegrain.com/#/dashboard/userPreferences' successfully

2018-06-06 11:37:53 - [MESSAGE][PASSED] - Navigate to 'https://ra.managegrain.com/#/dashboard/userPreferences' successfully

2018-06-06 11:37:53 - [TEST_STEP][PASSED] - setText: Text 'opiopi20171+00028@gmail.com' is set on object 'Object Repository/delete_site/Page_OPI Blue/input_username'

2018-06-06 11:37:59 - [MESSAGE][PASSED] - Text 'opiopi20171+00028@gmail.com' is set on object 'Object Repository/delete_site/Page_OPI Blue/input_username'

2018-06-06 11:37:59 - [TEST_STEP][PASSED] - setText: Text 'gWF7Q4IlreZBZUpxglt7' is set on object 'Object Repository/delete_site/Page_OPI Blue/input_password'

2018-06-06 11:38:03 - [MESSAGE][PASSED] - Text 'gWF7Q4IlreZBZUpxglt7' is set on object 'Object Repository/delete_site/Page_OPI Blue/input_password'

2018-06-06 11:38:03 - [TEST_STEP][PASSED] - click: Object: 'Object Repository/delete_site/Page_OPI Blue/span_Log In' is clicked on

2018-06-06 11:38:06 - [MESSAGE][PASSED] - Object: 'Object Repository/delete_site/Page_OPI Blue/span_Log In' is clicked on

2018-06-06 11:38:06 - [TEST_STEP][PASSED] - click: Object: 'Object Repository/delete_site/Page_Sites and Bins - OPI Blue/span_Sites and Bins' is clicked on

2018-06-06 11:38:09 - [MESSAGE][PASSED] - Object: 'Object Repository/delete_site/Page_Sites and Bins - OPI Blue/span_Sites and Bins' is clicked on

2018-06-06 11:38:09 - [TEST_STEP][PASSED] - click: Object: 'Object Repository/delete_site/Page_Sites and Bins - OPI Blue/a_Sites' is clicked on

2018-06-06 11:38:11 - [MESSAGE][PASSED] - Object: 'Object Repository/delete_site/Page_Sites and Bins - OPI Blue/a_Sites' is clicked on

2018-06-06 11:38:11 - [TEST_STEP][PASSED] - click: Object: 'Object Repository/delete_site/Page_Sites and Bins - OPI Blue/button_Delete' is clicked on

2018-06-06 11:38:13 - [MESSAGE][PASSED] - Object: 'Object Repository/delete_site/Page_Sites and Bins - OPI Blue/button_Delete' is clicked on

2018-06-06 11:38:13 - [TEST_STEP][PASSED] - click: Object: 'Object Repository/delete_site/Page_Sites and Bins - OPI Blue/button_Delete' is clicked on

2018-06-06 11:38:15 - [MESSAGE][PASSED] - Object: 'Object Repository/delete_site/Page_Sites and Bins - OPI Blue/button_Delete' is clicked on

2018-06-06 11:38:15 - [TEST_STEP][PASSED] - waitForElementPresent: Object 'Object Repository/delete_site/Page_Sites and Bins - OPI Blue/a_Log out' is present

2018-06-06 11:38:16 - [MESSAGE][PASSED] - Object 'Object Repository/delete_site/Page_Sites and Bins - OPI Blue/a_Log out' is present

2018-06-06 11:38:16 - [TEST_STEP][PASSED] - waitForElementClickable: Object 'Object Repository/delete_site/Page_Sites and Bins - OPI Blue/a_Log out' is clickable

2018-06-06 11:38:18 - [MESSAGE][PASSED] - Object 'Object Repository/delete_site/Page_Sites and Bins - OPI Blue/a_Log out' is clickable

2018-06-06 11:38:18 - [TEST_STEP][FAILED] - click: Unable to click on object 'Object Repository/delete_site/Page_Sites and Bins - OPI Blue/a_Log out' (Root cause: org.openqa.selenium.WebDriverException: unknown error: Element <a id="navLogOut" ng-click="vm.logOut();" analytics-category="Navigation Menu" analytics-event="Menu Click" analytics-label="Log out">...</a> is not clickable at point (213, 100). Other element would receive the click: <div uib-modal-window="modal-window" class="modal fade ng-scope ng-isolate-scope in" role="dialog" size="md" index="0" animate="animate" ng-style="{'z-index': 1050 + $$topModalIndex*10, display: 'block'}" tabindex="-1" uib-modal-animation-class="fade" modal-in-class="in" modal-animation="true" style="z-index: 1050; display: block;">...</div>
  (Session info: chrome=67.0.3396.62)
  (Driver info: chromedriver=2.35.528161 (5b82f2d2aae0ca24b877009200ced9065a772e73),platform=Windows NT 10.0.16299 x86_64) (WARNING: The server did not provide any stacktrace information)
Command duration or timeout: 0 milliseconds
Build info: version: '3.7.1', revision: '8a0099a', time: '2017-11-06T21:07:36.161Z'
System info: host: 'OPI-LT66', ip: '172.16.6.51', os.name: 'Windows 10', os.arch: 'amd64', os.version: '10.0', java.version: '1.8.0_102'
Driver info: com.kms.katalon.selenium.driver.CChromeDriver
Capabilities {acceptInsecureCerts: false, acceptSslCerts: false, applicationCacheEnabled: false, browserConnectionEnabled: false, browserName: chrome, chrome: {chromedriverVersion: 2.35.528161 (5b82f2d2aae0ca..., userDataDir: C:\Users\geetab\AppData\Loc...}, cssSelectorsEnabled: true, databaseEnabled: false, handlesAlerts: true, hasTouchScreen: false, javascriptEnabled: true, locationContextEnabled: true, mobileEmulationEnabled: false, nativeEvents: true, networkConnectionEnabled: false, pageLoadStrategy: normal, platform: XP, platformName: XP, rotatable: false, setWindowRect: true, takesHeapSnapshot: true, takesScreenshot: true, unexpectedAlertBehaviour: , unhandledPromptBehavior: , version: 67.0.3396.62, webStorageEnabled: true}
Session ID: 91f8e878c21cde90e20ee5f70337a4a7)

2018-06-06 11:38:22 - [MESSAGE][FAILED] - Unable to click on object 'Object Repository/delete_site/Page_Sites and Bins - OPI Blue/a_Log out' (Root cause: org.openqa.selenium.WebDriverException: unknown error: Element <a id="navLogOut" ng-click="vm.logOut();" analytics-category="Navigation Menu" analytics-event="Menu Click" analytics-label="Log out">...</a> is not clickable at point (213, 100). Other element would receive the click: <div uib-modal-window="modal-window" class="modal fade ng-scope ng-isolate-scope in" role="dialog" size="md" index="0" animate="animate" ng-style="{'z-index': 1050 + $$topModalIndex*10, display: 'block'}" tabindex="-1" uib-modal-animation-class="fade" modal-in-class="in" modal-animation="true" style="z-index: 1050; display: block;">...</div>
  (Session info: chrome=67.0.3396.62)
  (Driver info: chromedriver=2.35.528161 (5b82f2d2aae0ca24b877009200ced9065a772e73),platform=Windows NT 10.0.16299 x86_64) (WARNING: The server did not provide any stacktrace information)
Command duration or timeout: 0 milliseconds
Build info: version: '3.7.1', revision: '8a0099a', time: '2017-11-06T21:07:36.161Z'
System info: host: 'OPI-LT66', ip: '172.16.6.51', os.name: 'Windows 10', os.arch: 'amd64', os.version: '10.0', java.version: '1.8.0_102'
Driver info: com.kms.katalon.selenium.driver.CChromeDriver
Capabilities {acceptInsecureCerts: false, acceptSslCerts: false, applicationCacheEnabled: false, browserConnectionEnabled: false, browserName: chrome, chrome: {chromedriverVersion: 2.35.528161 (5b82f2d2aae0ca..., userDataDir: C:\Users\geetab\AppData\Loc...}, cssSelectorsEnabled: true, databaseEnabled: false, handlesAlerts: true, hasTouchScreen: false, javascriptEnabled: true, locationContextEnabled: true, mobileEmulationEnabled: false, nativeEvents: true, networkConnectionEnabled: false, pageLoadStrategy: normal, platform: XP, platformName: XP, rotatable: false, setWindowRect: true, takesHeapSnapshot: true, takesScreenshot: true, unexpectedAlertBehaviour: , unhandledPromptBehavior: , version: 67.0.3396.62, webStorageEnabled: true}
Session ID: 91f8e878c21cde90e20ee5f70337a4a7)
[[ATTACHMENT|C:\\Users\\geetab\\Katalon Studio\\RA_opi_blue_cloud\\Reports\\removePlenum_removeFan_deleteBin_deleteSite_unmapNode_unregNode_unregGW\\20180606_113623\\1528306700916.png]]]]></system-out>
         <system-err><![CDATA[2018-06-06 11:37:44 - [TEST_CASE][FAILED] - Test Cases/delete_site: Test Cases/delete_site FAILED because (of) Unable to click on object 'Object Repository/delete_site/Page_Sites and Bins - OPI Blue/a_Log out' (Root cause: org.openqa.selenium.WebDriverException: unknown error: Element <a id="navLogOut" ng-click="vm.logOut();" analytics-category="Navigation Menu" analytics-event="Menu Click" analytics-label="Log out">...</a> is not clickable at point (213, 100). Other element would receive the click: <div uib-modal-window="modal-window" class="modal fade ng-scope ng-isolate-scope in" role="dialog" size="md" index="0" animate="animate" ng-style="{'z-index': 1050 + $$topModalIndex*10, display: 'block'}" tabindex="-1" uib-modal-animation-class="fade" modal-in-class="in" modal-animation="true" style="z-index: 1050; display: block;">...</div>
  (Session info: chrome=67.0.3396.62)
  (Driver info: chromedriver=2.35.528161 (5b82f2d2aae0ca24b877009200ced9065a772e73),platform=Windows NT 10.0.16299 x86_64) (WARNING: The server did not provide any stacktrace information)
Command duration or timeout: 0 milliseconds
Build info: version: '3.7.1', revision: '8a0099a', time: '2017-11-06T21:07:36.161Z'
System info: host: 'OPI-LT66', ip: '172.16.6.51', os.name: 'Windows 10', os.arch: 'amd64', os.version: '10.0', java.version: '1.8.0_102'
Driver info: com.kms.katalon.selenium.driver.CChromeDriver
Capabilities {acceptInsecureCerts: false, acceptSslCerts: false, applicationCacheEnabled: false, browserConnectionEnabled: false, browserName: chrome, chrome: {chromedriverVersion: 2.35.528161 (5b82f2d2aae0ca..., userDataDir: C:\Users\geetab\AppData\Loc...}, cssSelectorsEnabled: true, databaseEnabled: false, handlesAlerts: true, hasTouchScreen: false, javascriptEnabled: true, locationContextEnabled: true, mobileEmulationEnabled: false, nativeEvents: true, networkConnectionEnabled: false, pageLoadStrategy: normal, platform: XP, platformName: XP, rotatable: false, setWindowRect: true, takesHeapSnapshot: true, takesScreenshot: true, unexpectedAlertBehaviour: , unhandledPromptBehavior: , version: 67.0.3396.62, webStorageEnabled: true}
Session ID: 91f8e878c21cde90e20ee5f70337a4a7)]]></system-err>
      </testcase>
      <testcase name="Test Cases/unmap_node" classname="Test Cases/unmap_node" status="PASSED">
         <system-out><![CDATA[2018-06-06 11:38:24 - [TEST_CASE][PASSED] - Test Cases/unmap_node: Test Cases/unmap_node

2018-06-06 11:38:24 - [TEST_STEP][PASSED] - openBrowser: Browser is opened with url: ''

2018-06-06 11:38:24 - [MESSAGE][WARNING] - A browser is already opened. Closing browser and opening a new one

2018-06-06 11:38:31 - [MESSAGE][PASSED] - Browser is opened with url: ''

2018-06-06 11:38:31 - [TEST_STEP][PASSED] - navigateToUrl: Navigate to 'https://ra.managegrain.com/#/dashboard/userPreferences' successfully

2018-06-06 11:38:34 - [MESSAGE][PASSED] - Navigate to 'https://ra.managegrain.com/#/dashboard/userPreferences' successfully

2018-06-06 11:38:34 - [TEST_STEP][PASSED] - setText: Text 'opiopi20171+00028@gmail.com' is set on object 'Object Repository/unmap_node/Page_OPI Blue/input_username'

2018-06-06 11:38:49 - [MESSAGE][PASSED] - Text 'opiopi20171+00028@gmail.com' is set on object 'Object Repository/unmap_node/Page_OPI Blue/input_username'

2018-06-06 11:38:49 - [TEST_STEP][PASSED] - setText: Text 'gWF7Q4IlreZBZUpxglt7' is set on object 'Object Repository/unmap_node/Page_OPI Blue/input_password'

2018-06-06 11:38:53 - [MESSAGE][PASSED] - Text 'gWF7Q4IlreZBZUpxglt7' is set on object 'Object Repository/unmap_node/Page_OPI Blue/input_password'

2018-06-06 11:38:53 - [TEST_STEP][PASSED] - click: Object: 'Object Repository/unmap_node/Page_OPI Blue/span_Log In' is clicked on

2018-06-06 11:38:57 - [MESSAGE][PASSED] - Object: 'Object Repository/unmap_node/Page_OPI Blue/span_Log In' is clicked on

2018-06-06 11:38:57 - [TEST_STEP][PASSED] - click: Object: 'Object Repository/unmap_node/Page_Dashboard - OPI Blue/span_Gateways and Nodes' is clicked on

2018-06-06 11:39:00 - [MESSAGE][PASSED] - Object: 'Object Repository/unmap_node/Page_Dashboard - OPI Blue/span_Gateways and Nodes' is clicked on

2018-06-06 11:39:00 - [TEST_STEP][PASSED] - click: Object: 'Object Repository/unmap_node/Page_Gateways and Nodes - OPI Blue/a_Nodes' is clicked on

2018-06-06 11:39:02 - [MESSAGE][PASSED] - Object: 'Object Repository/unmap_node/Page_Gateways and Nodes - OPI Blue/a_Nodes' is clicked on

2018-06-06 11:39:02 - [TEST_STEP][PASSED] - click: Object: 'Object Repository/unmap_node/Page_Gateways and Nodes - OPI Blue/button_Unmap' is clicked on

2018-06-06 11:39:04 - [MESSAGE][PASSED] - Object: 'Object Repository/unmap_node/Page_Gateways and Nodes - OPI Blue/button_Unmap' is clicked on

2018-06-06 11:39:04 - [TEST_STEP][PASSED] - waitForElementPresent: Object 'Object Repository/unmap_node/Page_Gateways and Nodes - OPI Blue/a_Log out' is present

2018-06-06 11:39:05 - [MESSAGE][PASSED] - Object 'Object Repository/unmap_node/Page_Gateways and Nodes - OPI Blue/a_Log out' is present

2018-06-06 11:39:05 - [TEST_STEP][PASSED] - waitForElementClickable: Object 'Object Repository/unmap_node/Page_Gateways and Nodes - OPI Blue/a_Log out' is clickable

2018-06-06 11:39:07 - [MESSAGE][PASSED] - Object 'Object Repository/unmap_node/Page_Gateways and Nodes - OPI Blue/a_Log out' is clickable

2018-06-06 11:39:07 - [TEST_STEP][PASSED] - click: Object: 'Object Repository/unmap_node/Page_Gateways and Nodes - OPI Blue/a_Log out' is clicked on

2018-06-06 11:39:10 - [MESSAGE][PASSED] - Object: 'Object Repository/unmap_node/Page_Gateways and Nodes - OPI Blue/a_Log out' is clicked on

2018-06-06 11:39:10 - [TEST_STEP][PASSED] - closeBrowser: Browser is closed

2018-06-06 11:39:12 - [MESSAGE][PASSED] - Browser is closed]]></system-out>
         <system-err><![CDATA[]]></system-err>
      </testcase>
      <testcase name="Test Cases/unregister_node" classname="Test Cases/unregister_node" status="PASSED">
         <system-out><![CDATA[2018-06-06 11:39:14 - [TEST_CASE][PASSED] - Test Cases/unregister_node: Test Cases/unregister_node

2018-06-06 11:39:14 - [TEST_STEP][PASSED] - openBrowser: Browser is opened with url: ''

2018-06-06 11:39:19 - [MESSAGE][PASSED] - Browser is opened with url: ''

2018-06-06 11:39:19 - [TEST_STEP][PASSED] - navigateToUrl: Navigate to 'https://ra.managegrain.com/#/dashboard/userPreferences' successfully

2018-06-06 11:39:23 - [MESSAGE][PASSED] - Navigate to 'https://ra.managegrain.com/#/dashboard/userPreferences' successfully

2018-06-06 11:39:23 - [TEST_STEP][PASSED] - setText: Text 'opiopi20171+00028@gmail.com' is set on object 'Object Repository/unregister_node/Page_OPI Blue/input_username'

2018-06-06 11:39:29 - [MESSAGE][PASSED] - Text 'opiopi20171+00028@gmail.com' is set on object 'Object Repository/unregister_node/Page_OPI Blue/input_username'

2018-06-06 11:39:29 - [TEST_STEP][PASSED] - setText: Text 'gWF7Q4IlreZBZUpxglt7' is set on object 'Object Repository/unregister_node/Page_OPI Blue/input_password'

2018-06-06 11:39:33 - [MESSAGE][PASSED] - Text 'gWF7Q4IlreZBZUpxglt7' is set on object 'Object Repository/unregister_node/Page_OPI Blue/input_password'

2018-06-06 11:39:33 - [TEST_STEP][PASSED] - click: Object: 'Object Repository/unregister_node/Page_OPI Blue/span_Log In' is clicked on

2018-06-06 11:39:36 - [MESSAGE][PASSED] - Object: 'Object Repository/unregister_node/Page_OPI Blue/span_Log In' is clicked on

2018-06-06 11:39:36 - [TEST_STEP][PASSED] - click: Object: 'Object Repository/unregister_node/Page_Dashboard - OPI Blue/span_Gateways and Nodes' is clicked on

2018-06-06 11:39:39 - [MESSAGE][PASSED] - Object: 'Object Repository/unregister_node/Page_Dashboard - OPI Blue/span_Gateways and Nodes' is clicked on

2018-06-06 11:39:39 - [TEST_STEP][PASSED] - click: Object: 'Object Repository/unregister_node/Page_Gateways and Nodes - OPI Blue/a_Nodes' is clicked on

2018-06-06 11:39:41 - [MESSAGE][PASSED] - Object: 'Object Repository/unregister_node/Page_Gateways and Nodes - OPI Blue/a_Nodes' is clicked on

2018-06-06 11:39:41 - [TEST_STEP][PASSED] - click: Object: 'Object Repository/unregister_node/Page_Gateways and Nodes - OPI Blue/button_Unregister' is clicked on

2018-06-06 11:39:43 - [MESSAGE][PASSED] - Object: 'Object Repository/unregister_node/Page_Gateways and Nodes - OPI Blue/button_Unregister' is clicked on

2018-06-06 11:39:43 - [TEST_STEP][PASSED] - click: Object: 'Object Repository/unregister_node/Page_Gateways and Nodes - OPI Blue/button_Unregister_1' is clicked on

2018-06-06 11:39:45 - [MESSAGE][PASSED] - Object: 'Object Repository/unregister_node/Page_Gateways and Nodes - OPI Blue/button_Unregister_1' is clicked on

2018-06-06 11:39:45 - [TEST_STEP][PASSED] - click: Object: 'Object Repository/unregister_node/Page_Gateways and Nodes - OPI Blue/button_Close                 R' is clicked on

2018-06-06 11:39:47 - [MESSAGE][PASSED] - Object: 'Object Repository/unregister_node/Page_Gateways and Nodes - OPI Blue/button_Close                 R' is clicked on

2018-06-06 11:39:47 - [TEST_STEP][PASSED] - waitForElementPresent: Object 'Object Repository/unregister_node/Page_Gateways and Nodes - OPI Blue/a_Log out' is present

2018-06-06 11:39:49 - [MESSAGE][PASSED] - Object 'Object Repository/unregister_node/Page_Gateways and Nodes - OPI Blue/a_Log out' is present

2018-06-06 11:39:49 - [TEST_STEP][PASSED] - waitForElementClickable: Object 'Object Repository/unregister_node/Page_Gateways and Nodes - OPI Blue/a_Log out' is clickable

2018-06-06 11:39:51 - [MESSAGE][PASSED] - Object 'Object Repository/unregister_node/Page_Gateways and Nodes - OPI Blue/a_Log out' is clickable

2018-06-06 11:39:51 - [TEST_STEP][PASSED] - click: Object: 'Object Repository/unregister_node/Page_Gateways and Nodes - OPI Blue/a_Log out' is clicked on

2018-06-06 11:39:53 - [MESSAGE][PASSED] - Object: 'Object Repository/unregister_node/Page_Gateways and Nodes - OPI Blue/a_Log out' is clicked on

2018-06-06 11:39:53 - [TEST_STEP][PASSED] - closeBrowser: Browser is closed

2018-06-06 11:39:55 - [MESSAGE][PASSED] - Browser is closed]]></system-out>
         <system-err><![CDATA[]]></system-err>
      </testcase>
      <testcase name="Test Cases/unregister_gateway" classname="Test Cases/unregister_gateway" status="PASSED">
         <system-out><![CDATA[2018-06-06 11:39:57 - [TEST_CASE][PASSED] - Test Cases/unregister_gateway: Test Cases/unregister_gateway

2018-06-06 11:39:58 - [TEST_STEP][PASSED] - openBrowser: Browser is opened with url: ''

2018-06-06 11:40:03 - [MESSAGE][PASSED] - Browser is opened with url: ''

2018-06-06 11:40:03 - [TEST_STEP][PASSED] - navigateToUrl: Navigate to 'https://ra.managegrain.com/#/dashboard/userPreferences' successfully

2018-06-06 11:40:06 - [MESSAGE][PASSED] - Navigate to 'https://ra.managegrain.com/#/dashboard/userPreferences' successfully

2018-06-06 11:40:06 - [TEST_STEP][PASSED] - setText: Text 'opiopi20171+00028@gmail.com' is set on object 'Object Repository/unregister_gateway/Page_OPI Blue/input_username'

2018-06-06 11:40:12 - [MESSAGE][PASSED] - Text 'opiopi20171+00028@gmail.com' is set on object 'Object Repository/unregister_gateway/Page_OPI Blue/input_username'

2018-06-06 11:40:12 - [TEST_STEP][PASSED] - setText: Text 'gWF7Q4IlreZBZUpxglt7' is set on object 'Object Repository/unregister_gateway/Page_OPI Blue/input_password'

2018-06-06 11:40:16 - [MESSAGE][PASSED] - Text 'gWF7Q4IlreZBZUpxglt7' is set on object 'Object Repository/unregister_gateway/Page_OPI Blue/input_password'

2018-06-06 11:40:16 - [TEST_STEP][PASSED] - click: Object: 'Object Repository/unregister_gateway/Page_OPI Blue/span_Log In' is clicked on

2018-06-06 11:40:20 - [MESSAGE][PASSED] - Object: 'Object Repository/unregister_gateway/Page_OPI Blue/span_Log In' is clicked on

2018-06-06 11:40:20 - [TEST_STEP][PASSED] - click: Object: 'Object Repository/unregister_gateway/Page_Dashboard - OPI Blue/span_Gateways and Nodes' is clicked on

2018-06-06 11:40:22 - [MESSAGE][PASSED] - Object: 'Object Repository/unregister_gateway/Page_Dashboard - OPI Blue/span_Gateways and Nodes' is clicked on

2018-06-06 11:40:22 - [TEST_STEP][PASSED] - click: Object: 'Object Repository/unregister_gateway/Page_Gateways and Nodes - OPI Blue/button_Unregister' is clicked on

2018-06-06 11:40:24 - [MESSAGE][PASSED] - Object: 'Object Repository/unregister_gateway/Page_Gateways and Nodes - OPI Blue/button_Unregister' is clicked on

2018-06-06 11:40:24 - [TEST_STEP][PASSED] - click: Object: 'Object Repository/unregister_gateway/Page_Gateways and Nodes - OPI Blue/button_Unregister_1' is clicked on

2018-06-06 11:40:26 - [MESSAGE][PASSED] - Object: 'Object Repository/unregister_gateway/Page_Gateways and Nodes - OPI Blue/button_Unregister_1' is clicked on

2018-06-06 11:40:26 - [TEST_STEP][PASSED] - waitForElementPresent: Object 'Object Repository/unregister_gateway/Page_Gateways and Nodes - OPI Blue/a_Log out' is present

2018-06-06 11:40:27 - [MESSAGE][PASSED] - Object 'Object Repository/unregister_gateway/Page_Gateways and Nodes - OPI Blue/a_Log out' is present

2018-06-06 11:40:27 - [TEST_STEP][PASSED] - waitForElementClickable: Object 'Object Repository/unregister_gateway/Page_Gateways and Nodes - OPI Blue/a_Log out' is clickable

2018-06-06 11:40:29 - [MESSAGE][PASSED] - Object 'Object Repository/unregister_gateway/Page_Gateways and Nodes - OPI Blue/a_Log out' is clickable

2018-06-06 11:40:29 - [TEST_STEP][PASSED] - click: Object: 'Object Repository/unregister_gateway/Page_Gateways and Nodes - OPI Blue/a_Log out' is clicked on

2018-06-06 11:40:32 - [MESSAGE][PASSED] - Object: 'Object Repository/unregister_gateway/Page_Gateways and Nodes - OPI Blue/a_Log out' is clicked on

2018-06-06 11:40:32 - [TEST_STEP][PASSED] - closeBrowser: Browser is closed

2018-06-06 11:40:34 - [MESSAGE][PASSED] - Browser is closed]]></system-out>
         <system-err><![CDATA[]]></system-err>
      </testcase>
      <system-out><![CDATA[2018-06-06 11:36:25 - [TEST_SUITE][FAILED] - removePlenum_removeFan_deleteBin_deleteSite_unmapNode_unregNode_unregGW: Test Cases/delete_site FAILED because (of) Unable to click on object 'Object Repository/delete_site/Page_Sites and Bins - OPI Blue/a_Log out' (Root cause: org.openqa.selenium.WebDriverException: unknown error: Element <a id="navLogOut" ng-click="vm.logOut();" analytics-category="Navigation Menu" analytics-event="Menu Click" analytics-label="Log out">...</a> is not clickable at point (213, 100). Other element would receive the click: <div uib-modal-window="modal-window" class="modal fade ng-scope ng-isolate-scope in" role="dialog" size="md" index="0" animate="animate" ng-style="{'z-index': 1050 + $$topModalIndex*10, display: 'block'}" tabindex="-1" uib-modal-animation-class="fade" modal-in-class="in" modal-animation="true" style="z-index: 1050; display: block;">...</div>
  (Session info: chrome=67.0.3396.62)
  (Driver info: chromedriver=2.35.528161 (5b82f2d2aae0ca24b877009200ced9065a772e73),platform=Windows NT 10.0.16299 x86_64) (WARNING: The server did not provide any stacktrace information)
Command duration or timeout: 0 milliseconds
Build info: version: '3.7.1', revision: '8a0099a', time: '2017-11-06T21:07:36.161Z'
System info: host: 'OPI-LT66', ip: '172.16.6.51', os.name: 'Windows 10', os.arch: 'amd64', os.version: '10.0', java.version: '1.8.0_102'
Driver info: com.kms.katalon.selenium.driver.CChromeDriver
Capabilities {acceptInsecureCerts: false, acceptSslCerts: false, applicationCacheEnabled: false, browserConnectionEnabled: false, browserName: chrome, chrome: {chromedriverVersion: 2.35.528161 (5b82f2d2aae0ca..., userDataDir: C:\Users\geetab\AppData\Loc...}, cssSelectorsEnabled: true, databaseEnabled: false, handlesAlerts: true, hasTouchScreen: false, javascriptEnabled: true, locationContextEnabled: true, mobileEmulationEnabled: false, nativeEvents: true, networkConnectionEnabled: false, pageLoadStrategy: normal, platform: XP, platformName: XP, rotatable: false, setWindowRect: true, takesHeapSnapshot: true, takesScreenshot: true, unexpectedAlertBehaviour: , unhandledPromptBehavior: , version: 67.0.3396.62, webStorageEnabled: true}
Session ID: 91f8e878c21cde90e20ee5f70337a4a7)]]></system-out>
      <system-err><![CDATA[2018-06-06 11:36:25 - [TEST_SUITE][FAILED] - removePlenum_removeFan_deleteBin_deleteSite_unmapNode_unregNode_unregGW: Test Cases/delete_site FAILED because (of) Unable to click on object 'Object Repository/delete_site/Page_Sites and Bins - OPI Blue/a_Log out' (Root cause: org.openqa.selenium.WebDriverException: unknown error: Element <a id="navLogOut" ng-click="vm.logOut();" analytics-category="Navigation Menu" analytics-event="Menu Click" analytics-label="Log out">...</a> is not clickable at point (213, 100). Other element would receive the click: <div uib-modal-window="modal-window" class="modal fade ng-scope ng-isolate-scope in" role="dialog" size="md" index="0" animate="animate" ng-style="{'z-index': 1050 + $$topModalIndex*10, display: 'block'}" tabindex="-1" uib-modal-animation-class="fade" modal-in-class="in" modal-animation="true" style="z-index: 1050; display: block;">...</div>
  (Session info: chrome=67.0.3396.62)
  (Driver info: chromedriver=2.35.528161 (5b82f2d2aae0ca24b877009200ced9065a772e73),platform=Windows NT 10.0.16299 x86_64) (WARNING: The server did not provide any stacktrace information)
Command duration or timeout: 0 milliseconds
Build info: version: '3.7.1', revision: '8a0099a', time: '2017-11-06T21:07:36.161Z'
System info: host: 'OPI-LT66', ip: '172.16.6.51', os.name: 'Windows 10', os.arch: 'amd64', os.version: '10.0', java.version: '1.8.0_102'
Driver info: com.kms.katalon.selenium.driver.CChromeDriver
Capabilities {acceptInsecureCerts: false, acceptSslCerts: false, applicationCacheEnabled: false, browserConnectionEnabled: false, browserName: chrome, chrome: {chromedriverVersion: 2.35.528161 (5b82f2d2aae0ca..., userDataDir: C:\Users\geetab\AppData\Loc...}, cssSelectorsEnabled: true, databaseEnabled: false, handlesAlerts: true, hasTouchScreen: false, javascriptEnabled: true, locationContextEnabled: true, mobileEmulationEnabled: false, nativeEvents: true, networkConnectionEnabled: false, pageLoadStrategy: normal, platform: XP, platformName: XP, rotatable: false, setWindowRect: true, takesHeapSnapshot: true, takesScreenshot: true, unexpectedAlertBehaviour: , unhandledPromptBehavior: , version: 67.0.3396.62, webStorageEnabled: true}
Session ID: 91f8e878c21cde90e20ee5f70337a4a7)]]></system-err>
   </testsuite>
</testsuites>
