<?xml version="1.0" encoding="UTF-8"?>
<testsuites name="multiple_login" time="54" tests="2" failures="0" errors="0">
   <testsuite name="multiple_login" tests="2" failures="0" errors="0" time="54" timestamp="2018-06-13 08:55:59" hostname="geetab - OPI-LT66.opisystems.local" id="Test Suites/multiple_login">
      <properties>
         <property name="deviceName" value=""/>
         <property name="devicePlatform" value=""/>
         <property name="logFolder" value="C:\\Users\\geetab\\Katalon Studio\\RA_opi_blue_cloud\\Reports\\multiple_login\\20180613_085557"/>
         <property name="logFiles" value="C:\\Users\\geetab\\Katalon Studio\\RA_opi_blue_cloud\\Reports\\multiple_login\\20180613_085557\\execution0.log"/>
         <property name="attachments" value=""/>
         <property name="hostName" value="geetab - OPI-LT66.opisystems.local"/>
         <property name="os" value="Windows 10 64bit"/>
         <property name="katalonVersion" value="5.4.2.1"/>
         <property name="browser" value="Chrome 67.0.3396.79"/>
         <property name="hostAddress" value="172.16.6.51"/>
         <property name="sessionId" value="097437c54c02538822ebd6642bfd0433"/>
         <property name="seleniumVersion" value="3.7.1"/>
         <property name="proxyInformation" value="ProxyInformation{proxyOption=NO_PROXY, proxyServerType=HTTP, password=, proxyServerAddress=, proxyServerPort=0}"/>
         <property name="platform" value="Windows 10"/>
      </properties>
      <testcase name="Test Cases/valid_login" classname="Test Cases/valid_login" status="PASSED">
         <system-out><![CDATA[2018-06-13 08:56:00 - [TEST_CASE][PASSED] - Test Cases/valid_login: Test Cases/valid_login

2018-06-13 08:56:01 - [TEST_STEP][PASSED] - openBrowser: Browser is opened with url: ''

2018-06-13 08:56:08 - [MESSAGE][PASSED] - Browser is opened with url: ''

2018-06-13 08:56:08 - [TEST_STEP][PASSED] - navigateToUrl: Navigate to 'https://ra.managegrain.com/#/dashboard/userPreferences' successfully

2018-06-13 08:56:12 - [MESSAGE][PASSED] - Navigate to 'https://ra.managegrain.com/#/dashboard/userPreferences' successfully

2018-06-13 08:56:12 - [TEST_STEP][PASSED] - Statement - title = com.kms.katalon.core.webui.keyword.WebUiBuiltInKeywords.getWindowTitle(): Current window's title is: 'Preferences - OPI Blue'

2018-06-13 08:56:13 - [MESSAGE][PASSED] - Current window's title is: 'Preferences - OPI Blue'

2018-06-13 08:56:13 - [TEST_STEP][PASSED] - setText: Text 'opiopi20171+00028@gmail.com' is set on object 'Object Repository/valid_login/Page_OPI Blue/input_username'

2018-06-13 08:56:17 - [MESSAGE][PASSED] - Text 'opiopi20171+00028@gmail.com' is set on object 'Object Repository/valid_login/Page_OPI Blue/input_username'

2018-06-13 08:56:17 - [TEST_STEP][PASSED] - setText: Text 'gWF7Q4IlreZBZUpxglt7' is set on object 'Object Repository/valid_login/Page_OPI Blue/input_password'

2018-06-13 08:56:22 - [MESSAGE][PASSED] - Text 'gWF7Q4IlreZBZUpxglt7' is set on object 'Object Repository/valid_login/Page_OPI Blue/input_password'

2018-06-13 08:56:22 - [TEST_STEP][PASSED] - click: Object: 'Object Repository/valid_login/Page_OPI Blue/span_Log In' is clicked on

2018-06-13 08:56:25 - [MESSAGE][PASSED] - Object: 'Object Repository/valid_login/Page_OPI Blue/span_Log In' is clicked on

2018-06-13 08:56:25 - [TEST_STEP][PASSED] - closeBrowser: Browser is closed

2018-06-13 08:56:27 - [MESSAGE][PASSED] - Browser is closed]]></system-out>
         <system-err><![CDATA[]]></system-err>
      </testcase>
      <testcase name="Test Cases/valid_login" classname="Test Cases/valid_login" status="PASSED">
         <system-out><![CDATA[2018-06-13 08:56:29 - [TEST_CASE][PASSED] - Test Cases/valid_login: Test Cases/valid_login

2018-06-13 08:56:29 - [TEST_STEP][PASSED] - openBrowser: Browser is opened with url: ''

2018-06-13 08:56:34 - [MESSAGE][PASSED] - Browser is opened with url: ''

2018-06-13 08:56:34 - [TEST_STEP][PASSED] - navigateToUrl: Navigate to 'https://ra.managegrain.com/#/dashboard/userPreferences' successfully

2018-06-13 08:56:38 - [MESSAGE][PASSED] - Navigate to 'https://ra.managegrain.com/#/dashboard/userPreferences' successfully

2018-06-13 08:56:38 - [TEST_STEP][PASSED] - Statement - title = com.kms.katalon.core.webui.keyword.WebUiBuiltInKeywords.getWindowTitle(): Current window's title is: 'Preferences - OPI Blue'

2018-06-13 08:56:39 - [MESSAGE][PASSED] - Current window's title is: 'Preferences - OPI Blue'

2018-06-13 08:56:39 - [TEST_STEP][PASSED] - setText: Text 'geetab@opisystems.com' is set on object 'Object Repository/valid_login/Page_OPI Blue/input_username'

2018-06-13 08:56:43 - [MESSAGE][PASSED] - Text 'geetab@opisystems.com' is set on object 'Object Repository/valid_login/Page_OPI Blue/input_username'

2018-06-13 08:56:43 - [TEST_STEP][PASSED] - setText: Text 'sfjsaldkfj' is set on object 'Object Repository/valid_login/Page_OPI Blue/input_password'

2018-06-13 08:56:48 - [MESSAGE][PASSED] - Text 'sfjsaldkfj' is set on object 'Object Repository/valid_login/Page_OPI Blue/input_password'

2018-06-13 08:56:48 - [TEST_STEP][PASSED] - click: Object: 'Object Repository/valid_login/Page_OPI Blue/span_Log In' is clicked on

2018-06-13 08:56:50 - [MESSAGE][PASSED] - Object: 'Object Repository/valid_login/Page_OPI Blue/span_Log In' is clicked on

2018-06-13 08:56:50 - [TEST_STEP][PASSED] - closeBrowser: Browser is closed

2018-06-13 08:56:52 - [MESSAGE][PASSED] - Browser is closed]]></system-out>
         <system-err><![CDATA[]]></system-err>
      </testcase>
      <system-out><![CDATA[2018-06-13 08:55:59 - [TEST_SUITE][PASSED] - multiple_login: Test Cases/valid_login]]></system-out>
      <system-err><![CDATA[]]></system-err>
   </testsuite>
</testsuites>
