<?xml version="1.0" encoding="UTF-8"?>
<testsuites name="regGW_regNode_mapNode_createSite_createBin" time="203" tests="2" failures="1" errors="0">
   <testsuite name="regGW_regNode_mapNode_createSite_createBin" tests="2" failures="1" errors="0" time="203" timestamp="2018-06-07 08:50:08" hostname="geetab - OPI-LT66.opisystems.local" id="Test Suites/regGW_regNode_mapNode_createSite_createBin">
      <properties>
         <property name="deviceName" value=""/>
         <property name="devicePlatform" value=""/>
         <property name="logFolder" value="C:\\Users\\geetab\\Katalon Studio\\RA_opi_blue_cloud\\Reports\\regGW_regNode_mapNode_createSite_createBin\\20180607_085006"/>
         <property name="logFiles" value="C:\\Users\\geetab\\Katalon Studio\\RA_opi_blue_cloud\\Reports\\regGW_regNode_mapNode_createSite_createBin\\20180607_085006\\execution0.log"/>
         <property name="attachments" value="C:\\Users\\geetab\\Katalon Studio\\RA_opi_blue_cloud\\Reports\\regGW_regNode_mapNode_createSite_createBin\\20180607_085006\\1528383206515.png"/>
         <property name="hostName" value="geetab - OPI-LT66.opisystems.local"/>
         <property name="os" value="Windows 10 64bit"/>
         <property name="katalonVersion" value="5.4.2.1"/>
         <property name="browser" value="Chrome 67.0.3396.62"/>
         <property name="hostAddress" value="172.16.6.51"/>
         <property name="sessionId" value="6b9abd58c1a0cf8a9c8adf97a7de1c10"/>
         <property name="seleniumVersion" value="3.7.1"/>
         <property name="proxyInformation" value="ProxyInformation{proxyOption=NO_PROXY, proxyServerType=HTTP, password=, proxyServerAddress=, proxyServerPort=0}"/>
         <property name="platform" value="Windows 10"/>
      </properties>
      <testcase name="Test Cases/create_second_bin_with_cables_single_site_without_ws_fan_plenum - Copy" classname="Test Cases/create_second_bin_with_cables_single_site_without_ws_fan_plenum - Copy" status="PASSED">
         <system-out><![CDATA[2018-06-07 08:50:08 - [TEST_CASE][PASSED] - Test Cases/create_second_bin_with_cables_single_site_without_ws_fan_plenum - Copy: Test Cases/create_second_bin_with_cables_single_site_without_ws_fan_plenum - Copy

2018-06-07 08:50:09 - [TEST_STEP][PASSED] - openBrowser: Browser is opened with url: ''

2018-06-07 08:50:18 - [MESSAGE][PASSED] - Browser is opened with url: ''

2018-06-07 08:50:18 - [TEST_STEP][PASSED] - navigateToUrl: Navigate to 'https://ra.managegrain.com/#/dashboard/userPreferences' successfully

2018-06-07 08:50:21 - [MESSAGE][PASSED] - Navigate to 'https://ra.managegrain.com/#/dashboard/userPreferences' successfully

2018-06-07 08:50:21 - [TEST_STEP][PASSED] - setText: Text 'opiopi20171+00028@gmail.com' is set on object 'Object Repository/create_bin/Page_OPI Blue/input_username'

2018-06-07 08:50:27 - [MESSAGE][PASSED] - Text 'opiopi20171+00028@gmail.com' is set on object 'Object Repository/create_bin/Page_OPI Blue/input_username'

2018-06-07 08:50:27 - [TEST_STEP][PASSED] - setEncryptedText: Text ****** has been set on object 'Object Repository/create_bin/Page_OPI Blue/input_password'

2018-06-07 08:50:31 - [MESSAGE][PASSED] - Text ****** has been set on object 'Object Repository/create_bin/Page_OPI Blue/input_password'

2018-06-07 08:50:31 - [TEST_STEP][PASSED] - click: Object: 'Object Repository/create_bin/Page_OPI Blue/button_Log In' is clicked on

2018-06-07 08:50:35 - [MESSAGE][PASSED] - Object: 'Object Repository/create_bin/Page_OPI Blue/button_Log In' is clicked on

2018-06-07 08:50:35 - [TEST_STEP][PASSED] - click: Object: 'Object Repository/create_bin/Page_Dashboard - OPI Blue/span_Sites and Bins' is clicked on

2018-06-07 08:50:37 - [MESSAGE][PASSED] - Object: 'Object Repository/create_bin/Page_Dashboard - OPI Blue/span_Sites and Bins' is clicked on

2018-06-07 08:50:37 - [TEST_STEP][PASSED] - click: Object: 'Object Repository/create_bin/Page_Sites and Bins - OPI Blue/a_Bins' is clicked on

2018-06-07 08:50:39 - [MESSAGE][PASSED] - Object: 'Object Repository/create_bin/Page_Sites and Bins - OPI Blue/a_Bins' is clicked on

2018-06-07 08:50:39 - [TEST_STEP][PASSED] - click: Object: 'Object Repository/create_bin/Page_Sites and Bins - OPI Blue/button_Create a Bin' is clicked on

2018-06-07 08:50:41 - [MESSAGE][PASSED] - Object: 'Object Repository/create_bin/Page_Sites and Bins - OPI Blue/button_Create a Bin' is clicked on

2018-06-07 08:50:41 - [TEST_STEP][PASSED] - setText: Text 'Bin-1' is set on object 'Object Repository/create_bin/Page_Sites and Bins - OPI Blue/input_name'

2018-06-07 08:50:46 - [MESSAGE][PASSED] - Text 'Bin-1' is set on object 'Object Repository/create_bin/Page_Sites and Bins - OPI Blue/input_name'

2018-06-07 08:50:46 - [TEST_STEP][PASSED] - click: Object: 'Object Repository/create_bin/Page_Sites and Bins - OPI Blue/button_Continue' is clicked on

2018-06-07 08:50:48 - [MESSAGE][PASSED] - Object: 'Object Repository/create_bin/Page_Sites and Bins - OPI Blue/button_Continue' is clicked on

2018-06-07 08:50:48 - [TEST_STEP][PASSED] - waitForElementPresent: Object 'Object Repository/create_bin/Page_Sites and Bins - OPI Blue/b_1' is present

2018-06-07 08:50:49 - [MESSAGE][PASSED] - Object 'Object Repository/create_bin/Page_Sites and Bins - OPI Blue/b_1' is present

2018-06-07 08:50:49 - [TEST_STEP][PASSED] - waitForElementClickable: Object 'Object Repository/create_bin/Page_Sites and Bins - OPI Blue/b_1' is clickable

2018-06-07 08:50:51 - [MESSAGE][PASSED] - Object 'Object Repository/create_bin/Page_Sites and Bins - OPI Blue/b_1' is clickable

2018-06-07 08:50:51 - [TEST_STEP][PASSED] - click: Object: 'Object Repository/create_bin/Page_Sites and Bins - OPI Blue/b_1' is clicked on

2018-06-07 08:50:54 - [MESSAGE][PASSED] - Object: 'Object Repository/create_bin/Page_Sites and Bins - OPI Blue/b_1' is clicked on

2018-06-07 08:50:54 - [TEST_STEP][PASSED] - click: Object: 'Object Repository/create_bin/Page_Sites and Bins - OPI Blue/div_919' is clicked on

2018-06-07 08:50:56 - [MESSAGE][PASSED] - Object: 'Object Repository/create_bin/Page_Sites and Bins - OPI Blue/div_919' is clicked on

2018-06-07 08:50:56 - [TEST_STEP][PASSED] - click: Object: 'Object Repository/create_bin/Page_Sites and Bins - OPI Blue/b_2' is clicked on

2018-06-07 08:50:58 - [MESSAGE][PASSED] - Object: 'Object Repository/create_bin/Page_Sites and Bins - OPI Blue/b_2' is clicked on

2018-06-07 08:50:58 - [TEST_STEP][PASSED] - click: Object: 'Object Repository/create_bin/Page_Sites and Bins - OPI Blue/div_Blackbean' is clicked on

2018-06-07 08:51:00 - [MESSAGE][PASSED] - Object: 'Object Repository/create_bin/Page_Sites and Bins - OPI Blue/div_Blackbean' is clicked on

2018-06-07 08:51:00 - [TEST_STEP][PASSED] - click: Object: 'Object Repository/create_bin/Page_Sites and Bins - OPI Blue/button_Continue_1' is clicked on

2018-06-07 08:51:03 - [MESSAGE][PASSED] - Object: 'Object Repository/create_bin/Page_Sites and Bins - OPI Blue/button_Continue_1' is clicked on

2018-06-07 08:51:03 - [TEST_STEP][PASSED] - setText: Text '2018-01-01' is set on object 'Object Repository/create_bin/Page_Sites and Bins - OPI Blue/input_ng-pristine ng-untouched'

2018-06-07 08:51:07 - [MESSAGE][PASSED] - Text '2018-01-01' is set on object 'Object Repository/create_bin/Page_Sites and Bins - OPI Blue/input_ng-pristine ng-untouched'

2018-06-07 08:51:07 - [TEST_STEP][PASSED] - setText: Text '1000' is set on object 'Object Repository/create_bin/Page_Sites and Bins - OPI Blue/input_capacity'

2018-06-07 08:51:11 - [MESSAGE][PASSED] - Text '1000' is set on object 'Object Repository/create_bin/Page_Sites and Bins - OPI Blue/input_capacity'

2018-06-07 08:51:11 - [TEST_STEP][NOT_RUN] - click: NOT_RUN: click

2018-06-07 08:51:11 - [MESSAGE][NOT_RUN] - NOT_RUN: click

2018-06-07 08:51:11 - [TEST_STEP][NOT_RUN] - setText: NOT_RUN: setText

2018-06-07 08:51:11 - [MESSAGE][NOT_RUN] - NOT_RUN: setText

2018-06-07 08:51:11 - [TEST_STEP][PASSED] - click: Object: 'Object Repository/create_bin/Page_Sites and Bins - OPI Blue/button_Continue_1' is clicked on

2018-06-07 08:51:13 - [MESSAGE][PASSED] - Object: 'Object Repository/create_bin/Page_Sites and Bins - OPI Blue/button_Continue_1' is clicked on

2018-06-07 08:51:13 - [TEST_STEP][PASSED] - click: Object: 'Object Repository/create_bin/Page_Sites and Bins - OPI Blue/button_Continue_1' is clicked on

2018-06-07 08:51:16 - [MESSAGE][PASSED] - Object: 'Object Repository/create_bin/Page_Sites and Bins - OPI Blue/button_Continue_1' is clicked on

2018-06-07 08:51:16 - [TEST_STEP][PASSED] - click: Object: 'Object Repository/create_bin/Page_Sites and Bins - OPI Blue/i_icon-plus' is clicked on

2018-06-07 08:51:18 - [MESSAGE][PASSED] - Object: 'Object Repository/create_bin/Page_Sites and Bins - OPI Blue/i_icon-plus' is clicked on

2018-06-07 08:51:18 - [TEST_STEP][PASSED] - click: Object: 'Object Repository/create_bin/Page_Sites and Bins - OPI Blue/a_edit-btn' is clicked on

2018-06-07 08:51:20 - [MESSAGE][PASSED] - Object: 'Object Repository/create_bin/Page_Sites and Bins - OPI Blue/a_edit-btn' is clicked on

2018-06-07 08:51:20 - [TEST_STEP][PASSED] - click: Object: 'Object Repository/create_bin/Page_Sites and Bins - OPI Blue/button_Continue_1' is clicked on

2018-06-07 08:51:22 - [MESSAGE][PASSED] - Object: 'Object Repository/create_bin/Page_Sites and Bins - OPI Blue/button_Continue_1' is clicked on

2018-06-07 08:51:22 - [TEST_STEP][PASSED] - waitForElementPresent: Object 'Object Repository/create_bin/create_bin_ws_contd_btn/Page_Sites and Bins - OPI Blue/Page_Sites and Bins - OPI Blue/button_Continue' is present

2018-06-07 08:51:23 - [MESSAGE][PASSED] - Object 'Object Repository/create_bin/create_bin_ws_contd_btn/Page_Sites and Bins - OPI Blue/Page_Sites and Bins - OPI Blue/button_Continue' is present

2018-06-07 08:51:23 - [TEST_STEP][PASSED] - waitForElementClickable: Object 'Object Repository/create_bin/create_bin_ws_contd_btn/Page_Sites and Bins - OPI Blue/Page_Sites and Bins - OPI Blue/button_Continue' is clickable

2018-06-07 08:51:25 - [MESSAGE][PASSED] - Object 'Object Repository/create_bin/create_bin_ws_contd_btn/Page_Sites and Bins - OPI Blue/Page_Sites and Bins - OPI Blue/button_Continue' is clickable

2018-06-07 08:51:25 - [TEST_STEP][PASSED] - click: Object: 'Object Repository/create_bin/create_bin_ws_contd_btn/Page_Sites and Bins - OPI Blue/Page_Sites and Bins - OPI Blue/button_Continue' is clicked on

2018-06-07 08:51:27 - [MESSAGE][PASSED] - Object: 'Object Repository/create_bin/create_bin_ws_contd_btn/Page_Sites and Bins - OPI Blue/Page_Sites and Bins - OPI Blue/button_Continue' is clicked on

2018-06-07 08:51:27 - [TEST_STEP][PASSED] - click: Object: 'Object Repository/create_bin/Page_Sites and Bins - OPI Blue/button_Continue_1' is clicked on

2018-06-07 08:51:30 - [MESSAGE][PASSED] - Object: 'Object Repository/create_bin/Page_Sites and Bins - OPI Blue/button_Continue_1' is clicked on

2018-06-07 08:51:30 - [TEST_STEP][PASSED] - click: Object: 'Object Repository/create_bin/Page_Sites and Bins - OPI Blue/button_Continue_3' is clicked on

2018-06-07 08:51:32 - [MESSAGE][PASSED] - Object: 'Object Repository/create_bin/Page_Sites and Bins - OPI Blue/button_Continue_3' is clicked on

2018-06-07 08:51:32 - [TEST_STEP][PASSED] - waitForElementPresent: Object 'Object Repository/create_bin/Page_Sites and Bins - OPI Blue/button_View Bin' is present

2018-06-07 08:51:33 - [MESSAGE][PASSED] - Object 'Object Repository/create_bin/Page_Sites and Bins - OPI Blue/button_View Bin' is present

2018-06-07 08:51:33 - [TEST_STEP][PASSED] - waitForElementClickable: Object 'Object Repository/create_bin/Page_Sites and Bins - OPI Blue/button_View Bin' is clickable

2018-06-07 08:51:35 - [MESSAGE][PASSED] - Object 'Object Repository/create_bin/Page_Sites and Bins - OPI Blue/button_View Bin' is clickable

2018-06-07 08:51:35 - [TEST_STEP][PASSED] - click: Object: 'Object Repository/create_bin/Page_Sites and Bins - OPI Blue/button_View Bin' is clicked on

2018-06-07 08:51:37 - [MESSAGE][PASSED] - Object: 'Object Repository/create_bin/Page_Sites and Bins - OPI Blue/button_View Bin' is clicked on

2018-06-07 08:51:37 - [TEST_STEP][PASSED] - waitForElementPresent: Object 'Object Repository/create_bin/Page_Sites and Bins - OPI Blue/a_Log out' is present

2018-06-07 08:51:38 - [MESSAGE][PASSED] - Object 'Object Repository/create_bin/Page_Sites and Bins - OPI Blue/a_Log out' is present

2018-06-07 08:51:38 - [TEST_STEP][PASSED] - waitForElementClickable: Object 'Object Repository/create_bin/Page_Sites and Bins - OPI Blue/a_Log out' is clickable

2018-06-07 08:51:40 - [MESSAGE][PASSED] - Object 'Object Repository/create_bin/Page_Sites and Bins - OPI Blue/a_Log out' is clickable

2018-06-07 08:51:40 - [TEST_STEP][PASSED] - click: Object: 'Object Repository/create_bin/Page_Sites and Bins - OPI Blue/a_Log out' is clicked on

2018-06-07 08:51:43 - [MESSAGE][PASSED] - Object: 'Object Repository/create_bin/Page_Sites and Bins - OPI Blue/a_Log out' is clicked on

2018-06-07 08:51:43 - [TEST_STEP][PASSED] - closeBrowser: Browser is closed

2018-06-07 08:51:45 - [MESSAGE][PASSED] - Browser is closed]]></system-out>
         <system-err><![CDATA[]]></system-err>
      </testcase>
      <testcase name="Test Cases/add_plenum_on_bin" classname="Test Cases/add_plenum_on_bin" status="PASSED">
         <system-out><![CDATA[2018-06-07 08:51:47 - [TEST_CASE][PASSED] - Test Cases/add_plenum_on_bin: Test Cases/add_plenum_on_bin

2018-06-07 08:51:48 - [TEST_STEP][PASSED] - openBrowser: Browser is opened with url: ''

2018-06-07 08:51:53 - [MESSAGE][PASSED] - Browser is opened with url: ''

2018-06-07 08:51:53 - [TEST_STEP][PASSED] - navigateToUrl: Navigate to 'https://ra.managegrain.com/#/dashboard/userPreferences' successfully

2018-06-07 08:51:56 - [MESSAGE][PASSED] - Navigate to 'https://ra.managegrain.com/#/dashboard/userPreferences' successfully

2018-06-07 08:51:56 - [TEST_STEP][PASSED] - setText: Text 'opiopi20171+00028@gmail.com' is set on object 'Object Repository/create_bin_add_plenum_only/Page_OPI Blue/input_username'

2018-06-07 08:52:02 - [MESSAGE][PASSED] - Text 'opiopi20171+00028@gmail.com' is set on object 'Object Repository/create_bin_add_plenum_only/Page_OPI Blue/input_username'

2018-06-07 08:52:02 - [TEST_STEP][PASSED] - setEncryptedText: Text ****** has been set on object 'Object Repository/create_bin_add_plenum_only/Page_OPI Blue/input_password'

2018-06-07 08:52:05 - [MESSAGE][PASSED] - Text ****** has been set on object 'Object Repository/create_bin_add_plenum_only/Page_OPI Blue/input_password'

2018-06-07 08:52:05 - [TEST_STEP][PASSED] - click: Object: 'Object Repository/create_bin_add_plenum_only/Page_OPI Blue/button_Log In' is clicked on

2018-06-07 08:52:09 - [MESSAGE][PASSED] - Object: 'Object Repository/create_bin_add_plenum_only/Page_OPI Blue/button_Log In' is clicked on

2018-06-07 08:52:09 - [TEST_STEP][PASSED] - click: Object: 'Object Repository/create_bin_add_plenum_only/Page_Dashboard - OPI Blue/span_Sites and Bins' is clicked on

2018-06-07 08:52:11 - [MESSAGE][PASSED] - Object: 'Object Repository/create_bin_add_plenum_only/Page_Dashboard - OPI Blue/span_Sites and Bins' is clicked on

2018-06-07 08:52:11 - [TEST_STEP][PASSED] - click: Object: 'Object Repository/create_bin_add_plenum_only/Page_Sites and Bins - OPI Blue/a_Bins' is clicked on

2018-06-07 08:52:14 - [MESSAGE][PASSED] - Object: 'Object Repository/create_bin_add_plenum_only/Page_Sites and Bins - OPI Blue/a_Bins' is clicked on

2018-06-07 08:52:14 - [TEST_STEP][PASSED] - click: Object: 'Object Repository/create_bin_add_plenum_only/Page_Sites and Bins - OPI Blue/a_Plenum' is clicked on

2018-06-07 08:52:16 - [MESSAGE][PASSED] - Object: 'Object Repository/create_bin_add_plenum_only/Page_Sites and Bins - OPI Blue/a_Plenum' is clicked on

2018-06-07 08:52:16 - [TEST_STEP][PASSED] - click: Object: 'Object Repository/create_bin_add_plenum_only/Page_Sites and Bins - OPI Blue/button_Add a Plenum Sensor' is clicked on

2018-06-07 08:52:18 - [MESSAGE][PASSED] - Object: 'Object Repository/create_bin_add_plenum_only/Page_Sites and Bins - OPI Blue/button_Add a Plenum Sensor' is clicked on

2018-06-07 08:52:18 - [TEST_STEP][PASSED] - click: Object: 'Object Repository/create_bin_add_plenum_only/Page_Sites and Bins - OPI Blue/span_Select' is clicked on

2018-06-07 08:52:20 - [MESSAGE][PASSED] - Object: 'Object Repository/create_bin_add_plenum_only/Page_Sites and Bins - OPI Blue/span_Select' is clicked on

2018-06-07 08:52:20 - [TEST_STEP][PASSED] - click: Object: 'Object Repository/create_bin_add_plenum_only/Page_Sites and Bins - OPI Blue/spy_web/Page_Sites and Bins - OPI Blue/div_089CDB-FN' is clicked on

2018-06-07 08:52:22 - [MESSAGE][PASSED] - Object: 'Object Repository/create_bin_add_plenum_only/Page_Sites and Bins - OPI Blue/spy_web/Page_Sites and Bins - OPI Blue/div_089CDB-FN' is clicked on

2018-06-07 08:52:22 - [TEST_STEP][PASSED] - click: Object: 'Object Repository/create_bin_add_plenum_only/Page_Sites and Bins - OPI Blue/button_Save' is clicked on

2018-06-07 08:52:25 - [MESSAGE][PASSED] - Object: 'Object Repository/create_bin_add_plenum_only/Page_Sites and Bins - OPI Blue/button_Save' is clicked on

2018-06-07 08:52:25 - [TEST_STEP][PASSED] - waitForElementPresent: Object 'Object Repository/create_bin_add_plenum_only/Page_Sites and Bins - OPI Blue/a_Log out' is present

2018-06-07 08:52:26 - [MESSAGE][PASSED] - Object 'Object Repository/create_bin_add_plenum_only/Page_Sites and Bins - OPI Blue/a_Log out' is present

2018-06-07 08:52:26 - [TEST_STEP][PASSED] - waitForElementClickable: Object 'Object Repository/create_bin_add_plenum_only/Page_Sites and Bins - OPI Blue/a_Log out' is clickable

2018-06-07 08:52:28 - [MESSAGE][PASSED] - Object 'Object Repository/create_bin_add_plenum_only/Page_Sites and Bins - OPI Blue/a_Log out' is clickable

2018-06-07 08:52:28 - [TEST_STEP][PASSED] - click: Object: 'Object Repository/create_bin_add_plenum_only/Page_Sites and Bins - OPI Blue/a_Log out' is clicked on

2018-06-07 08:52:31 - [MESSAGE][PASSED] - Object: 'Object Repository/create_bin_add_plenum_only/Page_Sites and Bins - OPI Blue/a_Log out' is clicked on

2018-06-07 08:52:31 - [TEST_STEP][PASSED] - closeBrowser: Browser is closed

2018-06-07 08:52:33 - [MESSAGE][PASSED] - Browser is closed]]></system-out>
         <system-err><![CDATA[]]></system-err>
      </testcase>
      <testcase name="Test Cases/add_fan_on_bin" classname="Test Cases/add_fan_on_bin" status="FAILED">
         <failure type="FAILED" message="Unable to click on object 'Object Repository/create_bin_add_fan_only/Page_Sites and Bins - OPI Blue/a_Log out' (Root cause: org.openqa.selenium.WebDriverException: unknown error: Element &lt;a id=&quot;navLogOut&quot; ng-click=&quot;vm.logOut();&quot; analytics-category=&quot;Navigation Menu&quot; analytics-event=&quot;Menu Click&quot; analytics-label=&quot;Log out&quot;>...&lt;/a> is not clickable at point (213, 100). Other element would receive the click: &lt;div uib-modal-window=&quot;modal-window&quot; class=&quot;modal fade ng-scope ng-isolate-scope in&quot; role=&quot;dialog&quot; size=&quot;md&quot; index=&quot;0&quot; animate=&quot;animate&quot; ng-style=&quot;{'z-index': 1050 + $$topModalIndex*10, display: 'block'}&quot; tabindex=&quot;-1&quot; uib-modal-animation-class=&quot;fade&quot; modal-in-class=&quot;in&quot; modal-animation=&quot;true&quot; style=&quot;z-index: 1050; display: block;&quot;>...&lt;/div>
  (Session info: chrome=67.0.3396.62)
  (Driver info: chromedriver=2.35.528161 (5b82f2d2aae0ca24b877009200ced9065a772e73),platform=Windows NT 10.0.16299 x86_64) (WARNING: The server did not provide any stacktrace information)
Command duration or timeout: 0 milliseconds
Build info: version: '3.7.1', revision: '8a0099a', time: '2017-11-06T21:07:36.161Z'
System info: host: 'OPI-LT66', ip: '172.16.6.51', os.name: 'Windows 10', os.arch: 'amd64', os.version: '10.0', java.version: '1.8.0_102'
Driver info: com.kms.katalon.selenium.driver.CChromeDriver
Capabilities {acceptInsecureCerts: false, acceptSslCerts: false, applicationCacheEnabled: false, browserConnectionEnabled: false, browserName: chrome, chrome: {chromedriverVersion: 2.35.528161 (5b82f2d2aae0ca..., userDataDir: C:\Users\geetab\AppData\Loc...}, cssSelectorsEnabled: true, databaseEnabled: false, handlesAlerts: true, hasTouchScreen: false, javascriptEnabled: true, locationContextEnabled: true, mobileEmulationEnabled: false, nativeEvents: true, networkConnectionEnabled: false, pageLoadStrategy: normal, platform: XP, platformName: XP, rotatable: false, setWindowRect: true, takesHeapSnapshot: true, takesScreenshot: true, unexpectedAlertBehaviour: , unhandledPromptBehavior: , version: 67.0.3396.62, webStorageEnabled: true}
Session ID: 6b9abd58c1a0cf8a9c8adf97a7de1c10)"/>
         <system-out><![CDATA[2018-06-07 08:52:35 - [TEST_CASE][FAILED] - Test Cases/add_fan_on_bin: Test Cases/add_fan_on_bin FAILED because (of) Unable to click on object 'Object Repository/create_bin_add_fan_only/Page_Sites and Bins - OPI Blue/a_Log out' (Root cause: org.openqa.selenium.WebDriverException: unknown error: Element <a id="navLogOut" ng-click="vm.logOut();" analytics-category="Navigation Menu" analytics-event="Menu Click" analytics-label="Log out">...</a> is not clickable at point (213, 100). Other element would receive the click: <div uib-modal-window="modal-window" class="modal fade ng-scope ng-isolate-scope in" role="dialog" size="md" index="0" animate="animate" ng-style="{'z-index': 1050 + $$topModalIndex*10, display: 'block'}" tabindex="-1" uib-modal-animation-class="fade" modal-in-class="in" modal-animation="true" style="z-index: 1050; display: block;">...</div>
  (Session info: chrome=67.0.3396.62)
  (Driver info: chromedriver=2.35.528161 (5b82f2d2aae0ca24b877009200ced9065a772e73),platform=Windows NT 10.0.16299 x86_64) (WARNING: The server did not provide any stacktrace information)
Command duration or timeout: 0 milliseconds
Build info: version: '3.7.1', revision: '8a0099a', time: '2017-11-06T21:07:36.161Z'
System info: host: 'OPI-LT66', ip: '172.16.6.51', os.name: 'Windows 10', os.arch: 'amd64', os.version: '10.0', java.version: '1.8.0_102'
Driver info: com.kms.katalon.selenium.driver.CChromeDriver
Capabilities {acceptInsecureCerts: false, acceptSslCerts: false, applicationCacheEnabled: false, browserConnectionEnabled: false, browserName: chrome, chrome: {chromedriverVersion: 2.35.528161 (5b82f2d2aae0ca..., userDataDir: C:\Users\geetab\AppData\Loc...}, cssSelectorsEnabled: true, databaseEnabled: false, handlesAlerts: true, hasTouchScreen: false, javascriptEnabled: true, locationContextEnabled: true, mobileEmulationEnabled: false, nativeEvents: true, networkConnectionEnabled: false, pageLoadStrategy: normal, platform: XP, platformName: XP, rotatable: false, setWindowRect: true, takesHeapSnapshot: true, takesScreenshot: true, unexpectedAlertBehaviour: , unhandledPromptBehavior: , version: 67.0.3396.62, webStorageEnabled: true}
Session ID: 6b9abd58c1a0cf8a9c8adf97a7de1c10)

2018-06-07 08:52:35 - [TEST_STEP][PASSED] - openBrowser: Browser is opened with url: ''

2018-06-07 08:52:40 - [MESSAGE][PASSED] - Browser is opened with url: ''

2018-06-07 08:52:40 - [TEST_STEP][PASSED] - navigateToUrl: Navigate to 'https://ra.managegrain.com/#/dashboard/userPreferences' successfully

2018-06-07 08:52:43 - [MESSAGE][PASSED] - Navigate to 'https://ra.managegrain.com/#/dashboard/userPreferences' successfully

2018-06-07 08:52:43 - [TEST_STEP][PASSED] - setText: Text 'opiopi20171+00028@gmail.com' is set on object 'Object Repository/create_bin_add_fan_only/Page_OPI Blue/input_username'

2018-06-07 08:52:49 - [MESSAGE][PASSED] - Text 'opiopi20171+00028@gmail.com' is set on object 'Object Repository/create_bin_add_fan_only/Page_OPI Blue/input_username'

2018-06-07 08:52:49 - [TEST_STEP][PASSED] - setEncryptedText: Text ****** has been set on object 'Object Repository/create_bin_add_fan_only/Page_OPI Blue/input_password'

2018-06-07 08:52:52 - [MESSAGE][PASSED] - Text ****** has been set on object 'Object Repository/create_bin_add_fan_only/Page_OPI Blue/input_password'

2018-06-07 08:52:52 - [TEST_STEP][PASSED] - click: Object: 'Object Repository/create_bin_add_fan_only/Page_OPI Blue/button_Log In' is clicked on

2018-06-07 08:52:56 - [MESSAGE][PASSED] - Object: 'Object Repository/create_bin_add_fan_only/Page_OPI Blue/button_Log In' is clicked on

2018-06-07 08:52:56 - [TEST_STEP][PASSED] - click: Object: 'Object Repository/create_bin_add_fan_only/Page_Dashboard - OPI Blue/span_Sites and Bins' is clicked on

2018-06-07 08:52:58 - [MESSAGE][PASSED] - Object: 'Object Repository/create_bin_add_fan_only/Page_Dashboard - OPI Blue/span_Sites and Bins' is clicked on

2018-06-07 08:52:58 - [TEST_STEP][PASSED] - click: Object: 'Object Repository/create_bin_add_fan_only/Page_Sites and Bins - OPI Blue/a_Bins' is clicked on

2018-06-07 08:53:01 - [MESSAGE][PASSED] - Object: 'Object Repository/create_bin_add_fan_only/Page_Sites and Bins - OPI Blue/a_Bins' is clicked on

2018-06-07 08:53:01 - [TEST_STEP][PASSED] - click: Object: 'Object Repository/create_bin_add_fan_only/Page_Sites and Bins - OPI Blue/a_Fans' is clicked on

2018-06-07 08:53:03 - [MESSAGE][PASSED] - Object: 'Object Repository/create_bin_add_fan_only/Page_Sites and Bins - OPI Blue/a_Fans' is clicked on

2018-06-07 08:53:03 - [TEST_STEP][PASSED] - click: Object: 'Object Repository/create_bin_add_fan_only/Page_Sites and Bins - OPI Blue/button_Add a Fan' is clicked on

2018-06-07 08:53:05 - [MESSAGE][PASSED] - Object: 'Object Repository/create_bin_add_fan_only/Page_Sites and Bins - OPI Blue/button_Add a Fan' is clicked on

2018-06-07 08:53:05 - [TEST_STEP][PASSED] - click: Object: 'Object Repository/create_bin_add_fan_only/Page_Sites and Bins - OPI Blue/span_Select' is clicked on

2018-06-07 08:53:08 - [MESSAGE][PASSED] - Object: 'Object Repository/create_bin_add_fan_only/Page_Sites and Bins - OPI Blue/span_Select' is clicked on

2018-06-07 08:53:08 - [TEST_STEP][NOT_RUN] - click: NOT_RUN: click

2018-06-07 08:53:08 - [MESSAGE][NOT_RUN] - NOT_RUN: click

2018-06-07 08:53:08 - [TEST_STEP][PASSED] - click: Object: 'Object Repository/create_bin/create_bin_add_fan/Page_Sites and Bins - OPI Blue/spy_web/Page_Sites and Bins - OPI Blue/div_089CDB-FN (MAC HFF0004)' is clicked on

2018-06-07 08:53:10 - [MESSAGE][PASSED] - Object: 'Object Repository/create_bin/create_bin_add_fan/Page_Sites and Bins - OPI Blue/spy_web/Page_Sites and Bins - OPI Blue/div_089CDB-FN (MAC HFF0004)' is clicked on

2018-06-07 08:53:10 - [TEST_STEP][NOT_RUN] - waitForElementPresent: NOT_RUN: waitForElementPresent

2018-06-07 08:53:10 - [MESSAGE][NOT_RUN] - NOT_RUN: waitForElementPresent

2018-06-07 08:53:10 - [TEST_STEP][NOT_RUN] - waitForElementVisible: NOT_RUN: waitForElementVisible

2018-06-07 08:53:10 - [MESSAGE][NOT_RUN] - NOT_RUN: waitForElementVisible

2018-06-07 08:53:10 - [TEST_STEP][NOT_RUN] - waitForElementClickable: NOT_RUN: waitForElementClickable

2018-06-07 08:53:10 - [MESSAGE][NOT_RUN] - NOT_RUN: waitForElementClickable

2018-06-07 08:53:10 - [TEST_STEP][PASSED] - click: Object: 'Object Repository/create_bin_add_fan_only/spy_web/Page_Sites and Bins - OPI Blue (2)/b' is clicked on

2018-06-07 08:53:12 - [MESSAGE][PASSED] - Object: 'Object Repository/create_bin_add_fan_only/spy_web/Page_Sites and Bins - OPI Blue (2)/b' is clicked on

2018-06-07 08:53:12 - [TEST_STEP][PASSED] - click: Object: 'Object Repository/create_bin_add_fan_only/Page_Sites and Bins - OPI Blue/div_1' is clicked on

2018-06-07 08:53:14 - [MESSAGE][PASSED] - Object: 'Object Repository/create_bin_add_fan_only/Page_Sites and Bins - OPI Blue/div_1' is clicked on

2018-06-07 08:53:14 - [TEST_STEP][PASSED] - click: Object: 'Object Repository/create_bin_add_fan_only/Page_Sites and Bins - OPI Blue/span_Manual' is clicked on

2018-06-07 08:53:16 - [MESSAGE][PASSED] - Object: 'Object Repository/create_bin_add_fan_only/Page_Sites and Bins - OPI Blue/span_Manual' is clicked on

2018-06-07 08:53:16 - [TEST_STEP][PASSED] - click: Object: 'Object Repository/create_bin_add_fan_only/Page_Sites and Bins - OPI Blue/div_Manual' is clicked on

2018-06-07 08:53:19 - [MESSAGE][PASSED] - Object: 'Object Repository/create_bin_add_fan_only/Page_Sites and Bins - OPI Blue/div_Manual' is clicked on

2018-06-07 08:53:19 - [TEST_STEP][PASSED] - click: Object: 'Object Repository/create_bin_add_fan_only/Page_Sites and Bins - OPI Blue/button_Save' is clicked on

2018-06-07 08:53:21 - [MESSAGE][PASSED] - Object: 'Object Repository/create_bin_add_fan_only/Page_Sites and Bins - OPI Blue/button_Save' is clicked on

2018-06-07 08:53:21 - [TEST_STEP][PASSED] - waitForElementPresent: Object 'Object Repository/create_bin_add_fan_only/Page_Sites and Bins - OPI Blue/a_Log out' is present

2018-06-07 08:53:22 - [MESSAGE][PASSED] - Object 'Object Repository/create_bin_add_fan_only/Page_Sites and Bins - OPI Blue/a_Log out' is present

2018-06-07 08:53:22 - [TEST_STEP][PASSED] - waitForElementClickable: Object 'Object Repository/create_bin_add_fan_only/Page_Sites and Bins - OPI Blue/a_Log out' is clickable

2018-06-07 08:53:24 - [MESSAGE][PASSED] - Object 'Object Repository/create_bin_add_fan_only/Page_Sites and Bins - OPI Blue/a_Log out' is clickable

2018-06-07 08:53:24 - [TEST_STEP][FAILED] - click: Unable to click on object 'Object Repository/create_bin_add_fan_only/Page_Sites and Bins - OPI Blue/a_Log out' (Root cause: org.openqa.selenium.WebDriverException: unknown error: Element <a id="navLogOut" ng-click="vm.logOut();" analytics-category="Navigation Menu" analytics-event="Menu Click" analytics-label="Log out">...</a> is not clickable at point (213, 100). Other element would receive the click: <div uib-modal-window="modal-window" class="modal fade ng-scope ng-isolate-scope in" role="dialog" size="md" index="0" animate="animate" ng-style="{'z-index': 1050 + $$topModalIndex*10, display: 'block'}" tabindex="-1" uib-modal-animation-class="fade" modal-in-class="in" modal-animation="true" style="z-index: 1050; display: block;">...</div>
  (Session info: chrome=67.0.3396.62)
  (Driver info: chromedriver=2.35.528161 (5b82f2d2aae0ca24b877009200ced9065a772e73),platform=Windows NT 10.0.16299 x86_64) (WARNING: The server did not provide any stacktrace information)
Command duration or timeout: 0 milliseconds
Build info: version: '3.7.1', revision: '8a0099a', time: '2017-11-06T21:07:36.161Z'
System info: host: 'OPI-LT66', ip: '172.16.6.51', os.name: 'Windows 10', os.arch: 'amd64', os.version: '10.0', java.version: '1.8.0_102'
Driver info: com.kms.katalon.selenium.driver.CChromeDriver
Capabilities {acceptInsecureCerts: false, acceptSslCerts: false, applicationCacheEnabled: false, browserConnectionEnabled: false, browserName: chrome, chrome: {chromedriverVersion: 2.35.528161 (5b82f2d2aae0ca..., userDataDir: C:\Users\geetab\AppData\Loc...}, cssSelectorsEnabled: true, databaseEnabled: false, handlesAlerts: true, hasTouchScreen: false, javascriptEnabled: true, locationContextEnabled: true, mobileEmulationEnabled: false, nativeEvents: true, networkConnectionEnabled: false, pageLoadStrategy: normal, platform: XP, platformName: XP, rotatable: false, setWindowRect: true, takesHeapSnapshot: true, takesScreenshot: true, unexpectedAlertBehaviour: , unhandledPromptBehavior: , version: 67.0.3396.62, webStorageEnabled: true}
Session ID: 6b9abd58c1a0cf8a9c8adf97a7de1c10)

2018-06-07 08:53:27 - [MESSAGE][FAILED] - Unable to click on object 'Object Repository/create_bin_add_fan_only/Page_Sites and Bins - OPI Blue/a_Log out' (Root cause: org.openqa.selenium.WebDriverException: unknown error: Element <a id="navLogOut" ng-click="vm.logOut();" analytics-category="Navigation Menu" analytics-event="Menu Click" analytics-label="Log out">...</a> is not clickable at point (213, 100). Other element would receive the click: <div uib-modal-window="modal-window" class="modal fade ng-scope ng-isolate-scope in" role="dialog" size="md" index="0" animate="animate" ng-style="{'z-index': 1050 + $$topModalIndex*10, display: 'block'}" tabindex="-1" uib-modal-animation-class="fade" modal-in-class="in" modal-animation="true" style="z-index: 1050; display: block;">...</div>
  (Session info: chrome=67.0.3396.62)
  (Driver info: chromedriver=2.35.528161 (5b82f2d2aae0ca24b877009200ced9065a772e73),platform=Windows NT 10.0.16299 x86_64) (WARNING: The server did not provide any stacktrace information)
Command duration or timeout: 0 milliseconds
Build info: version: '3.7.1', revision: '8a0099a', time: '2017-11-06T21:07:36.161Z'
System info: host: 'OPI-LT66', ip: '172.16.6.51', os.name: 'Windows 10', os.arch: 'amd64', os.version: '10.0', java.version: '1.8.0_102'
Driver info: com.kms.katalon.selenium.driver.CChromeDriver
Capabilities {acceptInsecureCerts: false, acceptSslCerts: false, applicationCacheEnabled: false, browserConnectionEnabled: false, browserName: chrome, chrome: {chromedriverVersion: 2.35.528161 (5b82f2d2aae0ca..., userDataDir: C:\Users\geetab\AppData\Loc...}, cssSelectorsEnabled: true, databaseEnabled: false, handlesAlerts: true, hasTouchScreen: false, javascriptEnabled: true, locationContextEnabled: true, mobileEmulationEnabled: false, nativeEvents: true, networkConnectionEnabled: false, pageLoadStrategy: normal, platform: XP, platformName: XP, rotatable: false, setWindowRect: true, takesHeapSnapshot: true, takesScreenshot: true, unexpectedAlertBehaviour: , unhandledPromptBehavior: , version: 67.0.3396.62, webStorageEnabled: true}
Session ID: 6b9abd58c1a0cf8a9c8adf97a7de1c10)
[[ATTACHMENT|C:\\Users\\geetab\\Katalon Studio\\RA_opi_blue_cloud\\Reports\\regGW_regNode_mapNode_createSite_createBin\\20180607_085006\\1528383206515.png]]]]></system-out>
         <system-err><![CDATA[2018-06-07 08:52:35 - [TEST_CASE][FAILED] - Test Cases/add_fan_on_bin: Test Cases/add_fan_on_bin FAILED because (of) Unable to click on object 'Object Repository/create_bin_add_fan_only/Page_Sites and Bins - OPI Blue/a_Log out' (Root cause: org.openqa.selenium.WebDriverException: unknown error: Element <a id="navLogOut" ng-click="vm.logOut();" analytics-category="Navigation Menu" analytics-event="Menu Click" analytics-label="Log out">...</a> is not clickable at point (213, 100). Other element would receive the click: <div uib-modal-window="modal-window" class="modal fade ng-scope ng-isolate-scope in" role="dialog" size="md" index="0" animate="animate" ng-style="{'z-index': 1050 + $$topModalIndex*10, display: 'block'}" tabindex="-1" uib-modal-animation-class="fade" modal-in-class="in" modal-animation="true" style="z-index: 1050; display: block;">...</div>
  (Session info: chrome=67.0.3396.62)
  (Driver info: chromedriver=2.35.528161 (5b82f2d2aae0ca24b877009200ced9065a772e73),platform=Windows NT 10.0.16299 x86_64) (WARNING: The server did not provide any stacktrace information)
Command duration or timeout: 0 milliseconds
Build info: version: '3.7.1', revision: '8a0099a', time: '2017-11-06T21:07:36.161Z'
System info: host: 'OPI-LT66', ip: '172.16.6.51', os.name: 'Windows 10', os.arch: 'amd64', os.version: '10.0', java.version: '1.8.0_102'
Driver info: com.kms.katalon.selenium.driver.CChromeDriver
Capabilities {acceptInsecureCerts: false, acceptSslCerts: false, applicationCacheEnabled: false, browserConnectionEnabled: false, browserName: chrome, chrome: {chromedriverVersion: 2.35.528161 (5b82f2d2aae0ca..., userDataDir: C:\Users\geetab\AppData\Loc...}, cssSelectorsEnabled: true, databaseEnabled: false, handlesAlerts: true, hasTouchScreen: false, javascriptEnabled: true, locationContextEnabled: true, mobileEmulationEnabled: false, nativeEvents: true, networkConnectionEnabled: false, pageLoadStrategy: normal, platform: XP, platformName: XP, rotatable: false, setWindowRect: true, takesHeapSnapshot: true, takesScreenshot: true, unexpectedAlertBehaviour: , unhandledPromptBehavior: , version: 67.0.3396.62, webStorageEnabled: true}
Session ID: 6b9abd58c1a0cf8a9c8adf97a7de1c10)]]></system-err>
      </testcase>
      <system-out><![CDATA[2018-06-07 08:50:08 - [TEST_SUITE][FAILED] - regGW_regNode_mapNode_createSite_createBin: Test Cases/add_fan_on_bin FAILED because (of) Unable to click on object 'Object Repository/create_bin_add_fan_only/Page_Sites and Bins - OPI Blue/a_Log out' (Root cause: org.openqa.selenium.WebDriverException: unknown error: Element <a id="navLogOut" ng-click="vm.logOut();" analytics-category="Navigation Menu" analytics-event="Menu Click" analytics-label="Log out">...</a> is not clickable at point (213, 100). Other element would receive the click: <div uib-modal-window="modal-window" class="modal fade ng-scope ng-isolate-scope in" role="dialog" size="md" index="0" animate="animate" ng-style="{'z-index': 1050 + $$topModalIndex*10, display: 'block'}" tabindex="-1" uib-modal-animation-class="fade" modal-in-class="in" modal-animation="true" style="z-index: 1050; display: block;">...</div>
  (Session info: chrome=67.0.3396.62)
  (Driver info: chromedriver=2.35.528161 (5b82f2d2aae0ca24b877009200ced9065a772e73),platform=Windows NT 10.0.16299 x86_64) (WARNING: The server did not provide any stacktrace information)
Command duration or timeout: 0 milliseconds
Build info: version: '3.7.1', revision: '8a0099a', time: '2017-11-06T21:07:36.161Z'
System info: host: 'OPI-LT66', ip: '172.16.6.51', os.name: 'Windows 10', os.arch: 'amd64', os.version: '10.0', java.version: '1.8.0_102'
Driver info: com.kms.katalon.selenium.driver.CChromeDriver
Capabilities {acceptInsecureCerts: false, acceptSslCerts: false, applicationCacheEnabled: false, browserConnectionEnabled: false, browserName: chrome, chrome: {chromedriverVersion: 2.35.528161 (5b82f2d2aae0ca..., userDataDir: C:\Users\geetab\AppData\Loc...}, cssSelectorsEnabled: true, databaseEnabled: false, handlesAlerts: true, hasTouchScreen: false, javascriptEnabled: true, locationContextEnabled: true, mobileEmulationEnabled: false, nativeEvents: true, networkConnectionEnabled: false, pageLoadStrategy: normal, platform: XP, platformName: XP, rotatable: false, setWindowRect: true, takesHeapSnapshot: true, takesScreenshot: true, unexpectedAlertBehaviour: , unhandledPromptBehavior: , version: 67.0.3396.62, webStorageEnabled: true}
Session ID: 6b9abd58c1a0cf8a9c8adf97a7de1c10)]]></system-out>
      <system-err><![CDATA[2018-06-07 08:50:08 - [TEST_SUITE][FAILED] - regGW_regNode_mapNode_createSite_createBin: Test Cases/add_fan_on_bin FAILED because (of) Unable to click on object 'Object Repository/create_bin_add_fan_only/Page_Sites and Bins - OPI Blue/a_Log out' (Root cause: org.openqa.selenium.WebDriverException: unknown error: Element <a id="navLogOut" ng-click="vm.logOut();" analytics-category="Navigation Menu" analytics-event="Menu Click" analytics-label="Log out">...</a> is not clickable at point (213, 100). Other element would receive the click: <div uib-modal-window="modal-window" class="modal fade ng-scope ng-isolate-scope in" role="dialog" size="md" index="0" animate="animate" ng-style="{'z-index': 1050 + $$topModalIndex*10, display: 'block'}" tabindex="-1" uib-modal-animation-class="fade" modal-in-class="in" modal-animation="true" style="z-index: 1050; display: block;">...</div>
  (Session info: chrome=67.0.3396.62)
  (Driver info: chromedriver=2.35.528161 (5b82f2d2aae0ca24b877009200ced9065a772e73),platform=Windows NT 10.0.16299 x86_64) (WARNING: The server did not provide any stacktrace information)
Command duration or timeout: 0 milliseconds
Build info: version: '3.7.1', revision: '8a0099a', time: '2017-11-06T21:07:36.161Z'
System info: host: 'OPI-LT66', ip: '172.16.6.51', os.name: 'Windows 10', os.arch: 'amd64', os.version: '10.0', java.version: '1.8.0_102'
Driver info: com.kms.katalon.selenium.driver.CChromeDriver
Capabilities {acceptInsecureCerts: false, acceptSslCerts: false, applicationCacheEnabled: false, browserConnectionEnabled: false, browserName: chrome, chrome: {chromedriverVersion: 2.35.528161 (5b82f2d2aae0ca..., userDataDir: C:\Users\geetab\AppData\Loc...}, cssSelectorsEnabled: true, databaseEnabled: false, handlesAlerts: true, hasTouchScreen: false, javascriptEnabled: true, locationContextEnabled: true, mobileEmulationEnabled: false, nativeEvents: true, networkConnectionEnabled: false, pageLoadStrategy: normal, platform: XP, platformName: XP, rotatable: false, setWindowRect: true, takesHeapSnapshot: true, takesScreenshot: true, unexpectedAlertBehaviour: , unhandledPromptBehavior: , version: 67.0.3396.62, webStorageEnabled: true}
Session ID: 6b9abd58c1a0cf8a9c8adf97a7de1c10)]]></system-err>
   </testsuite>
</testsuites>
