<?xml version="1.0" encoding="UTF-8"?>
<testsuites name="create_delete_bin_with_cables_ws_fan_plenum" time="340" tests="4" failures="0" errors="0">
   <testsuite name="create_delete_bin_with_cables_ws_fan_plenum" tests="4" failures="0" errors="0" time="340" timestamp="2018-06-04 12:16:17" hostname="GeetaB - OPI-LT66.opisystems.local" id="Test Suites/create_delete_bin_with_cables_ws_fan_plenum">
      <properties>
         <property name="deviceName" value=""/>
         <property name="devicePlatform" value=""/>
         <property name="logFolder" value="C:\\Users\\geetab\\Katalon Studio\\RA_opi_blue_cloud\\Reports\\create_delete_bin_with_cables_ws_fan_plenum\\20180604_121610"/>
         <property name="logFiles" value="C:\\Users\\geetab\\Katalon Studio\\RA_opi_blue_cloud\\Reports\\create_delete_bin_with_cables_ws_fan_plenum\\20180604_121610\\execution0.log"/>
         <property name="attachments" value=""/>
         <property name="hostName" value="GeetaB - OPI-LT66.opisystems.local"/>
         <property name="os" value="Windows 10 64bit"/>
         <property name="katalonVersion" value="5.4.1.1"/>
         <property name="browser" value="Chrome 66.0.3359.181"/>
         <property name="hostAddress" value="172.16.6.51"/>
         <property name="sessionId" value="1c7fa8ad1e45c49bf3eac51eb839e2a7"/>
         <property name="seleniumVersion" value="3.7.1"/>
         <property name="proxyInformation" value="ProxyInformation{proxyOption=NO_PROXY, proxyServerType=HTTP, password=, proxyServerAddress=, proxyServerPort=0}"/>
         <property name="platform" value="Windows 10"/>
      </properties>
      <testcase name="Test Cases/create_bin_with_cables_without_ws_fan_plenum" classname="Test Cases/create_bin_with_cables_without_ws_fan_plenum" status="PASSED">
         <system-out><![CDATA[2018-06-04 12:16:18 - [TEST_CASE][PASSED] - Test Cases/create_bin_with_cables_without_ws_fan_plenum: Test Cases/create_bin_with_cables_without_ws_fan_plenum

2018-06-04 12:16:19 - [TEST_STEP][PASSED] - openBrowser: Browser is opened with url: ''

2018-06-04 12:16:28 - [MESSAGE][PASSED] - Browser is opened with url: ''

2018-06-04 12:16:28 - [TEST_STEP][PASSED] - navigateToUrl: Navigate to 'https://ra.managegrain.com/#/dashboard/userPreferences' successfully

2018-06-04 12:16:32 - [MESSAGE][PASSED] - Navigate to 'https://ra.managegrain.com/#/dashboard/userPreferences' successfully

2018-06-04 12:16:32 - [TEST_STEP][PASSED] - setText: Text 'opiopi20171+00028@gmail.com' is set on object 'Object Repository/create_bin/Page_OPI Blue/input_username'

2018-06-04 12:16:38 - [MESSAGE][PASSED] - Text 'opiopi20171+00028@gmail.com' is set on object 'Object Repository/create_bin/Page_OPI Blue/input_username'

2018-06-04 12:16:38 - [TEST_STEP][PASSED] - setEncryptedText: Text ****** has been set on object 'Object Repository/create_bin/Page_OPI Blue/input_password'

2018-06-04 12:16:42 - [MESSAGE][PASSED] - Text ****** has been set on object 'Object Repository/create_bin/Page_OPI Blue/input_password'

2018-06-04 12:16:42 - [TEST_STEP][PASSED] - click: Object: 'Object Repository/create_bin/Page_OPI Blue/button_Log In' is clicked on

2018-06-04 12:16:46 - [MESSAGE][PASSED] - Object: 'Object Repository/create_bin/Page_OPI Blue/button_Log In' is clicked on

2018-06-04 12:16:46 - [TEST_STEP][PASSED] - click: Object: 'Object Repository/create_bin/Page_Dashboard - OPI Blue/span_Sites and Bins' is clicked on

2018-06-04 12:16:48 - [MESSAGE][PASSED] - Object: 'Object Repository/create_bin/Page_Dashboard - OPI Blue/span_Sites and Bins' is clicked on

2018-06-04 12:16:48 - [TEST_STEP][PASSED] - click: Object: 'Object Repository/create_bin/Page_Sites and Bins - OPI Blue/a_Bins' is clicked on

2018-06-04 12:16:50 - [MESSAGE][PASSED] - Object: 'Object Repository/create_bin/Page_Sites and Bins - OPI Blue/a_Bins' is clicked on

2018-06-04 12:16:50 - [TEST_STEP][PASSED] - click: Object: 'Object Repository/create_bin/Page_Sites and Bins - OPI Blue/button_Create a Bin' is clicked on

2018-06-04 12:16:53 - [MESSAGE][PASSED] - Object: 'Object Repository/create_bin/Page_Sites and Bins - OPI Blue/button_Create a Bin' is clicked on

2018-06-04 12:16:53 - [TEST_STEP][PASSED] - setText: Text 'Bin-1' is set on object 'Object Repository/create_bin/Page_Sites and Bins - OPI Blue/input_name'

2018-06-04 12:16:57 - [MESSAGE][PASSED] - Text 'Bin-1' is set on object 'Object Repository/create_bin/Page_Sites and Bins - OPI Blue/input_name'

2018-06-04 12:16:57 - [TEST_STEP][PASSED] - click: Object: 'Object Repository/create_bin/Page_Sites and Bins - OPI Blue/b' is clicked on

2018-06-04 12:16:59 - [MESSAGE][PASSED] - Object: 'Object Repository/create_bin/Page_Sites and Bins - OPI Blue/b' is clicked on

2018-06-04 12:16:59 - [TEST_STEP][PASSED] - click: Object: 'Object Repository/create_bin/Page_Sites and Bins - OPI Blue/div_Site-1' is clicked on

2018-06-04 12:17:01 - [MESSAGE][PASSED] - Object: 'Object Repository/create_bin/Page_Sites and Bins - OPI Blue/div_Site-1' is clicked on

2018-06-04 12:17:01 - [TEST_STEP][PASSED] - click: Object: 'Object Repository/create_bin/Page_Sites and Bins - OPI Blue/button_Continue' is clicked on

2018-06-04 12:17:04 - [MESSAGE][PASSED] - Object: 'Object Repository/create_bin/Page_Sites and Bins - OPI Blue/button_Continue' is clicked on

2018-06-04 12:17:04 - [TEST_STEP][PASSED] - waitForElementPresent: Object 'Object Repository/create_bin/Page_Sites and Bins - OPI Blue/b_1' is present

2018-06-04 12:17:05 - [MESSAGE][PASSED] - Object 'Object Repository/create_bin/Page_Sites and Bins - OPI Blue/b_1' is present

2018-06-04 12:17:05 - [TEST_STEP][PASSED] - waitForElementClickable: Object 'Object Repository/create_bin/Page_Sites and Bins - OPI Blue/b_1' is clickable

2018-06-04 12:17:07 - [MESSAGE][PASSED] - Object 'Object Repository/create_bin/Page_Sites and Bins - OPI Blue/b_1' is clickable

2018-06-04 12:17:07 - [TEST_STEP][PASSED] - click: Object: 'Object Repository/create_bin/Page_Sites and Bins - OPI Blue/b_1' is clicked on

2018-06-04 12:17:09 - [MESSAGE][PASSED] - Object: 'Object Repository/create_bin/Page_Sites and Bins - OPI Blue/b_1' is clicked on

2018-06-04 12:17:09 - [TEST_STEP][PASSED] - click: Object: 'Object Repository/create_bin/Page_Sites and Bins - OPI Blue/div_919' is clicked on

2018-06-04 12:17:11 - [MESSAGE][PASSED] - Object: 'Object Repository/create_bin/Page_Sites and Bins - OPI Blue/div_919' is clicked on

2018-06-04 12:17:11 - [TEST_STEP][PASSED] - click: Object: 'Object Repository/create_bin/Page_Sites and Bins - OPI Blue/b_2' is clicked on

2018-06-04 12:17:14 - [MESSAGE][PASSED] - Object: 'Object Repository/create_bin/Page_Sites and Bins - OPI Blue/b_2' is clicked on

2018-06-04 12:17:14 - [TEST_STEP][PASSED] - click: Object: 'Object Repository/create_bin/Page_Sites and Bins - OPI Blue/div_Blackbean' is clicked on

2018-06-04 12:17:16 - [MESSAGE][PASSED] - Object: 'Object Repository/create_bin/Page_Sites and Bins - OPI Blue/div_Blackbean' is clicked on

2018-06-04 12:17:16 - [TEST_STEP][PASSED] - click: Object: 'Object Repository/create_bin/Page_Sites and Bins - OPI Blue/button_Continue_1' is clicked on

2018-06-04 12:17:18 - [MESSAGE][PASSED] - Object: 'Object Repository/create_bin/Page_Sites and Bins - OPI Blue/button_Continue_1' is clicked on

2018-06-04 12:17:18 - [TEST_STEP][PASSED] - setText: Text '2018-01-01' is set on object 'Object Repository/create_bin/Page_Sites and Bins - OPI Blue/input_ng-pristine ng-untouched'

2018-06-04 12:17:22 - [MESSAGE][PASSED] - Text '2018-01-01' is set on object 'Object Repository/create_bin/Page_Sites and Bins - OPI Blue/input_ng-pristine ng-untouched'

2018-06-04 12:17:22 - [TEST_STEP][PASSED] - setText: Text '1000' is set on object 'Object Repository/create_bin/Page_Sites and Bins - OPI Blue/input_capacity'

2018-06-04 12:17:27 - [MESSAGE][PASSED] - Text '1000' is set on object 'Object Repository/create_bin/Page_Sites and Bins - OPI Blue/input_capacity'

2018-06-04 12:17:27 - [TEST_STEP][NOT_RUN] - click: NOT_RUN: click

2018-06-04 12:17:27 - [MESSAGE][NOT_RUN] - NOT_RUN: click

2018-06-04 12:17:27 - [TEST_STEP][NOT_RUN] - setText: NOT_RUN: setText

2018-06-04 12:17:27 - [MESSAGE][NOT_RUN] - NOT_RUN: setText

2018-06-04 12:17:27 - [TEST_STEP][PASSED] - click: Object: 'Object Repository/create_bin/Page_Sites and Bins - OPI Blue/button_Continue_1' is clicked on

2018-06-04 12:17:29 - [MESSAGE][PASSED] - Object: 'Object Repository/create_bin/Page_Sites and Bins - OPI Blue/button_Continue_1' is clicked on

2018-06-04 12:17:29 - [TEST_STEP][PASSED] - click: Object: 'Object Repository/create_bin/Page_Sites and Bins - OPI Blue/button_Continue_1' is clicked on

2018-06-04 12:17:31 - [MESSAGE][PASSED] - Object: 'Object Repository/create_bin/Page_Sites and Bins - OPI Blue/button_Continue_1' is clicked on

2018-06-04 12:17:31 - [TEST_STEP][PASSED] - click: Object: 'Object Repository/create_bin/Page_Sites and Bins - OPI Blue/i_icon-plus' is clicked on

2018-06-04 12:17:33 - [MESSAGE][PASSED] - Object: 'Object Repository/create_bin/Page_Sites and Bins - OPI Blue/i_icon-plus' is clicked on

2018-06-04 12:17:33 - [TEST_STEP][PASSED] - click: Object: 'Object Repository/create_bin/Page_Sites and Bins - OPI Blue/a_edit-btn' is clicked on

2018-06-04 12:17:36 - [MESSAGE][PASSED] - Object: 'Object Repository/create_bin/Page_Sites and Bins - OPI Blue/a_edit-btn' is clicked on

2018-06-04 12:17:36 - [TEST_STEP][PASSED] - click: Object: 'Object Repository/create_bin/Page_Sites and Bins - OPI Blue/div_Add Cables' is clicked on

2018-06-04 12:17:38 - [MESSAGE][PASSED] - Object: 'Object Repository/create_bin/Page_Sites and Bins - OPI Blue/div_Add Cables' is clicked on

2018-06-04 12:17:38 - [TEST_STEP][PASSED] - click: Object: 'Object Repository/create_bin/Page_Sites and Bins - OPI Blue/button_Continue_1' is clicked on

2018-06-04 12:17:40 - [MESSAGE][PASSED] - Object: 'Object Repository/create_bin/Page_Sites and Bins - OPI Blue/button_Continue_1' is clicked on

2018-06-04 12:17:40 - [TEST_STEP][PASSED] - waitForElementPresent: Object 'Object Repository/create_bin/create_bin_ws_contd_btn/Page_Sites and Bins - OPI Blue/button_Continue' is present

2018-06-04 12:17:41 - [MESSAGE][PASSED] - Object 'Object Repository/create_bin/create_bin_ws_contd_btn/Page_Sites and Bins - OPI Blue/button_Continue' is present

2018-06-04 12:17:41 - [TEST_STEP][PASSED] - waitForElementClickable: Object 'Object Repository/create_bin/create_bin_ws_contd_btn/Page_Sites and Bins - OPI Blue/button_Continue' is clickable

2018-06-04 12:17:43 - [MESSAGE][PASSED] - Object 'Object Repository/create_bin/create_bin_ws_contd_btn/Page_Sites and Bins - OPI Blue/button_Continue' is clickable

2018-06-04 12:17:43 - [TEST_STEP][PASSED] - click: Object: 'Object Repository/create_bin/create_bin_ws_contd_btn/Page_Sites and Bins - OPI Blue/button_Continue' is clicked on

2018-06-04 12:17:45 - [MESSAGE][PASSED] - Object: 'Object Repository/create_bin/create_bin_ws_contd_btn/Page_Sites and Bins - OPI Blue/button_Continue' is clicked on

2018-06-04 12:17:45 - [TEST_STEP][PASSED] - click: Object: 'Object Repository/create_bin/Page_Sites and Bins - OPI Blue/button_Continue_1' is clicked on

2018-06-04 12:17:48 - [MESSAGE][PASSED] - Object: 'Object Repository/create_bin/Page_Sites and Bins - OPI Blue/button_Continue_1' is clicked on

2018-06-04 12:17:48 - [TEST_STEP][PASSED] - click: Object: 'Object Repository/create_bin/Page_Sites and Bins - OPI Blue/button_Continue_3' is clicked on

2018-06-04 12:17:50 - [MESSAGE][PASSED] - Object: 'Object Repository/create_bin/Page_Sites and Bins - OPI Blue/button_Continue_3' is clicked on

2018-06-04 12:17:50 - [TEST_STEP][PASSED] - waitForElementPresent: Object 'Object Repository/create_bin/Page_Sites and Bins - OPI Blue/button_View Bin' is present

2018-06-04 12:17:51 - [MESSAGE][PASSED] - Object 'Object Repository/create_bin/Page_Sites and Bins - OPI Blue/button_View Bin' is present

2018-06-04 12:17:51 - [TEST_STEP][PASSED] - waitForElementClickable: Object 'Object Repository/create_bin/Page_Sites and Bins - OPI Blue/button_View Bin' is clickable

2018-06-04 12:17:53 - [MESSAGE][PASSED] - Object 'Object Repository/create_bin/Page_Sites and Bins - OPI Blue/button_View Bin' is clickable

2018-06-04 12:17:53 - [TEST_STEP][PASSED] - click: Object: 'Object Repository/create_bin/Page_Sites and Bins - OPI Blue/button_View Bin' is clicked on

2018-06-04 12:17:55 - [MESSAGE][PASSED] - Object: 'Object Repository/create_bin/Page_Sites and Bins - OPI Blue/button_View Bin' is clicked on

2018-06-04 12:17:55 - [TEST_STEP][PASSED] - waitForElementPresent: Object 'Object Repository/create_bin/Page_Sites and Bins - OPI Blue/a_Log out' is present

2018-06-04 12:17:56 - [MESSAGE][PASSED] - Object 'Object Repository/create_bin/Page_Sites and Bins - OPI Blue/a_Log out' is present

2018-06-04 12:17:56 - [TEST_STEP][PASSED] - waitForElementClickable: Object 'Object Repository/create_bin/Page_Sites and Bins - OPI Blue/a_Log out' is clickable

2018-06-04 12:17:58 - [MESSAGE][PASSED] - Object 'Object Repository/create_bin/Page_Sites and Bins - OPI Blue/a_Log out' is clickable

2018-06-04 12:17:58 - [TEST_STEP][PASSED] - click: Object: 'Object Repository/create_bin/Page_Sites and Bins - OPI Blue/a_Log out' is clicked on

2018-06-04 12:18:01 - [MESSAGE][PASSED] - Object: 'Object Repository/create_bin/Page_Sites and Bins - OPI Blue/a_Log out' is clicked on

2018-06-04 12:18:01 - [TEST_STEP][PASSED] - closeBrowser: Browser is closed

2018-06-04 12:18:03 - [MESSAGE][PASSED] - Browser is closed]]></system-out>
         <system-err><![CDATA[]]></system-err>
      </testcase>
      <testcase name="Test Cases/add_plenum_on_bin" classname="Test Cases/add_plenum_on_bin" status="PASSED">
         <system-out><![CDATA[2018-06-04 12:18:05 - [TEST_CASE][PASSED] - Test Cases/add_plenum_on_bin: Test Cases/add_plenum_on_bin

2018-06-04 12:18:06 - [TEST_STEP][PASSED] - openBrowser: Browser is opened with url: ''

2018-06-04 12:18:11 - [MESSAGE][PASSED] - Browser is opened with url: ''

2018-06-04 12:18:11 - [TEST_STEP][PASSED] - navigateToUrl: Navigate to 'https://ra.managegrain.com/#/dashboard/userPreferences' successfully

2018-06-04 12:18:14 - [MESSAGE][PASSED] - Navigate to 'https://ra.managegrain.com/#/dashboard/userPreferences' successfully

2018-06-04 12:18:14 - [TEST_STEP][PASSED] - setText: Text 'opiopi20171+00028@gmail.com' is set on object 'Object Repository/create_bin_add_plenum_only/Page_OPI Blue/input_username'

2018-06-04 12:19:10 - [MESSAGE][PASSED] - Text 'opiopi20171+00028@gmail.com' is set on object 'Object Repository/create_bin_add_plenum_only/Page_OPI Blue/input_username'

2018-06-04 12:19:10 - [TEST_STEP][PASSED] - setEncryptedText: Text ****** has been set on object 'Object Repository/create_bin_add_plenum_only/Page_OPI Blue/input_password'

2018-06-04 12:19:13 - [MESSAGE][PASSED] - Text ****** has been set on object 'Object Repository/create_bin_add_plenum_only/Page_OPI Blue/input_password'

2018-06-04 12:19:13 - [TEST_STEP][PASSED] - click: Object: 'Object Repository/create_bin_add_plenum_only/Page_OPI Blue/button_Log In' is clicked on

2018-06-04 12:19:17 - [MESSAGE][PASSED] - Object: 'Object Repository/create_bin_add_plenum_only/Page_OPI Blue/button_Log In' is clicked on

2018-06-04 12:19:17 - [TEST_STEP][PASSED] - click: Object: 'Object Repository/create_bin_add_plenum_only/Page_Dashboard - OPI Blue/span_Sites and Bins' is clicked on

2018-06-04 12:19:20 - [MESSAGE][PASSED] - Object: 'Object Repository/create_bin_add_plenum_only/Page_Dashboard - OPI Blue/span_Sites and Bins' is clicked on

2018-06-04 12:19:20 - [TEST_STEP][PASSED] - click: Object: 'Object Repository/create_bin_add_plenum_only/Page_Sites and Bins - OPI Blue/a_Bins' is clicked on

2018-06-04 12:19:22 - [MESSAGE][PASSED] - Object: 'Object Repository/create_bin_add_plenum_only/Page_Sites and Bins - OPI Blue/a_Bins' is clicked on

2018-06-04 12:19:22 - [TEST_STEP][PASSED] - click: Object: 'Object Repository/create_bin_add_plenum_only/Page_Sites and Bins - OPI Blue/a_Plenum' is clicked on

2018-06-04 12:19:24 - [MESSAGE][PASSED] - Object: 'Object Repository/create_bin_add_plenum_only/Page_Sites and Bins - OPI Blue/a_Plenum' is clicked on

2018-06-04 12:19:24 - [TEST_STEP][PASSED] - click: Object: 'Object Repository/create_bin_add_plenum_only/Page_Sites and Bins - OPI Blue/button_Add a Plenum Sensor' is clicked on

2018-06-04 12:19:26 - [MESSAGE][PASSED] - Object: 'Object Repository/create_bin_add_plenum_only/Page_Sites and Bins - OPI Blue/button_Add a Plenum Sensor' is clicked on

2018-06-04 12:19:26 - [TEST_STEP][PASSED] - click: Object: 'Object Repository/create_bin_add_plenum_only/Page_Sites and Bins - OPI Blue/span_Select' is clicked on

2018-06-04 12:19:29 - [MESSAGE][PASSED] - Object: 'Object Repository/create_bin_add_plenum_only/Page_Sites and Bins - OPI Blue/span_Select' is clicked on

2018-06-04 12:19:29 - [TEST_STEP][PASSED] - click: Object: 'Object Repository/create_bin_add_plenum_only/Page_Sites and Bins - OPI Blue/div_089CDB - FNR' is clicked on

2018-06-04 12:19:31 - [MESSAGE][PASSED] - Object: 'Object Repository/create_bin_add_plenum_only/Page_Sites and Bins - OPI Blue/div_089CDB - FNR' is clicked on

2018-06-04 12:19:31 - [TEST_STEP][PASSED] - click: Object: 'Object Repository/create_bin_add_plenum_only/Page_Sites and Bins - OPI Blue/button_Save' is clicked on

2018-06-04 12:19:33 - [MESSAGE][PASSED] - Object: 'Object Repository/create_bin_add_plenum_only/Page_Sites and Bins - OPI Blue/button_Save' is clicked on

2018-06-04 12:19:33 - [TEST_STEP][PASSED] - waitForElementPresent: Object 'Object Repository/create_bin_add_plenum_only/Page_Sites and Bins - OPI Blue/a_Log out' is present

2018-06-04 12:19:34 - [MESSAGE][PASSED] - Object 'Object Repository/create_bin_add_plenum_only/Page_Sites and Bins - OPI Blue/a_Log out' is present

2018-06-04 12:19:34 - [TEST_STEP][PASSED] - waitForElementClickable: Object 'Object Repository/create_bin_add_plenum_only/Page_Sites and Bins - OPI Blue/a_Log out' is clickable

2018-06-04 12:19:36 - [MESSAGE][PASSED] - Object 'Object Repository/create_bin_add_plenum_only/Page_Sites and Bins - OPI Blue/a_Log out' is clickable

2018-06-04 12:19:36 - [TEST_STEP][PASSED] - click: Object: 'Object Repository/create_bin_add_plenum_only/Page_Sites and Bins - OPI Blue/a_Log out' is clicked on

2018-06-04 12:19:39 - [MESSAGE][PASSED] - Object: 'Object Repository/create_bin_add_plenum_only/Page_Sites and Bins - OPI Blue/a_Log out' is clicked on

2018-06-04 12:19:39 - [TEST_STEP][PASSED] - closeBrowser: Browser is closed

2018-06-04 12:19:41 - [MESSAGE][PASSED] - Browser is closed]]></system-out>
         <system-err><![CDATA[]]></system-err>
      </testcase>
      <testcase name="Test Cases/add_fan_on_bin" classname="Test Cases/add_fan_on_bin" status="PASSED">
         <system-out><![CDATA[2018-06-04 12:19:43 - [TEST_CASE][PASSED] - Test Cases/add_fan_on_bin: Test Cases/add_fan_on_bin

2018-06-04 12:19:43 - [TEST_STEP][PASSED] - openBrowser: Browser is opened with url: ''

2018-06-04 12:19:48 - [MESSAGE][PASSED] - Browser is opened with url: ''

2018-06-04 12:19:48 - [TEST_STEP][PASSED] - navigateToUrl: Navigate to 'https://ra.managegrain.com/#/dashboard/userPreferences' successfully

2018-06-04 12:19:52 - [MESSAGE][PASSED] - Navigate to 'https://ra.managegrain.com/#/dashboard/userPreferences' successfully

2018-06-04 12:19:52 - [TEST_STEP][PASSED] - setText: Text 'opiopi20171+00028@gmail.com' is set on object 'Object Repository/create_bin_add_fan_only/Page_OPI Blue/input_username'

2018-06-04 12:19:58 - [MESSAGE][PASSED] - Text 'opiopi20171+00028@gmail.com' is set on object 'Object Repository/create_bin_add_fan_only/Page_OPI Blue/input_username'

2018-06-04 12:19:58 - [TEST_STEP][PASSED] - setEncryptedText: Text ****** has been set on object 'Object Repository/create_bin_add_fan_only/Page_OPI Blue/input_password'

2018-06-04 12:20:01 - [MESSAGE][PASSED] - Text ****** has been set on object 'Object Repository/create_bin_add_fan_only/Page_OPI Blue/input_password'

2018-06-04 12:20:01 - [TEST_STEP][PASSED] - click: Object: 'Object Repository/create_bin_add_fan_only/Page_OPI Blue/button_Log In' is clicked on

2018-06-04 12:20:05 - [MESSAGE][PASSED] - Object: 'Object Repository/create_bin_add_fan_only/Page_OPI Blue/button_Log In' is clicked on

2018-06-04 12:20:05 - [TEST_STEP][PASSED] - click: Object: 'Object Repository/create_bin_add_fan_only/Page_Dashboard - OPI Blue/span_Sites and Bins' is clicked on

2018-06-04 12:20:07 - [MESSAGE][PASSED] - Object: 'Object Repository/create_bin_add_fan_only/Page_Dashboard - OPI Blue/span_Sites and Bins' is clicked on

2018-06-04 12:20:07 - [TEST_STEP][PASSED] - click: Object: 'Object Repository/create_bin_add_fan_only/Page_Sites and Bins - OPI Blue/a_Bins' is clicked on

2018-06-04 12:20:10 - [MESSAGE][PASSED] - Object: 'Object Repository/create_bin_add_fan_only/Page_Sites and Bins - OPI Blue/a_Bins' is clicked on

2018-06-04 12:20:10 - [TEST_STEP][PASSED] - click: Object: 'Object Repository/create_bin_add_fan_only/Page_Sites and Bins - OPI Blue/a_Fans' is clicked on

2018-06-04 12:20:12 - [MESSAGE][PASSED] - Object: 'Object Repository/create_bin_add_fan_only/Page_Sites and Bins - OPI Blue/a_Fans' is clicked on

2018-06-04 12:20:12 - [TEST_STEP][PASSED] - click: Object: 'Object Repository/create_bin_add_fan_only/Page_Sites and Bins - OPI Blue/button_Add a Fan' is clicked on

2018-06-04 12:20:14 - [MESSAGE][PASSED] - Object: 'Object Repository/create_bin_add_fan_only/Page_Sites and Bins - OPI Blue/button_Add a Fan' is clicked on

2018-06-04 12:20:14 - [TEST_STEP][PASSED] - click: Object: 'Object Repository/create_bin_add_fan_only/Page_Sites and Bins - OPI Blue/span_Select' is clicked on

2018-06-04 12:20:17 - [MESSAGE][PASSED] - Object: 'Object Repository/create_bin_add_fan_only/Page_Sites and Bins - OPI Blue/span_Select' is clicked on

2018-06-04 12:20:17 - [TEST_STEP][PASSED] - click: Object: 'Object Repository/create_bin_add_fan_only/Page_Sites and Bins - OPI Blue/div_089CDB - FNR (MAC HFF0004)' is clicked on

2018-06-04 12:20:19 - [MESSAGE][PASSED] - Object: 'Object Repository/create_bin_add_fan_only/Page_Sites and Bins - OPI Blue/div_089CDB - FNR (MAC HFF0004)' is clicked on

2018-06-04 12:20:19 - [TEST_STEP][NOT_RUN] - waitForElementPresent: NOT_RUN: waitForElementPresent

2018-06-04 12:20:19 - [MESSAGE][NOT_RUN] - NOT_RUN: waitForElementPresent

2018-06-04 12:20:19 - [TEST_STEP][NOT_RUN] - waitForElementVisible: NOT_RUN: waitForElementVisible

2018-06-04 12:20:19 - [MESSAGE][NOT_RUN] - NOT_RUN: waitForElementVisible

2018-06-04 12:20:19 - [TEST_STEP][NOT_RUN] - waitForElementClickable: NOT_RUN: waitForElementClickable

2018-06-04 12:20:19 - [MESSAGE][NOT_RUN] - NOT_RUN: waitForElementClickable

2018-06-04 12:20:19 - [TEST_STEP][PASSED] - click: Object: 'Object Repository/create_bin_add_fan_only/spy_web/Page_Sites and Bins - OPI Blue (2)/b' is clicked on

2018-06-04 12:20:21 - [MESSAGE][PASSED] - Object: 'Object Repository/create_bin_add_fan_only/spy_web/Page_Sites and Bins - OPI Blue (2)/b' is clicked on

2018-06-04 12:20:21 - [TEST_STEP][PASSED] - click: Object: 'Object Repository/create_bin_add_fan_only/Page_Sites and Bins - OPI Blue/div_1' is clicked on

2018-06-04 12:20:23 - [MESSAGE][PASSED] - Object: 'Object Repository/create_bin_add_fan_only/Page_Sites and Bins - OPI Blue/div_1' is clicked on

2018-06-04 12:20:23 - [TEST_STEP][PASSED] - click: Object: 'Object Repository/create_bin_add_fan_only/Page_Sites and Bins - OPI Blue/span_Manual' is clicked on

2018-06-04 12:20:25 - [MESSAGE][PASSED] - Object: 'Object Repository/create_bin_add_fan_only/Page_Sites and Bins - OPI Blue/span_Manual' is clicked on

2018-06-04 12:20:25 - [TEST_STEP][PASSED] - click: Object: 'Object Repository/create_bin_add_fan_only/Page_Sites and Bins - OPI Blue/div_Manual' is clicked on

2018-06-04 12:20:28 - [MESSAGE][PASSED] - Object: 'Object Repository/create_bin_add_fan_only/Page_Sites and Bins - OPI Blue/div_Manual' is clicked on

2018-06-04 12:20:28 - [TEST_STEP][PASSED] - click: Object: 'Object Repository/create_bin_add_fan_only/Page_Sites and Bins - OPI Blue/button_Save' is clicked on

2018-06-04 12:20:30 - [MESSAGE][PASSED] - Object: 'Object Repository/create_bin_add_fan_only/Page_Sites and Bins - OPI Blue/button_Save' is clicked on

2018-06-04 12:20:30 - [TEST_STEP][PASSED] - waitForElementPresent: Object 'Object Repository/create_bin_add_fan_only/Page_Sites and Bins - OPI Blue/a_Log out' is present

2018-06-04 12:20:31 - [MESSAGE][PASSED] - Object 'Object Repository/create_bin_add_fan_only/Page_Sites and Bins - OPI Blue/a_Log out' is present

2018-06-04 12:20:31 - [TEST_STEP][PASSED] - waitForElementClickable: Object 'Object Repository/create_bin_add_fan_only/Page_Sites and Bins - OPI Blue/a_Log out' is clickable

2018-06-04 12:20:33 - [MESSAGE][PASSED] - Object 'Object Repository/create_bin_add_fan_only/Page_Sites and Bins - OPI Blue/a_Log out' is clickable

2018-06-04 12:20:33 - [TEST_STEP][PASSED] - click: Object: 'Object Repository/create_bin_add_fan_only/Page_Sites and Bins - OPI Blue/a_Log out' is clicked on

2018-06-04 12:20:36 - [MESSAGE][PASSED] - Object: 'Object Repository/create_bin_add_fan_only/Page_Sites and Bins - OPI Blue/a_Log out' is clicked on

2018-06-04 12:20:36 - [TEST_STEP][PASSED] - closeBrowser: Browser is closed

2018-06-04 12:20:38 - [MESSAGE][PASSED] - Browser is closed]]></system-out>
         <system-err><![CDATA[]]></system-err>
      </testcase>
      <testcase name="Test Cases/delete_bin_with_cables_ws_fan_plenum" classname="Test Cases/delete_bin_with_cables_ws_fan_plenum" status="PASSED">
         <system-out><![CDATA[2018-06-04 12:20:40 - [TEST_CASE][PASSED] - Test Cases/delete_bin_with_cables_ws_fan_plenum: Test Cases/delete_bin_with_cables_ws_fan_plenum

2018-06-04 12:20:40 - [TEST_STEP][PASSED] - openBrowser: Browser is opened with url: ''

2018-06-04 12:20:45 - [MESSAGE][PASSED] - Browser is opened with url: ''

2018-06-04 12:20:45 - [TEST_STEP][PASSED] - navigateToUrl: Navigate to 'https://ra.managegrain.com/#/dashboard/userPreferences' successfully

2018-06-04 12:20:48 - [MESSAGE][PASSED] - Navigate to 'https://ra.managegrain.com/#/dashboard/userPreferences' successfully

2018-06-04 12:20:48 - [TEST_STEP][PASSED] - setText: Text 'opiopi20171+00028@gmail.com' is set on object 'Object Repository/delete_bin_with_cables/delete_bin_with_cables_ws_fan_plenum/Page_OPI Blue/input_username'

2018-06-04 12:20:54 - [MESSAGE][PASSED] - Text 'opiopi20171+00028@gmail.com' is set on object 'Object Repository/delete_bin_with_cables/delete_bin_with_cables_ws_fan_plenum/Page_OPI Blue/input_username'

2018-06-04 12:20:54 - [TEST_STEP][PASSED] - setText: Text 'gWF7Q4IlreZBZUpxglt7' is set on object 'Object Repository/delete_bin_with_cables/delete_bin_with_cables_ws_fan_plenum/Page_OPI Blue/input_password'

2018-06-04 12:20:59 - [MESSAGE][PASSED] - Text 'gWF7Q4IlreZBZUpxglt7' is set on object 'Object Repository/delete_bin_with_cables/delete_bin_with_cables_ws_fan_plenum/Page_OPI Blue/input_password'

2018-06-04 12:20:59 - [TEST_STEP][PASSED] - click: Object: 'Object Repository/delete_bin_with_cables/delete_bin_with_cables_ws_fan_plenum/Page_OPI Blue/span_Log In' is clicked on

2018-06-04 12:21:02 - [MESSAGE][PASSED] - Object: 'Object Repository/delete_bin_with_cables/delete_bin_with_cables_ws_fan_plenum/Page_OPI Blue/span_Log In' is clicked on

2018-06-04 12:21:02 - [TEST_STEP][PASSED] - click: Object: 'Object Repository/delete_bin_with_cables/delete_bin_with_cables_ws_fan_plenum/Page_Dashboard - OPI Blue/span_Sites and Bins' is clicked on

2018-06-04 12:21:05 - [MESSAGE][PASSED] - Object: 'Object Repository/delete_bin_with_cables/delete_bin_with_cables_ws_fan_plenum/Page_Dashboard - OPI Blue/span_Sites and Bins' is clicked on

2018-06-04 12:21:05 - [TEST_STEP][PASSED] - click: Object: 'Object Repository/delete_bin_with_cables/delete_bin_with_cables_ws_fan_plenum/Page_Sites and Bins - OPI Blue/a_Bins' is clicked on

2018-06-04 12:21:07 - [MESSAGE][PASSED] - Object: 'Object Repository/delete_bin_with_cables/delete_bin_with_cables_ws_fan_plenum/Page_Sites and Bins - OPI Blue/a_Bins' is clicked on

2018-06-04 12:21:07 - [TEST_STEP][PASSED] - click: Object: 'Object Repository/delete_bin_with_cables/delete_bin_with_cables_ws_fan_plenum/Page_Sites and Bins - OPI Blue/a_Cables' is clicked on

2018-06-04 12:21:09 - [MESSAGE][PASSED] - Object: 'Object Repository/delete_bin_with_cables/delete_bin_with_cables_ws_fan_plenum/Page_Sites and Bins - OPI Blue/a_Cables' is clicked on

2018-06-04 12:21:09 - [TEST_STEP][PASSED] - click: Object: 'Object Repository/delete_bin_with_cables/delete_bin_with_cables_ws_fan_plenum/Page_Sites and Bins - OPI Blue/button_Edit' is clicked on

2018-06-04 12:21:12 - [MESSAGE][PASSED] - Object: 'Object Repository/delete_bin_with_cables/delete_bin_with_cables_ws_fan_plenum/Page_Sites and Bins - OPI Blue/button_Edit' is clicked on

2018-06-04 12:21:12 - [TEST_STEP][PASSED] - click: Object: 'Object Repository/delete_bin_with_cables/delete_bin_with_cables_ws_fan_plenum/Page_Sites and Bins - OPI Blue/i_icon-pencil' is clicked on

2018-06-04 12:21:14 - [MESSAGE][PASSED] - Object: 'Object Repository/delete_bin_with_cables/delete_bin_with_cables_ws_fan_plenum/Page_Sites and Bins - OPI Blue/i_icon-pencil' is clicked on

2018-06-04 12:21:14 - [TEST_STEP][PASSED] - click: Object: 'Object Repository/delete_bin_with_cables/delete_bin_with_cables_ws_fan_plenum/Page_Sites and Bins - OPI Blue/i_icon-cancel-circled unmap-ic' is clicked on

2018-06-04 12:21:16 - [MESSAGE][PASSED] - Object: 'Object Repository/delete_bin_with_cables/delete_bin_with_cables_ws_fan_plenum/Page_Sites and Bins - OPI Blue/i_icon-cancel-circled unmap-ic' is clicked on

2018-06-04 12:21:16 - [TEST_STEP][PASSED] - click: Object: 'Object Repository/delete_bin_with_cables/delete_bin_with_cables_ws_fan_plenum/Page_Sites and Bins - OPI Blue/i_icon-pencil_1' is clicked on

2018-06-04 12:21:18 - [MESSAGE][PASSED] - Object: 'Object Repository/delete_bin_with_cables/delete_bin_with_cables_ws_fan_plenum/Page_Sites and Bins - OPI Blue/i_icon-pencil_1' is clicked on

2018-06-04 12:21:18 - [TEST_STEP][PASSED] - click: Object: 'Object Repository/delete_bin_with_cables/delete_bin_with_cables_ws_fan_plenum/Page_Sites and Bins - OPI Blue/i_icon-cancel-circled unmap-ic_1' is clicked on

2018-06-04 12:21:20 - [MESSAGE][PASSED] - Object: 'Object Repository/delete_bin_with_cables/delete_bin_with_cables_ws_fan_plenum/Page_Sites and Bins - OPI Blue/i_icon-cancel-circled unmap-ic_1' is clicked on

2018-06-04 12:21:20 - [TEST_STEP][PASSED] - click: Object: 'Object Repository/delete_bin_with_cables/delete_bin_with_cables_ws_fan_plenum/Page_Sites and Bins - OPI Blue/div_Bin-1' is clicked on

2018-06-04 12:21:23 - [MESSAGE][PASSED] - Object: 'Object Repository/delete_bin_with_cables/delete_bin_with_cables_ws_fan_plenum/Page_Sites and Bins - OPI Blue/div_Bin-1' is clicked on

2018-06-04 12:21:23 - [TEST_STEP][PASSED] - click: Object: 'Object Repository/delete_bin_with_cables/delete_bin_with_cables_ws_fan_plenum/Page_Sites and Bins - OPI Blue/button_Save' is clicked on

2018-06-04 12:21:25 - [MESSAGE][PASSED] - Object: 'Object Repository/delete_bin_with_cables/delete_bin_with_cables_ws_fan_plenum/Page_Sites and Bins - OPI Blue/button_Save' is clicked on

2018-06-04 12:21:25 - [TEST_STEP][NOT_RUN] - click: NOT_RUN: click

2018-06-04 12:21:25 - [MESSAGE][NOT_RUN] - NOT_RUN: click

2018-06-04 12:21:25 - [TEST_STEP][PASSED] - waitForElementPresent: Object 'Object Repository/delete_bin_with_cables/delete_bin_with_cables_ws_fan_plenum/Page_Sites and Bins - OPI Blue/a_Fans' is present

2018-06-04 12:21:26 - [MESSAGE][PASSED] - Object 'Object Repository/delete_bin_with_cables/delete_bin_with_cables_ws_fan_plenum/Page_Sites and Bins - OPI Blue/a_Fans' is present

2018-06-04 12:21:26 - [TEST_STEP][PASSED] - click: Object: 'Object Repository/delete_bin_with_cables/delete_bin_with_cables_ws_fan_plenum/Page_Sites and Bins - OPI Blue/a_Fans' is clicked on

2018-06-04 12:21:28 - [MESSAGE][PASSED] - Object: 'Object Repository/delete_bin_with_cables/delete_bin_with_cables_ws_fan_plenum/Page_Sites and Bins - OPI Blue/a_Fans' is clicked on

2018-06-04 12:21:28 - [TEST_STEP][PASSED] - click: Object: 'Object Repository/delete_bin_with_cables/delete_bin_with_cables_ws_fan_plenum/Page_Sites and Bins - OPI Blue/button_Remove Fan' is clicked on

2018-06-04 12:21:30 - [MESSAGE][PASSED] - Object: 'Object Repository/delete_bin_with_cables/delete_bin_with_cables_ws_fan_plenum/Page_Sites and Bins - OPI Blue/button_Remove Fan' is clicked on

2018-06-04 12:21:30 - [TEST_STEP][PASSED] - click: Object: 'Object Repository/delete_bin_with_cables/delete_bin_with_cables_ws_fan_plenum/Page_Sites and Bins - OPI Blue/button_Remove' is clicked on

2018-06-04 12:21:32 - [MESSAGE][PASSED] - Object: 'Object Repository/delete_bin_with_cables/delete_bin_with_cables_ws_fan_plenum/Page_Sites and Bins - OPI Blue/button_Remove' is clicked on

2018-06-04 12:21:32 - [TEST_STEP][PASSED] - waitForElementPresent: Object 'Object Repository/delete_bin_with_cables/delete_bin_with_cables_ws_fan_plenum/Page_Sites and Bins - OPI Blue/a_Plenum' is present

2018-06-04 12:21:33 - [MESSAGE][PASSED] - Object 'Object Repository/delete_bin_with_cables/delete_bin_with_cables_ws_fan_plenum/Page_Sites and Bins - OPI Blue/a_Plenum' is present

2018-06-04 12:21:33 - [TEST_STEP][PASSED] - click: Object: 'Object Repository/delete_bin_with_cables/delete_bin_with_cables_ws_fan_plenum/Page_Sites and Bins - OPI Blue/a_Plenum' is clicked on

2018-06-04 12:21:36 - [MESSAGE][PASSED] - Object: 'Object Repository/delete_bin_with_cables/delete_bin_with_cables_ws_fan_plenum/Page_Sites and Bins - OPI Blue/a_Plenum' is clicked on

2018-06-04 12:21:36 - [TEST_STEP][PASSED] - click: Object: 'Object Repository/delete_bin_with_cables/delete_bin_with_cables_ws_fan_plenum/Page_Sites and Bins - OPI Blue/button_Remove_1' is clicked on

2018-06-04 12:21:38 - [MESSAGE][PASSED] - Object: 'Object Repository/delete_bin_with_cables/delete_bin_with_cables_ws_fan_plenum/Page_Sites and Bins - OPI Blue/button_Remove_1' is clicked on

2018-06-04 12:21:38 - [TEST_STEP][PASSED] - click: Object: 'Object Repository/delete_bin_with_cables/delete_bin_with_cables_ws_fan_plenum/Page_Sites and Bins - OPI Blue/button_Remove' is clicked on

2018-06-04 12:21:40 - [MESSAGE][PASSED] - Object: 'Object Repository/delete_bin_with_cables/delete_bin_with_cables_ws_fan_plenum/Page_Sites and Bins - OPI Blue/button_Remove' is clicked on

2018-06-04 12:21:40 - [TEST_STEP][PASSED] - waitForElementPresent: Object 'Object Repository/delete_bin_with_cables/delete_bin_with_cables_ws_fan_plenum/Page_Sites and Bins - OPI Blue/button_Delete' is present

2018-06-04 12:21:41 - [MESSAGE][PASSED] - Object 'Object Repository/delete_bin_with_cables/delete_bin_with_cables_ws_fan_plenum/Page_Sites and Bins - OPI Blue/button_Delete' is present

2018-06-04 12:21:41 - [TEST_STEP][PASSED] - waitForElementClickable: Object 'Object Repository/delete_bin_with_cables/delete_bin_with_cables_ws_fan_plenum/Page_Sites and Bins - OPI Blue/button_Delete' is clickable

2018-06-04 12:21:43 - [MESSAGE][PASSED] - Object 'Object Repository/delete_bin_with_cables/delete_bin_with_cables_ws_fan_plenum/Page_Sites and Bins - OPI Blue/button_Delete' is clickable

2018-06-04 12:21:43 - [TEST_STEP][PASSED] - click: Object: 'Object Repository/delete_bin_with_cables/delete_bin_with_cables_ws_fan_plenum/Page_Sites and Bins - OPI Blue/button_Delete' is clicked on

2018-06-04 12:21:45 - [MESSAGE][PASSED] - Object: 'Object Repository/delete_bin_with_cables/delete_bin_with_cables_ws_fan_plenum/Page_Sites and Bins - OPI Blue/button_Delete' is clicked on

2018-06-04 12:21:45 - [TEST_STEP][PASSED] - click: Object: 'Object Repository/delete_bin_with_cables/delete_bin_with_cables_ws_fan_plenum/Page_Sites and Bins - OPI Blue/button_Delete' is clicked on

2018-06-04 12:21:47 - [MESSAGE][PASSED] - Object: 'Object Repository/delete_bin_with_cables/delete_bin_with_cables_ws_fan_plenum/Page_Sites and Bins - OPI Blue/button_Delete' is clicked on

2018-06-04 12:21:47 - [TEST_STEP][PASSED] - waitForElementPresent: Object 'Object Repository/delete_bin_with_cables/delete_bin_with_cables_ws_fan_plenum/Page_Sites and Bins - OPI Blue/a_Log out' is present

2018-06-04 12:21:48 - [MESSAGE][PASSED] - Object 'Object Repository/delete_bin_with_cables/delete_bin_with_cables_ws_fan_plenum/Page_Sites and Bins - OPI Blue/a_Log out' is present

2018-06-04 12:21:48 - [TEST_STEP][PASSED] - waitForElementClickable: Object 'Object Repository/delete_bin_with_cables/delete_bin_with_cables_ws_fan_plenum/Page_Sites and Bins - OPI Blue/a_Log out' is clickable

2018-06-04 12:21:50 - [MESSAGE][PASSED] - Object 'Object Repository/delete_bin_with_cables/delete_bin_with_cables_ws_fan_plenum/Page_Sites and Bins - OPI Blue/a_Log out' is clickable

2018-06-04 12:21:50 - [TEST_STEP][PASSED] - click: Object: 'Object Repository/delete_bin_with_cables/delete_bin_with_cables_ws_fan_plenum/Page_Sites and Bins - OPI Blue/a_Log out' is clicked on

2018-06-04 12:21:54 - [MESSAGE][PASSED] - Object: 'Object Repository/delete_bin_with_cables/delete_bin_with_cables_ws_fan_plenum/Page_Sites and Bins - OPI Blue/a_Log out' is clicked on

2018-06-04 12:21:54 - [TEST_STEP][PASSED] - closeBrowser: Browser is closed

2018-06-04 12:21:56 - [MESSAGE][PASSED] - Browser is closed]]></system-out>
         <system-err><![CDATA[]]></system-err>
      </testcase>
      <system-out><![CDATA[2018-06-04 12:16:17 - [TEST_SUITE][PASSED] - create_delete_bin_with_cables_ws_fan_plenum: Test Cases/delete_bin_with_cables_ws_fan_plenum]]></system-out>
      <system-err><![CDATA[]]></system-err>
   </testsuite>
</testsuites>
