<?xml version="1.0" encoding="UTF-8"?>
<testsuites name="removePlenum_removeFan_deleteBin_deleteSite_unmapNode_unregNode_unregGW" time="468" tests="9" failures="1" errors="0">
   <testsuite name="removePlenum_removeFan_deleteBin_deleteSite_unmapNode_unregNode_unregGW" tests="9" failures="1" errors="0" time="468" timestamp="2018-06-12 11:31:02" hostname="geetab - OPI-LT66.opisystems.local" id="Test Suites/removePlenum_removeFan_deleteBin_deleteSite_unmapNode_unregNode_unregGW">
      <properties>
         <property name="deviceName" value=""/>
         <property name="devicePlatform" value=""/>
         <property name="logFolder" value="C:\\Users\\geetab\\Katalon Studio\\RA_opi_blue_cloud\\Reports\\removePlenum_removeFan_deleteBin_deleteSite_unmapNode_unregNode_unregGW\\20180612_113054"/>
         <property name="logFiles" value="C:\\Users\\geetab\\Katalon Studio\\RA_opi_blue_cloud\\Reports\\removePlenum_removeFan_deleteBin_deleteSite_unmapNode_unregNode_unregGW\\20180612_113054\\execution0.log"/>
         <property name="attachments" value="C:\\Users\\geetab\\Katalon Studio\\RA_opi_blue_cloud\\Reports\\removePlenum_removeFan_deleteBin_deleteSite_unmapNode_unregNode_unregGW\\20180612_113054\\1528824766715.png"/>
         <property name="hostName" value="geetab - OPI-LT66.opisystems.local"/>
         <property name="os" value="Windows 10 64bit"/>
         <property name="katalonVersion" value="5.4.2.1"/>
         <property name="browser" value="Chrome 67.0.3396.79"/>
         <property name="hostAddress" value="172.16.6.51"/>
         <property name="sessionId" value="6bdf6e84b2407b53587e2115b462efc4"/>
         <property name="seleniumVersion" value="3.7.1"/>
         <property name="proxyInformation" value="ProxyInformation{proxyOption=NO_PROXY, proxyServerType=HTTP, password=, proxyServerAddress=, proxyServerPort=0}"/>
         <property name="platform" value="Windows 10"/>
      </properties>
      <testcase name="Test Cases/remove_plenum_from_bin" classname="Test Cases/remove_plenum_from_bin" status="PASSED">
         <system-out><![CDATA[2018-06-12 11:31:02 - [TEST_CASE][PASSED] - Test Cases/remove_plenum_from_bin: Test Cases/remove_plenum_from_bin

2018-06-12 11:31:03 - [TEST_STEP][PASSED] - openBrowser: Browser is opened with url: ''

2018-06-12 11:31:12 - [MESSAGE][PASSED] - Browser is opened with url: ''

2018-06-12 11:31:12 - [TEST_STEP][PASSED] - navigateToUrl: Navigate to 'https://ra.managegrain.com/#/dashboard/userPreferences' successfully

2018-06-12 11:31:15 - [MESSAGE][PASSED] - Navigate to 'https://ra.managegrain.com/#/dashboard/userPreferences' successfully

2018-06-12 11:31:15 - [TEST_STEP][PASSED] - setText: Text 'opiopi20171+00028@gmail.com' is set on object 'Object Repository/remove_plenum_from_bin/Page_OPI Blue/input_username'

2018-06-12 11:31:21 - [MESSAGE][PASSED] - Text 'opiopi20171+00028@gmail.com' is set on object 'Object Repository/remove_plenum_from_bin/Page_OPI Blue/input_username'

2018-06-12 11:31:21 - [TEST_STEP][PASSED] - setText: Text 'gWF7Q4IlreZBZUpxglt7' is set on object 'Object Repository/remove_plenum_from_bin/Page_OPI Blue/input_password'

2018-06-12 11:31:26 - [MESSAGE][PASSED] - Text 'gWF7Q4IlreZBZUpxglt7' is set on object 'Object Repository/remove_plenum_from_bin/Page_OPI Blue/input_password'

2018-06-12 11:31:26 - [TEST_STEP][PASSED] - click: Object: 'Object Repository/remove_plenum_from_bin/Page_OPI Blue/button_Log In' is clicked on

2018-06-12 11:31:29 - [MESSAGE][PASSED] - Object: 'Object Repository/remove_plenum_from_bin/Page_OPI Blue/button_Log In' is clicked on

2018-06-12 11:31:29 - [TEST_STEP][PASSED] - click: Object: 'Object Repository/remove_plenum_from_bin/Page_Gateways and Nodes - OPI Blue/span_Sites and Bins' is clicked on

2018-06-12 11:31:32 - [MESSAGE][PASSED] - Object: 'Object Repository/remove_plenum_from_bin/Page_Gateways and Nodes - OPI Blue/span_Sites and Bins' is clicked on

2018-06-12 11:31:32 - [TEST_STEP][PASSED] - click: Object: 'Object Repository/remove_plenum_from_bin/Page_Sites and Bins - OPI Blue/a_Bins' is clicked on

2018-06-12 11:31:34 - [MESSAGE][PASSED] - Object: 'Object Repository/remove_plenum_from_bin/Page_Sites and Bins - OPI Blue/a_Bins' is clicked on

2018-06-12 11:31:34 - [TEST_STEP][PASSED] - click: Object: 'Object Repository/remove_plenum_from_bin/Page_Sites and Bins - OPI Blue/a_Plenum' is clicked on

2018-06-12 11:31:36 - [MESSAGE][PASSED] - Object: 'Object Repository/remove_plenum_from_bin/Page_Sites and Bins - OPI Blue/a_Plenum' is clicked on

2018-06-12 11:31:36 - [TEST_STEP][PASSED] - click: Object: 'Object Repository/remove_plenum_from_bin/Page_Sites and Bins - OPI Blue/button_Remove' is clicked on

2018-06-12 11:31:38 - [MESSAGE][PASSED] - Object: 'Object Repository/remove_plenum_from_bin/Page_Sites and Bins - OPI Blue/button_Remove' is clicked on

2018-06-12 11:31:38 - [TEST_STEP][PASSED] - click: Object: 'Object Repository/remove_plenum_from_bin/Page_Sites and Bins - OPI Blue/button_Remove_1' is clicked on

2018-06-12 11:31:40 - [MESSAGE][PASSED] - Object: 'Object Repository/remove_plenum_from_bin/Page_Sites and Bins - OPI Blue/button_Remove_1' is clicked on

2018-06-12 11:31:40 - [TEST_STEP][PASSED] - waitForElementPresent: Object 'Object Repository/remove_plenum_from_bin/Page_Sites and Bins - OPI Blue/a_Log out' is present

2018-06-12 11:31:42 - [MESSAGE][PASSED] - Object 'Object Repository/remove_plenum_from_bin/Page_Sites and Bins - OPI Blue/a_Log out' is present

2018-06-12 11:31:42 - [TEST_STEP][PASSED] - waitForElementClickable: Object 'Object Repository/remove_plenum_from_bin/Page_Sites and Bins - OPI Blue/a_Log out' is clickable

2018-06-12 11:31:44 - [MESSAGE][PASSED] - Object 'Object Repository/remove_plenum_from_bin/Page_Sites and Bins - OPI Blue/a_Log out' is clickable

2018-06-12 11:31:44 - [TEST_STEP][PASSED] - click: Object: 'Object Repository/remove_plenum_from_bin/Page_Sites and Bins - OPI Blue/a_Log out' is clicked on

2018-06-12 11:31:47 - [MESSAGE][PASSED] - Object: 'Object Repository/remove_plenum_from_bin/Page_Sites and Bins - OPI Blue/a_Log out' is clicked on

2018-06-12 11:31:47 - [TEST_STEP][PASSED] - closeBrowser: Browser is closed

2018-06-12 11:31:49 - [MESSAGE][PASSED] - Browser is closed]]></system-out>
         <system-err><![CDATA[]]></system-err>
      </testcase>
      <testcase name="Test Cases/stop_fan" classname="Test Cases/stop_fan" status="FAILED">
         <failure type="FAILED" message="Unable to click on object 'Object Repository/stop_fan/Page_Fan Control - OPI Blue/i_font-xl icon-stop-circle' (Root cause: com.kms.katalon.core.webui.exception.WebElementNotFoundException: Web element with id: 'Object Repository/stop_fan/Page_Fan Control - OPI Blue/i_font-xl icon-stop-circle' located by 'By.xpath: id(&quot;stopFanButton0&quot;)/i[@class=&quot;font-xl icon-stop-circle&quot;]' not found)"/>
         <system-out><![CDATA[2018-06-12 11:31:51 - [TEST_CASE][FAILED] - Test Cases/stop_fan: Test Cases/stop_fan FAILED because (of) Unable to click on object 'Object Repository/stop_fan/Page_Fan Control - OPI Blue/i_font-xl icon-stop-circle' (Root cause: com.kms.katalon.core.webui.exception.WebElementNotFoundException: Web element with id: 'Object Repository/stop_fan/Page_Fan Control - OPI Blue/i_font-xl icon-stop-circle' located by 'By.xpath: id("stopFanButton0")/i[@class="font-xl icon-stop-circle"]' not found)

2018-06-12 11:31:51 - [TEST_STEP][PASSED] - openBrowser: Browser is opened with url: ''

2018-06-12 11:31:56 - [MESSAGE][PASSED] - Browser is opened with url: ''

2018-06-12 11:31:56 - [TEST_STEP][PASSED] - navigateToUrl: Navigate to 'https://ra.managegrain.com/#/dashboard/userPreferences' successfully

2018-06-12 11:31:59 - [MESSAGE][PASSED] - Navigate to 'https://ra.managegrain.com/#/dashboard/userPreferences' successfully

2018-06-12 11:31:59 - [TEST_STEP][PASSED] - setText: Text 'opiopi20171+00028@gmail.com' is set on object 'Object Repository/stop_fan/Page_OPI Blue/input_username'

2018-06-12 11:32:05 - [MESSAGE][PASSED] - Text 'opiopi20171+00028@gmail.com' is set on object 'Object Repository/stop_fan/Page_OPI Blue/input_username'

2018-06-12 11:32:05 - [TEST_STEP][PASSED] - setText: Text 'gWF7Q4IlreZBZUpxglt7' is set on object 'Object Repository/stop_fan/Page_OPI Blue/input_password'

2018-06-12 11:32:10 - [MESSAGE][PASSED] - Text 'gWF7Q4IlreZBZUpxglt7' is set on object 'Object Repository/stop_fan/Page_OPI Blue/input_password'

2018-06-12 11:32:10 - [TEST_STEP][PASSED] - click: Object: 'Object Repository/stop_fan/Page_OPI Blue/button_Log In' is clicked on

2018-06-12 11:32:13 - [MESSAGE][PASSED] - Object: 'Object Repository/stop_fan/Page_OPI Blue/button_Log In' is clicked on

2018-06-12 11:32:13 - [TEST_STEP][PASSED] - click: Object: 'Object Repository/stop_fan/Page_Dashboard - OPI Blue/a_Fan Control' is clicked on

2018-06-12 11:32:16 - [MESSAGE][PASSED] - Object: 'Object Repository/stop_fan/Page_Dashboard - OPI Blue/a_Fan Control' is clicked on

2018-06-12 11:32:16 - [TEST_STEP][FAILED] - click: Unable to click on object 'Object Repository/stop_fan/Page_Fan Control - OPI Blue/i_font-xl icon-stop-circle' (Root cause: com.kms.katalon.core.webui.exception.WebElementNotFoundException: Web element with id: 'Object Repository/stop_fan/Page_Fan Control - OPI Blue/i_font-xl icon-stop-circle' located by 'By.xpath: id("stopFanButton0")/i[@class="font-xl icon-stop-circle"]' not found)

2018-06-12 11:32:48 - [MESSAGE][FAILED] - Unable to click on object 'Object Repository/stop_fan/Page_Fan Control - OPI Blue/i_font-xl icon-stop-circle' (Root cause: com.kms.katalon.core.webui.exception.WebElementNotFoundException: Web element with id: 'Object Repository/stop_fan/Page_Fan Control - OPI Blue/i_font-xl icon-stop-circle' located by 'By.xpath: id("stopFanButton0")/i[@class="font-xl icon-stop-circle"]' not found)
[[ATTACHMENT|C:\\Users\\geetab\\Katalon Studio\\RA_opi_blue_cloud\\Reports\\removePlenum_removeFan_deleteBin_deleteSite_unmapNode_unregNode_unregGW\\20180612_113054\\1528824766715.png]]]]></system-out>
         <system-err><![CDATA[2018-06-12 11:31:51 - [TEST_CASE][FAILED] - Test Cases/stop_fan: Test Cases/stop_fan FAILED because (of) Unable to click on object 'Object Repository/stop_fan/Page_Fan Control - OPI Blue/i_font-xl icon-stop-circle' (Root cause: com.kms.katalon.core.webui.exception.WebElementNotFoundException: Web element with id: 'Object Repository/stop_fan/Page_Fan Control - OPI Blue/i_font-xl icon-stop-circle' located by 'By.xpath: id("stopFanButton0")/i[@class="font-xl icon-stop-circle"]' not found)]]></system-err>
      </testcase>
      <testcase name="Test Cases/remove_fan_from_bin" classname="Test Cases/remove_fan_from_bin" status="PASSED">
         <system-out><![CDATA[2018-06-12 11:32:50 - [TEST_CASE][PASSED] - Test Cases/remove_fan_from_bin: Test Cases/remove_fan_from_bin

2018-06-12 11:32:50 - [TEST_STEP][PASSED] - openBrowser: Browser is opened with url: ''

2018-06-12 11:32:50 - [MESSAGE][WARNING] - A browser is already opened. Closing browser and opening a new one

2018-06-12 11:32:57 - [MESSAGE][PASSED] - Browser is opened with url: ''

2018-06-12 11:32:57 - [TEST_STEP][PASSED] - navigateToUrl: Navigate to 'https://ra.managegrain.com/#/dashboard/userPreferences' successfully

2018-06-12 11:33:00 - [MESSAGE][PASSED] - Navigate to 'https://ra.managegrain.com/#/dashboard/userPreferences' successfully

2018-06-12 11:33:00 - [TEST_STEP][PASSED] - setText: Text 'opiopi20171+00028@gmail.com' is set on object 'Object Repository/create_bin_add_fan_only/Page_OPI Blue/input_username'

2018-06-12 11:33:06 - [MESSAGE][PASSED] - Text 'opiopi20171+00028@gmail.com' is set on object 'Object Repository/create_bin_add_fan_only/Page_OPI Blue/input_username'

2018-06-12 11:33:06 - [TEST_STEP][PASSED] - setText: Text 'gWF7Q4IlreZBZUpxglt7' is set on object 'Object Repository/create_bin_add_fan_only/Page_OPI Blue/input_password'

2018-06-12 11:33:10 - [MESSAGE][PASSED] - Text 'gWF7Q4IlreZBZUpxglt7' is set on object 'Object Repository/create_bin_add_fan_only/Page_OPI Blue/input_password'

2018-06-12 11:33:10 - [TEST_STEP][PASSED] - click: Object: 'Object Repository/create_bin_add_fan_only/Page_OPI Blue/button_Log In' is clicked on

2018-06-12 11:33:14 - [MESSAGE][PASSED] - Object: 'Object Repository/create_bin_add_fan_only/Page_OPI Blue/button_Log In' is clicked on

2018-06-12 11:33:14 - [TEST_STEP][PASSED] - click: Object: 'Object Repository/create_bin_add_fan_only/Page_Dashboard - OPI Blue/span_Sites and Bins' is clicked on

2018-06-12 11:33:16 - [MESSAGE][PASSED] - Object: 'Object Repository/create_bin_add_fan_only/Page_Dashboard - OPI Blue/span_Sites and Bins' is clicked on

2018-06-12 11:33:16 - [TEST_STEP][PASSED] - click: Object: 'Object Repository/create_bin_add_fan_only/Page_Sites and Bins - OPI Blue/a_Bins' is clicked on

2018-06-12 11:33:19 - [MESSAGE][PASSED] - Object: 'Object Repository/create_bin_add_fan_only/Page_Sites and Bins - OPI Blue/a_Bins' is clicked on

2018-06-12 11:33:19 - [TEST_STEP][PASSED] - click: Object: 'Object Repository/create_bin_add_fan_only/Page_Sites and Bins - OPI Blue/a_Fans' is clicked on

2018-06-12 11:33:21 - [MESSAGE][PASSED] - Object: 'Object Repository/create_bin_add_fan_only/Page_Sites and Bins - OPI Blue/a_Fans' is clicked on

2018-06-12 11:33:21 - [TEST_STEP][PASSED] - click: Object: 'Object Repository/create_bin_add_fan_only/Page_Sites and Bins - OPI Blue/button_Remove Fan' is clicked on

2018-06-12 11:33:23 - [MESSAGE][PASSED] - Object: 'Object Repository/create_bin_add_fan_only/Page_Sites and Bins - OPI Blue/button_Remove Fan' is clicked on

2018-06-12 11:33:23 - [TEST_STEP][PASSED] - click: Object: 'Object Repository/create_bin_add_fan_only/Page_Sites and Bins - OPI Blue/button_Remove' is clicked on

2018-06-12 11:33:25 - [MESSAGE][PASSED] - Object: 'Object Repository/create_bin_add_fan_only/Page_Sites and Bins - OPI Blue/button_Remove' is clicked on

2018-06-12 11:33:25 - [TEST_STEP][PASSED] - waitForElementPresent: Object 'Object Repository/create_bin_add_fan_only/Page_Sites and Bins - OPI Blue/a_Log out' is present

2018-06-12 11:33:26 - [MESSAGE][PASSED] - Object 'Object Repository/create_bin_add_fan_only/Page_Sites and Bins - OPI Blue/a_Log out' is present

2018-06-12 11:33:26 - [TEST_STEP][PASSED] - waitForElementClickable: Object 'Object Repository/create_bin_add_fan_only/Page_Sites and Bins - OPI Blue/a_Log out' is clickable

2018-06-12 11:33:28 - [MESSAGE][PASSED] - Object 'Object Repository/create_bin_add_fan_only/Page_Sites and Bins - OPI Blue/a_Log out' is clickable

2018-06-12 11:33:28 - [TEST_STEP][PASSED] - click: Object: 'Object Repository/create_bin_add_fan_only/Page_Sites and Bins - OPI Blue/a_Log out' is clicked on

2018-06-12 11:33:31 - [MESSAGE][PASSED] - Object: 'Object Repository/create_bin_add_fan_only/Page_Sites and Bins - OPI Blue/a_Log out' is clicked on

2018-06-12 11:33:31 - [TEST_STEP][PASSED] - closeBrowser: Browser is closed

2018-06-12 11:33:33 - [MESSAGE][PASSED] - Browser is closed]]></system-out>
         <system-err><![CDATA[]]></system-err>
      </testcase>
      <testcase name="Test Cases/delete_first_bin" classname="Test Cases/delete_first_bin" status="PASSED">
         <system-out><![CDATA[2018-06-12 11:33:35 - [TEST_CASE][PASSED] - Test Cases/delete_first_bin: Test Cases/delete_first_bin

2018-06-12 11:33:35 - [TEST_STEP][PASSED] - openBrowser: Browser is opened with url: ''

2018-06-12 11:33:40 - [MESSAGE][PASSED] - Browser is opened with url: ''

2018-06-12 11:33:40 - [TEST_STEP][PASSED] - navigateToUrl: Navigate to 'https://ra.managegrain.com/#/dashboard/userPreferences' successfully

2018-06-12 11:33:44 - [MESSAGE][PASSED] - Navigate to 'https://ra.managegrain.com/#/dashboard/userPreferences' successfully

2018-06-12 11:33:44 - [TEST_STEP][PASSED] - setText: Text 'opiopi20171+00028@gmail.com' is set on object 'Object Repository/delete_first_bin/Page_OPI Blue/input_username'

2018-06-12 11:33:50 - [MESSAGE][PASSED] - Text 'opiopi20171+00028@gmail.com' is set on object 'Object Repository/delete_first_bin/Page_OPI Blue/input_username'

2018-06-12 11:33:50 - [TEST_STEP][PASSED] - setText: Text 'gWF7Q4IlreZBZUpxglt7' is set on object 'Object Repository/delete_first_bin/Page_OPI Blue/input_password'

2018-06-12 11:33:55 - [MESSAGE][PASSED] - Text 'gWF7Q4IlreZBZUpxglt7' is set on object 'Object Repository/delete_first_bin/Page_OPI Blue/input_password'

2018-06-12 11:33:55 - [TEST_STEP][PASSED] - click: Object: 'Object Repository/delete_first_bin/Page_OPI Blue/button_Log In' is clicked on

2018-06-12 11:33:58 - [MESSAGE][PASSED] - Object: 'Object Repository/delete_first_bin/Page_OPI Blue/button_Log In' is clicked on

2018-06-12 11:33:58 - [TEST_STEP][PASSED] - click: Object: 'Object Repository/delete_first_bin/Page_Gateways and Nodes - OPI Blue/span_Sites and Bins' is clicked on

2018-06-12 11:34:01 - [MESSAGE][PASSED] - Object: 'Object Repository/delete_first_bin/Page_Gateways and Nodes - OPI Blue/span_Sites and Bins' is clicked on

2018-06-12 11:34:01 - [TEST_STEP][PASSED] - click: Object: 'Object Repository/delete_first_bin/Page_Sites and Bins - OPI Blue/a_Bins' is clicked on

2018-06-12 11:34:03 - [MESSAGE][PASSED] - Object: 'Object Repository/delete_first_bin/Page_Sites and Bins - OPI Blue/a_Bins' is clicked on

2018-06-12 11:34:03 - [TEST_STEP][PASSED] - click: Object: 'Object Repository/delete_first_bin/Page_Sites and Bins - OPI Blue/button_Delete' is clicked on

2018-06-12 11:34:05 - [MESSAGE][PASSED] - Object: 'Object Repository/delete_first_bin/Page_Sites and Bins - OPI Blue/button_Delete' is clicked on

2018-06-12 11:34:05 - [TEST_STEP][PASSED] - click: Object: 'Object Repository/delete_first_bin/Page_Sites and Bins - OPI Blue/button_Delete' is clicked on

2018-06-12 11:34:07 - [MESSAGE][PASSED] - Object: 'Object Repository/delete_first_bin/Page_Sites and Bins - OPI Blue/button_Delete' is clicked on

2018-06-12 11:34:07 - [TEST_STEP][PASSED] - waitForElementPresent: Object 'Object Repository/delete_first_bin/Page_Sites and Bins - OPI Blue/a_Log out' is present

2018-06-12 11:34:08 - [MESSAGE][PASSED] - Object 'Object Repository/delete_first_bin/Page_Sites and Bins - OPI Blue/a_Log out' is present

2018-06-12 11:34:08 - [TEST_STEP][PASSED] - waitForElementClickable: Object 'Object Repository/delete_first_bin/Page_Sites and Bins - OPI Blue/a_Log out' is clickable

2018-06-12 11:34:10 - [MESSAGE][PASSED] - Object 'Object Repository/delete_first_bin/Page_Sites and Bins - OPI Blue/a_Log out' is clickable

2018-06-12 11:34:10 - [TEST_STEP][PASSED] - click: Object: 'Object Repository/delete_first_bin/Page_Sites and Bins - OPI Blue/a_Log out' is clicked on

2018-06-12 11:34:13 - [MESSAGE][PASSED] - Object: 'Object Repository/delete_first_bin/Page_Sites and Bins - OPI Blue/a_Log out' is clicked on

2018-06-12 11:34:13 - [TEST_STEP][PASSED] - closeBrowser: Browser is closed

2018-06-12 11:34:15 - [MESSAGE][PASSED] - Browser is closed]]></system-out>
         <system-err><![CDATA[]]></system-err>
      </testcase>
      <testcase name="Test Cases/delete_bin_with_cables_without_ws_fan_plenum" classname="Test Cases/delete_bin_with_cables_without_ws_fan_plenum" status="PASSED">
         <system-out><![CDATA[2018-06-12 11:34:17 - [TEST_CASE][PASSED] - Test Cases/delete_bin_with_cables_without_ws_fan_plenum: Test Cases/delete_bin_with_cables_without_ws_fan_plenum

2018-06-12 11:34:18 - [TEST_STEP][PASSED] - openBrowser: Browser is opened with url: ''

2018-06-12 11:34:22 - [MESSAGE][PASSED] - Browser is opened with url: ''

2018-06-12 11:34:22 - [TEST_STEP][PASSED] - navigateToUrl: Navigate to 'https://ra.managegrain.com/#/dashboard/userPreferences' successfully

2018-06-12 11:34:26 - [MESSAGE][PASSED] - Navigate to 'https://ra.managegrain.com/#/dashboard/userPreferences' successfully

2018-06-12 11:34:26 - [TEST_STEP][PASSED] - setText: Text 'opiopi20171+00028@gmail.com' is set on object 'Object Repository/delete_bin_with_cables/Page_OPI Blue/input_username'

2018-06-12 11:34:32 - [MESSAGE][PASSED] - Text 'opiopi20171+00028@gmail.com' is set on object 'Object Repository/delete_bin_with_cables/Page_OPI Blue/input_username'

2018-06-12 11:34:32 - [TEST_STEP][PASSED] - setText: Text 'gWF7Q4IlreZBZUpxglt7' is set on object 'Object Repository/delete_bin_with_cables/Page_OPI Blue/input_password'

2018-06-12 11:34:36 - [MESSAGE][PASSED] - Text 'gWF7Q4IlreZBZUpxglt7' is set on object 'Object Repository/delete_bin_with_cables/Page_OPI Blue/input_password'

2018-06-12 11:34:36 - [TEST_STEP][PASSED] - click: Object: 'Object Repository/delete_bin_with_cables/Page_OPI Blue/button_Log In' is clicked on

2018-06-12 11:34:40 - [MESSAGE][PASSED] - Object: 'Object Repository/delete_bin_with_cables/Page_OPI Blue/button_Log In' is clicked on

2018-06-12 11:34:40 - [TEST_STEP][PASSED] - click: Object: 'Object Repository/delete_bin_with_cables/Page_Dashboard - OPI Blue/span_Sites and Bins' is clicked on

2018-06-12 11:34:42 - [MESSAGE][PASSED] - Object: 'Object Repository/delete_bin_with_cables/Page_Dashboard - OPI Blue/span_Sites and Bins' is clicked on

2018-06-12 11:34:42 - [TEST_STEP][PASSED] - click: Object: 'Object Repository/delete_bin_with_cables/Page_Sites and Bins - OPI Blue/a_Bins' is clicked on

2018-06-12 11:34:44 - [MESSAGE][PASSED] - Object: 'Object Repository/delete_bin_with_cables/Page_Sites and Bins - OPI Blue/a_Bins' is clicked on

2018-06-12 11:34:44 - [TEST_STEP][PASSED] - click: Object: 'Object Repository/delete_bin_with_cables/Page_Sites and Bins - OPI Blue/button_Delete' is clicked on

2018-06-12 11:34:46 - [MESSAGE][PASSED] - Object: 'Object Repository/delete_bin_with_cables/Page_Sites and Bins - OPI Blue/button_Delete' is clicked on

2018-06-12 11:34:46 - [TEST_STEP][PASSED] - click: Object: 'Object Repository/delete_bin_with_cables/Page_Sites and Bins - OPI Blue/button_Delete' is clicked on

2018-06-12 11:34:49 - [MESSAGE][PASSED] - Object: 'Object Repository/delete_bin_with_cables/Page_Sites and Bins - OPI Blue/button_Delete' is clicked on

2018-06-12 11:34:49 - [TEST_STEP][PASSED] - waitForElementClickable: Object 'Object Repository/delete_bin_with_cables/Page_Sites and Bins - OPI Blue/button_Cancel' is clickable

2018-06-12 11:34:51 - [MESSAGE][PASSED] - Object 'Object Repository/delete_bin_with_cables/Page_Sites and Bins - OPI Blue/button_Cancel' is clickable

2018-06-12 11:34:51 - [TEST_STEP][PASSED] - click: Object: 'Object Repository/delete_bin_with_cables/Page_Sites and Bins - OPI Blue/button_Cancel' is clicked on

2018-06-12 11:34:53 - [MESSAGE][PASSED] - Object: 'Object Repository/delete_bin_with_cables/Page_Sites and Bins - OPI Blue/button_Cancel' is clicked on

2018-06-12 11:34:53 - [TEST_STEP][PASSED] - click: Object: 'Object Repository/delete_bin_with_cables/Page_Sites and Bins - OPI Blue/a_Cables' is clicked on

2018-06-12 11:34:55 - [MESSAGE][PASSED] - Object: 'Object Repository/delete_bin_with_cables/Page_Sites and Bins - OPI Blue/a_Cables' is clicked on

2018-06-12 11:34:55 - [TEST_STEP][PASSED] - click: Object: 'Object Repository/delete_bin_with_cables/Page_Sites and Bins - OPI Blue/button_Edit' is clicked on

2018-06-12 11:34:57 - [MESSAGE][PASSED] - Object: 'Object Repository/delete_bin_with_cables/Page_Sites and Bins - OPI Blue/button_Edit' is clicked on

2018-06-12 11:34:57 - [TEST_STEP][PASSED] - click: Object: 'Object Repository/delete_bin_with_cables/Page_Sites and Bins - OPI Blue/i_icon-pencil' is clicked on

2018-06-12 11:35:00 - [MESSAGE][PASSED] - Object: 'Object Repository/delete_bin_with_cables/Page_Sites and Bins - OPI Blue/i_icon-pencil' is clicked on

2018-06-12 11:35:00 - [TEST_STEP][PASSED] - click: Object: 'Object Repository/delete_bin_with_cables/Page_Sites and Bins - OPI Blue/i_icon-cancel-circled unmap-ic' is clicked on

2018-06-12 11:35:02 - [MESSAGE][PASSED] - Object: 'Object Repository/delete_bin_with_cables/Page_Sites and Bins - OPI Blue/i_icon-cancel-circled unmap-ic' is clicked on

2018-06-12 11:35:02 - [TEST_STEP][PASSED] - click: Object: 'Object Repository/delete_bin_with_cables/Page_Sites and Bins - OPI Blue/i_icon-pencil_1' is clicked on

2018-06-12 11:35:04 - [MESSAGE][PASSED] - Object: 'Object Repository/delete_bin_with_cables/Page_Sites and Bins - OPI Blue/i_icon-pencil_1' is clicked on

2018-06-12 11:35:04 - [TEST_STEP][PASSED] - click: Object: 'Object Repository/delete_bin_with_cables/Page_Sites and Bins - OPI Blue/i_icon-cancel-circled unmap-ic_1' is clicked on

2018-06-12 11:35:06 - [MESSAGE][PASSED] - Object: 'Object Repository/delete_bin_with_cables/Page_Sites and Bins - OPI Blue/i_icon-cancel-circled unmap-ic_1' is clicked on

2018-06-12 11:35:06 - [TEST_STEP][PASSED] - click: Object: 'Object Repository/delete_bin_with_cables/Page_Sites and Bins - OPI Blue/span_Save' is clicked on

2018-06-12 11:35:08 - [MESSAGE][PASSED] - Object: 'Object Repository/delete_bin_with_cables/Page_Sites and Bins - OPI Blue/span_Save' is clicked on

2018-06-12 11:35:08 - [TEST_STEP][PASSED] - waitForElementClickable: Object 'Object Repository/delete_bin_with_cables/Page_Sites and Bins - OPI Blue (1)/button_Delete' is clickable

2018-06-12 11:35:10 - [MESSAGE][PASSED] - Object 'Object Repository/delete_bin_with_cables/Page_Sites and Bins - OPI Blue (1)/button_Delete' is clickable

2018-06-12 11:35:10 - [TEST_STEP][PASSED] - click: Object: 'Object Repository/delete_bin_with_cables/Page_Sites and Bins - OPI Blue (1)/button_Delete' is clicked on

2018-06-12 11:35:13 - [MESSAGE][PASSED] - Object: 'Object Repository/delete_bin_with_cables/Page_Sites and Bins - OPI Blue (1)/button_Delete' is clicked on

2018-06-12 11:35:13 - [TEST_STEP][PASSED] - click: Object: 'Object Repository/delete_bin_with_cables/Page_Sites and Bins - OPI Blue/button_Delete' is clicked on

2018-06-12 11:35:15 - [MESSAGE][PASSED] - Object: 'Object Repository/delete_bin_with_cables/Page_Sites and Bins - OPI Blue/button_Delete' is clicked on

2018-06-12 11:35:15 - [TEST_STEP][PASSED] - waitForElementPresent: Object 'Object Repository/delete_bin_with_cables/Page_Sites and Bins - OPI Blue/a_Log out' is present

2018-06-12 11:35:16 - [MESSAGE][PASSED] - Object 'Object Repository/delete_bin_with_cables/Page_Sites and Bins - OPI Blue/a_Log out' is present

2018-06-12 11:35:16 - [TEST_STEP][PASSED] - waitForElementClickable: Object 'Object Repository/delete_bin_with_cables/Page_Sites and Bins - OPI Blue/a_Log out' is clickable

2018-06-12 11:35:18 - [MESSAGE][PASSED] - Object 'Object Repository/delete_bin_with_cables/Page_Sites and Bins - OPI Blue/a_Log out' is clickable

2018-06-12 11:35:18 - [TEST_STEP][PASSED] - click: Object: 'Object Repository/delete_bin_with_cables/Page_Sites and Bins - OPI Blue/a_Log out' is clicked on

2018-06-12 11:35:21 - [MESSAGE][PASSED] - Object: 'Object Repository/delete_bin_with_cables/Page_Sites and Bins - OPI Blue/a_Log out' is clicked on

2018-06-12 11:35:21 - [TEST_STEP][PASSED] - closeBrowser: Browser is closed

2018-06-12 11:35:23 - [MESSAGE][PASSED] - Browser is closed]]></system-out>
         <system-err><![CDATA[]]></system-err>
      </testcase>
      <testcase name="Test Cases/remove_weather_station_from_site" classname="Test Cases/remove_weather_station_from_site" status="PASSED">
         <system-out><![CDATA[2018-06-12 11:35:25 - [TEST_CASE][PASSED] - Test Cases/remove_weather_station_from_site: Test Cases/remove_weather_station_from_site

2018-06-12 11:35:25 - [TEST_STEP][PASSED] - openBrowser: Browser is opened with url: ''

2018-06-12 11:35:30 - [MESSAGE][PASSED] - Browser is opened with url: ''

2018-06-12 11:35:30 - [TEST_STEP][PASSED] - navigateToUrl: Navigate to 'https://ra.managegrain.com/#/dashboard/userPreferences' successfully

2018-06-12 11:35:33 - [MESSAGE][PASSED] - Navigate to 'https://ra.managegrain.com/#/dashboard/userPreferences' successfully

2018-06-12 11:35:33 - [TEST_STEP][PASSED] - setText: Text 'opiopi20171+00028@gmail.com' is set on object 'Object Repository/remove_weather_station/Page_OPI Blue/input_username'

2018-06-12 11:35:39 - [MESSAGE][PASSED] - Text 'opiopi20171+00028@gmail.com' is set on object 'Object Repository/remove_weather_station/Page_OPI Blue/input_username'

2018-06-12 11:35:39 - [TEST_STEP][PASSED] - setText: Text 'gWF7Q4IlreZBZUpxglt7' is set on object 'Object Repository/remove_weather_station/Page_OPI Blue/input_password'

2018-06-12 11:35:43 - [MESSAGE][PASSED] - Text 'gWF7Q4IlreZBZUpxglt7' is set on object 'Object Repository/remove_weather_station/Page_OPI Blue/input_password'

2018-06-12 11:35:43 - [TEST_STEP][PASSED] - click: Object: 'Object Repository/remove_weather_station/Page_OPI Blue/span_Log In' is clicked on

2018-06-12 11:35:47 - [MESSAGE][PASSED] - Object: 'Object Repository/remove_weather_station/Page_OPI Blue/span_Log In' is clicked on

2018-06-12 11:35:47 - [TEST_STEP][PASSED] - click: Object: 'Object Repository/remove_weather_station/Page_Dashboard - OPI Blue/span_Sites and Bins' is clicked on

2018-06-12 11:35:49 - [MESSAGE][PASSED] - Object: 'Object Repository/remove_weather_station/Page_Dashboard - OPI Blue/span_Sites and Bins' is clicked on

2018-06-12 11:35:49 - [TEST_STEP][PASSED] - click: Object: 'Object Repository/remove_weather_station/Page_Sites and Bins - OPI Blue/a_Sites' is clicked on

2018-06-12 11:35:51 - [MESSAGE][PASSED] - Object: 'Object Repository/remove_weather_station/Page_Sites and Bins - OPI Blue/a_Sites' is clicked on

2018-06-12 11:35:51 - [TEST_STEP][PASSED] - click: Object: 'Object Repository/remove_weather_station/Page_Sites and Bins - OPI Blue/a_Weather Stations' is clicked on

2018-06-12 11:35:54 - [MESSAGE][PASSED] - Object: 'Object Repository/remove_weather_station/Page_Sites and Bins - OPI Blue/a_Weather Stations' is clicked on

2018-06-12 11:35:54 - [TEST_STEP][PASSED] - click: Object: 'Object Repository/remove_weather_station/Page_Sites and Bins - OPI Blue/button_Remove' is clicked on

2018-06-12 11:35:56 - [MESSAGE][PASSED] - Object: 'Object Repository/remove_weather_station/Page_Sites and Bins - OPI Blue/button_Remove' is clicked on

2018-06-12 11:35:56 - [TEST_STEP][PASSED] - click: Object: 'Object Repository/remove_weather_station/Page_Sites and Bins - OPI Blue/button_Remove_1' is clicked on

2018-06-12 11:35:58 - [MESSAGE][PASSED] - Object: 'Object Repository/remove_weather_station/Page_Sites and Bins - OPI Blue/button_Remove_1' is clicked on

2018-06-12 11:35:58 - [TEST_STEP][PASSED] - waitForElementPresent: Object 'Object Repository/remove_weather_station/Page_Sites and Bins - OPI Blue/a_Log out' is present

2018-06-12 11:35:59 - [MESSAGE][PASSED] - Object 'Object Repository/remove_weather_station/Page_Sites and Bins - OPI Blue/a_Log out' is present

2018-06-12 11:35:59 - [TEST_STEP][PASSED] - waitForElementClickable: Object 'Object Repository/remove_weather_station/Page_Sites and Bins - OPI Blue/a_Log out' is clickable

2018-06-12 11:36:01 - [MESSAGE][PASSED] - Object 'Object Repository/remove_weather_station/Page_Sites and Bins - OPI Blue/a_Log out' is clickable

2018-06-12 11:36:01 - [TEST_STEP][PASSED] - click: Object: 'Object Repository/remove_weather_station/Page_Sites and Bins - OPI Blue/a_Log out' is clicked on

2018-06-12 11:36:04 - [MESSAGE][PASSED] - Object: 'Object Repository/remove_weather_station/Page_Sites and Bins - OPI Blue/a_Log out' is clicked on

2018-06-12 11:36:04 - [TEST_STEP][PASSED] - closeBrowser: Browser is closed

2018-06-12 11:36:06 - [MESSAGE][PASSED] - Browser is closed]]></system-out>
         <system-err><![CDATA[]]></system-err>
      </testcase>
      <testcase name="Test Cases/delete_site_without_ws" classname="Test Cases/delete_site_without_ws" status="PASSED">
         <system-out><![CDATA[2018-06-12 11:36:08 - [TEST_CASE][PASSED] - Test Cases/delete_site_without_ws: Test Cases/delete_site_without_ws

2018-06-12 11:36:08 - [TEST_STEP][PASSED] - openBrowser: Browser is opened with url: ''

2018-06-12 11:36:13 - [MESSAGE][PASSED] - Browser is opened with url: ''

2018-06-12 11:36:13 - [TEST_STEP][PASSED] - navigateToUrl: Navigate to 'https://ra.managegrain.com/#/dashboard/userPreferences' successfully

2018-06-12 11:36:16 - [MESSAGE][PASSED] - Navigate to 'https://ra.managegrain.com/#/dashboard/userPreferences' successfully

2018-06-12 11:36:16 - [TEST_STEP][PASSED] - setText: Text 'opiopi20171+00028@gmail.com' is set on object 'Object Repository/delete_site/Page_OPI Blue/input_username'

2018-06-12 11:36:22 - [MESSAGE][PASSED] - Text 'opiopi20171+00028@gmail.com' is set on object 'Object Repository/delete_site/Page_OPI Blue/input_username'

2018-06-12 11:36:22 - [TEST_STEP][PASSED] - setText: Text 'gWF7Q4IlreZBZUpxglt7' is set on object 'Object Repository/delete_site/Page_OPI Blue/input_password'

2018-06-12 11:36:27 - [MESSAGE][PASSED] - Text 'gWF7Q4IlreZBZUpxglt7' is set on object 'Object Repository/delete_site/Page_OPI Blue/input_password'

2018-06-12 11:36:27 - [TEST_STEP][PASSED] - click: Object: 'Object Repository/delete_site/Page_OPI Blue/span_Log In' is clicked on

2018-06-12 11:36:30 - [MESSAGE][PASSED] - Object: 'Object Repository/delete_site/Page_OPI Blue/span_Log In' is clicked on

2018-06-12 11:36:30 - [TEST_STEP][PASSED] - click: Object: 'Object Repository/delete_site/Page_Sites and Bins - OPI Blue/span_Sites and Bins' is clicked on

2018-06-12 11:36:32 - [MESSAGE][PASSED] - Object: 'Object Repository/delete_site/Page_Sites and Bins - OPI Blue/span_Sites and Bins' is clicked on

2018-06-12 11:36:32 - [TEST_STEP][PASSED] - click: Object: 'Object Repository/delete_site/Page_Sites and Bins - OPI Blue/a_Sites' is clicked on

2018-06-12 11:36:34 - [MESSAGE][PASSED] - Object: 'Object Repository/delete_site/Page_Sites and Bins - OPI Blue/a_Sites' is clicked on

2018-06-12 11:36:34 - [TEST_STEP][PASSED] - click: Object: 'Object Repository/delete_site/Page_Sites and Bins - OPI Blue/button_Delete' is clicked on

2018-06-12 11:36:37 - [MESSAGE][PASSED] - Object: 'Object Repository/delete_site/Page_Sites and Bins - OPI Blue/button_Delete' is clicked on

2018-06-12 11:36:37 - [TEST_STEP][PASSED] - click: Object: 'Object Repository/delete_site/Page_Sites and Bins - OPI Blue/button_Delete' is clicked on

2018-06-12 11:36:39 - [MESSAGE][PASSED] - Object: 'Object Repository/delete_site/Page_Sites and Bins - OPI Blue/button_Delete' is clicked on

2018-06-12 11:36:39 - [TEST_STEP][PASSED] - waitForElementPresent: Object 'Object Repository/delete_site/Page_Sites and Bins - OPI Blue/a_Log out' is present

2018-06-12 11:36:40 - [MESSAGE][PASSED] - Object 'Object Repository/delete_site/Page_Sites and Bins - OPI Blue/a_Log out' is present

2018-06-12 11:36:40 - [TEST_STEP][PASSED] - waitForElementClickable: Object 'Object Repository/delete_site/Page_Sites and Bins - OPI Blue/a_Log out' is clickable

2018-06-12 11:36:42 - [MESSAGE][PASSED] - Object 'Object Repository/delete_site/Page_Sites and Bins - OPI Blue/a_Log out' is clickable

2018-06-12 11:36:42 - [TEST_STEP][PASSED] - click: Object: 'Object Repository/delete_site/Page_Sites and Bins - OPI Blue/a_Log out' is clicked on

2018-06-12 11:36:45 - [MESSAGE][PASSED] - Object: 'Object Repository/delete_site/Page_Sites and Bins - OPI Blue/a_Log out' is clicked on

2018-06-12 11:36:45 - [TEST_STEP][PASSED] - closeBrowser: Browser is closed

2018-06-12 11:36:47 - [MESSAGE][PASSED] - Browser is closed]]></system-out>
         <system-err><![CDATA[]]></system-err>
      </testcase>
      <testcase name="Test Cases/unmap_node" classname="Test Cases/unmap_node" status="PASSED">
         <system-out><![CDATA[2018-06-12 11:36:49 - [TEST_CASE][PASSED] - Test Cases/unmap_node: Test Cases/unmap_node

2018-06-12 11:36:49 - [TEST_STEP][PASSED] - openBrowser: Browser is opened with url: ''

2018-06-12 11:36:54 - [MESSAGE][PASSED] - Browser is opened with url: ''

2018-06-12 11:36:54 - [TEST_STEP][PASSED] - navigateToUrl: Navigate to 'https://ra.managegrain.com/#/dashboard/userPreferences' successfully

2018-06-12 11:36:57 - [MESSAGE][PASSED] - Navigate to 'https://ra.managegrain.com/#/dashboard/userPreferences' successfully

2018-06-12 11:36:57 - [TEST_STEP][PASSED] - setText: Text 'opiopi20171+00028@gmail.com' is set on object 'Object Repository/unmap_node/Page_OPI Blue/input_username'

2018-06-12 11:37:03 - [MESSAGE][PASSED] - Text 'opiopi20171+00028@gmail.com' is set on object 'Object Repository/unmap_node/Page_OPI Blue/input_username'

2018-06-12 11:37:03 - [TEST_STEP][PASSED] - setText: Text 'gWF7Q4IlreZBZUpxglt7' is set on object 'Object Repository/unmap_node/Page_OPI Blue/input_password'

2018-06-12 11:37:08 - [MESSAGE][PASSED] - Text 'gWF7Q4IlreZBZUpxglt7' is set on object 'Object Repository/unmap_node/Page_OPI Blue/input_password'

2018-06-12 11:37:08 - [TEST_STEP][PASSED] - click: Object: 'Object Repository/unmap_node/Page_OPI Blue/span_Log In' is clicked on

2018-06-12 11:37:11 - [MESSAGE][PASSED] - Object: 'Object Repository/unmap_node/Page_OPI Blue/span_Log In' is clicked on

2018-06-12 11:37:11 - [TEST_STEP][PASSED] - click: Object: 'Object Repository/unmap_node/Page_Dashboard - OPI Blue/span_Gateways and Nodes' is clicked on

2018-06-12 11:37:14 - [MESSAGE][PASSED] - Object: 'Object Repository/unmap_node/Page_Dashboard - OPI Blue/span_Gateways and Nodes' is clicked on

2018-06-12 11:37:14 - [TEST_STEP][PASSED] - click: Object: 'Object Repository/unmap_node/Page_Gateways and Nodes - OPI Blue/a_Nodes' is clicked on

2018-06-12 11:37:16 - [MESSAGE][PASSED] - Object: 'Object Repository/unmap_node/Page_Gateways and Nodes - OPI Blue/a_Nodes' is clicked on

2018-06-12 11:37:16 - [TEST_STEP][PASSED] - click: Object: 'Object Repository/unmap_node/Page_Gateways and Nodes - OPI Blue/button_Unmap' is clicked on

2018-06-12 11:37:18 - [MESSAGE][PASSED] - Object: 'Object Repository/unmap_node/Page_Gateways and Nodes - OPI Blue/button_Unmap' is clicked on

2018-06-12 11:37:18 - [TEST_STEP][PASSED] - waitForElementPresent: Object 'Object Repository/unmap_node/Page_Gateways and Nodes - OPI Blue/a_Log out' is present

2018-06-12 11:37:19 - [MESSAGE][PASSED] - Object 'Object Repository/unmap_node/Page_Gateways and Nodes - OPI Blue/a_Log out' is present

2018-06-12 11:37:19 - [TEST_STEP][PASSED] - waitForElementClickable: Object 'Object Repository/unmap_node/Page_Gateways and Nodes - OPI Blue/a_Log out' is clickable

2018-06-12 11:37:21 - [MESSAGE][PASSED] - Object 'Object Repository/unmap_node/Page_Gateways and Nodes - OPI Blue/a_Log out' is clickable

2018-06-12 11:37:21 - [TEST_STEP][PASSED] - click: Object: 'Object Repository/unmap_node/Page_Gateways and Nodes - OPI Blue/a_Log out' is clicked on

2018-06-12 11:37:24 - [MESSAGE][PASSED] - Object: 'Object Repository/unmap_node/Page_Gateways and Nodes - OPI Blue/a_Log out' is clicked on

2018-06-12 11:37:24 - [TEST_STEP][PASSED] - closeBrowser: Browser is closed

2018-06-12 11:37:26 - [MESSAGE][PASSED] - Browser is closed]]></system-out>
         <system-err><![CDATA[]]></system-err>
      </testcase>
      <testcase name="Test Cases/unregister_node" classname="Test Cases/unregister_node" status="PASSED">
         <system-out><![CDATA[2018-06-12 11:37:28 - [TEST_CASE][PASSED] - Test Cases/unregister_node: Test Cases/unregister_node

2018-06-12 11:37:28 - [TEST_STEP][PASSED] - openBrowser: Browser is opened with url: ''

2018-06-12 11:37:33 - [MESSAGE][PASSED] - Browser is opened with url: ''

2018-06-12 11:37:33 - [TEST_STEP][PASSED] - navigateToUrl: Navigate to 'https://ra.managegrain.com/#/dashboard/userPreferences' successfully

2018-06-12 11:37:36 - [MESSAGE][PASSED] - Navigate to 'https://ra.managegrain.com/#/dashboard/userPreferences' successfully

2018-06-12 11:37:36 - [TEST_STEP][PASSED] - setText: Text 'opiopi20171+00028@gmail.com' is set on object 'Object Repository/unregister_node/Page_OPI Blue/input_username'

2018-06-12 11:37:42 - [MESSAGE][PASSED] - Text 'opiopi20171+00028@gmail.com' is set on object 'Object Repository/unregister_node/Page_OPI Blue/input_username'

2018-06-12 11:37:42 - [TEST_STEP][PASSED] - setText: Text 'gWF7Q4IlreZBZUpxglt7' is set on object 'Object Repository/unregister_node/Page_OPI Blue/input_password'

2018-06-12 11:37:46 - [MESSAGE][PASSED] - Text 'gWF7Q4IlreZBZUpxglt7' is set on object 'Object Repository/unregister_node/Page_OPI Blue/input_password'

2018-06-12 11:37:46 - [TEST_STEP][PASSED] - click: Object: 'Object Repository/unregister_node/Page_OPI Blue/span_Log In' is clicked on

2018-06-12 11:37:50 - [MESSAGE][PASSED] - Object: 'Object Repository/unregister_node/Page_OPI Blue/span_Log In' is clicked on

2018-06-12 11:37:50 - [TEST_STEP][PASSED] - click: Object: 'Object Repository/unregister_node/Page_Dashboard - OPI Blue/span_Gateways and Nodes' is clicked on

2018-06-12 11:37:52 - [MESSAGE][PASSED] - Object: 'Object Repository/unregister_node/Page_Dashboard - OPI Blue/span_Gateways and Nodes' is clicked on

2018-06-12 11:37:52 - [TEST_STEP][PASSED] - click: Object: 'Object Repository/unregister_node/Page_Gateways and Nodes - OPI Blue/a_Nodes' is clicked on

2018-06-12 11:37:55 - [MESSAGE][PASSED] - Object: 'Object Repository/unregister_node/Page_Gateways and Nodes - OPI Blue/a_Nodes' is clicked on

2018-06-12 11:37:55 - [TEST_STEP][PASSED] - click: Object: 'Object Repository/unregister_node/Page_Gateways and Nodes - OPI Blue/button_Unregister' is clicked on

2018-06-12 11:37:57 - [MESSAGE][PASSED] - Object: 'Object Repository/unregister_node/Page_Gateways and Nodes - OPI Blue/button_Unregister' is clicked on

2018-06-12 11:37:57 - [TEST_STEP][PASSED] - click: Object: 'Object Repository/unregister_node/Page_Gateways and Nodes - OPI Blue/button_Unregister_1' is clicked on

2018-06-12 11:37:59 - [MESSAGE][PASSED] - Object: 'Object Repository/unregister_node/Page_Gateways and Nodes - OPI Blue/button_Unregister_1' is clicked on

2018-06-12 11:37:59 - [TEST_STEP][PASSED] - click: Object: 'Object Repository/unregister_node/Page_Gateways and Nodes - OPI Blue/button_Close                 R' is clicked on

2018-06-12 11:38:01 - [MESSAGE][PASSED] - Object: 'Object Repository/unregister_node/Page_Gateways and Nodes - OPI Blue/button_Close                 R' is clicked on

2018-06-12 11:38:01 - [TEST_STEP][PASSED] - waitForElementPresent: Object 'Object Repository/unregister_node/Page_Gateways and Nodes - OPI Blue/a_Log out' is present

2018-06-12 11:38:02 - [MESSAGE][PASSED] - Object 'Object Repository/unregister_node/Page_Gateways and Nodes - OPI Blue/a_Log out' is present

2018-06-12 11:38:02 - [TEST_STEP][PASSED] - waitForElementClickable: Object 'Object Repository/unregister_node/Page_Gateways and Nodes - OPI Blue/a_Log out' is clickable

2018-06-12 11:38:04 - [MESSAGE][PASSED] - Object 'Object Repository/unregister_node/Page_Gateways and Nodes - OPI Blue/a_Log out' is clickable

2018-06-12 11:38:04 - [TEST_STEP][PASSED] - click: Object: 'Object Repository/unregister_node/Page_Gateways and Nodes - OPI Blue/a_Log out' is clicked on

2018-06-12 11:38:07 - [MESSAGE][PASSED] - Object: 'Object Repository/unregister_node/Page_Gateways and Nodes - OPI Blue/a_Log out' is clicked on

2018-06-12 11:38:07 - [TEST_STEP][PASSED] - closeBrowser: Browser is closed

2018-06-12 11:38:09 - [MESSAGE][PASSED] - Browser is closed]]></system-out>
         <system-err><![CDATA[]]></system-err>
      </testcase>
      <testcase name="Test Cases/unregister_gateway" classname="Test Cases/unregister_gateway" status="PASSED">
         <system-out><![CDATA[2018-06-12 11:38:11 - [TEST_CASE][PASSED] - Test Cases/unregister_gateway: Test Cases/unregister_gateway

2018-06-12 11:38:11 - [TEST_STEP][PASSED] - openBrowser: Browser is opened with url: ''

2018-06-12 11:38:16 - [MESSAGE][PASSED] - Browser is opened with url: ''

2018-06-12 11:38:16 - [TEST_STEP][PASSED] - navigateToUrl: Navigate to 'https://ra.managegrain.com/#/dashboard/userPreferences' successfully

2018-06-12 11:38:19 - [MESSAGE][PASSED] - Navigate to 'https://ra.managegrain.com/#/dashboard/userPreferences' successfully

2018-06-12 11:38:19 - [TEST_STEP][PASSED] - setText: Text 'opiopi20171+00028@gmail.com' is set on object 'Object Repository/unregister_gateway/Page_OPI Blue/input_username'

2018-06-12 11:38:25 - [MESSAGE][PASSED] - Text 'opiopi20171+00028@gmail.com' is set on object 'Object Repository/unregister_gateway/Page_OPI Blue/input_username'

2018-06-12 11:38:25 - [TEST_STEP][PASSED] - setText: Text 'gWF7Q4IlreZBZUpxglt7' is set on object 'Object Repository/unregister_gateway/Page_OPI Blue/input_password'

2018-06-12 11:38:30 - [MESSAGE][PASSED] - Text 'gWF7Q4IlreZBZUpxglt7' is set on object 'Object Repository/unregister_gateway/Page_OPI Blue/input_password'

2018-06-12 11:38:30 - [TEST_STEP][PASSED] - click: Object: 'Object Repository/unregister_gateway/Page_OPI Blue/span_Log In' is clicked on

2018-06-12 11:38:33 - [MESSAGE][PASSED] - Object: 'Object Repository/unregister_gateway/Page_OPI Blue/span_Log In' is clicked on

2018-06-12 11:38:33 - [TEST_STEP][PASSED] - click: Object: 'Object Repository/unregister_gateway/Page_Dashboard - OPI Blue/span_Gateways and Nodes' is clicked on

2018-06-12 11:38:35 - [MESSAGE][PASSED] - Object: 'Object Repository/unregister_gateway/Page_Dashboard - OPI Blue/span_Gateways and Nodes' is clicked on

2018-06-12 11:38:35 - [TEST_STEP][PASSED] - click: Object: 'Object Repository/unregister_gateway/Page_Gateways and Nodes - OPI Blue/button_Unregister' is clicked on

2018-06-12 11:38:38 - [MESSAGE][PASSED] - Object: 'Object Repository/unregister_gateway/Page_Gateways and Nodes - OPI Blue/button_Unregister' is clicked on

2018-06-12 11:38:38 - [TEST_STEP][PASSED] - click: Object: 'Object Repository/unregister_gateway/Page_Gateways and Nodes - OPI Blue/button_Unregister_1' is clicked on

2018-06-12 11:38:40 - [MESSAGE][PASSED] - Object: 'Object Repository/unregister_gateway/Page_Gateways and Nodes - OPI Blue/button_Unregister_1' is clicked on

2018-06-12 11:38:40 - [TEST_STEP][PASSED] - waitForElementPresent: Object 'Object Repository/unregister_gateway/Page_Gateways and Nodes - OPI Blue/a_Log out' is present

2018-06-12 11:38:41 - [MESSAGE][PASSED] - Object 'Object Repository/unregister_gateway/Page_Gateways and Nodes - OPI Blue/a_Log out' is present

2018-06-12 11:38:41 - [TEST_STEP][PASSED] - waitForElementClickable: Object 'Object Repository/unregister_gateway/Page_Gateways and Nodes - OPI Blue/a_Log out' is clickable

2018-06-12 11:38:43 - [MESSAGE][PASSED] - Object 'Object Repository/unregister_gateway/Page_Gateways and Nodes - OPI Blue/a_Log out' is clickable

2018-06-12 11:38:43 - [TEST_STEP][PASSED] - click: Object: 'Object Repository/unregister_gateway/Page_Gateways and Nodes - OPI Blue/a_Log out' is clicked on

2018-06-12 11:38:46 - [MESSAGE][PASSED] - Object: 'Object Repository/unregister_gateway/Page_Gateways and Nodes - OPI Blue/a_Log out' is clicked on

2018-06-12 11:38:46 - [TEST_STEP][PASSED] - closeBrowser: Browser is closed

2018-06-12 11:38:48 - [MESSAGE][PASSED] - Browser is closed]]></system-out>
         <system-err><![CDATA[]]></system-err>
      </testcase>
      <system-out><![CDATA[2018-06-12 11:31:02 - [TEST_SUITE][FAILED] - removePlenum_removeFan_deleteBin_deleteSite_unmapNode_unregNode_unregGW: Test Cases/stop_fan FAILED because (of) Unable to click on object 'Object Repository/stop_fan/Page_Fan Control - OPI Blue/i_font-xl icon-stop-circle' (Root cause: com.kms.katalon.core.webui.exception.WebElementNotFoundException: Web element with id: 'Object Repository/stop_fan/Page_Fan Control - OPI Blue/i_font-xl icon-stop-circle' located by 'By.xpath: id("stopFanButton0")/i[@class="font-xl icon-stop-circle"]' not found)]]></system-out>
      <system-err><![CDATA[2018-06-12 11:31:02 - [TEST_SUITE][FAILED] - removePlenum_removeFan_deleteBin_deleteSite_unmapNode_unregNode_unregGW: Test Cases/stop_fan FAILED because (of) Unable to click on object 'Object Repository/stop_fan/Page_Fan Control - OPI Blue/i_font-xl icon-stop-circle' (Root cause: com.kms.katalon.core.webui.exception.WebElementNotFoundException: Web element with id: 'Object Repository/stop_fan/Page_Fan Control - OPI Blue/i_font-xl icon-stop-circle' located by 'By.xpath: id("stopFanButton0")/i[@class="font-xl icon-stop-circle"]' not found)]]></system-err>
   </testsuite>
</testsuites>
