<?xml version="1.0" encoding="UTF-8"?>
<testsuites name="removePlenum_removeFan_deleteBin_deleteSite_unmapNode_unregNode_unregGW" time="429" tests="7" failures="2" errors="0">
   <testsuite name="removePlenum_removeFan_deleteBin_deleteSite_unmapNode_unregNode_unregGW" tests="7" failures="2" errors="0" time="429" timestamp="2018-06-11 08:51:06" hostname="geetab - OPI-LT66.opisystems.local" id="Test Suites/removePlenum_removeFan_deleteBin_deleteSite_unmapNode_unregNode_unregGW">
      <properties>
         <property name="deviceName" value=""/>
         <property name="devicePlatform" value=""/>
         <property name="logFolder" value="C:\\Users\\geetab\\Katalon Studio\\RA_opi_blue_cloud\\Reports\\removePlenum_removeFan_deleteBin_deleteSite_unmapNode_unregNode_unregGW\\20180611_085057"/>
         <property name="logFiles" value="C:\\Users\\geetab\\Katalon Studio\\RA_opi_blue_cloud\\Reports\\removePlenum_removeFan_deleteBin_deleteSite_unmapNode_unregNode_unregGW\\20180611_085057\\execution0.log"/>
         <property name="attachments" value="C:\\Users\\geetab\\Katalon Studio\\RA_opi_blue_cloud\\Reports\\removePlenum_removeFan_deleteBin_deleteSite_unmapNode_unregNode_unregGW\\20180611_085057\\1528728796367.png, C:\\Users\\geetab\\Katalon Studio\\RA_opi_blue_cloud\\Reports\\removePlenum_removeFan_deleteBin_deleteSite_unmapNode_unregNode_unregGW\\20180611_085057\\1528728928523.png"/>
         <property name="hostName" value="geetab - OPI-LT66.opisystems.local"/>
         <property name="os" value="Windows 10 64bit"/>
         <property name="katalonVersion" value="5.4.2.1"/>
         <property name="browser" value="Chrome 67.0.3396.79"/>
         <property name="hostAddress" value="172.16.6.51"/>
         <property name="sessionId" value="cd136b1c80601a18398d457d6827f451"/>
         <property name="seleniumVersion" value="3.7.1"/>
         <property name="proxyInformation" value="ProxyInformation{proxyOption=NO_PROXY, proxyServerType=HTTP, password=, proxyServerAddress=, proxyServerPort=0}"/>
         <property name="platform" value="Windows 10"/>
      </properties>
      <testcase name="Test Cases/remove_plenum_from_bin" classname="Test Cases/remove_plenum_from_bin" status="PASSED">
         <system-out><![CDATA[2018-06-11 08:51:06 - [TEST_CASE][PASSED] - Test Cases/remove_plenum_from_bin: Test Cases/remove_plenum_from_bin

2018-06-11 08:51:07 - [TEST_STEP][PASSED] - openBrowser: Browser is opened with url: ''

2018-06-11 08:51:16 - [MESSAGE][PASSED] - Browser is opened with url: ''

2018-06-11 08:51:16 - [TEST_STEP][PASSED] - navigateToUrl: Navigate to 'https://ra.managegrain.com/#/dashboard/userPreferences' successfully

2018-06-11 08:51:20 - [MESSAGE][PASSED] - Navigate to 'https://ra.managegrain.com/#/dashboard/userPreferences' successfully

2018-06-11 08:51:20 - [TEST_STEP][PASSED] - setText: Text 'opiopi20171+00028@gmail.com' is set on object 'Object Repository/remove_plenum_from_bin/Page_OPI Blue/input_username'

2018-06-11 08:51:26 - [MESSAGE][PASSED] - Text 'opiopi20171+00028@gmail.com' is set on object 'Object Repository/remove_plenum_from_bin/Page_OPI Blue/input_username'

2018-06-11 08:51:26 - [TEST_STEP][PASSED] - setText: Text 'gWF7Q4IlreZBZUpxglt7' is set on object 'Object Repository/remove_plenum_from_bin/Page_OPI Blue/input_password'

2018-06-11 08:51:30 - [MESSAGE][PASSED] - Text 'gWF7Q4IlreZBZUpxglt7' is set on object 'Object Repository/remove_plenum_from_bin/Page_OPI Blue/input_password'

2018-06-11 08:51:30 - [TEST_STEP][PASSED] - click: Object: 'Object Repository/remove_plenum_from_bin/Page_OPI Blue/button_Log In' is clicked on

2018-06-11 08:51:34 - [MESSAGE][PASSED] - Object: 'Object Repository/remove_plenum_from_bin/Page_OPI Blue/button_Log In' is clicked on

2018-06-11 08:51:34 - [TEST_STEP][PASSED] - click: Object: 'Object Repository/remove_plenum_from_bin/Page_Gateways and Nodes - OPI Blue/span_Sites and Bins' is clicked on

2018-06-11 08:51:36 - [MESSAGE][PASSED] - Object: 'Object Repository/remove_plenum_from_bin/Page_Gateways and Nodes - OPI Blue/span_Sites and Bins' is clicked on

2018-06-11 08:51:36 - [TEST_STEP][PASSED] - click: Object: 'Object Repository/remove_plenum_from_bin/Page_Sites and Bins - OPI Blue/a_Bins' is clicked on

2018-06-11 08:51:39 - [MESSAGE][PASSED] - Object: 'Object Repository/remove_plenum_from_bin/Page_Sites and Bins - OPI Blue/a_Bins' is clicked on

2018-06-11 08:51:39 - [TEST_STEP][PASSED] - click: Object: 'Object Repository/remove_plenum_from_bin/Page_Sites and Bins - OPI Blue/a_Plenum' is clicked on

2018-06-11 08:51:41 - [MESSAGE][PASSED] - Object: 'Object Repository/remove_plenum_from_bin/Page_Sites and Bins - OPI Blue/a_Plenum' is clicked on

2018-06-11 08:51:41 - [TEST_STEP][PASSED] - click: Object: 'Object Repository/remove_plenum_from_bin/Page_Sites and Bins - OPI Blue/button_Remove' is clicked on

2018-06-11 08:51:43 - [MESSAGE][PASSED] - Object: 'Object Repository/remove_plenum_from_bin/Page_Sites and Bins - OPI Blue/button_Remove' is clicked on

2018-06-11 08:51:43 - [TEST_STEP][PASSED] - click: Object: 'Object Repository/remove_plenum_from_bin/Page_Sites and Bins - OPI Blue/button_Remove_1' is clicked on

2018-06-11 08:51:45 - [MESSAGE][PASSED] - Object: 'Object Repository/remove_plenum_from_bin/Page_Sites and Bins - OPI Blue/button_Remove_1' is clicked on

2018-06-11 08:51:45 - [TEST_STEP][PASSED] - waitForElementPresent: Object 'Object Repository/remove_plenum_from_bin/Page_Sites and Bins - OPI Blue/a_Log out' is present

2018-06-11 08:51:46 - [MESSAGE][PASSED] - Object 'Object Repository/remove_plenum_from_bin/Page_Sites and Bins - OPI Blue/a_Log out' is present

2018-06-11 08:51:46 - [TEST_STEP][PASSED] - waitForElementClickable: Object 'Object Repository/remove_plenum_from_bin/Page_Sites and Bins - OPI Blue/a_Log out' is clickable

2018-06-11 08:51:48 - [MESSAGE][PASSED] - Object 'Object Repository/remove_plenum_from_bin/Page_Sites and Bins - OPI Blue/a_Log out' is clickable

2018-06-11 08:51:48 - [TEST_STEP][PASSED] - click: Object: 'Object Repository/remove_plenum_from_bin/Page_Sites and Bins - OPI Blue/a_Log out' is clicked on

2018-06-11 08:51:51 - [MESSAGE][PASSED] - Object: 'Object Repository/remove_plenum_from_bin/Page_Sites and Bins - OPI Blue/a_Log out' is clicked on

2018-06-11 08:51:51 - [TEST_STEP][PASSED] - closeBrowser: Browser is closed

2018-06-11 08:51:53 - [MESSAGE][PASSED] - Browser is closed]]></system-out>
         <system-err><![CDATA[]]></system-err>
      </testcase>
      <testcase name="Test Cases/remove_fan_from_bin" classname="Test Cases/remove_fan_from_bin" status="PASSED">
         <system-out><![CDATA[2018-06-11 08:51:55 - [TEST_CASE][PASSED] - Test Cases/remove_fan_from_bin: Test Cases/remove_fan_from_bin

2018-06-11 08:51:55 - [TEST_STEP][PASSED] - openBrowser: Browser is opened with url: ''

2018-06-11 08:52:00 - [MESSAGE][PASSED] - Browser is opened with url: ''

2018-06-11 08:52:00 - [TEST_STEP][PASSED] - navigateToUrl: Navigate to 'https://ra.managegrain.com/#/dashboard/userPreferences' successfully

2018-06-11 08:52:04 - [MESSAGE][PASSED] - Navigate to 'https://ra.managegrain.com/#/dashboard/userPreferences' successfully

2018-06-11 08:52:04 - [TEST_STEP][PASSED] - setText: Text 'opiopi20171+00028@gmail.com' is set on object 'Object Repository/create_bin_add_fan_only/Page_OPI Blue/input_username'

2018-06-11 08:52:10 - [MESSAGE][PASSED] - Text 'opiopi20171+00028@gmail.com' is set on object 'Object Repository/create_bin_add_fan_only/Page_OPI Blue/input_username'

2018-06-11 08:52:10 - [TEST_STEP][PASSED] - setText: Text 'gWF7Q4IlreZBZUpxglt7' is set on object 'Object Repository/create_bin_add_fan_only/Page_OPI Blue/input_password'

2018-06-11 08:52:14 - [MESSAGE][PASSED] - Text 'gWF7Q4IlreZBZUpxglt7' is set on object 'Object Repository/create_bin_add_fan_only/Page_OPI Blue/input_password'

2018-06-11 08:52:14 - [TEST_STEP][PASSED] - click: Object: 'Object Repository/create_bin_add_fan_only/Page_OPI Blue/button_Log In' is clicked on

2018-06-11 08:52:18 - [MESSAGE][PASSED] - Object: 'Object Repository/create_bin_add_fan_only/Page_OPI Blue/button_Log In' is clicked on

2018-06-11 08:52:18 - [TEST_STEP][PASSED] - click: Object: 'Object Repository/create_bin_add_fan_only/Page_Dashboard - OPI Blue/span_Sites and Bins' is clicked on

2018-06-11 08:52:20 - [MESSAGE][PASSED] - Object: 'Object Repository/create_bin_add_fan_only/Page_Dashboard - OPI Blue/span_Sites and Bins' is clicked on

2018-06-11 08:52:20 - [TEST_STEP][PASSED] - click: Object: 'Object Repository/create_bin_add_fan_only/Page_Sites and Bins - OPI Blue/a_Bins' is clicked on

2018-06-11 08:52:22 - [MESSAGE][PASSED] - Object: 'Object Repository/create_bin_add_fan_only/Page_Sites and Bins - OPI Blue/a_Bins' is clicked on

2018-06-11 08:52:22 - [TEST_STEP][PASSED] - click: Object: 'Object Repository/create_bin_add_fan_only/Page_Sites and Bins - OPI Blue/a_Fans' is clicked on

2018-06-11 08:52:25 - [MESSAGE][PASSED] - Object: 'Object Repository/create_bin_add_fan_only/Page_Sites and Bins - OPI Blue/a_Fans' is clicked on

2018-06-11 08:52:25 - [TEST_STEP][PASSED] - click: Object: 'Object Repository/create_bin_add_fan_only/Page_Sites and Bins - OPI Blue/button_Remove Fan' is clicked on

2018-06-11 08:52:27 - [MESSAGE][PASSED] - Object: 'Object Repository/create_bin_add_fan_only/Page_Sites and Bins - OPI Blue/button_Remove Fan' is clicked on

2018-06-11 08:52:27 - [TEST_STEP][PASSED] - click: Object: 'Object Repository/create_bin_add_fan_only/Page_Sites and Bins - OPI Blue/button_Remove' is clicked on

2018-06-11 08:52:29 - [MESSAGE][PASSED] - Object: 'Object Repository/create_bin_add_fan_only/Page_Sites and Bins - OPI Blue/button_Remove' is clicked on

2018-06-11 08:52:29 - [TEST_STEP][PASSED] - waitForElementPresent: Object 'Object Repository/create_bin_add_fan_only/Page_Sites and Bins - OPI Blue/a_Log out' is present

2018-06-11 08:52:30 - [MESSAGE][PASSED] - Object 'Object Repository/create_bin_add_fan_only/Page_Sites and Bins - OPI Blue/a_Log out' is present

2018-06-11 08:52:30 - [TEST_STEP][PASSED] - waitForElementClickable: Object 'Object Repository/create_bin_add_fan_only/Page_Sites and Bins - OPI Blue/a_Log out' is clickable

2018-06-11 08:52:32 - [MESSAGE][PASSED] - Object 'Object Repository/create_bin_add_fan_only/Page_Sites and Bins - OPI Blue/a_Log out' is clickable

2018-06-11 08:52:32 - [TEST_STEP][PASSED] - click: Object: 'Object Repository/create_bin_add_fan_only/Page_Sites and Bins - OPI Blue/a_Log out' is clicked on

2018-06-11 08:52:35 - [MESSAGE][PASSED] - Object: 'Object Repository/create_bin_add_fan_only/Page_Sites and Bins - OPI Blue/a_Log out' is clicked on

2018-06-11 08:52:35 - [TEST_STEP][PASSED] - closeBrowser: Browser is closed

2018-06-11 08:52:37 - [MESSAGE][PASSED] - Browser is closed]]></system-out>
         <system-err><![CDATA[]]></system-err>
      </testcase>
      <testcase name="Test Cases/delete_first_bin" classname="Test Cases/delete_first_bin" status="FAILED">
         <failure type="FAILED" message="Unable to click on object 'Object Repository/delete_first_bin/Page_Sites and Bins - OPI Blue/a_Log out' (Root cause: org.openqa.selenium.WebDriverException: unknown error: Element &lt;a id=&quot;navLogOut&quot; ng-click=&quot;vm.logOut();&quot; analytics-category=&quot;Navigation Menu&quot; analytics-event=&quot;Menu Click&quot; analytics-label=&quot;Log out&quot;>...&lt;/a> is not clickable at point (213, 100). Other element would receive the click: &lt;div uib-modal-window=&quot;modal-window&quot; class=&quot;modal fade ng-scope ng-isolate-scope in&quot; role=&quot;dialog&quot; size=&quot;md&quot; index=&quot;0&quot; animate=&quot;animate&quot; ng-style=&quot;{'z-index': 1050 + $$topModalIndex*10, display: 'block'}&quot; tabindex=&quot;-1&quot; uib-modal-animation-class=&quot;fade&quot; modal-in-class=&quot;in&quot; modal-animation=&quot;true&quot; style=&quot;z-index: 1050; display: block;&quot;>...&lt;/div>
  (Session info: chrome=67.0.3396.79)
  (Driver info: chromedriver=2.35.528161 (5b82f2d2aae0ca24b877009200ced9065a772e73),platform=Windows NT 10.0.16299 x86_64) (WARNING: The server did not provide any stacktrace information)
Command duration or timeout: 0 milliseconds
Build info: version: '3.7.1', revision: '8a0099a', time: '2017-11-06T21:07:36.161Z'
System info: host: 'OPI-LT66', ip: '172.16.6.51', os.name: 'Windows 10', os.arch: 'amd64', os.version: '10.0', java.version: '1.8.0_102'
Driver info: com.kms.katalon.selenium.driver.CChromeDriver
Capabilities {acceptInsecureCerts: false, acceptSslCerts: false, applicationCacheEnabled: false, browserConnectionEnabled: false, browserName: chrome, chrome: {chromedriverVersion: 2.35.528161 (5b82f2d2aae0ca..., userDataDir: C:\Users\geetab\AppData\Loc...}, cssSelectorsEnabled: true, databaseEnabled: false, handlesAlerts: true, hasTouchScreen: false, javascriptEnabled: true, locationContextEnabled: true, mobileEmulationEnabled: false, nativeEvents: true, networkConnectionEnabled: false, pageLoadStrategy: normal, platform: XP, platformName: XP, rotatable: false, setWindowRect: true, takesHeapSnapshot: true, takesScreenshot: true, unexpectedAlertBehaviour: , unhandledPromptBehavior: , version: 67.0.3396.79, webStorageEnabled: true}
Session ID: 4eb7522c75aefea10d76180b4d5e8a70)"/>
         <system-out><![CDATA[2018-06-11 08:52:39 - [TEST_CASE][FAILED] - Test Cases/delete_first_bin: Test Cases/delete_first_bin FAILED because (of) Unable to click on object 'Object Repository/delete_first_bin/Page_Sites and Bins - OPI Blue/a_Log out' (Root cause: org.openqa.selenium.WebDriverException: unknown error: Element <a id="navLogOut" ng-click="vm.logOut();" analytics-category="Navigation Menu" analytics-event="Menu Click" analytics-label="Log out">...</a> is not clickable at point (213, 100). Other element would receive the click: <div uib-modal-window="modal-window" class="modal fade ng-scope ng-isolate-scope in" role="dialog" size="md" index="0" animate="animate" ng-style="{'z-index': 1050 + $$topModalIndex*10, display: 'block'}" tabindex="-1" uib-modal-animation-class="fade" modal-in-class="in" modal-animation="true" style="z-index: 1050; display: block;">...</div>
  (Session info: chrome=67.0.3396.79)
  (Driver info: chromedriver=2.35.528161 (5b82f2d2aae0ca24b877009200ced9065a772e73),platform=Windows NT 10.0.16299 x86_64) (WARNING: The server did not provide any stacktrace information)
Command duration or timeout: 0 milliseconds
Build info: version: '3.7.1', revision: '8a0099a', time: '2017-11-06T21:07:36.161Z'
System info: host: 'OPI-LT66', ip: '172.16.6.51', os.name: 'Windows 10', os.arch: 'amd64', os.version: '10.0', java.version: '1.8.0_102'
Driver info: com.kms.katalon.selenium.driver.CChromeDriver
Capabilities {acceptInsecureCerts: false, acceptSslCerts: false, applicationCacheEnabled: false, browserConnectionEnabled: false, browserName: chrome, chrome: {chromedriverVersion: 2.35.528161 (5b82f2d2aae0ca..., userDataDir: C:\Users\geetab\AppData\Loc...}, cssSelectorsEnabled: true, databaseEnabled: false, handlesAlerts: true, hasTouchScreen: false, javascriptEnabled: true, locationContextEnabled: true, mobileEmulationEnabled: false, nativeEvents: true, networkConnectionEnabled: false, pageLoadStrategy: normal, platform: XP, platformName: XP, rotatable: false, setWindowRect: true, takesHeapSnapshot: true, takesScreenshot: true, unexpectedAlertBehaviour: , unhandledPromptBehavior: , version: 67.0.3396.79, webStorageEnabled: true}
Session ID: 4eb7522c75aefea10d76180b4d5e8a70)

2018-06-11 08:52:39 - [TEST_STEP][PASSED] - openBrowser: Browser is opened with url: ''

2018-06-11 08:52:44 - [MESSAGE][PASSED] - Browser is opened with url: ''

2018-06-11 08:52:44 - [TEST_STEP][PASSED] - navigateToUrl: Navigate to 'https://ra.managegrain.com/#/dashboard/userPreferences' successfully

2018-06-11 08:52:48 - [MESSAGE][PASSED] - Navigate to 'https://ra.managegrain.com/#/dashboard/userPreferences' successfully

2018-06-11 08:52:48 - [TEST_STEP][PASSED] - setText: Text 'opiopi20171+00028@gmail.com' is set on object 'Object Repository/delete_first_bin/Page_OPI Blue/input_username'

2018-06-11 08:52:54 - [MESSAGE][PASSED] - Text 'opiopi20171+00028@gmail.com' is set on object 'Object Repository/delete_first_bin/Page_OPI Blue/input_username'

2018-06-11 08:52:54 - [TEST_STEP][PASSED] - setText: Text 'gWF7Q4IlreZBZUpxglt7' is set on object 'Object Repository/delete_first_bin/Page_OPI Blue/input_password'

2018-06-11 08:52:58 - [MESSAGE][PASSED] - Text 'gWF7Q4IlreZBZUpxglt7' is set on object 'Object Repository/delete_first_bin/Page_OPI Blue/input_password'

2018-06-11 08:52:58 - [TEST_STEP][PASSED] - click: Object: 'Object Repository/delete_first_bin/Page_OPI Blue/button_Log In' is clicked on

2018-06-11 08:53:02 - [MESSAGE][PASSED] - Object: 'Object Repository/delete_first_bin/Page_OPI Blue/button_Log In' is clicked on

2018-06-11 08:53:02 - [TEST_STEP][PASSED] - click: Object: 'Object Repository/delete_first_bin/Page_Gateways and Nodes - OPI Blue/span_Sites and Bins' is clicked on

2018-06-11 08:53:04 - [MESSAGE][PASSED] - Object: 'Object Repository/delete_first_bin/Page_Gateways and Nodes - OPI Blue/span_Sites and Bins' is clicked on

2018-06-11 08:53:04 - [TEST_STEP][PASSED] - click: Object: 'Object Repository/delete_first_bin/Page_Sites and Bins - OPI Blue/a_Bins' is clicked on

2018-06-11 08:53:06 - [MESSAGE][PASSED] - Object: 'Object Repository/delete_first_bin/Page_Sites and Bins - OPI Blue/a_Bins' is clicked on

2018-06-11 08:53:06 - [TEST_STEP][PASSED] - click: Object: 'Object Repository/delete_first_bin/Page_Sites and Bins - OPI Blue/button_Delete' is clicked on

2018-06-11 08:53:08 - [MESSAGE][PASSED] - Object: 'Object Repository/delete_first_bin/Page_Sites and Bins - OPI Blue/button_Delete' is clicked on

2018-06-11 08:53:08 - [TEST_STEP][PASSED] - click: Object: 'Object Repository/delete_first_bin/Page_Sites and Bins - OPI Blue/button_Delete' is clicked on

2018-06-11 08:53:11 - [MESSAGE][PASSED] - Object: 'Object Repository/delete_first_bin/Page_Sites and Bins - OPI Blue/button_Delete' is clicked on

2018-06-11 08:53:11 - [TEST_STEP][PASSED] - waitForElementPresent: Object 'Object Repository/delete_first_bin/Page_Sites and Bins - OPI Blue/a_Log out' is present

2018-06-11 08:53:12 - [MESSAGE][PASSED] - Object 'Object Repository/delete_first_bin/Page_Sites and Bins - OPI Blue/a_Log out' is present

2018-06-11 08:53:12 - [TEST_STEP][PASSED] - waitForElementClickable: Object 'Object Repository/delete_first_bin/Page_Sites and Bins - OPI Blue/a_Log out' is clickable

2018-06-11 08:53:14 - [MESSAGE][PASSED] - Object 'Object Repository/delete_first_bin/Page_Sites and Bins - OPI Blue/a_Log out' is clickable

2018-06-11 08:53:14 - [TEST_STEP][FAILED] - click: Unable to click on object 'Object Repository/delete_first_bin/Page_Sites and Bins - OPI Blue/a_Log out' (Root cause: org.openqa.selenium.WebDriverException: unknown error: Element <a id="navLogOut" ng-click="vm.logOut();" analytics-category="Navigation Menu" analytics-event="Menu Click" analytics-label="Log out">...</a> is not clickable at point (213, 100). Other element would receive the click: <div uib-modal-window="modal-window" class="modal fade ng-scope ng-isolate-scope in" role="dialog" size="md" index="0" animate="animate" ng-style="{'z-index': 1050 + $$topModalIndex*10, display: 'block'}" tabindex="-1" uib-modal-animation-class="fade" modal-in-class="in" modal-animation="true" style="z-index: 1050; display: block;">...</div>
  (Session info: chrome=67.0.3396.79)
  (Driver info: chromedriver=2.35.528161 (5b82f2d2aae0ca24b877009200ced9065a772e73),platform=Windows NT 10.0.16299 x86_64) (WARNING: The server did not provide any stacktrace information)
Command duration or timeout: 0 milliseconds
Build info: version: '3.7.1', revision: '8a0099a', time: '2017-11-06T21:07:36.161Z'
System info: host: 'OPI-LT66', ip: '172.16.6.51', os.name: 'Windows 10', os.arch: 'amd64', os.version: '10.0', java.version: '1.8.0_102'
Driver info: com.kms.katalon.selenium.driver.CChromeDriver
Capabilities {acceptInsecureCerts: false, acceptSslCerts: false, applicationCacheEnabled: false, browserConnectionEnabled: false, browserName: chrome, chrome: {chromedriverVersion: 2.35.528161 (5b82f2d2aae0ca..., userDataDir: C:\Users\geetab\AppData\Loc...}, cssSelectorsEnabled: true, databaseEnabled: false, handlesAlerts: true, hasTouchScreen: false, javascriptEnabled: true, locationContextEnabled: true, mobileEmulationEnabled: false, nativeEvents: true, networkConnectionEnabled: false, pageLoadStrategy: normal, platform: XP, platformName: XP, rotatable: false, setWindowRect: true, takesHeapSnapshot: true, takesScreenshot: true, unexpectedAlertBehaviour: , unhandledPromptBehavior: , version: 67.0.3396.79, webStorageEnabled: true}
Session ID: 4eb7522c75aefea10d76180b4d5e8a70)

2018-06-11 08:53:17 - [MESSAGE][FAILED] - Unable to click on object 'Object Repository/delete_first_bin/Page_Sites and Bins - OPI Blue/a_Log out' (Root cause: org.openqa.selenium.WebDriverException: unknown error: Element <a id="navLogOut" ng-click="vm.logOut();" analytics-category="Navigation Menu" analytics-event="Menu Click" analytics-label="Log out">...</a> is not clickable at point (213, 100). Other element would receive the click: <div uib-modal-window="modal-window" class="modal fade ng-scope ng-isolate-scope in" role="dialog" size="md" index="0" animate="animate" ng-style="{'z-index': 1050 + $$topModalIndex*10, display: 'block'}" tabindex="-1" uib-modal-animation-class="fade" modal-in-class="in" modal-animation="true" style="z-index: 1050; display: block;">...</div>
  (Session info: chrome=67.0.3396.79)
  (Driver info: chromedriver=2.35.528161 (5b82f2d2aae0ca24b877009200ced9065a772e73),platform=Windows NT 10.0.16299 x86_64) (WARNING: The server did not provide any stacktrace information)
Command duration or timeout: 0 milliseconds
Build info: version: '3.7.1', revision: '8a0099a', time: '2017-11-06T21:07:36.161Z'
System info: host: 'OPI-LT66', ip: '172.16.6.51', os.name: 'Windows 10', os.arch: 'amd64', os.version: '10.0', java.version: '1.8.0_102'
Driver info: com.kms.katalon.selenium.driver.CChromeDriver
Capabilities {acceptInsecureCerts: false, acceptSslCerts: false, applicationCacheEnabled: false, browserConnectionEnabled: false, browserName: chrome, chrome: {chromedriverVersion: 2.35.528161 (5b82f2d2aae0ca..., userDataDir: C:\Users\geetab\AppData\Loc...}, cssSelectorsEnabled: true, databaseEnabled: false, handlesAlerts: true, hasTouchScreen: false, javascriptEnabled: true, locationContextEnabled: true, mobileEmulationEnabled: false, nativeEvents: true, networkConnectionEnabled: false, pageLoadStrategy: normal, platform: XP, platformName: XP, rotatable: false, setWindowRect: true, takesHeapSnapshot: true, takesScreenshot: true, unexpectedAlertBehaviour: , unhandledPromptBehavior: , version: 67.0.3396.79, webStorageEnabled: true}
Session ID: 4eb7522c75aefea10d76180b4d5e8a70)
[[ATTACHMENT|C:\\Users\\geetab\\Katalon Studio\\RA_opi_blue_cloud\\Reports\\removePlenum_removeFan_deleteBin_deleteSite_unmapNode_unregNode_unregGW\\20180611_085057\\1528728796367.png]]]]></system-out>
         <system-err><![CDATA[2018-06-11 08:52:39 - [TEST_CASE][FAILED] - Test Cases/delete_first_bin: Test Cases/delete_first_bin FAILED because (of) Unable to click on object 'Object Repository/delete_first_bin/Page_Sites and Bins - OPI Blue/a_Log out' (Root cause: org.openqa.selenium.WebDriverException: unknown error: Element <a id="navLogOut" ng-click="vm.logOut();" analytics-category="Navigation Menu" analytics-event="Menu Click" analytics-label="Log out">...</a> is not clickable at point (213, 100). Other element would receive the click: <div uib-modal-window="modal-window" class="modal fade ng-scope ng-isolate-scope in" role="dialog" size="md" index="0" animate="animate" ng-style="{'z-index': 1050 + $$topModalIndex*10, display: 'block'}" tabindex="-1" uib-modal-animation-class="fade" modal-in-class="in" modal-animation="true" style="z-index: 1050; display: block;">...</div>
  (Session info: chrome=67.0.3396.79)
  (Driver info: chromedriver=2.35.528161 (5b82f2d2aae0ca24b877009200ced9065a772e73),platform=Windows NT 10.0.16299 x86_64) (WARNING: The server did not provide any stacktrace information)
Command duration or timeout: 0 milliseconds
Build info: version: '3.7.1', revision: '8a0099a', time: '2017-11-06T21:07:36.161Z'
System info: host: 'OPI-LT66', ip: '172.16.6.51', os.name: 'Windows 10', os.arch: 'amd64', os.version: '10.0', java.version: '1.8.0_102'
Driver info: com.kms.katalon.selenium.driver.CChromeDriver
Capabilities {acceptInsecureCerts: false, acceptSslCerts: false, applicationCacheEnabled: false, browserConnectionEnabled: false, browserName: chrome, chrome: {chromedriverVersion: 2.35.528161 (5b82f2d2aae0ca..., userDataDir: C:\Users\geetab\AppData\Loc...}, cssSelectorsEnabled: true, databaseEnabled: false, handlesAlerts: true, hasTouchScreen: false, javascriptEnabled: true, locationContextEnabled: true, mobileEmulationEnabled: false, nativeEvents: true, networkConnectionEnabled: false, pageLoadStrategy: normal, platform: XP, platformName: XP, rotatable: false, setWindowRect: true, takesHeapSnapshot: true, takesScreenshot: true, unexpectedAlertBehaviour: , unhandledPromptBehavior: , version: 67.0.3396.79, webStorageEnabled: true}
Session ID: 4eb7522c75aefea10d76180b4d5e8a70)]]></system-err>
      </testcase>
      <testcase name="Test Cases/delete_bin_with_cables_without_ws_fan_plenum" classname="Test Cases/delete_bin_with_cables_without_ws_fan_plenum" status="PASSED">
         <system-out><![CDATA[2018-06-11 08:53:19 - [TEST_CASE][PASSED] - Test Cases/delete_bin_with_cables_without_ws_fan_plenum: Test Cases/delete_bin_with_cables_without_ws_fan_plenum

2018-06-11 08:53:20 - [TEST_STEP][PASSED] - openBrowser: Browser is opened with url: ''

2018-06-11 08:53:20 - [MESSAGE][WARNING] - A browser is already opened. Closing browser and opening a new one

2018-06-11 08:53:26 - [MESSAGE][PASSED] - Browser is opened with url: ''

2018-06-11 08:53:26 - [TEST_STEP][PASSED] - navigateToUrl: Navigate to 'https://ra.managegrain.com/#/dashboard/userPreferences' successfully

2018-06-11 08:53:30 - [MESSAGE][PASSED] - Navigate to 'https://ra.managegrain.com/#/dashboard/userPreferences' successfully

2018-06-11 08:53:30 - [TEST_STEP][PASSED] - setText: Text 'opiopi20171+00028@gmail.com' is set on object 'Object Repository/delete_bin_with_cables/Page_OPI Blue/input_username'

2018-06-11 08:53:36 - [MESSAGE][PASSED] - Text 'opiopi20171+00028@gmail.com' is set on object 'Object Repository/delete_bin_with_cables/Page_OPI Blue/input_username'

2018-06-11 08:53:36 - [TEST_STEP][PASSED] - setText: Text 'gWF7Q4IlreZBZUpxglt7' is set on object 'Object Repository/delete_bin_with_cables/Page_OPI Blue/input_password'

2018-06-11 08:53:40 - [MESSAGE][PASSED] - Text 'gWF7Q4IlreZBZUpxglt7' is set on object 'Object Repository/delete_bin_with_cables/Page_OPI Blue/input_password'

2018-06-11 08:53:40 - [TEST_STEP][PASSED] - click: Object: 'Object Repository/delete_bin_with_cables/Page_OPI Blue/button_Log In' is clicked on

2018-06-11 08:53:44 - [MESSAGE][PASSED] - Object: 'Object Repository/delete_bin_with_cables/Page_OPI Blue/button_Log In' is clicked on

2018-06-11 08:53:44 - [TEST_STEP][PASSED] - click: Object: 'Object Repository/delete_bin_with_cables/Page_Dashboard - OPI Blue/span_Sites and Bins' is clicked on

2018-06-11 08:53:46 - [MESSAGE][PASSED] - Object: 'Object Repository/delete_bin_with_cables/Page_Dashboard - OPI Blue/span_Sites and Bins' is clicked on

2018-06-11 08:53:46 - [TEST_STEP][PASSED] - click: Object: 'Object Repository/delete_bin_with_cables/Page_Sites and Bins - OPI Blue/a_Bins' is clicked on

2018-06-11 08:53:48 - [MESSAGE][PASSED] - Object: 'Object Repository/delete_bin_with_cables/Page_Sites and Bins - OPI Blue/a_Bins' is clicked on

2018-06-11 08:53:48 - [TEST_STEP][PASSED] - click: Object: 'Object Repository/delete_bin_with_cables/Page_Sites and Bins - OPI Blue/button_Delete' is clicked on

2018-06-11 08:53:51 - [MESSAGE][PASSED] - Object: 'Object Repository/delete_bin_with_cables/Page_Sites and Bins - OPI Blue/button_Delete' is clicked on

2018-06-11 08:53:51 - [TEST_STEP][PASSED] - click: Object: 'Object Repository/delete_bin_with_cables/Page_Sites and Bins - OPI Blue/button_Delete' is clicked on

2018-06-11 08:53:53 - [MESSAGE][PASSED] - Object: 'Object Repository/delete_bin_with_cables/Page_Sites and Bins - OPI Blue/button_Delete' is clicked on

2018-06-11 08:53:53 - [TEST_STEP][PASSED] - waitForElementClickable: Object 'Object Repository/delete_bin_with_cables/Page_Sites and Bins - OPI Blue/button_Cancel' is clickable

2018-06-11 08:53:55 - [MESSAGE][PASSED] - Object 'Object Repository/delete_bin_with_cables/Page_Sites and Bins - OPI Blue/button_Cancel' is clickable

2018-06-11 08:53:55 - [TEST_STEP][PASSED] - click: Object: 'Object Repository/delete_bin_with_cables/Page_Sites and Bins - OPI Blue/button_Cancel' is clicked on

2018-06-11 08:53:57 - [MESSAGE][PASSED] - Object: 'Object Repository/delete_bin_with_cables/Page_Sites and Bins - OPI Blue/button_Cancel' is clicked on

2018-06-11 08:53:57 - [TEST_STEP][PASSED] - click: Object: 'Object Repository/delete_bin_with_cables/Page_Sites and Bins - OPI Blue/a_Cables' is clicked on

2018-06-11 08:53:59 - [MESSAGE][PASSED] - Object: 'Object Repository/delete_bin_with_cables/Page_Sites and Bins - OPI Blue/a_Cables' is clicked on

2018-06-11 08:53:59 - [TEST_STEP][PASSED] - click: Object: 'Object Repository/delete_bin_with_cables/Page_Sites and Bins - OPI Blue/button_Edit' is clicked on

2018-06-11 08:54:01 - [MESSAGE][PASSED] - Object: 'Object Repository/delete_bin_with_cables/Page_Sites and Bins - OPI Blue/button_Edit' is clicked on

2018-06-11 08:54:01 - [TEST_STEP][PASSED] - click: Object: 'Object Repository/delete_bin_with_cables/Page_Sites and Bins - OPI Blue/i_icon-pencil' is clicked on

2018-06-11 08:54:04 - [MESSAGE][PASSED] - Object: 'Object Repository/delete_bin_with_cables/Page_Sites and Bins - OPI Blue/i_icon-pencil' is clicked on

2018-06-11 08:54:04 - [TEST_STEP][PASSED] - click: Object: 'Object Repository/delete_bin_with_cables/Page_Sites and Bins - OPI Blue/i_icon-cancel-circled unmap-ic' is clicked on

2018-06-11 08:54:06 - [MESSAGE][PASSED] - Object: 'Object Repository/delete_bin_with_cables/Page_Sites and Bins - OPI Blue/i_icon-cancel-circled unmap-ic' is clicked on

2018-06-11 08:54:06 - [TEST_STEP][PASSED] - click: Object: 'Object Repository/delete_bin_with_cables/Page_Sites and Bins - OPI Blue/i_icon-pencil_1' is clicked on

2018-06-11 08:54:08 - [MESSAGE][PASSED] - Object: 'Object Repository/delete_bin_with_cables/Page_Sites and Bins - OPI Blue/i_icon-pencil_1' is clicked on

2018-06-11 08:54:08 - [TEST_STEP][PASSED] - click: Object: 'Object Repository/delete_bin_with_cables/Page_Sites and Bins - OPI Blue/i_icon-cancel-circled unmap-ic_1' is clicked on

2018-06-11 08:54:10 - [MESSAGE][PASSED] - Object: 'Object Repository/delete_bin_with_cables/Page_Sites and Bins - OPI Blue/i_icon-cancel-circled unmap-ic_1' is clicked on

2018-06-11 08:54:10 - [TEST_STEP][PASSED] - click: Object: 'Object Repository/delete_bin_with_cables/Page_Sites and Bins - OPI Blue/span_Save' is clicked on

2018-06-11 08:54:12 - [MESSAGE][PASSED] - Object: 'Object Repository/delete_bin_with_cables/Page_Sites and Bins - OPI Blue/span_Save' is clicked on

2018-06-11 08:54:12 - [TEST_STEP][PASSED] - waitForElementClickable: Object 'Object Repository/delete_bin_with_cables/Page_Sites and Bins - OPI Blue (1)/button_Delete' is clickable

2018-06-11 08:54:15 - [MESSAGE][PASSED] - Object 'Object Repository/delete_bin_with_cables/Page_Sites and Bins - OPI Blue (1)/button_Delete' is clickable

2018-06-11 08:54:15 - [TEST_STEP][PASSED] - click: Object: 'Object Repository/delete_bin_with_cables/Page_Sites and Bins - OPI Blue (1)/button_Delete' is clicked on

2018-06-11 08:54:17 - [MESSAGE][PASSED] - Object: 'Object Repository/delete_bin_with_cables/Page_Sites and Bins - OPI Blue (1)/button_Delete' is clicked on

2018-06-11 08:54:17 - [TEST_STEP][PASSED] - click: Object: 'Object Repository/delete_bin_with_cables/Page_Sites and Bins - OPI Blue/button_Delete' is clicked on

2018-06-11 08:54:19 - [MESSAGE][PASSED] - Object: 'Object Repository/delete_bin_with_cables/Page_Sites and Bins - OPI Blue/button_Delete' is clicked on

2018-06-11 08:54:19 - [TEST_STEP][PASSED] - waitForElementPresent: Object 'Object Repository/delete_bin_with_cables/Page_Sites and Bins - OPI Blue/a_Log out' is present

2018-06-11 08:54:20 - [MESSAGE][PASSED] - Object 'Object Repository/delete_bin_with_cables/Page_Sites and Bins - OPI Blue/a_Log out' is present

2018-06-11 08:54:20 - [TEST_STEP][PASSED] - waitForElementClickable: Object 'Object Repository/delete_bin_with_cables/Page_Sites and Bins - OPI Blue/a_Log out' is clickable

2018-06-11 08:54:22 - [MESSAGE][PASSED] - Object 'Object Repository/delete_bin_with_cables/Page_Sites and Bins - OPI Blue/a_Log out' is clickable

2018-06-11 08:54:22 - [TEST_STEP][PASSED] - click: Object: 'Object Repository/delete_bin_with_cables/Page_Sites and Bins - OPI Blue/a_Log out' is clicked on

2018-06-11 08:54:25 - [MESSAGE][PASSED] - Object: 'Object Repository/delete_bin_with_cables/Page_Sites and Bins - OPI Blue/a_Log out' is clicked on

2018-06-11 08:54:25 - [TEST_STEP][PASSED] - closeBrowser: Browser is closed

2018-06-11 08:54:27 - [MESSAGE][PASSED] - Browser is closed]]></system-out>
         <system-err><![CDATA[]]></system-err>
      </testcase>
      <testcase name="Test Cases/remove_weather_station_from_site" classname="Test Cases/remove_weather_station_from_site" status="FAILED">
         <failure type="FAILED" message="Unable to click on object 'Object Repository/remove_weather_station/Page_Sites and Bins - OPI Blue/button_Remove' (Root cause: com.kms.katalon.core.webui.exception.WebElementNotFoundException: Web element with id: 'Object Repository/remove_weather_station/Page_Sites and Bins - OPI Blue/button_Remove' located by 'By.xpath: //button[(text() = '
                                            Remove
                                        ' or . = '
                                            Remove
                                        ')]' not found)"/>
         <system-out><![CDATA[2018-06-11 08:54:29 - [TEST_CASE][FAILED] - Test Cases/remove_weather_station_from_site: Test Cases/remove_weather_station_from_site FAILED because (of) Unable to click on object 'Object Repository/remove_weather_station/Page_Sites and Bins - OPI Blue/button_Remove' (Root cause: com.kms.katalon.core.webui.exception.WebElementNotFoundException: Web element with id: 'Object Repository/remove_weather_station/Page_Sites and Bins - OPI Blue/button_Remove' located by 'By.xpath: //button[(text() = '
                                            Remove
                                        ' or . = '
                                            Remove
                                        ')]' not found)

2018-06-11 08:54:29 - [TEST_STEP][PASSED] - openBrowser: Browser is opened with url: ''

2018-06-11 08:54:34 - [MESSAGE][PASSED] - Browser is opened with url: ''

2018-06-11 08:54:34 - [TEST_STEP][PASSED] - navigateToUrl: Navigate to 'https://ra.managegrain.com/#/dashboard/userPreferences' successfully

2018-06-11 08:54:37 - [MESSAGE][PASSED] - Navigate to 'https://ra.managegrain.com/#/dashboard/userPreferences' successfully

2018-06-11 08:54:37 - [TEST_STEP][PASSED] - setText: Text 'opiopi20171+00028@gmail.com' is set on object 'Object Repository/remove_weather_station/Page_OPI Blue/input_username'

2018-06-11 08:54:43 - [MESSAGE][PASSED] - Text 'opiopi20171+00028@gmail.com' is set on object 'Object Repository/remove_weather_station/Page_OPI Blue/input_username'

2018-06-11 08:54:43 - [TEST_STEP][PASSED] - setText: Text 'gWF7Q4IlreZBZUpxglt7' is set on object 'Object Repository/remove_weather_station/Page_OPI Blue/input_password'

2018-06-11 08:54:48 - [MESSAGE][PASSED] - Text 'gWF7Q4IlreZBZUpxglt7' is set on object 'Object Repository/remove_weather_station/Page_OPI Blue/input_password'

2018-06-11 08:54:48 - [TEST_STEP][PASSED] - click: Object: 'Object Repository/remove_weather_station/Page_OPI Blue/span_Log In' is clicked on

2018-06-11 08:54:51 - [MESSAGE][PASSED] - Object: 'Object Repository/remove_weather_station/Page_OPI Blue/span_Log In' is clicked on

2018-06-11 08:54:51 - [TEST_STEP][PASSED] - click: Object: 'Object Repository/remove_weather_station/Page_Dashboard - OPI Blue/span_Sites and Bins' is clicked on

2018-06-11 08:54:53 - [MESSAGE][PASSED] - Object: 'Object Repository/remove_weather_station/Page_Dashboard - OPI Blue/span_Sites and Bins' is clicked on

2018-06-11 08:54:53 - [TEST_STEP][PASSED] - click: Object: 'Object Repository/remove_weather_station/Page_Sites and Bins - OPI Blue/a_Sites' is clicked on

2018-06-11 08:54:56 - [MESSAGE][PASSED] - Object: 'Object Repository/remove_weather_station/Page_Sites and Bins - OPI Blue/a_Sites' is clicked on

2018-06-11 08:54:56 - [TEST_STEP][PASSED] - click: Object: 'Object Repository/remove_weather_station/Page_Sites and Bins - OPI Blue/a_Weather Stations' is clicked on

2018-06-11 08:54:58 - [MESSAGE][PASSED] - Object: 'Object Repository/remove_weather_station/Page_Sites and Bins - OPI Blue/a_Weather Stations' is clicked on

2018-06-11 08:54:58 - [TEST_STEP][FAILED] - click: Unable to click on object 'Object Repository/remove_weather_station/Page_Sites and Bins - OPI Blue/button_Remove' (Root cause: com.kms.katalon.core.webui.exception.WebElementNotFoundException: Web element with id: 'Object Repository/remove_weather_station/Page_Sites and Bins - OPI Blue/button_Remove' located by 'By.xpath: //button[(text() = '
                                            Remove
                                        ' or . = '
                                            Remove
                                        ')]' not found)

2018-06-11 08:55:29 - [MESSAGE][FAILED] - Unable to click on object 'Object Repository/remove_weather_station/Page_Sites and Bins - OPI Blue/button_Remove' (Root cause: com.kms.katalon.core.webui.exception.WebElementNotFoundException: Web element with id: 'Object Repository/remove_weather_station/Page_Sites and Bins - OPI Blue/button_Remove' located by 'By.xpath: //button[(text() = '
                                            Remove
                                        ' or . = '
                                            Remove
                                        ')]' not found)
[[ATTACHMENT|C:\\Users\\geetab\\Katalon Studio\\RA_opi_blue_cloud\\Reports\\removePlenum_removeFan_deleteBin_deleteSite_unmapNode_unregNode_unregGW\\20180611_085057\\1528728928523.png]]]]></system-out>
         <system-err><![CDATA[2018-06-11 08:54:29 - [TEST_CASE][FAILED] - Test Cases/remove_weather_station_from_site: Test Cases/remove_weather_station_from_site FAILED because (of) Unable to click on object 'Object Repository/remove_weather_station/Page_Sites and Bins - OPI Blue/button_Remove' (Root cause: com.kms.katalon.core.webui.exception.WebElementNotFoundException: Web element with id: 'Object Repository/remove_weather_station/Page_Sites and Bins - OPI Blue/button_Remove' located by 'By.xpath: //button[(text() = '
                                            Remove
                                        ' or . = '
                                            Remove
                                        ')]' not found)]]></system-err>
      </testcase>
      <testcase name="Test Cases/delete_site_without_ws" classname="Test Cases/delete_site_without_ws" status="PASSED">
         <system-out><![CDATA[2018-06-11 08:55:31 - [TEST_CASE][PASSED] - Test Cases/delete_site_without_ws: Test Cases/delete_site_without_ws

2018-06-11 08:55:32 - [TEST_STEP][PASSED] - openBrowser: Browser is opened with url: ''

2018-06-11 08:55:32 - [MESSAGE][WARNING] - A browser is already opened. Closing browser and opening a new one

2018-06-11 08:55:38 - [MESSAGE][PASSED] - Browser is opened with url: ''

2018-06-11 08:55:38 - [TEST_STEP][PASSED] - navigateToUrl: Navigate to 'https://ra.managegrain.com/#/dashboard/userPreferences' successfully

2018-06-11 08:55:42 - [MESSAGE][PASSED] - Navigate to 'https://ra.managegrain.com/#/dashboard/userPreferences' successfully

2018-06-11 08:55:42 - [TEST_STEP][PASSED] - setText: Text 'opiopi20171+00028@gmail.com' is set on object 'Object Repository/delete_site/Page_OPI Blue/input_username'

2018-06-11 08:55:48 - [MESSAGE][PASSED] - Text 'opiopi20171+00028@gmail.com' is set on object 'Object Repository/delete_site/Page_OPI Blue/input_username'

2018-06-11 08:55:48 - [TEST_STEP][PASSED] - setText: Text 'gWF7Q4IlreZBZUpxglt7' is set on object 'Object Repository/delete_site/Page_OPI Blue/input_password'

2018-06-11 08:55:52 - [MESSAGE][PASSED] - Text 'gWF7Q4IlreZBZUpxglt7' is set on object 'Object Repository/delete_site/Page_OPI Blue/input_password'

2018-06-11 08:55:52 - [TEST_STEP][PASSED] - click: Object: 'Object Repository/delete_site/Page_OPI Blue/span_Log In' is clicked on

2018-06-11 08:55:56 - [MESSAGE][PASSED] - Object: 'Object Repository/delete_site/Page_OPI Blue/span_Log In' is clicked on

2018-06-11 08:55:56 - [TEST_STEP][PASSED] - click: Object: 'Object Repository/delete_site/Page_Sites and Bins - OPI Blue/span_Sites and Bins' is clicked on

2018-06-11 08:55:58 - [MESSAGE][PASSED] - Object: 'Object Repository/delete_site/Page_Sites and Bins - OPI Blue/span_Sites and Bins' is clicked on

2018-06-11 08:55:58 - [TEST_STEP][PASSED] - click: Object: 'Object Repository/delete_site/Page_Sites and Bins - OPI Blue/a_Sites' is clicked on

2018-06-11 08:56:00 - [MESSAGE][PASSED] - Object: 'Object Repository/delete_site/Page_Sites and Bins - OPI Blue/a_Sites' is clicked on

2018-06-11 08:56:00 - [TEST_STEP][PASSED] - click: Object: 'Object Repository/delete_site/Page_Sites and Bins - OPI Blue/button_Delete' is clicked on

2018-06-11 08:56:02 - [MESSAGE][PASSED] - Object: 'Object Repository/delete_site/Page_Sites and Bins - OPI Blue/button_Delete' is clicked on

2018-06-11 08:56:02 - [TEST_STEP][PASSED] - click: Object: 'Object Repository/delete_site/Page_Sites and Bins - OPI Blue/button_Delete' is clicked on

2018-06-11 08:56:04 - [MESSAGE][PASSED] - Object: 'Object Repository/delete_site/Page_Sites and Bins - OPI Blue/button_Delete' is clicked on

2018-06-11 08:56:04 - [TEST_STEP][PASSED] - waitForElementPresent: Object 'Object Repository/delete_site/Page_Sites and Bins - OPI Blue/a_Log out' is present

2018-06-11 08:56:06 - [MESSAGE][PASSED] - Object 'Object Repository/delete_site/Page_Sites and Bins - OPI Blue/a_Log out' is present

2018-06-11 08:56:06 - [TEST_STEP][PASSED] - waitForElementClickable: Object 'Object Repository/delete_site/Page_Sites and Bins - OPI Blue/a_Log out' is clickable

2018-06-11 08:56:08 - [MESSAGE][PASSED] - Object 'Object Repository/delete_site/Page_Sites and Bins - OPI Blue/a_Log out' is clickable

2018-06-11 08:56:08 - [TEST_STEP][PASSED] - click: Object: 'Object Repository/delete_site/Page_Sites and Bins - OPI Blue/a_Log out' is clicked on

2018-06-11 08:56:10 - [MESSAGE][PASSED] - Object: 'Object Repository/delete_site/Page_Sites and Bins - OPI Blue/a_Log out' is clicked on

2018-06-11 08:56:10 - [TEST_STEP][PASSED] - closeBrowser: Browser is closed

2018-06-11 08:56:12 - [MESSAGE][PASSED] - Browser is closed]]></system-out>
         <system-err><![CDATA[]]></system-err>
      </testcase>
      <testcase name="Test Cases/unmap_node" classname="Test Cases/unmap_node" status="PASSED">
         <system-out><![CDATA[2018-06-11 08:56:14 - [TEST_CASE][PASSED] - Test Cases/unmap_node: Test Cases/unmap_node

2018-06-11 08:56:15 - [TEST_STEP][PASSED] - openBrowser: Browser is opened with url: ''

2018-06-11 08:56:20 - [MESSAGE][PASSED] - Browser is opened with url: ''

2018-06-11 08:56:20 - [TEST_STEP][PASSED] - navigateToUrl: Navigate to 'https://ra.managegrain.com/#/dashboard/userPreferences' successfully

2018-06-11 08:56:23 - [MESSAGE][PASSED] - Navigate to 'https://ra.managegrain.com/#/dashboard/userPreferences' successfully

2018-06-11 08:56:23 - [TEST_STEP][PASSED] - setText: Text 'opiopi20171+00028@gmail.com' is set on object 'Object Repository/unmap_node/Page_OPI Blue/input_username'

2018-06-11 08:56:29 - [MESSAGE][PASSED] - Text 'opiopi20171+00028@gmail.com' is set on object 'Object Repository/unmap_node/Page_OPI Blue/input_username'

2018-06-11 08:56:29 - [TEST_STEP][PASSED] - setText: Text 'gWF7Q4IlreZBZUpxglt7' is set on object 'Object Repository/unmap_node/Page_OPI Blue/input_password'

2018-06-11 08:56:33 - [MESSAGE][PASSED] - Text 'gWF7Q4IlreZBZUpxglt7' is set on object 'Object Repository/unmap_node/Page_OPI Blue/input_password'

2018-06-11 08:56:33 - [TEST_STEP][PASSED] - click: Object: 'Object Repository/unmap_node/Page_OPI Blue/span_Log In' is clicked on

2018-06-11 08:56:37 - [MESSAGE][PASSED] - Object: 'Object Repository/unmap_node/Page_OPI Blue/span_Log In' is clicked on

2018-06-11 08:56:37 - [TEST_STEP][PASSED] - click: Object: 'Object Repository/unmap_node/Page_Dashboard - OPI Blue/span_Gateways and Nodes' is clicked on

2018-06-11 08:56:39 - [MESSAGE][PASSED] - Object: 'Object Repository/unmap_node/Page_Dashboard - OPI Blue/span_Gateways and Nodes' is clicked on

2018-06-11 08:56:39 - [TEST_STEP][PASSED] - click: Object: 'Object Repository/unmap_node/Page_Gateways and Nodes - OPI Blue/a_Nodes' is clicked on

2018-06-11 08:56:41 - [MESSAGE][PASSED] - Object: 'Object Repository/unmap_node/Page_Gateways and Nodes - OPI Blue/a_Nodes' is clicked on

2018-06-11 08:56:41 - [TEST_STEP][PASSED] - click: Object: 'Object Repository/unmap_node/Page_Gateways and Nodes - OPI Blue/button_Unmap' is clicked on

2018-06-11 08:56:43 - [MESSAGE][PASSED] - Object: 'Object Repository/unmap_node/Page_Gateways and Nodes - OPI Blue/button_Unmap' is clicked on

2018-06-11 08:56:44 - [TEST_STEP][PASSED] - waitForElementPresent: Object 'Object Repository/unmap_node/Page_Gateways and Nodes - OPI Blue/a_Log out' is present

2018-06-11 08:56:45 - [MESSAGE][PASSED] - Object 'Object Repository/unmap_node/Page_Gateways and Nodes - OPI Blue/a_Log out' is present

2018-06-11 08:56:45 - [TEST_STEP][PASSED] - waitForElementClickable: Object 'Object Repository/unmap_node/Page_Gateways and Nodes - OPI Blue/a_Log out' is clickable

2018-06-11 08:56:47 - [MESSAGE][PASSED] - Object 'Object Repository/unmap_node/Page_Gateways and Nodes - OPI Blue/a_Log out' is clickable

2018-06-11 08:56:47 - [TEST_STEP][PASSED] - click: Object: 'Object Repository/unmap_node/Page_Gateways and Nodes - OPI Blue/a_Log out' is clicked on

2018-06-11 08:56:49 - [MESSAGE][PASSED] - Object: 'Object Repository/unmap_node/Page_Gateways and Nodes - OPI Blue/a_Log out' is clicked on

2018-06-11 08:56:49 - [TEST_STEP][PASSED] - closeBrowser: Browser is closed

2018-06-11 08:56:51 - [MESSAGE][PASSED] - Browser is closed]]></system-out>
         <system-err><![CDATA[]]></system-err>
      </testcase>
      <testcase name="Test Cases/unregister_node" classname="Test Cases/unregister_node" status="PASSED">
         <system-out><![CDATA[2018-06-11 08:56:53 - [TEST_CASE][PASSED] - Test Cases/unregister_node: Test Cases/unregister_node

2018-06-11 08:56:54 - [TEST_STEP][PASSED] - openBrowser: Browser is opened with url: ''

2018-06-11 08:56:58 - [MESSAGE][PASSED] - Browser is opened with url: ''

2018-06-11 08:56:58 - [TEST_STEP][PASSED] - navigateToUrl: Navigate to 'https://ra.managegrain.com/#/dashboard/userPreferences' successfully

2018-06-11 08:57:02 - [MESSAGE][PASSED] - Navigate to 'https://ra.managegrain.com/#/dashboard/userPreferences' successfully

2018-06-11 08:57:02 - [TEST_STEP][PASSED] - setText: Text 'opiopi20171+00028@gmail.com' is set on object 'Object Repository/unregister_node/Page_OPI Blue/input_username'

2018-06-11 08:57:08 - [MESSAGE][PASSED] - Text 'opiopi20171+00028@gmail.com' is set on object 'Object Repository/unregister_node/Page_OPI Blue/input_username'

2018-06-11 08:57:08 - [TEST_STEP][PASSED] - setText: Text 'gWF7Q4IlreZBZUpxglt7' is set on object 'Object Repository/unregister_node/Page_OPI Blue/input_password'

2018-06-11 08:57:12 - [MESSAGE][PASSED] - Text 'gWF7Q4IlreZBZUpxglt7' is set on object 'Object Repository/unregister_node/Page_OPI Blue/input_password'

2018-06-11 08:57:12 - [TEST_STEP][PASSED] - click: Object: 'Object Repository/unregister_node/Page_OPI Blue/span_Log In' is clicked on

2018-06-11 08:57:15 - [MESSAGE][PASSED] - Object: 'Object Repository/unregister_node/Page_OPI Blue/span_Log In' is clicked on

2018-06-11 08:57:15 - [TEST_STEP][PASSED] - click: Object: 'Object Repository/unregister_node/Page_Dashboard - OPI Blue/span_Gateways and Nodes' is clicked on

2018-06-11 08:57:18 - [MESSAGE][PASSED] - Object: 'Object Repository/unregister_node/Page_Dashboard - OPI Blue/span_Gateways and Nodes' is clicked on

2018-06-11 08:57:18 - [TEST_STEP][PASSED] - click: Object: 'Object Repository/unregister_node/Page_Gateways and Nodes - OPI Blue/a_Nodes' is clicked on

2018-06-11 08:57:20 - [MESSAGE][PASSED] - Object: 'Object Repository/unregister_node/Page_Gateways and Nodes - OPI Blue/a_Nodes' is clicked on

2018-06-11 08:57:20 - [TEST_STEP][PASSED] - click: Object: 'Object Repository/unregister_node/Page_Gateways and Nodes - OPI Blue/button_Unregister' is clicked on

2018-06-11 08:57:22 - [MESSAGE][PASSED] - Object: 'Object Repository/unregister_node/Page_Gateways and Nodes - OPI Blue/button_Unregister' is clicked on

2018-06-11 08:57:22 - [TEST_STEP][PASSED] - click: Object: 'Object Repository/unregister_node/Page_Gateways and Nodes - OPI Blue/button_Unregister_1' is clicked on

2018-06-11 08:57:24 - [MESSAGE][PASSED] - Object: 'Object Repository/unregister_node/Page_Gateways and Nodes - OPI Blue/button_Unregister_1' is clicked on

2018-06-11 08:57:24 - [TEST_STEP][PASSED] - click: Object: 'Object Repository/unregister_node/Page_Gateways and Nodes - OPI Blue/button_Close                 R' is clicked on

2018-06-11 08:57:26 - [MESSAGE][PASSED] - Object: 'Object Repository/unregister_node/Page_Gateways and Nodes - OPI Blue/button_Close                 R' is clicked on

2018-06-11 08:57:26 - [TEST_STEP][PASSED] - waitForElementPresent: Object 'Object Repository/unregister_node/Page_Gateways and Nodes - OPI Blue/a_Log out' is present

2018-06-11 08:57:28 - [MESSAGE][PASSED] - Object 'Object Repository/unregister_node/Page_Gateways and Nodes - OPI Blue/a_Log out' is present

2018-06-11 08:57:28 - [TEST_STEP][PASSED] - waitForElementClickable: Object 'Object Repository/unregister_node/Page_Gateways and Nodes - OPI Blue/a_Log out' is clickable

2018-06-11 08:57:30 - [MESSAGE][PASSED] - Object 'Object Repository/unregister_node/Page_Gateways and Nodes - OPI Blue/a_Log out' is clickable

2018-06-11 08:57:30 - [TEST_STEP][PASSED] - click: Object: 'Object Repository/unregister_node/Page_Gateways and Nodes - OPI Blue/a_Log out' is clicked on

2018-06-11 08:57:32 - [MESSAGE][PASSED] - Object: 'Object Repository/unregister_node/Page_Gateways and Nodes - OPI Blue/a_Log out' is clicked on

2018-06-11 08:57:32 - [TEST_STEP][PASSED] - closeBrowser: Browser is closed

2018-06-11 08:57:34 - [MESSAGE][PASSED] - Browser is closed]]></system-out>
         <system-err><![CDATA[]]></system-err>
      </testcase>
      <testcase name="Test Cases/unregister_gateway" classname="Test Cases/unregister_gateway" status="PASSED">
         <system-out><![CDATA[2018-06-11 08:57:36 - [TEST_CASE][PASSED] - Test Cases/unregister_gateway: Test Cases/unregister_gateway

2018-06-11 08:57:37 - [TEST_STEP][PASSED] - openBrowser: Browser is opened with url: ''

2018-06-11 08:57:41 - [MESSAGE][PASSED] - Browser is opened with url: ''

2018-06-11 08:57:41 - [TEST_STEP][PASSED] - navigateToUrl: Navigate to 'https://ra.managegrain.com/#/dashboard/userPreferences' successfully

2018-06-11 08:57:45 - [MESSAGE][PASSED] - Navigate to 'https://ra.managegrain.com/#/dashboard/userPreferences' successfully

2018-06-11 08:57:45 - [TEST_STEP][PASSED] - setText: Text 'opiopi20171+00028@gmail.com' is set on object 'Object Repository/unregister_gateway/Page_OPI Blue/input_username'

2018-06-11 08:57:51 - [MESSAGE][PASSED] - Text 'opiopi20171+00028@gmail.com' is set on object 'Object Repository/unregister_gateway/Page_OPI Blue/input_username'

2018-06-11 08:57:51 - [TEST_STEP][PASSED] - setText: Text 'gWF7Q4IlreZBZUpxglt7' is set on object 'Object Repository/unregister_gateway/Page_OPI Blue/input_password'

2018-06-11 08:57:55 - [MESSAGE][PASSED] - Text 'gWF7Q4IlreZBZUpxglt7' is set on object 'Object Repository/unregister_gateway/Page_OPI Blue/input_password'

2018-06-11 08:57:55 - [TEST_STEP][PASSED] - click: Object: 'Object Repository/unregister_gateway/Page_OPI Blue/span_Log In' is clicked on

2018-06-11 08:57:59 - [MESSAGE][PASSED] - Object: 'Object Repository/unregister_gateway/Page_OPI Blue/span_Log In' is clicked on

2018-06-11 08:57:59 - [TEST_STEP][PASSED] - click: Object: 'Object Repository/unregister_gateway/Page_Dashboard - OPI Blue/span_Gateways and Nodes' is clicked on

2018-06-11 08:58:01 - [MESSAGE][PASSED] - Object: 'Object Repository/unregister_gateway/Page_Dashboard - OPI Blue/span_Gateways and Nodes' is clicked on

2018-06-11 08:58:01 - [TEST_STEP][PASSED] - click: Object: 'Object Repository/unregister_gateway/Page_Gateways and Nodes - OPI Blue/button_Unregister' is clicked on

2018-06-11 08:58:03 - [MESSAGE][PASSED] - Object: 'Object Repository/unregister_gateway/Page_Gateways and Nodes - OPI Blue/button_Unregister' is clicked on

2018-06-11 08:58:03 - [TEST_STEP][PASSED] - click: Object: 'Object Repository/unregister_gateway/Page_Gateways and Nodes - OPI Blue/button_Unregister_1' is clicked on

2018-06-11 08:58:05 - [MESSAGE][PASSED] - Object: 'Object Repository/unregister_gateway/Page_Gateways and Nodes - OPI Blue/button_Unregister_1' is clicked on

2018-06-11 08:58:05 - [TEST_STEP][PASSED] - waitForElementPresent: Object 'Object Repository/unregister_gateway/Page_Gateways and Nodes - OPI Blue/a_Log out' is present

2018-06-11 08:58:06 - [MESSAGE][PASSED] - Object 'Object Repository/unregister_gateway/Page_Gateways and Nodes - OPI Blue/a_Log out' is present

2018-06-11 08:58:06 - [TEST_STEP][PASSED] - waitForElementClickable: Object 'Object Repository/unregister_gateway/Page_Gateways and Nodes - OPI Blue/a_Log out' is clickable

2018-06-11 08:58:08 - [MESSAGE][PASSED] - Object 'Object Repository/unregister_gateway/Page_Gateways and Nodes - OPI Blue/a_Log out' is clickable

2018-06-11 08:58:08 - [TEST_STEP][PASSED] - click: Object: 'Object Repository/unregister_gateway/Page_Gateways and Nodes - OPI Blue/a_Log out' is clicked on

2018-06-11 08:58:11 - [MESSAGE][PASSED] - Object: 'Object Repository/unregister_gateway/Page_Gateways and Nodes - OPI Blue/a_Log out' is clicked on

2018-06-11 08:58:11 - [TEST_STEP][PASSED] - closeBrowser: Browser is closed

2018-06-11 08:58:13 - [MESSAGE][PASSED] - Browser is closed]]></system-out>
         <system-err><![CDATA[]]></system-err>
      </testcase>
      <system-out><![CDATA[2018-06-11 08:51:06 - [TEST_SUITE][FAILED] - removePlenum_removeFan_deleteBin_deleteSite_unmapNode_unregNode_unregGW: Test Cases/delete_first_bin FAILED because (of) Unable to click on object 'Object Repository/delete_first_bin/Page_Sites and Bins - OPI Blue/a_Log out' (Root cause: org.openqa.selenium.WebDriverException: unknown error: Element <a id="navLogOut" ng-click="vm.logOut();" analytics-category="Navigation Menu" analytics-event="Menu Click" analytics-label="Log out">...</a> is not clickable at point (213, 100). Other element would receive the click: <div uib-modal-window="modal-window" class="modal fade ng-scope ng-isolate-scope in" role="dialog" size="md" index="0" animate="animate" ng-style="{'z-index': 1050 + $$topModalIndex*10, display: 'block'}" tabindex="-1" uib-modal-animation-class="fade" modal-in-class="in" modal-animation="true" style="z-index: 1050; display: block;">...</div>
  (Session info: chrome=67.0.3396.79)
  (Driver info: chromedriver=2.35.528161 (5b82f2d2aae0ca24b877009200ced9065a772e73),platform=Windows NT 10.0.16299 x86_64) (WARNING: The server did not provide any stacktrace information)
Command duration or timeout: 0 milliseconds
Build info: version: '3.7.1', revision: '8a0099a', time: '2017-11-06T21:07:36.161Z'
System info: host: 'OPI-LT66', ip: '172.16.6.51', os.name: 'Windows 10', os.arch: 'amd64', os.version: '10.0', java.version: '1.8.0_102'
Driver info: com.kms.katalon.selenium.driver.CChromeDriver
Capabilities {acceptInsecureCerts: false, acceptSslCerts: false, applicationCacheEnabled: false, browserConnectionEnabled: false, browserName: chrome, chrome: {chromedriverVersion: 2.35.528161 (5b82f2d2aae0ca..., userDataDir: C:\Users\geetab\AppData\Loc...}, cssSelectorsEnabled: true, databaseEnabled: false, handlesAlerts: true, hasTouchScreen: false, javascriptEnabled: true, locationContextEnabled: true, mobileEmulationEnabled: false, nativeEvents: true, networkConnectionEnabled: false, pageLoadStrategy: normal, platform: XP, platformName: XP, rotatable: false, setWindowRect: true, takesHeapSnapshot: true, takesScreenshot: true, unexpectedAlertBehaviour: , unhandledPromptBehavior: , version: 67.0.3396.79, webStorageEnabled: true}
Session ID: 4eb7522c75aefea10d76180b4d5e8a70)]]></system-out>
      <system-err><![CDATA[2018-06-11 08:51:06 - [TEST_SUITE][FAILED] - removePlenum_removeFan_deleteBin_deleteSite_unmapNode_unregNode_unregGW: Test Cases/delete_first_bin FAILED because (of) Unable to click on object 'Object Repository/delete_first_bin/Page_Sites and Bins - OPI Blue/a_Log out' (Root cause: org.openqa.selenium.WebDriverException: unknown error: Element <a id="navLogOut" ng-click="vm.logOut();" analytics-category="Navigation Menu" analytics-event="Menu Click" analytics-label="Log out">...</a> is not clickable at point (213, 100). Other element would receive the click: <div uib-modal-window="modal-window" class="modal fade ng-scope ng-isolate-scope in" role="dialog" size="md" index="0" animate="animate" ng-style="{'z-index': 1050 + $$topModalIndex*10, display: 'block'}" tabindex="-1" uib-modal-animation-class="fade" modal-in-class="in" modal-animation="true" style="z-index: 1050; display: block;">...</div>
  (Session info: chrome=67.0.3396.79)
  (Driver info: chromedriver=2.35.528161 (5b82f2d2aae0ca24b877009200ced9065a772e73),platform=Windows NT 10.0.16299 x86_64) (WARNING: The server did not provide any stacktrace information)
Command duration or timeout: 0 milliseconds
Build info: version: '3.7.1', revision: '8a0099a', time: '2017-11-06T21:07:36.161Z'
System info: host: 'OPI-LT66', ip: '172.16.6.51', os.name: 'Windows 10', os.arch: 'amd64', os.version: '10.0', java.version: '1.8.0_102'
Driver info: com.kms.katalon.selenium.driver.CChromeDriver
Capabilities {acceptInsecureCerts: false, acceptSslCerts: false, applicationCacheEnabled: false, browserConnectionEnabled: false, browserName: chrome, chrome: {chromedriverVersion: 2.35.528161 (5b82f2d2aae0ca..., userDataDir: C:\Users\geetab\AppData\Loc...}, cssSelectorsEnabled: true, databaseEnabled: false, handlesAlerts: true, hasTouchScreen: false, javascriptEnabled: true, locationContextEnabled: true, mobileEmulationEnabled: false, nativeEvents: true, networkConnectionEnabled: false, pageLoadStrategy: normal, platform: XP, platformName: XP, rotatable: false, setWindowRect: true, takesHeapSnapshot: true, takesScreenshot: true, unexpectedAlertBehaviour: , unhandledPromptBehavior: , version: 67.0.3396.79, webStorageEnabled: true}
Session ID: 4eb7522c75aefea10d76180b4d5e8a70)]]></system-err>
   </testsuite>
</testsuites>
