<?xml version="1.0" encoding="UTF-8"?>
<testsuites name="regGW_regNode_mapNode_createSite_createBin" time="508" tests="9" failures="0" errors="0">
   <testsuite name="regGW_regNode_mapNode_createSite_createBin" tests="9" failures="0" errors="0" time="508" timestamp="2018-06-08 10:24:45" hostname="geetab - OPI-LT66.opisystems.local" id="Test Suites/regGW_regNode_mapNode_createSite_createBin">
      <properties>
         <property name="deviceName" value=""/>
         <property name="devicePlatform" value=""/>
         <property name="logFolder" value="C:\\Users\\geetab\\Katalon Studio\\RA_opi_blue_cloud\\Reports\\regGW_regNode_mapNode_createSite_createBin\\20180608_102443"/>
         <property name="logFiles" value="C:\\Users\\geetab\\Katalon Studio\\RA_opi_blue_cloud\\Reports\\regGW_regNode_mapNode_createSite_createBin\\20180608_102443\\execution0.log"/>
         <property name="attachments" value=""/>
         <property name="hostName" value="geetab - OPI-LT66.opisystems.local"/>
         <property name="os" value="Windows 10 64bit"/>
         <property name="katalonVersion" value="5.4.2.1"/>
         <property name="browser" value="Chrome 67.0.3396.62"/>
         <property name="hostAddress" value="172.16.6.51"/>
         <property name="sessionId" value="db36bc246dd6ef39c5f49562293c0afc"/>
         <property name="seleniumVersion" value="3.7.1"/>
         <property name="proxyInformation" value="ProxyInformation{proxyOption=NO_PROXY, proxyServerType=HTTP, password=, proxyServerAddress=, proxyServerPort=0}"/>
         <property name="platform" value="Windows 10"/>
      </properties>
      <testcase name="Test Cases/register_gateway" classname="Test Cases/register_gateway" status="PASSED">
         <system-out><![CDATA[2018-06-08 10:24:45 - [TEST_CASE][PASSED] - Test Cases/register_gateway: Test Cases/register_gateway

2018-06-08 10:24:46 - [TEST_STEP][PASSED] - openBrowser: Browser is opened with url: ''

2018-06-08 10:24:53 - [MESSAGE][PASSED] - Browser is opened with url: ''

2018-06-08 10:24:53 - [TEST_STEP][PASSED] - navigateToUrl: Navigate to 'https://ra.managegrain.com/#/dashboard/userPreferences' successfully

2018-06-08 10:24:56 - [MESSAGE][PASSED] - Navigate to 'https://ra.managegrain.com/#/dashboard/userPreferences' successfully

2018-06-08 10:24:56 - [TEST_STEP][PASSED] - setText: Text 'opiopi20171+00028@gmail.com' is set on object 'Object Repository/register_gateway/Page_OPI Blue/input_username'

2018-06-08 10:25:02 - [MESSAGE][PASSED] - Text 'opiopi20171+00028@gmail.com' is set on object 'Object Repository/register_gateway/Page_OPI Blue/input_username'

2018-06-08 10:25:02 - [TEST_STEP][PASSED] - setText: Text 'gWF7Q4IlreZBZUpxglt7' is set on object 'Object Repository/register_gateway/Page_OPI Blue/input_password'

2018-06-08 10:25:07 - [MESSAGE][PASSED] - Text 'gWF7Q4IlreZBZUpxglt7' is set on object 'Object Repository/register_gateway/Page_OPI Blue/input_password'

2018-06-08 10:25:07 - [TEST_STEP][PASSED] - click: Object: 'Object Repository/register_gateway/Page_OPI Blue/span_Log In' is clicked on

2018-06-08 10:25:10 - [MESSAGE][PASSED] - Object: 'Object Repository/register_gateway/Page_OPI Blue/span_Log In' is clicked on

2018-06-08 10:25:10 - [TEST_STEP][PASSED] - click: Object: 'Object Repository/register_gateway/Page_System Settings - OPI Blue/span_Gateways and Nodes' is clicked on

2018-06-08 10:25:12 - [MESSAGE][PASSED] - Object: 'Object Repository/register_gateway/Page_System Settings - OPI Blue/span_Gateways and Nodes' is clicked on

2018-06-08 10:25:12 - [TEST_STEP][PASSED] - waitForElementPresent: Object 'Object Repository/register_gateway/Page_OPI Blue/Page_Gateways and Nodes - OPI Blue/button_Register a Gateway' is present

2018-06-08 10:25:14 - [MESSAGE][PASSED] - Object 'Object Repository/register_gateway/Page_OPI Blue/Page_Gateways and Nodes - OPI Blue/button_Register a Gateway' is present

2018-06-08 10:25:14 - [TEST_STEP][PASSED] - waitForElementVisible: Object 'Object Repository/register_gateway/Page_OPI Blue/Page_Gateways and Nodes - OPI Blue/button_Register a Gateway' is visible

2018-06-08 10:25:16 - [MESSAGE][PASSED] - Object 'Object Repository/register_gateway/Page_OPI Blue/Page_Gateways and Nodes - OPI Blue/button_Register a Gateway' is visible

2018-06-08 10:25:16 - [TEST_STEP][PASSED] - waitForElementClickable: Object 'Object Repository/register_gateway/Page_OPI Blue/Page_Gateways and Nodes - OPI Blue/button_Register a Gateway' is clickable

2018-06-08 10:25:18 - [MESSAGE][PASSED] - Object 'Object Repository/register_gateway/Page_OPI Blue/Page_Gateways and Nodes - OPI Blue/button_Register a Gateway' is clickable

2018-06-08 10:25:18 - [TEST_STEP][PASSED] - click: Object: 'Object Repository/register_gateway/Page_OPI Blue/Page_Gateways and Nodes - OPI Blue/button_Register a Gateway' is clicked on

2018-06-08 10:25:20 - [MESSAGE][PASSED] - Object: 'Object Repository/register_gateway/Page_OPI Blue/Page_Gateways and Nodes - OPI Blue/button_Register a Gateway' is clicked on

2018-06-08 10:25:20 - [TEST_STEP][PASSED] - setText: Text '5F7DC8' is set on object 'Object Repository/register_gateway/Page_Gateways and Nodes - OPI Blue/input_gatewayId'

2018-06-08 10:25:24 - [MESSAGE][PASSED] - Text '5F7DC8' is set on object 'Object Repository/register_gateway/Page_Gateways and Nodes - OPI Blue/input_gatewayId'

2018-06-08 10:25:24 - [TEST_STEP][PASSED] - setText: Text '4724' is set on object 'Object Repository/register_gateway/Page_Gateways and Nodes - OPI Blue/input_pin'

2018-06-08 10:25:28 - [MESSAGE][PASSED] - Text '4724' is set on object 'Object Repository/register_gateway/Page_Gateways and Nodes - OPI Blue/input_pin'

2018-06-08 10:25:28 - [TEST_STEP][PASSED] - setText: Text '5F7DC8-GW' is set on object 'Object Repository/register_gateway/Page_Gateways and Nodes - OPI Blue/input_gatewayName'

2018-06-08 10:25:33 - [MESSAGE][PASSED] - Text '5F7DC8-GW' is set on object 'Object Repository/register_gateway/Page_Gateways and Nodes - OPI Blue/input_gatewayName'

2018-06-08 10:25:33 - [TEST_STEP][PASSED] - click: Object: 'Object Repository/register_gateway/Page_Gateways and Nodes - OPI Blue/button_Register' is clicked on

2018-06-08 10:25:35 - [MESSAGE][PASSED] - Object: 'Object Repository/register_gateway/Page_Gateways and Nodes - OPI Blue/button_Register' is clicked on

2018-06-08 10:25:35 - [TEST_STEP][PASSED] - waitForElementPresent: Object 'Object Repository/register_gateway/Page_Gateways and Nodes - OPI Blue/a_Log out' is present

2018-06-08 10:25:36 - [MESSAGE][PASSED] - Object 'Object Repository/register_gateway/Page_Gateways and Nodes - OPI Blue/a_Log out' is present

2018-06-08 10:25:36 - [TEST_STEP][PASSED] - waitForElementClickable: Object 'Object Repository/register_gateway/Page_Gateways and Nodes - OPI Blue/a_Log out' is clickable

2018-06-08 10:25:38 - [MESSAGE][PASSED] - Object 'Object Repository/register_gateway/Page_Gateways and Nodes - OPI Blue/a_Log out' is clickable

2018-06-08 10:25:38 - [TEST_STEP][PASSED] - click: Object: 'Object Repository/register_gateway/Page_Gateways and Nodes - OPI Blue/a_Log out' is clicked on

2018-06-08 10:25:41 - [MESSAGE][PASSED] - Object: 'Object Repository/register_gateway/Page_Gateways and Nodes - OPI Blue/a_Log out' is clicked on

2018-06-08 10:25:41 - [TEST_STEP][PASSED] - closeBrowser: Browser is closed

2018-06-08 10:25:43 - [MESSAGE][PASSED] - Browser is closed]]></system-out>
         <system-err><![CDATA[]]></system-err>
      </testcase>
      <testcase name="Test Cases/register_node" classname="Test Cases/register_node" status="PASSED">
         <system-out><![CDATA[2018-06-08 10:25:45 - [TEST_CASE][PASSED] - Test Cases/register_node: Test Cases/register_node

2018-06-08 10:25:45 - [TEST_STEP][PASSED] - openBrowser: Browser is opened with url: ''

2018-06-08 10:25:50 - [MESSAGE][PASSED] - Browser is opened with url: ''

2018-06-08 10:25:50 - [TEST_STEP][PASSED] - navigateToUrl: Navigate to 'https://ra.managegrain.com/#/dashboard/userPreferences' successfully

2018-06-08 10:25:53 - [MESSAGE][PASSED] - Navigate to 'https://ra.managegrain.com/#/dashboard/userPreferences' successfully

2018-06-08 10:25:53 - [TEST_STEP][PASSED] - setText: Text 'opiopi20171+00028@gmail.com' is set on object 'Object Repository/register_node/Page_OPI Blue/input_username'

2018-06-08 10:25:59 - [MESSAGE][PASSED] - Text 'opiopi20171+00028@gmail.com' is set on object 'Object Repository/register_node/Page_OPI Blue/input_username'

2018-06-08 10:25:59 - [TEST_STEP][PASSED] - setText: Text 'gWF7Q4IlreZBZUpxglt7' is set on object 'Object Repository/register_node/Page_OPI Blue/input_password'

2018-06-08 10:26:03 - [MESSAGE][PASSED] - Text 'gWF7Q4IlreZBZUpxglt7' is set on object 'Object Repository/register_node/Page_OPI Blue/input_password'

2018-06-08 10:26:03 - [TEST_STEP][PASSED] - click: Object: 'Object Repository/register_node/Page_OPI Blue/span_Log In' is clicked on

2018-06-08 10:26:07 - [MESSAGE][PASSED] - Object: 'Object Repository/register_node/Page_OPI Blue/span_Log In' is clicked on

2018-06-08 10:26:07 - [TEST_STEP][PASSED] - click: Object: 'Object Repository/register_node/Page_Dashboard - OPI Blue/span_Gateways and Nodes' is clicked on

2018-06-08 10:26:09 - [MESSAGE][PASSED] - Object: 'Object Repository/register_node/Page_Dashboard - OPI Blue/span_Gateways and Nodes' is clicked on

2018-06-08 10:26:09 - [TEST_STEP][PASSED] - click: Object: 'Object Repository/register_node/Page_Gateways and Nodes - OPI Blue/a_Nodes' is clicked on

2018-06-08 10:26:12 - [MESSAGE][PASSED] - Object: 'Object Repository/register_node/Page_Gateways and Nodes - OPI Blue/a_Nodes' is clicked on

2018-06-08 10:26:12 - [TEST_STEP][PASSED] - click: Object: 'Object Repository/register_node/Page_Gateways and Nodes - OPI Blue/button_ Register a Node' is clicked on

2018-06-08 10:26:14 - [MESSAGE][PASSED] - Object: 'Object Repository/register_node/Page_Gateways and Nodes - OPI Blue/button_ Register a Node' is clicked on

2018-06-08 10:26:14 - [TEST_STEP][PASSED] - setText: Text '089CDB' is set on object 'Object Repository/register_node/Page_Gateways and Nodes - OPI Blue/input_nodeId'

2018-06-08 10:26:18 - [MESSAGE][PASSED] - Text '089CDB' is set on object 'Object Repository/register_node/Page_Gateways and Nodes - OPI Blue/input_nodeId'

2018-06-08 10:26:18 - [TEST_STEP][PASSED] - setText: Text '5689' is set on object 'Object Repository/register_node/Page_Gateways and Nodes - OPI Blue/input_pin'

2018-06-08 10:26:22 - [MESSAGE][PASSED] - Text '5689' is set on object 'Object Repository/register_node/Page_Gateways and Nodes - OPI Blue/input_pin'

2018-06-08 10:26:22 - [TEST_STEP][PASSED] - setText: Text '089CDB-FN' is set on object 'Object Repository/register_node/Page_Gateways and Nodes - OPI Blue/input_name'

2018-06-08 10:26:27 - [MESSAGE][PASSED] - Text '089CDB-FN' is set on object 'Object Repository/register_node/Page_Gateways and Nodes - OPI Blue/input_name'

2018-06-08 10:26:27 - [TEST_STEP][PASSED] - click: Object: 'Object Repository/register_node/Page_Gateways and Nodes - OPI Blue/span_Register' is clicked on

2018-06-08 10:26:29 - [MESSAGE][PASSED] - Object: 'Object Repository/register_node/Page_Gateways and Nodes - OPI Blue/span_Register' is clicked on

2018-06-08 10:26:29 - [TEST_STEP][PASSED] - waitForElementPresent: Object 'Object Repository/register_node/Page_Gateways and Nodes - OPI Blue/a_Log out' is present

2018-06-08 10:26:30 - [MESSAGE][PASSED] - Object 'Object Repository/register_node/Page_Gateways and Nodes - OPI Blue/a_Log out' is present

2018-06-08 10:26:30 - [TEST_STEP][PASSED] - waitForElementClickable: Object 'Object Repository/register_node/Page_Gateways and Nodes - OPI Blue/a_Log out' is clickable

2018-06-08 10:26:32 - [MESSAGE][PASSED] - Object 'Object Repository/register_node/Page_Gateways and Nodes - OPI Blue/a_Log out' is clickable

2018-06-08 10:26:32 - [TEST_STEP][PASSED] - click: Object: 'Object Repository/register_node/Page_Gateways and Nodes - OPI Blue/a_Log out' is clicked on

2018-06-08 10:26:35 - [MESSAGE][PASSED] - Object: 'Object Repository/register_node/Page_Gateways and Nodes - OPI Blue/a_Log out' is clicked on

2018-06-08 10:26:35 - [TEST_STEP][PASSED] - closeBrowser: Browser is closed

2018-06-08 10:26:37 - [MESSAGE][PASSED] - Browser is closed]]></system-out>
         <system-err><![CDATA[]]></system-err>
      </testcase>
      <testcase name="Test Cases/map_node" classname="Test Cases/map_node" status="PASSED">
         <system-out><![CDATA[2018-06-08 10:26:39 - [TEST_CASE][PASSED] - Test Cases/map_node: Test Cases/map_node

2018-06-08 10:26:39 - [TEST_STEP][PASSED] - openBrowser: Browser is opened with url: ''

2018-06-08 10:26:44 - [MESSAGE][PASSED] - Browser is opened with url: ''

2018-06-08 10:26:44 - [TEST_STEP][PASSED] - navigateToUrl: Navigate to 'https://ra.managegrain.com/#/dashboard/userPreferences' successfully

2018-06-08 10:26:47 - [MESSAGE][PASSED] - Navigate to 'https://ra.managegrain.com/#/dashboard/userPreferences' successfully

2018-06-08 10:26:47 - [TEST_STEP][PASSED] - setText: Text 'opiopi20171+00028@gmail.com' is set on object 'Object Repository/map_node/Page_OPI Blue/input_username'

2018-06-08 10:26:53 - [MESSAGE][PASSED] - Text 'opiopi20171+00028@gmail.com' is set on object 'Object Repository/map_node/Page_OPI Blue/input_username'

2018-06-08 10:26:53 - [TEST_STEP][PASSED] - setText: Text 'gWF7Q4IlreZBZUpxglt7' is set on object 'Object Repository/map_node/Page_OPI Blue/input_password'

2018-06-08 10:26:58 - [MESSAGE][PASSED] - Text 'gWF7Q4IlreZBZUpxglt7' is set on object 'Object Repository/map_node/Page_OPI Blue/input_password'

2018-06-08 10:26:58 - [TEST_STEP][PASSED] - click: Object: 'Object Repository/map_node/Page_OPI Blue/span_Log In' is clicked on

2018-06-08 10:27:01 - [MESSAGE][PASSED] - Object: 'Object Repository/map_node/Page_OPI Blue/span_Log In' is clicked on

2018-06-08 10:27:01 - [TEST_STEP][PASSED] - click: Object: 'Object Repository/map_node/Page_Dashboard - OPI Blue/span_Gateways and Nodes' is clicked on

2018-06-08 10:27:03 - [MESSAGE][PASSED] - Object: 'Object Repository/map_node/Page_Dashboard - OPI Blue/span_Gateways and Nodes' is clicked on

2018-06-08 10:27:03 - [TEST_STEP][PASSED] - click: Object: 'Object Repository/map_node/Page_Gateways and Nodes - OPI Blue/a_Nodes' is clicked on

2018-06-08 10:27:06 - [MESSAGE][PASSED] - Object: 'Object Repository/map_node/Page_Gateways and Nodes - OPI Blue/a_Nodes' is clicked on

2018-06-08 10:27:06 - [TEST_STEP][PASSED] - click: Object: 'Object Repository/map_node/Page_Gateways and Nodes - OPI Blue/button_Map' is clicked on

2018-06-08 10:27:08 - [MESSAGE][PASSED] - Object: 'Object Repository/map_node/Page_Gateways and Nodes - OPI Blue/button_Map' is clicked on

2018-06-08 10:27:08 - [TEST_STEP][PASSED] - waitForElementPresent: Object 'Object Repository/map_node/Page_Gateways and Nodes - OPI Blue/a_Log out' is present

2018-06-08 10:27:09 - [MESSAGE][PASSED] - Object 'Object Repository/map_node/Page_Gateways and Nodes - OPI Blue/a_Log out' is present

2018-06-08 10:27:09 - [TEST_STEP][PASSED] - waitForElementClickable: Object 'Object Repository/map_node/Page_Gateways and Nodes - OPI Blue/a_Log out' is clickable

2018-06-08 10:27:11 - [MESSAGE][PASSED] - Object 'Object Repository/map_node/Page_Gateways and Nodes - OPI Blue/a_Log out' is clickable

2018-06-08 10:27:11 - [TEST_STEP][PASSED] - click: Object: 'Object Repository/map_node/Page_Gateways and Nodes - OPI Blue/a_Log out' is clicked on

2018-06-08 10:27:14 - [MESSAGE][PASSED] - Object: 'Object Repository/map_node/Page_Gateways and Nodes - OPI Blue/a_Log out' is clicked on

2018-06-08 10:27:14 - [TEST_STEP][PASSED] - closeBrowser: Browser is closed

2018-06-08 10:27:16 - [MESSAGE][PASSED] - Browser is closed]]></system-out>
         <system-err><![CDATA[]]></system-err>
      </testcase>
      <testcase name="Test Cases/create_first_site" classname="Test Cases/create_first_site" status="PASSED">
         <system-out><![CDATA[2018-06-08 10:27:18 - [TEST_CASE][PASSED] - Test Cases/create_first_site: Test Cases/create_first_site

2018-06-08 10:27:18 - [TEST_STEP][PASSED] - openBrowser: Browser is opened with url: ''

2018-06-08 10:27:23 - [MESSAGE][PASSED] - Browser is opened with url: ''

2018-06-08 10:27:23 - [TEST_STEP][PASSED] - navigateToUrl: Navigate to 'https://ra.managegrain.com/#/dashboard/userPreferences' successfully

2018-06-08 10:27:26 - [MESSAGE][PASSED] - Navigate to 'https://ra.managegrain.com/#/dashboard/userPreferences' successfully

2018-06-08 10:27:26 - [TEST_STEP][PASSED] - setText: Text 'opiopi20171+00028@gmail.com' is set on object 'Object Repository/create_first_site/Page_OPI Blue/input_username'

2018-06-08 10:27:32 - [MESSAGE][PASSED] - Text 'opiopi20171+00028@gmail.com' is set on object 'Object Repository/create_first_site/Page_OPI Blue/input_username'

2018-06-08 10:27:32 - [TEST_STEP][PASSED] - setText: Text 'gWF7Q4IlreZBZUpxglt7' is set on object 'Object Repository/create_first_site/Page_OPI Blue/input_password'

2018-06-08 10:27:36 - [MESSAGE][PASSED] - Text 'gWF7Q4IlreZBZUpxglt7' is set on object 'Object Repository/create_first_site/Page_OPI Blue/input_password'

2018-06-08 10:27:36 - [TEST_STEP][PASSED] - click: Object: 'Object Repository/create_first_site/Page_OPI Blue/button_Log In' is clicked on

2018-06-08 10:27:40 - [MESSAGE][PASSED] - Object: 'Object Repository/create_first_site/Page_OPI Blue/button_Log In' is clicked on

2018-06-08 10:27:40 - [TEST_STEP][PASSED] - click: Object: 'Object Repository/create_first_site/Page_Sites and Bins - OPI Blue/span_Sites and Bins' is clicked on

2018-06-08 10:27:42 - [MESSAGE][PASSED] - Object: 'Object Repository/create_first_site/Page_Sites and Bins - OPI Blue/span_Sites and Bins' is clicked on

2018-06-08 10:27:42 - [TEST_STEP][PASSED] - click: Object: 'Object Repository/create_first_site/Page_Sites and Bins - OPI Blue/button_Create a Site' is clicked on

2018-06-08 10:27:44 - [MESSAGE][PASSED] - Object: 'Object Repository/create_first_site/Page_Sites and Bins - OPI Blue/button_Create a Site' is clicked on

2018-06-08 10:27:44 - [TEST_STEP][PASSED] - setText: Text 'Site-1' is set on object 'Object Repository/create_first_site/Page_Sites and Bins - OPI Blue/input_name'

2018-06-08 10:27:49 - [MESSAGE][PASSED] - Text 'Site-1' is set on object 'Object Repository/create_first_site/Page_Sites and Bins - OPI Blue/input_name'

2018-06-08 10:27:49 - [TEST_STEP][PASSED] - click: Object: 'Object Repository/create_first_site/Page_Sites and Bins - OPI Blue/button_Save' is clicked on

2018-06-08 10:27:51 - [MESSAGE][PASSED] - Object: 'Object Repository/create_first_site/Page_Sites and Bins - OPI Blue/button_Save' is clicked on

2018-06-08 10:27:51 - [TEST_STEP][PASSED] - waitForElementPresent: Object 'Object Repository/create_first_site/Page_Sites and Bins - OPI Blue/a_Log out' is present

2018-06-08 10:27:52 - [MESSAGE][PASSED] - Object 'Object Repository/create_first_site/Page_Sites and Bins - OPI Blue/a_Log out' is present

2018-06-08 10:27:52 - [TEST_STEP][PASSED] - waitForElementClickable: Object 'Object Repository/create_first_site/Page_Sites and Bins - OPI Blue/a_Log out' is clickable

2018-06-08 10:27:54 - [MESSAGE][PASSED] - Object 'Object Repository/create_first_site/Page_Sites and Bins - OPI Blue/a_Log out' is clickable

2018-06-08 10:27:54 - [TEST_STEP][PASSED] - click: Object: 'Object Repository/create_first_site/Page_Sites and Bins - OPI Blue/a_Log out' is clicked on

2018-06-08 10:27:57 - [MESSAGE][PASSED] - Object: 'Object Repository/create_first_site/Page_Sites and Bins - OPI Blue/a_Log out' is clicked on

2018-06-08 10:27:57 - [TEST_STEP][PASSED] - closeBrowser: Browser is closed

2018-06-08 10:27:59 - [MESSAGE][PASSED] - Browser is closed]]></system-out>
         <system-err><![CDATA[]]></system-err>
      </testcase>
      <testcase name="Test Cases/add_weather_station_on_site" classname="Test Cases/add_weather_station_on_site" status="PASSED">
         <system-out><![CDATA[2018-06-08 10:28:01 - [TEST_CASE][PASSED] - Test Cases/add_weather_station_on_site: Test Cases/add_weather_station_on_site

2018-06-08 10:28:01 - [TEST_STEP][PASSED] - openBrowser: Browser is opened with url: ''

2018-06-08 10:28:06 - [MESSAGE][PASSED] - Browser is opened with url: ''

2018-06-08 10:28:06 - [TEST_STEP][PASSED] - navigateToUrl: Navigate to 'https://ra.managegrain.com/#/dashboard/userPreferences' successfully

2018-06-08 10:28:09 - [MESSAGE][PASSED] - Navigate to 'https://ra.managegrain.com/#/dashboard/userPreferences' successfully

2018-06-08 10:28:09 - [TEST_STEP][PASSED] - setText: Text 'opiopi20171+00028@gmail.com' is set on object 'Object Repository/add_weather_station/Page_OPI Blue/input_username'

2018-06-08 10:28:15 - [MESSAGE][PASSED] - Text 'opiopi20171+00028@gmail.com' is set on object 'Object Repository/add_weather_station/Page_OPI Blue/input_username'

2018-06-08 10:28:15 - [TEST_STEP][PASSED] - setText: Text 'gWF7Q4IlreZBZUpxglt7' is set on object 'Object Repository/add_weather_station/Page_OPI Blue/input_password'

2018-06-08 10:28:19 - [MESSAGE][PASSED] - Text 'gWF7Q4IlreZBZUpxglt7' is set on object 'Object Repository/add_weather_station/Page_OPI Blue/input_password'

2018-06-08 10:28:19 - [TEST_STEP][PASSED] - click: Object: 'Object Repository/add_weather_station/Page_OPI Blue/span_Log In' is clicked on

2018-06-08 10:28:23 - [MESSAGE][PASSED] - Object: 'Object Repository/add_weather_station/Page_OPI Blue/span_Log In' is clicked on

2018-06-08 10:28:23 - [TEST_STEP][PASSED] - click: Object: 'Object Repository/add_weather_station/Page_Dashboard - OPI Blue/span_Sites and Bins' is clicked on

2018-06-08 10:28:25 - [MESSAGE][PASSED] - Object: 'Object Repository/add_weather_station/Page_Dashboard - OPI Blue/span_Sites and Bins' is clicked on

2018-06-08 10:28:25 - [TEST_STEP][PASSED] - click: Object: 'Object Repository/add_weather_station/Page_Sites and Bins - OPI Blue/a_Sites' is clicked on

2018-06-08 10:28:27 - [MESSAGE][PASSED] - Object: 'Object Repository/add_weather_station/Page_Sites and Bins - OPI Blue/a_Sites' is clicked on

2018-06-08 10:28:27 - [TEST_STEP][PASSED] - click: Object: 'Object Repository/add_weather_station/Page_Sites and Bins - OPI Blue/a_Weather Stations' is clicked on

2018-06-08 10:28:29 - [MESSAGE][PASSED] - Object: 'Object Repository/add_weather_station/Page_Sites and Bins - OPI Blue/a_Weather Stations' is clicked on

2018-06-08 10:28:29 - [TEST_STEP][PASSED] - click: Object: 'Object Repository/add_weather_station/Page_Sites and Bins - OPI Blue/button_Add station' is clicked on

2018-06-08 10:28:32 - [MESSAGE][PASSED] - Object: 'Object Repository/add_weather_station/Page_Sites and Bins - OPI Blue/button_Add station' is clicked on

2018-06-08 10:28:32 - [TEST_STEP][PASSED] - click: Object: 'Object Repository/add_weather_station/Page_Sites and Bins - OPI Blue/label_fa checkbox-with-label' is clicked on

2018-06-08 10:28:34 - [MESSAGE][PASSED] - Object: 'Object Repository/add_weather_station/Page_Sites and Bins - OPI Blue/label_fa checkbox-with-label' is clicked on

2018-06-08 10:28:34 - [TEST_STEP][PASSED] - click: Object: 'Object Repository/add_weather_station/Page_Sites and Bins - OPI Blue/button_Add to Site' is clicked on

2018-06-08 10:28:36 - [MESSAGE][PASSED] - Object: 'Object Repository/add_weather_station/Page_Sites and Bins - OPI Blue/button_Add to Site' is clicked on

2018-06-08 10:28:36 - [TEST_STEP][PASSED] - waitForElementPresent: Object 'Object Repository/add_weather_station/Page_Sites and Bins - OPI Blue/a_Log out' is present

2018-06-08 10:28:37 - [MESSAGE][PASSED] - Object 'Object Repository/add_weather_station/Page_Sites and Bins - OPI Blue/a_Log out' is present

2018-06-08 10:28:37 - [TEST_STEP][PASSED] - waitForElementClickable: Object 'Object Repository/add_weather_station/Page_Sites and Bins - OPI Blue/a_Log out' is clickable

2018-06-08 10:28:39 - [MESSAGE][PASSED] - Object 'Object Repository/add_weather_station/Page_Sites and Bins - OPI Blue/a_Log out' is clickable

2018-06-08 10:28:39 - [TEST_STEP][PASSED] - click: Object: 'Object Repository/add_weather_station/Page_Sites and Bins - OPI Blue/a_Log out' is clicked on

2018-06-08 10:28:42 - [MESSAGE][PASSED] - Object: 'Object Repository/add_weather_station/Page_Sites and Bins - OPI Blue/a_Log out' is clicked on

2018-06-08 10:28:42 - [TEST_STEP][PASSED] - closeBrowser: Browser is closed

2018-06-08 10:28:44 - [MESSAGE][PASSED] - Browser is closed]]></system-out>
         <system-err><![CDATA[]]></system-err>
      </testcase>
      <testcase name="Test Cases/create_first_bin_with_single_site_ws" classname="Test Cases/create_first_bin_with_single_site_ws" status="PASSED">
         <system-out><![CDATA[2018-06-08 10:28:46 - [TEST_CASE][PASSED] - Test Cases/create_first_bin_with_single_site_ws: Test Cases/create_first_bin_with_single_site_ws

2018-06-08 10:28:46 - [TEST_STEP][PASSED] - openBrowser: Browser is opened with url: ''

2018-06-08 10:28:51 - [MESSAGE][PASSED] - Browser is opened with url: ''

2018-06-08 10:28:51 - [TEST_STEP][PASSED] - navigateToUrl: Navigate to 'https://ra.managegrain.com/#/dashboard/userPreferences' successfully

2018-06-08 10:28:54 - [MESSAGE][PASSED] - Navigate to 'https://ra.managegrain.com/#/dashboard/userPreferences' successfully

2018-06-08 10:28:54 - [TEST_STEP][PASSED] - setText: Text 'opiopi20171+00028@gmail.com' is set on object 'Object Repository/create_first_bin_with_single_site_ws/Page_OPI Blue/input_username'

2018-06-08 10:29:00 - [MESSAGE][PASSED] - Text 'opiopi20171+00028@gmail.com' is set on object 'Object Repository/create_first_bin_with_single_site_ws/Page_OPI Blue/input_username'

2018-06-08 10:29:00 - [TEST_STEP][PASSED] - setText: Text 'gWF7Q4IlreZBZUpxglt7' is set on object 'Object Repository/create_first_bin_with_single_site_ws/Page_OPI Blue/input_password'

2018-06-08 10:29:05 - [MESSAGE][PASSED] - Text 'gWF7Q4IlreZBZUpxglt7' is set on object 'Object Repository/create_first_bin_with_single_site_ws/Page_OPI Blue/input_password'

2018-06-08 10:29:05 - [TEST_STEP][PASSED] - click: Object: 'Object Repository/create_first_bin_with_single_site_ws/Page_OPI Blue/button_Log In' is clicked on

2018-06-08 10:29:08 - [MESSAGE][PASSED] - Object: 'Object Repository/create_first_bin_with_single_site_ws/Page_OPI Blue/button_Log In' is clicked on

2018-06-08 10:29:08 - [TEST_STEP][PASSED] - click: Object: 'Object Repository/create_first_bin_with_single_site_ws/Page_Sites and Bins - OPI Blue/span_Sites and Bins' is clicked on

2018-06-08 10:29:10 - [MESSAGE][PASSED] - Object: 'Object Repository/create_first_bin_with_single_site_ws/Page_Sites and Bins - OPI Blue/span_Sites and Bins' is clicked on

2018-06-08 10:29:10 - [TEST_STEP][PASSED] - click: Object: 'Object Repository/create_first_bin_with_single_site_ws/Page_Sites and Bins - OPI Blue/a_Bins' is clicked on

2018-06-08 10:29:13 - [MESSAGE][PASSED] - Object: 'Object Repository/create_first_bin_with_single_site_ws/Page_Sites and Bins - OPI Blue/a_Bins' is clicked on

2018-06-08 10:29:13 - [TEST_STEP][PASSED] - click: Object: 'Object Repository/create_first_bin_with_single_site_ws/Page_Sites and Bins - OPI Blue/button_Create a Bin' is clicked on

2018-06-08 10:29:15 - [MESSAGE][PASSED] - Object: 'Object Repository/create_first_bin_with_single_site_ws/Page_Sites and Bins - OPI Blue/button_Create a Bin' is clicked on

2018-06-08 10:29:15 - [TEST_STEP][PASSED] - setText: Text 'FirstBin' is set on object 'Object Repository/create_first_bin_with_single_site_ws/Page_Sites and Bins - OPI Blue/input_name'

2018-06-08 10:29:19 - [MESSAGE][PASSED] - Text 'FirstBin' is set on object 'Object Repository/create_first_bin_with_single_site_ws/Page_Sites and Bins - OPI Blue/input_name'

2018-06-08 10:29:19 - [TEST_STEP][PASSED] - click: Object: 'Object Repository/create_first_bin_with_single_site_ws/Page_Sites and Bins - OPI Blue/button_Continue' is clicked on

2018-06-08 10:29:22 - [MESSAGE][PASSED] - Object: 'Object Repository/create_first_bin_with_single_site_ws/Page_Sites and Bins - OPI Blue/button_Continue' is clicked on

2018-06-08 10:29:22 - [TEST_STEP][PASSED] - click: Object: 'Object Repository/create_first_bin_with_single_site_ws/Page_Sites and Bins - OPI Blue/strong_skip this step' is clicked on

2018-06-08 10:29:24 - [MESSAGE][PASSED] - Object: 'Object Repository/create_first_bin_with_single_site_ws/Page_Sites and Bins - OPI Blue/strong_skip this step' is clicked on

2018-06-08 10:29:24 - [TEST_STEP][PASSED] - click: Object: 'Object Repository/create_first_bin_with_single_site_ws/Page_Sites and Bins - OPI Blue/strong_skip this step' is clicked on

2018-06-08 10:29:26 - [MESSAGE][PASSED] - Object: 'Object Repository/create_first_bin_with_single_site_ws/Page_Sites and Bins - OPI Blue/strong_skip this step' is clicked on

2018-06-08 10:29:26 - [TEST_STEP][PASSED] - click: Object: 'Object Repository/create_first_bin_with_single_site_ws/Page_Sites and Bins - OPI Blue/button_Continue_1' is clicked on

2018-06-08 10:29:28 - [MESSAGE][PASSED] - Object: 'Object Repository/create_first_bin_with_single_site_ws/Page_Sites and Bins - OPI Blue/button_Continue_1' is clicked on

2018-06-08 10:29:28 - [TEST_STEP][PASSED] - click: Object: 'Object Repository/create_first_bin_with_single_site_ws/Page_Sites and Bins - OPI Blue/strong_skip this step' is clicked on

2018-06-08 10:29:30 - [MESSAGE][PASSED] - Object: 'Object Repository/create_first_bin_with_single_site_ws/Page_Sites and Bins - OPI Blue/strong_skip this step' is clicked on

2018-06-08 10:29:30 - [TEST_STEP][PASSED] - click: Object: 'Object Repository/create_first_bin_with_single_site_ws/Page_Sites and Bins - OPI Blue/button_Continue_2' is clicked on

2018-06-08 10:29:32 - [MESSAGE][PASSED] - Object: 'Object Repository/create_first_bin_with_single_site_ws/Page_Sites and Bins - OPI Blue/button_Continue_2' is clicked on

2018-06-08 10:29:32 - [TEST_STEP][PASSED] - click: Object: 'Object Repository/create_first_bin_with_single_site_ws/Page_Sites and Bins - OPI Blue/strong_skip this step' is clicked on

2018-06-08 10:29:35 - [MESSAGE][PASSED] - Object: 'Object Repository/create_first_bin_with_single_site_ws/Page_Sites and Bins - OPI Blue/strong_skip this step' is clicked on

2018-06-08 10:29:35 - [TEST_STEP][PASSED] - click: Object: 'Object Repository/create_first_bin_with_single_site_ws/Page_Sites and Bins - OPI Blue/strong_skip this step' is clicked on

2018-06-08 10:29:37 - [MESSAGE][PASSED] - Object: 'Object Repository/create_first_bin_with_single_site_ws/Page_Sites and Bins - OPI Blue/strong_skip this step' is clicked on

2018-06-08 10:29:37 - [TEST_STEP][PASSED] - waitForElementPresent: Object 'Object Repository/create_first_bin_with_single_site_ws/Page_Sites and Bins - OPI Blue/button_View Bin' is present

2018-06-08 10:29:39 - [MESSAGE][PASSED] - Object 'Object Repository/create_first_bin_with_single_site_ws/Page_Sites and Bins - OPI Blue/button_View Bin' is present

2018-06-08 10:29:39 - [TEST_STEP][PASSED] - waitForElementClickable: Object 'Object Repository/create_first_bin_with_single_site_ws/Page_Sites and Bins - OPI Blue/button_View Bin' is clickable

2018-06-08 10:29:42 - [MESSAGE][PASSED] - Object 'Object Repository/create_first_bin_with_single_site_ws/Page_Sites and Bins - OPI Blue/button_View Bin' is clickable

2018-06-08 10:29:42 - [TEST_STEP][PASSED] - click: Object: 'Object Repository/create_first_bin_with_single_site_ws/Page_Sites and Bins - OPI Blue/button_View Bin' is clicked on

2018-06-08 10:29:44 - [MESSAGE][PASSED] - Object: 'Object Repository/create_first_bin_with_single_site_ws/Page_Sites and Bins - OPI Blue/button_View Bin' is clicked on

2018-06-08 10:29:44 - [TEST_STEP][PASSED] - waitForElementPresent: Object 'Object Repository/create_first_bin_with_single_site_ws/Page_Sites and Bins - OPI Blue/a_Log out' is present

2018-06-08 10:29:45 - [MESSAGE][PASSED] - Object 'Object Repository/create_first_bin_with_single_site_ws/Page_Sites and Bins - OPI Blue/a_Log out' is present

2018-06-08 10:29:45 - [TEST_STEP][PASSED] - waitForElementClickable: Object 'Object Repository/create_first_bin_with_single_site_ws/Page_Sites and Bins - OPI Blue/a_Log out' is clickable

2018-06-08 10:29:47 - [MESSAGE][PASSED] - Object 'Object Repository/create_first_bin_with_single_site_ws/Page_Sites and Bins - OPI Blue/a_Log out' is clickable

2018-06-08 10:29:47 - [TEST_STEP][PASSED] - click: Object: 'Object Repository/create_first_bin_with_single_site_ws/Page_Sites and Bins - OPI Blue/a_Log out' is clicked on

2018-06-08 10:29:50 - [MESSAGE][PASSED] - Object: 'Object Repository/create_first_bin_with_single_site_ws/Page_Sites and Bins - OPI Blue/a_Log out' is clicked on

2018-06-08 10:29:50 - [TEST_STEP][PASSED] - closeBrowser: Browser is closed

2018-06-08 10:29:52 - [MESSAGE][PASSED] - Browser is closed]]></system-out>
         <system-err><![CDATA[]]></system-err>
      </testcase>
      <testcase name="Test Cases/create_second_bin_with_cables_single_site_without_ws_fan_plenum" classname="Test Cases/create_second_bin_with_cables_single_site_without_ws_fan_plenum" status="PASSED">
         <system-out><![CDATA[2018-06-08 10:29:54 - [TEST_CASE][PASSED] - Test Cases/create_second_bin_with_cables_single_site_without_ws_fan_plenum: Test Cases/create_second_bin_with_cables_single_site_without_ws_fan_plenum

2018-06-08 10:29:54 - [TEST_STEP][PASSED] - openBrowser: Browser is opened with url: ''

2018-06-08 10:29:59 - [MESSAGE][PASSED] - Browser is opened with url: ''

2018-06-08 10:29:59 - [TEST_STEP][PASSED] - navigateToUrl: Navigate to 'https://ra.managegrain.com/#/dashboard/userPreferences' successfully

2018-06-08 10:30:02 - [MESSAGE][PASSED] - Navigate to 'https://ra.managegrain.com/#/dashboard/userPreferences' successfully

2018-06-08 10:30:02 - [TEST_STEP][PASSED] - setText: Text 'opiopi20171+00028@gmail.com' is set on object 'Object Repository/create_second_bin_with_cables_single_site_without_ws_fan_plenum/Page_OPI Blue/input_username'

2018-06-08 10:30:08 - [MESSAGE][PASSED] - Text 'opiopi20171+00028@gmail.com' is set on object 'Object Repository/create_second_bin_with_cables_single_site_without_ws_fan_plenum/Page_OPI Blue/input_username'

2018-06-08 10:30:08 - [TEST_STEP][PASSED] - setText: Text 'gWF7Q4IlreZBZUpxglt7' is set on object 'Object Repository/create_second_bin_with_cables_single_site_without_ws_fan_plenum/Page_OPI Blue/input_password'

2018-06-08 10:30:12 - [MESSAGE][PASSED] - Text 'gWF7Q4IlreZBZUpxglt7' is set on object 'Object Repository/create_second_bin_with_cables_single_site_without_ws_fan_plenum/Page_OPI Blue/input_password'

2018-06-08 10:30:12 - [TEST_STEP][PASSED] - click: Object: 'Object Repository/create_second_bin_with_cables_single_site_without_ws_fan_plenum/Page_OPI Blue/button_Log In' is clicked on

2018-06-08 10:30:16 - [MESSAGE][PASSED] - Object: 'Object Repository/create_second_bin_with_cables_single_site_without_ws_fan_plenum/Page_OPI Blue/button_Log In' is clicked on

2018-06-08 10:30:16 - [TEST_STEP][PASSED] - click: Object: 'Object Repository/create_second_bin_with_cables_single_site_without_ws_fan_plenum/Page_Dashboard - OPI Blue/span_Sites and Bins' is clicked on

2018-06-08 10:30:18 - [MESSAGE][PASSED] - Object: 'Object Repository/create_second_bin_with_cables_single_site_without_ws_fan_plenum/Page_Dashboard - OPI Blue/span_Sites and Bins' is clicked on

2018-06-08 10:30:18 - [TEST_STEP][PASSED] - click: Object: 'Object Repository/create_second_bin_with_cables_single_site_without_ws_fan_plenum/Page_Sites and Bins - OPI Blue/a_Bins' is clicked on

2018-06-08 10:30:21 - [MESSAGE][PASSED] - Object: 'Object Repository/create_second_bin_with_cables_single_site_without_ws_fan_plenum/Page_Sites and Bins - OPI Blue/a_Bins' is clicked on

2018-06-08 10:30:21 - [TEST_STEP][PASSED] - click: Object: 'Object Repository/create_second_bin_with_cables_single_site_without_ws_fan_plenum/Page_Sites and Bins - OPI Blue/button_Create a Bin' is clicked on

2018-06-08 10:30:23 - [MESSAGE][PASSED] - Object: 'Object Repository/create_second_bin_with_cables_single_site_without_ws_fan_plenum/Page_Sites and Bins - OPI Blue/button_Create a Bin' is clicked on

2018-06-08 10:30:23 - [TEST_STEP][PASSED] - setText: Text 'SecondBin' is set on object 'Object Repository/create_second_bin_with_cables_single_site_without_ws_fan_plenum/Page_Sites and Bins - OPI Blue/input_name'

2018-06-08 10:30:27 - [MESSAGE][PASSED] - Text 'SecondBin' is set on object 'Object Repository/create_second_bin_with_cables_single_site_without_ws_fan_plenum/Page_Sites and Bins - OPI Blue/input_name'

2018-06-08 10:30:27 - [TEST_STEP][PASSED] - click: Object: 'Object Repository/create_second_bin_with_cables_single_site_without_ws_fan_plenum/Page_Sites and Bins - OPI Blue/button_Continue' is clicked on

2018-06-08 10:30:29 - [MESSAGE][PASSED] - Object: 'Object Repository/create_second_bin_with_cables_single_site_without_ws_fan_plenum/Page_Sites and Bins - OPI Blue/button_Continue' is clicked on

2018-06-08 10:30:29 - [TEST_STEP][PASSED] - click: Object: 'Object Repository/create_second_bin_with_cables_single_site_without_ws_fan_plenum/Page_Sites and Bins - OPI Blue/span_Select' is clicked on

2018-06-08 10:30:32 - [MESSAGE][PASSED] - Object: 'Object Repository/create_second_bin_with_cables_single_site_without_ws_fan_plenum/Page_Sites and Bins - OPI Blue/span_Select' is clicked on

2018-06-08 10:30:32 - [TEST_STEP][PASSED] - click: Object: 'Object Repository/create_second_bin_with_cables_single_site_without_ws_fan_plenum/Page_Sites and Bins - OPI Blue/div_919' is clicked on

2018-06-08 10:30:34 - [MESSAGE][PASSED] - Object: 'Object Repository/create_second_bin_with_cables_single_site_without_ws_fan_plenum/Page_Sites and Bins - OPI Blue/div_919' is clicked on

2018-06-08 10:30:34 - [TEST_STEP][PASSED] - waitForElementPresent: Object 'Object Repository/create_second_bin_with_cables_single_site_without_ws_fan_plenum/spy_web/Page_Sites and Bins - OPI Blue/b' is present

2018-06-08 10:30:35 - [MESSAGE][PASSED] - Object 'Object Repository/create_second_bin_with_cables_single_site_without_ws_fan_plenum/spy_web/Page_Sites and Bins - OPI Blue/b' is present

2018-06-08 10:30:35 - [TEST_STEP][PASSED] - waitForElementVisible: Object 'Object Repository/create_second_bin_with_cables_single_site_without_ws_fan_plenum/spy_web/Page_Sites and Bins - OPI Blue/b' is visible

2018-06-08 10:30:37 - [MESSAGE][PASSED] - Object 'Object Repository/create_second_bin_with_cables_single_site_without_ws_fan_plenum/spy_web/Page_Sites and Bins - OPI Blue/b' is visible

2018-06-08 10:30:37 - [TEST_STEP][PASSED] - waitForElementClickable: Object 'Object Repository/create_second_bin_with_cables_single_site_without_ws_fan_plenum/spy_web/Page_Sites and Bins - OPI Blue/b' is clickable

2018-06-08 10:30:39 - [MESSAGE][PASSED] - Object 'Object Repository/create_second_bin_with_cables_single_site_without_ws_fan_plenum/spy_web/Page_Sites and Bins - OPI Blue/b' is clickable

2018-06-08 10:30:39 - [TEST_STEP][PASSED] - click: Object: 'Object Repository/create_second_bin_with_cables_single_site_without_ws_fan_plenum/spy_web/Page_Sites and Bins - OPI Blue/b' is clicked on

2018-06-08 10:30:41 - [MESSAGE][PASSED] - Object: 'Object Repository/create_second_bin_with_cables_single_site_without_ws_fan_plenum/spy_web/Page_Sites and Bins - OPI Blue/b' is clicked on

2018-06-08 10:30:41 - [TEST_STEP][PASSED] - click: Object: 'Object Repository/create_second_bin_with_cables_single_site_without_ws_fan_plenum/Page_Sites and Bins - OPI Blue/div_Blackbean' is clicked on

2018-06-08 10:30:43 - [MESSAGE][PASSED] - Object: 'Object Repository/create_second_bin_with_cables_single_site_without_ws_fan_plenum/Page_Sites and Bins - OPI Blue/div_Blackbean' is clicked on

2018-06-08 10:30:43 - [TEST_STEP][PASSED] - click: Object: 'Object Repository/create_second_bin_with_cables_single_site_without_ws_fan_plenum/Page_Sites and Bins - OPI Blue/button_Continue_1' is clicked on

2018-06-08 10:30:46 - [MESSAGE][PASSED] - Object: 'Object Repository/create_second_bin_with_cables_single_site_without_ws_fan_plenum/Page_Sites and Bins - OPI Blue/button_Continue_1' is clicked on

2018-06-08 10:30:46 - [TEST_STEP][PASSED] - setText: Text '2018-01-01' is set on object 'Object Repository/create_second_bin_with_cables_single_site_without_ws_fan_plenum/Page_Sites and Bins - OPI Blue/input_ng-pristine ng-untouched'

2018-06-08 10:30:50 - [MESSAGE][PASSED] - Text '2018-01-01' is set on object 'Object Repository/create_second_bin_with_cables_single_site_without_ws_fan_plenum/Page_Sites and Bins - OPI Blue/input_ng-pristine ng-untouched'

2018-06-08 10:30:50 - [TEST_STEP][PASSED] - setText: Text '10000' is set on object 'Object Repository/create_second_bin_with_cables_single_site_without_ws_fan_plenum/Page_Sites and Bins - OPI Blue/input_capacity'

2018-06-08 10:30:54 - [MESSAGE][PASSED] - Text '10000' is set on object 'Object Repository/create_second_bin_with_cables_single_site_without_ws_fan_plenum/Page_Sites and Bins - OPI Blue/input_capacity'

2018-06-08 10:30:54 - [TEST_STEP][PASSED] - click: Object: 'Object Repository/create_second_bin_with_cables_single_site_without_ws_fan_plenum/Page_Sites and Bins - OPI Blue/button_Continue_1' is clicked on

2018-06-08 10:30:57 - [MESSAGE][PASSED] - Object: 'Object Repository/create_second_bin_with_cables_single_site_without_ws_fan_plenum/Page_Sites and Bins - OPI Blue/button_Continue_1' is clicked on

2018-06-08 10:30:57 - [TEST_STEP][PASSED] - click: Object: 'Object Repository/create_second_bin_with_cables_single_site_without_ws_fan_plenum/Page_Sites and Bins - OPI Blue/button_Continue_1' is clicked on

2018-06-08 10:30:59 - [MESSAGE][PASSED] - Object: 'Object Repository/create_second_bin_with_cables_single_site_without_ws_fan_plenum/Page_Sites and Bins - OPI Blue/button_Continue_1' is clicked on

2018-06-08 10:30:59 - [TEST_STEP][PASSED] - click: Object: 'Object Repository/create_second_bin_with_cables_single_site_without_ws_fan_plenum/Page_Sites and Bins - OPI Blue/i_icon-plus' is clicked on

2018-06-08 10:31:01 - [MESSAGE][PASSED] - Object: 'Object Repository/create_second_bin_with_cables_single_site_without_ws_fan_plenum/Page_Sites and Bins - OPI Blue/i_icon-plus' is clicked on

2018-06-08 10:31:01 - [TEST_STEP][PASSED] - click: Object: 'Object Repository/create_second_bin_with_cables_single_site_without_ws_fan_plenum/Page_Sites and Bins - OPI Blue/a_edit-btn' is clicked on

2018-06-08 10:31:03 - [MESSAGE][PASSED] - Object: 'Object Repository/create_second_bin_with_cables_single_site_without_ws_fan_plenum/Page_Sites and Bins - OPI Blue/a_edit-btn' is clicked on

2018-06-08 10:31:03 - [TEST_STEP][PASSED] - click: Object: 'Object Repository/create_second_bin_with_cables_single_site_without_ws_fan_plenum/Page_Sites and Bins - OPI Blue/button_Continue_1' is clicked on

2018-06-08 10:31:05 - [MESSAGE][PASSED] - Object: 'Object Repository/create_second_bin_with_cables_single_site_without_ws_fan_plenum/Page_Sites and Bins - OPI Blue/button_Continue_1' is clicked on

2018-06-08 10:31:05 - [TEST_STEP][PASSED] - waitForElementPresent: Object 'Object Repository/create_second_bin_with_cables_single_site_without_ws_fan_plenum/Page_Sites and Bins - OPI Blue/button_Continue_2' is present

2018-06-08 10:31:06 - [MESSAGE][PASSED] - Object 'Object Repository/create_second_bin_with_cables_single_site_without_ws_fan_plenum/Page_Sites and Bins - OPI Blue/button_Continue_2' is present

2018-06-08 10:31:06 - [TEST_STEP][PASSED] - waitForElementClickable: Object 'Object Repository/create_second_bin_with_cables_single_site_without_ws_fan_plenum/Page_Sites and Bins - OPI Blue/button_Continue_2' is clickable

2018-06-08 10:31:08 - [MESSAGE][PASSED] - Object 'Object Repository/create_second_bin_with_cables_single_site_without_ws_fan_plenum/Page_Sites and Bins - OPI Blue/button_Continue_2' is clickable

2018-06-08 10:31:08 - [TEST_STEP][PASSED] - click: Object: 'Object Repository/create_second_bin_with_cables_single_site_without_ws_fan_plenum/Page_Sites and Bins - OPI Blue/button_Continue_2' is clicked on

2018-06-08 10:31:11 - [MESSAGE][PASSED] - Object: 'Object Repository/create_second_bin_with_cables_single_site_without_ws_fan_plenum/Page_Sites and Bins - OPI Blue/button_Continue_2' is clicked on

2018-06-08 10:31:11 - [TEST_STEP][PASSED] - click: Object: 'Object Repository/create_second_bin_with_cables_single_site_without_ws_fan_plenum/Page_Sites and Bins - OPI Blue/button_Continue_1' is clicked on

2018-06-08 10:31:13 - [MESSAGE][PASSED] - Object: 'Object Repository/create_second_bin_with_cables_single_site_without_ws_fan_plenum/Page_Sites and Bins - OPI Blue/button_Continue_1' is clicked on

2018-06-08 10:31:13 - [TEST_STEP][PASSED] - click: Object: 'Object Repository/create_second_bin_with_cables_single_site_without_ws_fan_plenum/Page_Sites and Bins - OPI Blue/button_Continue_2' is clicked on

2018-06-08 10:31:15 - [MESSAGE][PASSED] - Object: 'Object Repository/create_second_bin_with_cables_single_site_without_ws_fan_plenum/Page_Sites and Bins - OPI Blue/button_Continue_2' is clicked on

2018-06-08 10:31:15 - [TEST_STEP][PASSED] - waitForElementPresent: Object 'Object Repository/create_second_bin_with_cables_single_site_without_ws_fan_plenum/Page_Sites and Bins - OPI Blue/button_View Bin' is present

2018-06-08 10:31:16 - [MESSAGE][PASSED] - Object 'Object Repository/create_second_bin_with_cables_single_site_without_ws_fan_plenum/Page_Sites and Bins - OPI Blue/button_View Bin' is present

2018-06-08 10:31:16 - [TEST_STEP][PASSED] - waitForElementClickable: Object 'Object Repository/create_second_bin_with_cables_single_site_without_ws_fan_plenum/Page_Sites and Bins - OPI Blue/button_View Bin' is clickable

2018-06-08 10:31:18 - [MESSAGE][PASSED] - Object 'Object Repository/create_second_bin_with_cables_single_site_without_ws_fan_plenum/Page_Sites and Bins - OPI Blue/button_View Bin' is clickable

2018-06-08 10:31:18 - [TEST_STEP][PASSED] - click: Object: 'Object Repository/create_second_bin_with_cables_single_site_without_ws_fan_plenum/Page_Sites and Bins - OPI Blue/button_View Bin' is clicked on

2018-06-08 10:31:20 - [MESSAGE][PASSED] - Object: 'Object Repository/create_second_bin_with_cables_single_site_without_ws_fan_plenum/Page_Sites and Bins - OPI Blue/button_View Bin' is clicked on

2018-06-08 10:31:20 - [TEST_STEP][PASSED] - waitForElementPresent: Object 'Object Repository/create_second_bin_with_cables_single_site_without_ws_fan_plenum/Page_Sites and Bins - OPI Blue/a_Log out' is present

2018-06-08 10:31:21 - [MESSAGE][PASSED] - Object 'Object Repository/create_second_bin_with_cables_single_site_without_ws_fan_plenum/Page_Sites and Bins - OPI Blue/a_Log out' is present

2018-06-08 10:31:21 - [TEST_STEP][PASSED] - waitForElementClickable: Object 'Object Repository/create_second_bin_with_cables_single_site_without_ws_fan_plenum/Page_Sites and Bins - OPI Blue/a_Log out' is clickable

2018-06-08 10:31:23 - [MESSAGE][PASSED] - Object 'Object Repository/create_second_bin_with_cables_single_site_without_ws_fan_plenum/Page_Sites and Bins - OPI Blue/a_Log out' is clickable

2018-06-08 10:31:23 - [TEST_STEP][PASSED] - click: Object: 'Object Repository/create_second_bin_with_cables_single_site_without_ws_fan_plenum/Page_Sites and Bins - OPI Blue/a_Log out' is clicked on

2018-06-08 10:31:26 - [MESSAGE][PASSED] - Object: 'Object Repository/create_second_bin_with_cables_single_site_without_ws_fan_plenum/Page_Sites and Bins - OPI Blue/a_Log out' is clicked on

2018-06-08 10:31:26 - [TEST_STEP][PASSED] - closeBrowser: Browser is closed

2018-06-08 10:31:28 - [MESSAGE][PASSED] - Browser is closed]]></system-out>
         <system-err><![CDATA[]]></system-err>
      </testcase>
      <testcase name="Test Cases/add_plenum_on_bin" classname="Test Cases/add_plenum_on_bin" status="PASSED">
         <system-out><![CDATA[2018-06-08 10:31:30 - [TEST_CASE][PASSED] - Test Cases/add_plenum_on_bin: Test Cases/add_plenum_on_bin

2018-06-08 10:31:31 - [TEST_STEP][PASSED] - openBrowser: Browser is opened with url: ''

2018-06-08 10:31:36 - [MESSAGE][PASSED] - Browser is opened with url: ''

2018-06-08 10:31:36 - [TEST_STEP][PASSED] - navigateToUrl: Navigate to 'https://ra.managegrain.com/#/dashboard/userPreferences' successfully

2018-06-08 10:31:39 - [MESSAGE][PASSED] - Navigate to 'https://ra.managegrain.com/#/dashboard/userPreferences' successfully

2018-06-08 10:31:39 - [TEST_STEP][PASSED] - setText: Text 'opiopi20171+00028@gmail.com' is set on object 'Object Repository/create_bin_add_plenum_only/Page_OPI Blue/input_username'

2018-06-08 10:31:45 - [MESSAGE][PASSED] - Text 'opiopi20171+00028@gmail.com' is set on object 'Object Repository/create_bin_add_plenum_only/Page_OPI Blue/input_username'

2018-06-08 10:31:45 - [TEST_STEP][PASSED] - setEncryptedText: Text ****** has been set on object 'Object Repository/create_bin_add_plenum_only/Page_OPI Blue/input_password'

2018-06-08 10:31:48 - [MESSAGE][PASSED] - Text ****** has been set on object 'Object Repository/create_bin_add_plenum_only/Page_OPI Blue/input_password'

2018-06-08 10:31:48 - [TEST_STEP][PASSED] - click: Object: 'Object Repository/create_bin_add_plenum_only/Page_OPI Blue/button_Log In' is clicked on

2018-06-08 10:31:52 - [MESSAGE][PASSED] - Object: 'Object Repository/create_bin_add_plenum_only/Page_OPI Blue/button_Log In' is clicked on

2018-06-08 10:31:52 - [TEST_STEP][PASSED] - click: Object: 'Object Repository/create_bin_add_plenum_only/Page_Dashboard - OPI Blue/span_Sites and Bins' is clicked on

2018-06-08 10:31:54 - [MESSAGE][PASSED] - Object: 'Object Repository/create_bin_add_plenum_only/Page_Dashboard - OPI Blue/span_Sites and Bins' is clicked on

2018-06-08 10:31:54 - [TEST_STEP][PASSED] - click: Object: 'Object Repository/create_bin_add_plenum_only/Page_Sites and Bins - OPI Blue/a_Bins' is clicked on

2018-06-08 10:31:57 - [MESSAGE][PASSED] - Object: 'Object Repository/create_bin_add_plenum_only/Page_Sites and Bins - OPI Blue/a_Bins' is clicked on

2018-06-08 10:31:57 - [TEST_STEP][PASSED] - click: Object: 'Object Repository/create_bin_add_plenum_only/Page_Sites and Bins - OPI Blue/a_Plenum' is clicked on

2018-06-08 10:31:59 - [MESSAGE][PASSED] - Object: 'Object Repository/create_bin_add_plenum_only/Page_Sites and Bins - OPI Blue/a_Plenum' is clicked on

2018-06-08 10:31:59 - [TEST_STEP][PASSED] - click: Object: 'Object Repository/create_bin_add_plenum_only/Page_Sites and Bins - OPI Blue/button_Add a Plenum Sensor' is clicked on

2018-06-08 10:32:01 - [MESSAGE][PASSED] - Object: 'Object Repository/create_bin_add_plenum_only/Page_Sites and Bins - OPI Blue/button_Add a Plenum Sensor' is clicked on

2018-06-08 10:32:01 - [TEST_STEP][PASSED] - click: Object: 'Object Repository/create_bin_add_plenum_only/Page_Sites and Bins - OPI Blue/span_Select' is clicked on

2018-06-08 10:32:03 - [MESSAGE][PASSED] - Object: 'Object Repository/create_bin_add_plenum_only/Page_Sites and Bins - OPI Blue/span_Select' is clicked on

2018-06-08 10:32:03 - [TEST_STEP][PASSED] - click: Object: 'Object Repository/create_bin_add_plenum_only/Page_Sites and Bins - OPI Blue/spy_web/Page_Sites and Bins - OPI Blue/div_089CDB-FN' is clicked on

2018-06-08 10:32:05 - [MESSAGE][PASSED] - Object: 'Object Repository/create_bin_add_plenum_only/Page_Sites and Bins - OPI Blue/spy_web/Page_Sites and Bins - OPI Blue/div_089CDB-FN' is clicked on

2018-06-08 10:32:05 - [TEST_STEP][PASSED] - click: Object: 'Object Repository/create_bin_add_plenum_only/Page_Sites and Bins - OPI Blue/button_Save' is clicked on

2018-06-08 10:32:08 - [MESSAGE][PASSED] - Object: 'Object Repository/create_bin_add_plenum_only/Page_Sites and Bins - OPI Blue/button_Save' is clicked on

2018-06-08 10:32:08 - [TEST_STEP][PASSED] - waitForElementPresent: Object 'Object Repository/create_bin_add_plenum_only/Page_Sites and Bins - OPI Blue/a_Log out' is present

2018-06-08 10:32:09 - [MESSAGE][PASSED] - Object 'Object Repository/create_bin_add_plenum_only/Page_Sites and Bins - OPI Blue/a_Log out' is present

2018-06-08 10:32:09 - [TEST_STEP][PASSED] - waitForElementClickable: Object 'Object Repository/create_bin_add_plenum_only/Page_Sites and Bins - OPI Blue/a_Log out' is clickable

2018-06-08 10:32:11 - [MESSAGE][PASSED] - Object 'Object Repository/create_bin_add_plenum_only/Page_Sites and Bins - OPI Blue/a_Log out' is clickable

2018-06-08 10:32:11 - [TEST_STEP][PASSED] - click: Object: 'Object Repository/create_bin_add_plenum_only/Page_Sites and Bins - OPI Blue/a_Log out' is clicked on

2018-06-08 10:32:13 - [MESSAGE][PASSED] - Object: 'Object Repository/create_bin_add_plenum_only/Page_Sites and Bins - OPI Blue/a_Log out' is clicked on

2018-06-08 10:32:13 - [TEST_STEP][PASSED] - closeBrowser: Browser is closed

2018-06-08 10:32:15 - [MESSAGE][PASSED] - Browser is closed]]></system-out>
         <system-err><![CDATA[]]></system-err>
      </testcase>
      <testcase name="Test Cases/add_fan_on_bin" classname="Test Cases/add_fan_on_bin" status="PASSED">
         <system-out><![CDATA[2018-06-08 10:32:18 - [TEST_CASE][PASSED] - Test Cases/add_fan_on_bin: Test Cases/add_fan_on_bin

2018-06-08 10:32:18 - [TEST_STEP][PASSED] - openBrowser: Browser is opened with url: ''

2018-06-08 10:32:23 - [MESSAGE][PASSED] - Browser is opened with url: ''

2018-06-08 10:32:23 - [TEST_STEP][PASSED] - navigateToUrl: Navigate to 'https://ra.managegrain.com/#/dashboard/userPreferences' successfully

2018-06-08 10:32:26 - [MESSAGE][PASSED] - Navigate to 'https://ra.managegrain.com/#/dashboard/userPreferences' successfully

2018-06-08 10:32:26 - [TEST_STEP][PASSED] - setText: Text 'opiopi20171+00028@gmail.com' is set on object 'Object Repository/create_bin_add_fan_only/Page_OPI Blue/input_username'

2018-06-08 10:32:32 - [MESSAGE][PASSED] - Text 'opiopi20171+00028@gmail.com' is set on object 'Object Repository/create_bin_add_fan_only/Page_OPI Blue/input_username'

2018-06-08 10:32:32 - [TEST_STEP][PASSED] - setEncryptedText: Text ****** has been set on object 'Object Repository/create_bin_add_fan_only/Page_OPI Blue/input_password'

2018-06-08 10:32:35 - [MESSAGE][PASSED] - Text ****** has been set on object 'Object Repository/create_bin_add_fan_only/Page_OPI Blue/input_password'

2018-06-08 10:32:35 - [TEST_STEP][PASSED] - click: Object: 'Object Repository/create_bin_add_fan_only/Page_OPI Blue/button_Log In' is clicked on

2018-06-08 10:32:39 - [MESSAGE][PASSED] - Object: 'Object Repository/create_bin_add_fan_only/Page_OPI Blue/button_Log In' is clicked on

2018-06-08 10:32:39 - [TEST_STEP][PASSED] - click: Object: 'Object Repository/create_bin_add_fan_only/Page_Dashboard - OPI Blue/span_Sites and Bins' is clicked on

2018-06-08 10:32:41 - [MESSAGE][PASSED] - Object: 'Object Repository/create_bin_add_fan_only/Page_Dashboard - OPI Blue/span_Sites and Bins' is clicked on

2018-06-08 10:32:41 - [TEST_STEP][PASSED] - click: Object: 'Object Repository/create_bin_add_fan_only/Page_Sites and Bins - OPI Blue/a_Bins' is clicked on

2018-06-08 10:32:43 - [MESSAGE][PASSED] - Object: 'Object Repository/create_bin_add_fan_only/Page_Sites and Bins - OPI Blue/a_Bins' is clicked on

2018-06-08 10:32:43 - [TEST_STEP][PASSED] - click: Object: 'Object Repository/create_bin_add_fan_only/Page_Sites and Bins - OPI Blue/a_Fans' is clicked on

2018-06-08 10:32:45 - [MESSAGE][PASSED] - Object: 'Object Repository/create_bin_add_fan_only/Page_Sites and Bins - OPI Blue/a_Fans' is clicked on

2018-06-08 10:32:45 - [TEST_STEP][PASSED] - click: Object: 'Object Repository/create_bin_add_fan_only/Page_Sites and Bins - OPI Blue/button_Add a Fan' is clicked on

2018-06-08 10:32:48 - [MESSAGE][PASSED] - Object: 'Object Repository/create_bin_add_fan_only/Page_Sites and Bins - OPI Blue/button_Add a Fan' is clicked on

2018-06-08 10:32:48 - [TEST_STEP][PASSED] - click: Object: 'Object Repository/create_bin_add_fan_only/Page_Sites and Bins - OPI Blue/span_Select' is clicked on

2018-06-08 10:32:50 - [MESSAGE][PASSED] - Object: 'Object Repository/create_bin_add_fan_only/Page_Sites and Bins - OPI Blue/span_Select' is clicked on

2018-06-08 10:32:50 - [TEST_STEP][NOT_RUN] - click: NOT_RUN: click

2018-06-08 10:32:50 - [MESSAGE][NOT_RUN] - NOT_RUN: click

2018-06-08 10:32:50 - [TEST_STEP][PASSED] - click: Object: 'Object Repository/create_bin/create_bin_add_fan/Page_Sites and Bins - OPI Blue/spy_web/Page_Sites and Bins - OPI Blue/div_089CDB-FN (MAC HFF0004)' is clicked on

2018-06-08 10:32:52 - [MESSAGE][PASSED] - Object: 'Object Repository/create_bin/create_bin_add_fan/Page_Sites and Bins - OPI Blue/spy_web/Page_Sites and Bins - OPI Blue/div_089CDB-FN (MAC HFF0004)' is clicked on

2018-06-08 10:32:52 - [TEST_STEP][NOT_RUN] - waitForElementPresent: NOT_RUN: waitForElementPresent

2018-06-08 10:32:52 - [MESSAGE][NOT_RUN] - NOT_RUN: waitForElementPresent

2018-06-08 10:32:52 - [TEST_STEP][NOT_RUN] - waitForElementVisible: NOT_RUN: waitForElementVisible

2018-06-08 10:32:52 - [MESSAGE][NOT_RUN] - NOT_RUN: waitForElementVisible

2018-06-08 10:32:52 - [TEST_STEP][NOT_RUN] - waitForElementClickable: NOT_RUN: waitForElementClickable

2018-06-08 10:32:52 - [MESSAGE][NOT_RUN] - NOT_RUN: waitForElementClickable

2018-06-08 10:32:52 - [TEST_STEP][PASSED] - click: Object: 'Object Repository/create_bin_add_fan_only/spy_web/Page_Sites and Bins - OPI Blue (2)/b' is clicked on

2018-06-08 10:32:54 - [MESSAGE][PASSED] - Object: 'Object Repository/create_bin_add_fan_only/spy_web/Page_Sites and Bins - OPI Blue (2)/b' is clicked on

2018-06-08 10:32:54 - [TEST_STEP][PASSED] - click: Object: 'Object Repository/create_bin_add_fan_only/Page_Sites and Bins - OPI Blue/div_1' is clicked on

2018-06-08 10:32:57 - [MESSAGE][PASSED] - Object: 'Object Repository/create_bin_add_fan_only/Page_Sites and Bins - OPI Blue/div_1' is clicked on

2018-06-08 10:32:57 - [TEST_STEP][PASSED] - click: Object: 'Object Repository/create_bin_add_fan_only/Page_Sites and Bins - OPI Blue/span_Manual' is clicked on

2018-06-08 10:32:59 - [MESSAGE][PASSED] - Object: 'Object Repository/create_bin_add_fan_only/Page_Sites and Bins - OPI Blue/span_Manual' is clicked on

2018-06-08 10:32:59 - [TEST_STEP][PASSED] - click: Object: 'Object Repository/create_bin_add_fan_only/Page_Sites and Bins - OPI Blue/div_Manual' is clicked on

2018-06-08 10:33:01 - [MESSAGE][PASSED] - Object: 'Object Repository/create_bin_add_fan_only/Page_Sites and Bins - OPI Blue/div_Manual' is clicked on

2018-06-08 10:33:01 - [TEST_STEP][PASSED] - click: Object: 'Object Repository/create_bin_add_fan_only/Page_Sites and Bins - OPI Blue/button_Save' is clicked on

2018-06-08 10:33:03 - [MESSAGE][PASSED] - Object: 'Object Repository/create_bin_add_fan_only/Page_Sites and Bins - OPI Blue/button_Save' is clicked on

2018-06-08 10:33:03 - [TEST_STEP][PASSED] - waitForElementPresent: Object 'Object Repository/create_bin_add_fan_only/Page_Sites and Bins - OPI Blue/a_Log out' is present

2018-06-08 10:33:04 - [MESSAGE][PASSED] - Object 'Object Repository/create_bin_add_fan_only/Page_Sites and Bins - OPI Blue/a_Log out' is present

2018-06-08 10:33:04 - [TEST_STEP][PASSED] - waitForElementClickable: Object 'Object Repository/create_bin_add_fan_only/Page_Sites and Bins - OPI Blue/a_Log out' is clickable

2018-06-08 10:33:06 - [MESSAGE][PASSED] - Object 'Object Repository/create_bin_add_fan_only/Page_Sites and Bins - OPI Blue/a_Log out' is clickable

2018-06-08 10:33:06 - [TEST_STEP][PASSED] - click: Object: 'Object Repository/create_bin_add_fan_only/Page_Sites and Bins - OPI Blue/a_Log out' is clicked on

2018-06-08 10:33:09 - [MESSAGE][PASSED] - Object: 'Object Repository/create_bin_add_fan_only/Page_Sites and Bins - OPI Blue/a_Log out' is clicked on

2018-06-08 10:33:09 - [TEST_STEP][PASSED] - closeBrowser: Browser is closed

2018-06-08 10:33:11 - [MESSAGE][PASSED] - Browser is closed]]></system-out>
         <system-err><![CDATA[]]></system-err>
      </testcase>
      <system-out><![CDATA[2018-06-08 10:24:45 - [TEST_SUITE][PASSED] - regGW_regNode_mapNode_createSite_createBin: Test Cases/add_fan_on_bin]]></system-out>
      <system-err><![CDATA[]]></system-err>
   </testsuite>
</testsuites>
