<?xml version="1.0" encoding="UTF-8"?>
<testsuites name="add_remove_multiple_members" time="392" tests="8" failures="0" errors="0">
   <testsuite name="add_remove_multiple_members" tests="8" failures="0" errors="0" time="392" timestamp="2018-06-11 14:39:12" hostname="geetab - OPI-LT66.opisystems.local" id="Test Suites/add_remove_multiple_members">
      <properties>
         <property name="deviceName" value=""/>
         <property name="devicePlatform" value=""/>
         <property name="logFolder" value="C:\\Users\\geetab\\Katalon Studio\\RA_opi_blue_cloud\\Reports\\add_remove_multiple_members\\20180611_143909"/>
         <property name="logFiles" value="C:\\Users\\geetab\\Katalon Studio\\RA_opi_blue_cloud\\Reports\\add_remove_multiple_members\\20180611_143909\\execution0.log"/>
         <property name="attachments" value=""/>
         <property name="hostName" value="geetab - OPI-LT66.opisystems.local"/>
         <property name="os" value="Windows 10 64bit"/>
         <property name="katalonVersion" value="5.4.2.1"/>
         <property name="browser" value="Chrome 67.0.3396.79"/>
         <property name="hostAddress" value="172.16.6.51"/>
         <property name="sessionId" value="c555ce419d50fea99fdb20eed6f4ed11"/>
         <property name="seleniumVersion" value="3.7.1"/>
         <property name="proxyInformation" value="ProxyInformation{proxyOption=NO_PROXY, proxyServerType=HTTP, password=, proxyServerAddress=, proxyServerPort=0}"/>
         <property name="platform" value="Windows 10"/>
      </properties>
      <testcase name="Test Cases/add_very_first_member" classname="Test Cases/add_very_first_member" status="PASSED">
         <system-out><![CDATA[2018-06-11 14:39:12 - [TEST_CASE][PASSED] - Test Cases/add_very_first_member: Test Cases/add_very_first_member

2018-06-11 14:39:13 - [TEST_STEP][PASSED] - openBrowser: Browser is opened with url: ''

2018-06-11 14:39:21 - [MESSAGE][PASSED] - Browser is opened with url: ''

2018-06-11 14:39:21 - [TEST_STEP][PASSED] - navigateToUrl: Navigate to 'https://ra.managegrain.com/#/dashboard/userPreferences' successfully

2018-06-11 14:39:24 - [MESSAGE][PASSED] - Navigate to 'https://ra.managegrain.com/#/dashboard/userPreferences' successfully

2018-06-11 14:39:24 - [TEST_STEP][PASSED] - setText: Text 'geetab@opisystems.com' is set on object 'Object Repository/add_very_first_member/Page_OPI Blue/input_username'

2018-06-11 14:39:30 - [MESSAGE][PASSED] - Text 'geetab@opisystems.com' is set on object 'Object Repository/add_very_first_member/Page_OPI Blue/input_username'

2018-06-11 14:39:30 - [TEST_STEP][PASSED] - setEncryptedText: Text ****** has been set on object 'Object Repository/add_very_first_member/Page_OPI Blue/input_password'

2018-06-11 14:39:34 - [MESSAGE][PASSED] - Text ****** has been set on object 'Object Repository/add_very_first_member/Page_OPI Blue/input_password'

2018-06-11 14:39:34 - [TEST_STEP][PASSED] - click: Object: 'Object Repository/add_very_first_member/Page_OPI Blue/button_Log In' is clicked on

2018-06-11 14:39:38 - [MESSAGE][PASSED] - Object: 'Object Repository/add_very_first_member/Page_OPI Blue/button_Log In' is clicked on

2018-06-11 14:39:38 - [TEST_STEP][PASSED] - click: Object: 'Object Repository/add_very_first_member/Page_Dashboard - OPI Blue/span_Members' is clicked on

2018-06-11 14:39:40 - [MESSAGE][PASSED] - Object: 'Object Repository/add_very_first_member/Page_Dashboard - OPI Blue/span_Members' is clicked on

2018-06-11 14:39:40 - [TEST_STEP][PASSED] - click: Object: 'Object Repository/add_very_first_member/Page_Members - OPI Blue/button_ Add Member' is clicked on

2018-06-11 14:39:42 - [MESSAGE][PASSED] - Object: 'Object Repository/add_very_first_member/Page_Members - OPI Blue/button_ Add Member' is clicked on

2018-06-11 14:39:42 - [TEST_STEP][PASSED] - setText: Text 'Test-0@opisystems.com' is set on object 'Object Repository/add_very_first_member/Page_Members - OPI Blue/input_email'

2018-06-11 14:39:47 - [MESSAGE][PASSED] - Text 'Test-0@opisystems.com' is set on object 'Object Repository/add_very_first_member/Page_Members - OPI Blue/input_email'

2018-06-11 14:39:47 - [TEST_STEP][PASSED] - click: Object: 'Object Repository/add_very_first_member/Page_Members - OPI Blue/label_fa checkbox-with-label' is clicked on

2018-06-11 14:39:49 - [MESSAGE][PASSED] - Object: 'Object Repository/add_very_first_member/Page_Members - OPI Blue/label_fa checkbox-with-label' is clicked on

2018-06-11 14:39:49 - [TEST_STEP][PASSED] - click: Object: 'Object Repository/add_very_first_member/Page_Members - OPI Blue/button_Invite' is clicked on

2018-06-11 14:39:51 - [MESSAGE][PASSED] - Object: 'Object Repository/add_very_first_member/Page_Members - OPI Blue/button_Invite' is clicked on

2018-06-11 14:39:51 - [TEST_STEP][PASSED] - waitForElementPresent: Object 'Object Repository/add_very_first_member/Page_Members - OPI Blue/a_Log out' is present

2018-06-11 14:39:52 - [MESSAGE][PASSED] - Object 'Object Repository/add_very_first_member/Page_Members - OPI Blue/a_Log out' is present

2018-06-11 14:39:52 - [TEST_STEP][PASSED] - waitForElementClickable: Object 'Object Repository/add_very_first_member/Page_Members - OPI Blue/a_Log out' is clickable

2018-06-11 14:39:55 - [MESSAGE][PASSED] - Object 'Object Repository/add_very_first_member/Page_Members - OPI Blue/a_Log out' is clickable

2018-06-11 14:39:55 - [TEST_STEP][PASSED] - click: Object: 'Object Repository/add_very_first_member/Page_Members - OPI Blue/a_Log out' is clicked on

2018-06-11 14:39:57 - [MESSAGE][PASSED] - Object: 'Object Repository/add_very_first_member/Page_Members - OPI Blue/a_Log out' is clicked on

2018-06-11 14:39:57 - [TEST_STEP][PASSED] - closeBrowser: Browser is closed

2018-06-11 14:39:59 - [MESSAGE][PASSED] - Browser is closed]]></system-out>
         <system-err><![CDATA[]]></system-err>
      </testcase>
      <testcase name="Test Cases/add_second_multiple_members" classname="Test Cases/add_second_multiple_members" status="PASSED">
         <system-out><![CDATA[2018-06-11 14:40:02 - [TEST_CASE][PASSED] - Test Cases/add_second_multiple_members: Test Cases/add_second_multiple_members

2018-06-11 14:40:02 - [TEST_STEP][PASSED] - openBrowser: Browser is opened with url: ''

2018-06-11 14:40:07 - [MESSAGE][PASSED] - Browser is opened with url: ''

2018-06-11 14:40:07 - [TEST_STEP][PASSED] - navigateToUrl: Navigate to 'https://ra.managegrain.com/#/dashboard/userPreferences' successfully

2018-06-11 14:40:10 - [MESSAGE][PASSED] - Navigate to 'https://ra.managegrain.com/#/dashboard/userPreferences' successfully

2018-06-11 14:40:10 - [TEST_STEP][PASSED] - setText: Text 'geetab@opisystems.com' is set on object 'Object Repository/add_member/Page_OPI Blue/input_username'

2018-06-11 14:40:16 - [MESSAGE][PASSED] - Text 'geetab@opisystems.com' is set on object 'Object Repository/add_member/Page_OPI Blue/input_username'

2018-06-11 14:40:16 - [TEST_STEP][PASSED] - setEncryptedText: Text ****** has been set on object 'Object Repository/add_member/Page_OPI Blue/input_password'

2018-06-11 14:40:19 - [MESSAGE][PASSED] - Text ****** has been set on object 'Object Repository/add_member/Page_OPI Blue/input_password'

2018-06-11 14:40:19 - [TEST_STEP][PASSED] - click: Object: 'Object Repository/add_member/Page_OPI Blue/button_Log In' is clicked on

2018-06-11 14:40:23 - [MESSAGE][PASSED] - Object: 'Object Repository/add_member/Page_OPI Blue/button_Log In' is clicked on

2018-06-11 14:40:23 - [TEST_STEP][PASSED] - click: Object: 'Object Repository/add_member/Page_Dashboard - OPI Blue/span_Members' is clicked on

2018-06-11 14:40:25 - [MESSAGE][PASSED] - Object: 'Object Repository/add_member/Page_Dashboard - OPI Blue/span_Members' is clicked on

2018-06-11 14:40:25 - [TEST_STEP][PASSED] - click: Object: 'Object Repository/add_member/Page_Members - OPI Blue/button_ Add Member' is clicked on

2018-06-11 14:40:27 - [MESSAGE][PASSED] - Object: 'Object Repository/add_member/Page_Members - OPI Blue/button_ Add Member' is clicked on

2018-06-11 14:40:27 - [TEST_STEP][PASSED] - setText: Text 'opiopi20171@gmail.com' is set on object 'Object Repository/add_member/Page_Members - OPI Blue/input_email'

2018-06-11 14:40:32 - [MESSAGE][PASSED] - Text 'opiopi20171@gmail.com' is set on object 'Object Repository/add_member/Page_Members - OPI Blue/input_email'

2018-06-11 14:40:32 - [TEST_STEP][PASSED] - click: Object: 'Object Repository/add_member/Page_Members - OPI Blue/label_fa checkbox-with-label' is clicked on

2018-06-11 14:40:34 - [MESSAGE][PASSED] - Object: 'Object Repository/add_member/Page_Members - OPI Blue/label_fa checkbox-with-label' is clicked on

2018-06-11 14:40:34 - [TEST_STEP][PASSED] - click: Object: 'Object Repository/add_member/Page_Members - OPI Blue/button_Invite' is clicked on

2018-06-11 14:40:36 - [MESSAGE][PASSED] - Object: 'Object Repository/add_member/Page_Members - OPI Blue/button_Invite' is clicked on

2018-06-11 14:40:36 - [TEST_STEP][PASSED] - waitForElementPresent: Object 'Object Repository/add_member/Page_Members - OPI Blue/a_Log out' is present

2018-06-11 14:40:37 - [MESSAGE][PASSED] - Object 'Object Repository/add_member/Page_Members - OPI Blue/a_Log out' is present

2018-06-11 14:40:37 - [TEST_STEP][PASSED] - waitForElementClickable: Object 'Object Repository/add_member/Page_Members - OPI Blue/a_Log out' is clickable

2018-06-11 14:40:39 - [MESSAGE][PASSED] - Object 'Object Repository/add_member/Page_Members - OPI Blue/a_Log out' is clickable

2018-06-11 14:40:39 - [TEST_STEP][PASSED] - click: Object: 'Object Repository/add_member/Page_Members - OPI Blue/a_Log out' is clicked on

2018-06-11 14:40:42 - [MESSAGE][PASSED] - Object: 'Object Repository/add_member/Page_Members - OPI Blue/a_Log out' is clicked on

2018-06-11 14:40:42 - [TEST_STEP][PASSED] - closeBrowser: Browser is closed

2018-06-11 14:40:44 - [MESSAGE][PASSED] - Browser is closed]]></system-out>
         <system-err><![CDATA[]]></system-err>
      </testcase>
      <testcase name="Test Cases/add_second_multiple_members" classname="Test Cases/add_second_multiple_members" status="PASSED">
         <system-out><![CDATA[2018-06-11 14:40:46 - [TEST_CASE][PASSED] - Test Cases/add_second_multiple_members: Test Cases/add_second_multiple_members

2018-06-11 14:40:46 - [TEST_STEP][PASSED] - openBrowser: Browser is opened with url: ''

2018-06-11 14:40:51 - [MESSAGE][PASSED] - Browser is opened with url: ''

2018-06-11 14:40:51 - [TEST_STEP][PASSED] - navigateToUrl: Navigate to 'https://ra.managegrain.com/#/dashboard/userPreferences' successfully

2018-06-11 14:40:54 - [MESSAGE][PASSED] - Navigate to 'https://ra.managegrain.com/#/dashboard/userPreferences' successfully

2018-06-11 14:40:54 - [TEST_STEP][PASSED] - setText: Text 'geetab@opisystems.com' is set on object 'Object Repository/add_member/Page_OPI Blue/input_username'

2018-06-11 14:41:00 - [MESSAGE][PASSED] - Text 'geetab@opisystems.com' is set on object 'Object Repository/add_member/Page_OPI Blue/input_username'

2018-06-11 14:41:00 - [TEST_STEP][PASSED] - setEncryptedText: Text ****** has been set on object 'Object Repository/add_member/Page_OPI Blue/input_password'

2018-06-11 14:41:03 - [MESSAGE][PASSED] - Text ****** has been set on object 'Object Repository/add_member/Page_OPI Blue/input_password'

2018-06-11 14:41:03 - [TEST_STEP][PASSED] - click: Object: 'Object Repository/add_member/Page_OPI Blue/button_Log In' is clicked on

2018-06-11 14:41:07 - [MESSAGE][PASSED] - Object: 'Object Repository/add_member/Page_OPI Blue/button_Log In' is clicked on

2018-06-11 14:41:07 - [TEST_STEP][PASSED] - click: Object: 'Object Repository/add_member/Page_Dashboard - OPI Blue/span_Members' is clicked on

2018-06-11 14:41:09 - [MESSAGE][PASSED] - Object: 'Object Repository/add_member/Page_Dashboard - OPI Blue/span_Members' is clicked on

2018-06-11 14:41:09 - [TEST_STEP][PASSED] - click: Object: 'Object Repository/add_member/Page_Members - OPI Blue/button_ Add Member' is clicked on

2018-06-11 14:41:11 - [MESSAGE][PASSED] - Object: 'Object Repository/add_member/Page_Members - OPI Blue/button_ Add Member' is clicked on

2018-06-11 14:41:11 - [TEST_STEP][PASSED] - setText: Text 'Test-1@opisystems.com' is set on object 'Object Repository/add_member/Page_Members - OPI Blue/input_email'

2018-06-11 14:41:16 - [MESSAGE][PASSED] - Text 'Test-1@opisystems.com' is set on object 'Object Repository/add_member/Page_Members - OPI Blue/input_email'

2018-06-11 14:41:16 - [TEST_STEP][PASSED] - click: Object: 'Object Repository/add_member/Page_Members - OPI Blue/label_fa checkbox-with-label' is clicked on

2018-06-11 14:41:18 - [MESSAGE][PASSED] - Object: 'Object Repository/add_member/Page_Members - OPI Blue/label_fa checkbox-with-label' is clicked on

2018-06-11 14:41:18 - [TEST_STEP][PASSED] - click: Object: 'Object Repository/add_member/Page_Members - OPI Blue/button_Invite' is clicked on

2018-06-11 14:41:20 - [MESSAGE][PASSED] - Object: 'Object Repository/add_member/Page_Members - OPI Blue/button_Invite' is clicked on

2018-06-11 14:41:20 - [TEST_STEP][PASSED] - waitForElementPresent: Object 'Object Repository/add_member/Page_Members - OPI Blue/a_Log out' is present

2018-06-11 14:41:21 - [MESSAGE][PASSED] - Object 'Object Repository/add_member/Page_Members - OPI Blue/a_Log out' is present

2018-06-11 14:41:21 - [TEST_STEP][PASSED] - waitForElementClickable: Object 'Object Repository/add_member/Page_Members - OPI Blue/a_Log out' is clickable

2018-06-11 14:41:23 - [MESSAGE][PASSED] - Object 'Object Repository/add_member/Page_Members - OPI Blue/a_Log out' is clickable

2018-06-11 14:41:23 - [TEST_STEP][PASSED] - click: Object: 'Object Repository/add_member/Page_Members - OPI Blue/a_Log out' is clicked on

2018-06-11 14:41:26 - [MESSAGE][PASSED] - Object: 'Object Repository/add_member/Page_Members - OPI Blue/a_Log out' is clicked on

2018-06-11 14:41:26 - [TEST_STEP][PASSED] - closeBrowser: Browser is closed

2018-06-11 14:41:28 - [MESSAGE][PASSED] - Browser is closed]]></system-out>
         <system-err><![CDATA[]]></system-err>
      </testcase>
      <testcase name="Test Cases/add_second_multiple_members" classname="Test Cases/add_second_multiple_members" status="PASSED">
         <system-out><![CDATA[2018-06-11 14:41:30 - [TEST_CASE][PASSED] - Test Cases/add_second_multiple_members: Test Cases/add_second_multiple_members

2018-06-11 14:41:30 - [TEST_STEP][PASSED] - openBrowser: Browser is opened with url: ''

2018-06-11 14:41:35 - [MESSAGE][PASSED] - Browser is opened with url: ''

2018-06-11 14:41:35 - [TEST_STEP][PASSED] - navigateToUrl: Navigate to 'https://ra.managegrain.com/#/dashboard/userPreferences' successfully

2018-06-11 14:41:38 - [MESSAGE][PASSED] - Navigate to 'https://ra.managegrain.com/#/dashboard/userPreferences' successfully

2018-06-11 14:41:38 - [TEST_STEP][PASSED] - setText: Text 'geetab@opisystems.com' is set on object 'Object Repository/add_member/Page_OPI Blue/input_username'

2018-06-11 14:41:44 - [MESSAGE][PASSED] - Text 'geetab@opisystems.com' is set on object 'Object Repository/add_member/Page_OPI Blue/input_username'

2018-06-11 14:41:44 - [TEST_STEP][PASSED] - setEncryptedText: Text ****** has been set on object 'Object Repository/add_member/Page_OPI Blue/input_password'

2018-06-11 14:41:47 - [MESSAGE][PASSED] - Text ****** has been set on object 'Object Repository/add_member/Page_OPI Blue/input_password'

2018-06-11 14:41:47 - [TEST_STEP][PASSED] - click: Object: 'Object Repository/add_member/Page_OPI Blue/button_Log In' is clicked on

2018-06-11 14:41:51 - [MESSAGE][PASSED] - Object: 'Object Repository/add_member/Page_OPI Blue/button_Log In' is clicked on

2018-06-11 14:41:51 - [TEST_STEP][PASSED] - click: Object: 'Object Repository/add_member/Page_Dashboard - OPI Blue/span_Members' is clicked on

2018-06-11 14:41:53 - [MESSAGE][PASSED] - Object: 'Object Repository/add_member/Page_Dashboard - OPI Blue/span_Members' is clicked on

2018-06-11 14:41:53 - [TEST_STEP][PASSED] - click: Object: 'Object Repository/add_member/Page_Members - OPI Blue/button_ Add Member' is clicked on

2018-06-11 14:41:55 - [MESSAGE][PASSED] - Object: 'Object Repository/add_member/Page_Members - OPI Blue/button_ Add Member' is clicked on

2018-06-11 14:41:55 - [TEST_STEP][PASSED] - setText: Text 'Test-2@opisystems.com' is set on object 'Object Repository/add_member/Page_Members - OPI Blue/input_email'

2018-06-11 14:42:00 - [MESSAGE][PASSED] - Text 'Test-2@opisystems.com' is set on object 'Object Repository/add_member/Page_Members - OPI Blue/input_email'

2018-06-11 14:42:00 - [TEST_STEP][PASSED] - click: Object: 'Object Repository/add_member/Page_Members - OPI Blue/label_fa checkbox-with-label' is clicked on

2018-06-11 14:42:02 - [MESSAGE][PASSED] - Object: 'Object Repository/add_member/Page_Members - OPI Blue/label_fa checkbox-with-label' is clicked on

2018-06-11 14:42:02 - [TEST_STEP][PASSED] - click: Object: 'Object Repository/add_member/Page_Members - OPI Blue/button_Invite' is clicked on

2018-06-11 14:42:04 - [MESSAGE][PASSED] - Object: 'Object Repository/add_member/Page_Members - OPI Blue/button_Invite' is clicked on

2018-06-11 14:42:04 - [TEST_STEP][PASSED] - waitForElementPresent: Object 'Object Repository/add_member/Page_Members - OPI Blue/a_Log out' is present

2018-06-11 14:42:05 - [MESSAGE][PASSED] - Object 'Object Repository/add_member/Page_Members - OPI Blue/a_Log out' is present

2018-06-11 14:42:05 - [TEST_STEP][PASSED] - waitForElementClickable: Object 'Object Repository/add_member/Page_Members - OPI Blue/a_Log out' is clickable

2018-06-11 14:42:07 - [MESSAGE][PASSED] - Object 'Object Repository/add_member/Page_Members - OPI Blue/a_Log out' is clickable

2018-06-11 14:42:07 - [TEST_STEP][PASSED] - click: Object: 'Object Repository/add_member/Page_Members - OPI Blue/a_Log out' is clicked on

2018-06-11 14:42:10 - [MESSAGE][PASSED] - Object: 'Object Repository/add_member/Page_Members - OPI Blue/a_Log out' is clicked on

2018-06-11 14:42:10 - [TEST_STEP][PASSED] - closeBrowser: Browser is closed

2018-06-11 14:42:12 - [MESSAGE][PASSED] - Browser is closed]]></system-out>
         <system-err><![CDATA[]]></system-err>
      </testcase>
      <testcase name="Test Cases/add_second_multiple_members" classname="Test Cases/add_second_multiple_members" status="PASSED">
         <system-out><![CDATA[2018-06-11 14:42:14 - [TEST_CASE][PASSED] - Test Cases/add_second_multiple_members: Test Cases/add_second_multiple_members

2018-06-11 14:42:14 - [TEST_STEP][PASSED] - openBrowser: Browser is opened with url: ''

2018-06-11 14:42:19 - [MESSAGE][PASSED] - Browser is opened with url: ''

2018-06-11 14:42:19 - [TEST_STEP][PASSED] - navigateToUrl: Navigate to 'https://ra.managegrain.com/#/dashboard/userPreferences' successfully

2018-06-11 14:42:22 - [MESSAGE][PASSED] - Navigate to 'https://ra.managegrain.com/#/dashboard/userPreferences' successfully

2018-06-11 14:42:22 - [TEST_STEP][PASSED] - setText: Text 'geetab@opisystems.com' is set on object 'Object Repository/add_member/Page_OPI Blue/input_username'

2018-06-11 14:42:28 - [MESSAGE][PASSED] - Text 'geetab@opisystems.com' is set on object 'Object Repository/add_member/Page_OPI Blue/input_username'

2018-06-11 14:42:28 - [TEST_STEP][PASSED] - setEncryptedText: Text ****** has been set on object 'Object Repository/add_member/Page_OPI Blue/input_password'

2018-06-11 14:42:31 - [MESSAGE][PASSED] - Text ****** has been set on object 'Object Repository/add_member/Page_OPI Blue/input_password'

2018-06-11 14:42:31 - [TEST_STEP][PASSED] - click: Object: 'Object Repository/add_member/Page_OPI Blue/button_Log In' is clicked on

2018-06-11 14:42:35 - [MESSAGE][PASSED] - Object: 'Object Repository/add_member/Page_OPI Blue/button_Log In' is clicked on

2018-06-11 14:42:35 - [TEST_STEP][PASSED] - click: Object: 'Object Repository/add_member/Page_Dashboard - OPI Blue/span_Members' is clicked on

2018-06-11 14:42:37 - [MESSAGE][PASSED] - Object: 'Object Repository/add_member/Page_Dashboard - OPI Blue/span_Members' is clicked on

2018-06-11 14:42:37 - [TEST_STEP][PASSED] - click: Object: 'Object Repository/add_member/Page_Members - OPI Blue/button_ Add Member' is clicked on

2018-06-11 14:42:39 - [MESSAGE][PASSED] - Object: 'Object Repository/add_member/Page_Members - OPI Blue/button_ Add Member' is clicked on

2018-06-11 14:42:39 - [TEST_STEP][PASSED] - setText: Text 'Test-3@opisystems.com' is set on object 'Object Repository/add_member/Page_Members - OPI Blue/input_email'

2018-06-11 14:42:44 - [MESSAGE][PASSED] - Text 'Test-3@opisystems.com' is set on object 'Object Repository/add_member/Page_Members - OPI Blue/input_email'

2018-06-11 14:42:44 - [TEST_STEP][PASSED] - click: Object: 'Object Repository/add_member/Page_Members - OPI Blue/label_fa checkbox-with-label' is clicked on

2018-06-11 14:42:46 - [MESSAGE][PASSED] - Object: 'Object Repository/add_member/Page_Members - OPI Blue/label_fa checkbox-with-label' is clicked on

2018-06-11 14:42:46 - [TEST_STEP][PASSED] - click: Object: 'Object Repository/add_member/Page_Members - OPI Blue/button_Invite' is clicked on

2018-06-11 14:42:48 - [MESSAGE][PASSED] - Object: 'Object Repository/add_member/Page_Members - OPI Blue/button_Invite' is clicked on

2018-06-11 14:42:48 - [TEST_STEP][PASSED] - waitForElementPresent: Object 'Object Repository/add_member/Page_Members - OPI Blue/a_Log out' is present

2018-06-11 14:42:49 - [MESSAGE][PASSED] - Object 'Object Repository/add_member/Page_Members - OPI Blue/a_Log out' is present

2018-06-11 14:42:49 - [TEST_STEP][PASSED] - waitForElementClickable: Object 'Object Repository/add_member/Page_Members - OPI Blue/a_Log out' is clickable

2018-06-11 14:42:51 - [MESSAGE][PASSED] - Object 'Object Repository/add_member/Page_Members - OPI Blue/a_Log out' is clickable

2018-06-11 14:42:51 - [TEST_STEP][PASSED] - click: Object: 'Object Repository/add_member/Page_Members - OPI Blue/a_Log out' is clicked on

2018-06-11 14:42:54 - [MESSAGE][PASSED] - Object: 'Object Repository/add_member/Page_Members - OPI Blue/a_Log out' is clicked on

2018-06-11 14:42:54 - [TEST_STEP][PASSED] - closeBrowser: Browser is closed

2018-06-11 14:42:56 - [MESSAGE][PASSED] - Browser is closed]]></system-out>
         <system-err><![CDATA[]]></system-err>
      </testcase>
      <testcase name="Test Cases/add_second_multiple_members" classname="Test Cases/add_second_multiple_members" status="PASSED">
         <system-out><![CDATA[2018-06-11 14:42:58 - [TEST_CASE][PASSED] - Test Cases/add_second_multiple_members: Test Cases/add_second_multiple_members

2018-06-11 14:42:58 - [TEST_STEP][PASSED] - openBrowser: Browser is opened with url: ''

2018-06-11 14:43:03 - [MESSAGE][PASSED] - Browser is opened with url: ''

2018-06-11 14:43:03 - [TEST_STEP][PASSED] - navigateToUrl: Navigate to 'https://ra.managegrain.com/#/dashboard/userPreferences' successfully

2018-06-11 14:43:06 - [MESSAGE][PASSED] - Navigate to 'https://ra.managegrain.com/#/dashboard/userPreferences' successfully

2018-06-11 14:43:06 - [TEST_STEP][PASSED] - setText: Text 'geetab@opisystems.com' is set on object 'Object Repository/add_member/Page_OPI Blue/input_username'

2018-06-11 14:43:12 - [MESSAGE][PASSED] - Text 'geetab@opisystems.com' is set on object 'Object Repository/add_member/Page_OPI Blue/input_username'

2018-06-11 14:43:12 - [TEST_STEP][PASSED] - setEncryptedText: Text ****** has been set on object 'Object Repository/add_member/Page_OPI Blue/input_password'

2018-06-11 14:43:15 - [MESSAGE][PASSED] - Text ****** has been set on object 'Object Repository/add_member/Page_OPI Blue/input_password'

2018-06-11 14:43:15 - [TEST_STEP][PASSED] - click: Object: 'Object Repository/add_member/Page_OPI Blue/button_Log In' is clicked on

2018-06-11 14:43:19 - [MESSAGE][PASSED] - Object: 'Object Repository/add_member/Page_OPI Blue/button_Log In' is clicked on

2018-06-11 14:43:19 - [TEST_STEP][PASSED] - click: Object: 'Object Repository/add_member/Page_Dashboard - OPI Blue/span_Members' is clicked on

2018-06-11 14:43:21 - [MESSAGE][PASSED] - Object: 'Object Repository/add_member/Page_Dashboard - OPI Blue/span_Members' is clicked on

2018-06-11 14:43:21 - [TEST_STEP][PASSED] - click: Object: 'Object Repository/add_member/Page_Members - OPI Blue/button_ Add Member' is clicked on

2018-06-11 14:43:23 - [MESSAGE][PASSED] - Object: 'Object Repository/add_member/Page_Members - OPI Blue/button_ Add Member' is clicked on

2018-06-11 14:43:23 - [TEST_STEP][PASSED] - setText: Text 'Test-4@opisystems.com' is set on object 'Object Repository/add_member/Page_Members - OPI Blue/input_email'

2018-06-11 14:43:28 - [MESSAGE][PASSED] - Text 'Test-4@opisystems.com' is set on object 'Object Repository/add_member/Page_Members - OPI Blue/input_email'

2018-06-11 14:43:28 - [TEST_STEP][PASSED] - click: Object: 'Object Repository/add_member/Page_Members - OPI Blue/label_fa checkbox-with-label' is clicked on

2018-06-11 14:43:30 - [MESSAGE][PASSED] - Object: 'Object Repository/add_member/Page_Members - OPI Blue/label_fa checkbox-with-label' is clicked on

2018-06-11 14:43:30 - [TEST_STEP][PASSED] - click: Object: 'Object Repository/add_member/Page_Members - OPI Blue/button_Invite' is clicked on

2018-06-11 14:43:32 - [MESSAGE][PASSED] - Object: 'Object Repository/add_member/Page_Members - OPI Blue/button_Invite' is clicked on

2018-06-11 14:43:32 - [TEST_STEP][PASSED] - waitForElementPresent: Object 'Object Repository/add_member/Page_Members - OPI Blue/a_Log out' is present

2018-06-11 14:43:33 - [MESSAGE][PASSED] - Object 'Object Repository/add_member/Page_Members - OPI Blue/a_Log out' is present

2018-06-11 14:43:33 - [TEST_STEP][PASSED] - waitForElementClickable: Object 'Object Repository/add_member/Page_Members - OPI Blue/a_Log out' is clickable

2018-06-11 14:43:35 - [MESSAGE][PASSED] - Object 'Object Repository/add_member/Page_Members - OPI Blue/a_Log out' is clickable

2018-06-11 14:43:35 - [TEST_STEP][PASSED] - click: Object: 'Object Repository/add_member/Page_Members - OPI Blue/a_Log out' is clicked on

2018-06-11 14:43:38 - [MESSAGE][PASSED] - Object: 'Object Repository/add_member/Page_Members - OPI Blue/a_Log out' is clicked on

2018-06-11 14:43:38 - [TEST_STEP][PASSED] - closeBrowser: Browser is closed

2018-06-11 14:43:40 - [MESSAGE][PASSED] - Browser is closed]]></system-out>
         <system-err><![CDATA[]]></system-err>
      </testcase>
      <testcase name="Test Cases/add_second_multiple_members" classname="Test Cases/add_second_multiple_members" status="PASSED">
         <system-out><![CDATA[2018-06-11 14:43:42 - [TEST_CASE][PASSED] - Test Cases/add_second_multiple_members: Test Cases/add_second_multiple_members

2018-06-11 14:43:42 - [TEST_STEP][PASSED] - openBrowser: Browser is opened with url: ''

2018-06-11 14:43:47 - [MESSAGE][PASSED] - Browser is opened with url: ''

2018-06-11 14:43:47 - [TEST_STEP][PASSED] - navigateToUrl: Navigate to 'https://ra.managegrain.com/#/dashboard/userPreferences' successfully

2018-06-11 14:43:50 - [MESSAGE][PASSED] - Navigate to 'https://ra.managegrain.com/#/dashboard/userPreferences' successfully

2018-06-11 14:43:50 - [TEST_STEP][PASSED] - setText: Text 'geetab@opisystems.com' is set on object 'Object Repository/add_member/Page_OPI Blue/input_username'

2018-06-11 14:43:56 - [MESSAGE][PASSED] - Text 'geetab@opisystems.com' is set on object 'Object Repository/add_member/Page_OPI Blue/input_username'

2018-06-11 14:43:56 - [TEST_STEP][PASSED] - setEncryptedText: Text ****** has been set on object 'Object Repository/add_member/Page_OPI Blue/input_password'

2018-06-11 14:43:59 - [MESSAGE][PASSED] - Text ****** has been set on object 'Object Repository/add_member/Page_OPI Blue/input_password'

2018-06-11 14:43:59 - [TEST_STEP][PASSED] - click: Object: 'Object Repository/add_member/Page_OPI Blue/button_Log In' is clicked on

2018-06-11 14:44:03 - [MESSAGE][PASSED] - Object: 'Object Repository/add_member/Page_OPI Blue/button_Log In' is clicked on

2018-06-11 14:44:03 - [TEST_STEP][PASSED] - click: Object: 'Object Repository/add_member/Page_Dashboard - OPI Blue/span_Members' is clicked on

2018-06-11 14:44:05 - [MESSAGE][PASSED] - Object: 'Object Repository/add_member/Page_Dashboard - OPI Blue/span_Members' is clicked on

2018-06-11 14:44:05 - [TEST_STEP][PASSED] - click: Object: 'Object Repository/add_member/Page_Members - OPI Blue/button_ Add Member' is clicked on

2018-06-11 14:44:07 - [MESSAGE][PASSED] - Object: 'Object Repository/add_member/Page_Members - OPI Blue/button_ Add Member' is clicked on

2018-06-11 14:44:07 - [TEST_STEP][PASSED] - setText: Text 'Test-5@opisystems.com' is set on object 'Object Repository/add_member/Page_Members - OPI Blue/input_email'

2018-06-11 14:44:12 - [MESSAGE][PASSED] - Text 'Test-5@opisystems.com' is set on object 'Object Repository/add_member/Page_Members - OPI Blue/input_email'

2018-06-11 14:44:12 - [TEST_STEP][PASSED] - click: Object: 'Object Repository/add_member/Page_Members - OPI Blue/label_fa checkbox-with-label' is clicked on

2018-06-11 14:44:14 - [MESSAGE][PASSED] - Object: 'Object Repository/add_member/Page_Members - OPI Blue/label_fa checkbox-with-label' is clicked on

2018-06-11 14:44:14 - [TEST_STEP][PASSED] - click: Object: 'Object Repository/add_member/Page_Members - OPI Blue/button_Invite' is clicked on

2018-06-11 14:44:16 - [MESSAGE][PASSED] - Object: 'Object Repository/add_member/Page_Members - OPI Blue/button_Invite' is clicked on

2018-06-11 14:44:16 - [TEST_STEP][PASSED] - waitForElementPresent: Object 'Object Repository/add_member/Page_Members - OPI Blue/a_Log out' is present

2018-06-11 14:44:17 - [MESSAGE][PASSED] - Object 'Object Repository/add_member/Page_Members - OPI Blue/a_Log out' is present

2018-06-11 14:44:17 - [TEST_STEP][PASSED] - waitForElementClickable: Object 'Object Repository/add_member/Page_Members - OPI Blue/a_Log out' is clickable

2018-06-11 14:44:19 - [MESSAGE][PASSED] - Object 'Object Repository/add_member/Page_Members - OPI Blue/a_Log out' is clickable

2018-06-11 14:44:19 - [TEST_STEP][PASSED] - click: Object: 'Object Repository/add_member/Page_Members - OPI Blue/a_Log out' is clicked on

2018-06-11 14:44:22 - [MESSAGE][PASSED] - Object: 'Object Repository/add_member/Page_Members - OPI Blue/a_Log out' is clicked on

2018-06-11 14:44:22 - [TEST_STEP][PASSED] - closeBrowser: Browser is closed

2018-06-11 14:44:24 - [MESSAGE][PASSED] - Browser is closed]]></system-out>
         <system-err><![CDATA[]]></system-err>
      </testcase>
      <testcase name="Test Cases/remove_multiple_members" classname="Test Cases/remove_multiple_members" status="PASSED">
         <system-out><![CDATA[2018-06-11 14:44:26 - [TEST_CASE][PASSED] - Test Cases/remove_multiple_members: Test Cases/remove_multiple_members

2018-06-11 14:44:27 - [TEST_STEP][PASSED] - openBrowser: Browser is opened with url: ''

2018-06-11 14:44:32 - [MESSAGE][PASSED] - Browser is opened with url: ''

2018-06-11 14:44:32 - [TEST_STEP][PASSED] - navigateToUrl: Navigate to 'https://ra.managegrain.com/#/dashboard/userPreferences' successfully

2018-06-11 14:44:35 - [MESSAGE][PASSED] - Navigate to 'https://ra.managegrain.com/#/dashboard/userPreferences' successfully

2018-06-11 14:44:35 - [TEST_STEP][PASSED] - setText: Text 'geetab@opisystems.com' is set on object 'Object Repository/remove_multiple_members/Page_OPI Blue/input_username'

2018-06-11 14:44:41 - [MESSAGE][PASSED] - Text 'geetab@opisystems.com' is set on object 'Object Repository/remove_multiple_members/Page_OPI Blue/input_username'

2018-06-11 14:44:41 - [TEST_STEP][PASSED] - setEncryptedText: Text ****** has been set on object 'Object Repository/remove_multiple_members/Page_OPI Blue/input_password'

2018-06-11 14:44:44 - [MESSAGE][PASSED] - Text ****** has been set on object 'Object Repository/remove_multiple_members/Page_OPI Blue/input_password'

2018-06-11 14:44:44 - [TEST_STEP][PASSED] - click: Object: 'Object Repository/remove_multiple_members/Page_OPI Blue/button_Log In' is clicked on

2018-06-11 14:44:48 - [MESSAGE][PASSED] - Object: 'Object Repository/remove_multiple_members/Page_OPI Blue/button_Log In' is clicked on

2018-06-11 14:44:48 - [TEST_STEP][PASSED] - click: Object: 'Object Repository/remove_multiple_members/Page_Dashboard - OPI Blue/span_Members' is clicked on

2018-06-11 14:44:50 - [MESSAGE][PASSED] - Object: 'Object Repository/remove_multiple_members/Page_Dashboard - OPI Blue/span_Members' is clicked on

2018-06-11 14:44:50 - [TEST_STEP][PASSED] - waitForElementPresent: Object 'Object Repository/remove_multiple_members/Page_Members - OPI Blue/button_Remove' is present

2018-06-11 14:44:51 - [MESSAGE][PASSED] - Object 'Object Repository/remove_multiple_members/Page_Members - OPI Blue/button_Remove' is present

2018-06-11 14:44:51 - [TEST_STEP][PASSED] - waitForElementClickable: Object 'Object Repository/remove_multiple_members/Page_Members - OPI Blue/button_Remove' is clickable

2018-06-11 14:44:53 - [MESSAGE][PASSED] - Object 'Object Repository/remove_multiple_members/Page_Members - OPI Blue/button_Remove' is clickable

2018-06-11 14:44:53 - [TEST_STEP][PASSED] - click: Object: 'Object Repository/remove_multiple_members/Page_Members - OPI Blue/button_Remove' is clicked on

2018-06-11 14:44:55 - [MESSAGE][PASSED] - Object: 'Object Repository/remove_multiple_members/Page_Members - OPI Blue/button_Remove' is clicked on

2018-06-11 14:44:55 - [TEST_STEP][PASSED] - click: Object: 'Object Repository/remove_multiple_members/Page_Members - OPI Blue/button_Remove_1' is clicked on

2018-06-11 14:44:57 - [MESSAGE][PASSED] - Object: 'Object Repository/remove_multiple_members/Page_Members - OPI Blue/button_Remove_1' is clicked on

2018-06-11 14:44:57 - [TEST_STEP][PASSED] - waitForElementPresent: Object 'Object Repository/remove_multiple_members/Page_Members - OPI Blue/button_Remove' is present

2018-06-11 14:44:58 - [MESSAGE][PASSED] - Object 'Object Repository/remove_multiple_members/Page_Members - OPI Blue/button_Remove' is present

2018-06-11 14:44:58 - [TEST_STEP][PASSED] - waitForElementClickable: Object 'Object Repository/remove_multiple_members/Page_Members - OPI Blue/button_Remove' is clickable

2018-06-11 14:45:00 - [MESSAGE][PASSED] - Object 'Object Repository/remove_multiple_members/Page_Members - OPI Blue/button_Remove' is clickable

2018-06-11 14:45:00 - [TEST_STEP][PASSED] - click: Object: 'Object Repository/remove_multiple_members/Page_Members - OPI Blue/button_Remove' is clicked on

2018-06-11 14:45:02 - [MESSAGE][PASSED] - Object: 'Object Repository/remove_multiple_members/Page_Members - OPI Blue/button_Remove' is clicked on

2018-06-11 14:45:02 - [TEST_STEP][PASSED] - click: Object: 'Object Repository/remove_multiple_members/Page_Members - OPI Blue/button_Remove_1' is clicked on

2018-06-11 14:45:05 - [MESSAGE][PASSED] - Object: 'Object Repository/remove_multiple_members/Page_Members - OPI Blue/button_Remove_1' is clicked on

2018-06-11 14:45:05 - [TEST_STEP][PASSED] - waitForElementPresent: Object 'Object Repository/remove_multiple_members/Page_Members - OPI Blue/button_Remove' is present

2018-06-11 14:45:06 - [MESSAGE][PASSED] - Object 'Object Repository/remove_multiple_members/Page_Members - OPI Blue/button_Remove' is present

2018-06-11 14:45:06 - [TEST_STEP][PASSED] - waitForElementClickable: Object 'Object Repository/remove_multiple_members/Page_Members - OPI Blue/button_Remove' is clickable

2018-06-11 14:45:08 - [MESSAGE][PASSED] - Object 'Object Repository/remove_multiple_members/Page_Members - OPI Blue/button_Remove' is clickable

2018-06-11 14:45:08 - [TEST_STEP][PASSED] - click: Object: 'Object Repository/remove_multiple_members/Page_Members - OPI Blue/button_Remove' is clicked on

2018-06-11 14:45:10 - [MESSAGE][PASSED] - Object: 'Object Repository/remove_multiple_members/Page_Members - OPI Blue/button_Remove' is clicked on

2018-06-11 14:45:10 - [TEST_STEP][PASSED] - click: Object: 'Object Repository/remove_multiple_members/Page_Members - OPI Blue/button_Remove_1' is clicked on

2018-06-11 14:45:12 - [MESSAGE][PASSED] - Object: 'Object Repository/remove_multiple_members/Page_Members - OPI Blue/button_Remove_1' is clicked on

2018-06-11 14:45:12 - [TEST_STEP][PASSED] - waitForElementPresent: Object 'Object Repository/remove_multiple_members/Page_Members - OPI Blue/button_Remove' is present

2018-06-11 14:45:13 - [MESSAGE][PASSED] - Object 'Object Repository/remove_multiple_members/Page_Members - OPI Blue/button_Remove' is present

2018-06-11 14:45:13 - [TEST_STEP][PASSED] - waitForElementClickable: Object 'Object Repository/remove_multiple_members/Page_Members - OPI Blue/button_Remove' is clickable

2018-06-11 14:45:15 - [MESSAGE][PASSED] - Object 'Object Repository/remove_multiple_members/Page_Members - OPI Blue/button_Remove' is clickable

2018-06-11 14:45:15 - [TEST_STEP][PASSED] - click: Object: 'Object Repository/remove_multiple_members/Page_Members - OPI Blue/button_Remove' is clicked on

2018-06-11 14:45:17 - [MESSAGE][PASSED] - Object: 'Object Repository/remove_multiple_members/Page_Members - OPI Blue/button_Remove' is clicked on

2018-06-11 14:45:17 - [TEST_STEP][PASSED] - click: Object: 'Object Repository/remove_multiple_members/Page_Members - OPI Blue/button_Remove_1' is clicked on

2018-06-11 14:45:19 - [MESSAGE][PASSED] - Object: 'Object Repository/remove_multiple_members/Page_Members - OPI Blue/button_Remove_1' is clicked on

2018-06-11 14:45:19 - [TEST_STEP][PASSED] - waitForElementPresent: Object 'Object Repository/remove_multiple_members/Page_Members - OPI Blue/button_Remove' is present

2018-06-11 14:45:20 - [MESSAGE][PASSED] - Object 'Object Repository/remove_multiple_members/Page_Members - OPI Blue/button_Remove' is present

2018-06-11 14:45:20 - [TEST_STEP][PASSED] - waitForElementClickable: Object 'Object Repository/remove_multiple_members/Page_Members - OPI Blue/button_Remove' is clickable

2018-06-11 14:45:22 - [MESSAGE][PASSED] - Object 'Object Repository/remove_multiple_members/Page_Members - OPI Blue/button_Remove' is clickable

2018-06-11 14:45:22 - [TEST_STEP][PASSED] - click: Object: 'Object Repository/remove_multiple_members/Page_Members - OPI Blue/button_Remove' is clicked on

2018-06-11 14:45:24 - [MESSAGE][PASSED] - Object: 'Object Repository/remove_multiple_members/Page_Members - OPI Blue/button_Remove' is clicked on

2018-06-11 14:45:24 - [TEST_STEP][PASSED] - click: Object: 'Object Repository/remove_multiple_members/Page_Members - OPI Blue/button_Remove_1' is clicked on

2018-06-11 14:45:27 - [MESSAGE][PASSED] - Object: 'Object Repository/remove_multiple_members/Page_Members - OPI Blue/button_Remove_1' is clicked on

2018-06-11 14:45:27 - [TEST_STEP][PASSED] - waitForElementPresent: Object 'Object Repository/remove_multiple_members/Page_Members - OPI Blue/button_Remove' is present

2018-06-11 14:45:28 - [MESSAGE][PASSED] - Object 'Object Repository/remove_multiple_members/Page_Members - OPI Blue/button_Remove' is present

2018-06-11 14:45:28 - [TEST_STEP][PASSED] - waitForElementClickable: Object 'Object Repository/remove_multiple_members/Page_Members - OPI Blue/button_Remove' is clickable

2018-06-11 14:45:30 - [MESSAGE][PASSED] - Object 'Object Repository/remove_multiple_members/Page_Members - OPI Blue/button_Remove' is clickable

2018-06-11 14:45:30 - [TEST_STEP][PASSED] - click: Object: 'Object Repository/remove_multiple_members/Page_Members - OPI Blue/button_Remove' is clicked on

2018-06-11 14:45:32 - [MESSAGE][PASSED] - Object: 'Object Repository/remove_multiple_members/Page_Members - OPI Blue/button_Remove' is clicked on

2018-06-11 14:45:32 - [TEST_STEP][PASSED] - click: Object: 'Object Repository/remove_multiple_members/Page_Members - OPI Blue/button_Remove_1' is clicked on

2018-06-11 14:45:34 - [MESSAGE][PASSED] - Object: 'Object Repository/remove_multiple_members/Page_Members - OPI Blue/button_Remove_1' is clicked on

2018-06-11 14:45:34 - [TEST_STEP][PASSED] - waitForElementPresent: Object 'Object Repository/remove_multiple_members/Page_Members - OPI Blue/a_Log out' is present

2018-06-11 14:45:35 - [MESSAGE][PASSED] - Object 'Object Repository/remove_multiple_members/Page_Members - OPI Blue/a_Log out' is present

2018-06-11 14:45:35 - [TEST_STEP][PASSED] - waitForElementClickable: Object 'Object Repository/remove_multiple_members/Page_Members - OPI Blue/a_Log out' is clickable

2018-06-11 14:45:37 - [MESSAGE][PASSED] - Object 'Object Repository/remove_multiple_members/Page_Members - OPI Blue/a_Log out' is clickable

2018-06-11 14:45:37 - [TEST_STEP][PASSED] - click: Object: 'Object Repository/remove_multiple_members/Page_Members - OPI Blue/a_Log out' is clicked on

2018-06-11 14:45:40 - [MESSAGE][PASSED] - Object: 'Object Repository/remove_multiple_members/Page_Members - OPI Blue/a_Log out' is clicked on

2018-06-11 14:45:40 - [TEST_STEP][PASSED] - closeBrowser: Browser is closed

2018-06-11 14:45:42 - [MESSAGE][PASSED] - Browser is closed]]></system-out>
         <system-err><![CDATA[]]></system-err>
      </testcase>
      <system-out><![CDATA[2018-06-11 14:39:12 - [TEST_SUITE][PASSED] - add_remove_multiple_members: Test Cases/remove_multiple_members]]></system-out>
      <system-err><![CDATA[]]></system-err>
   </testsuite>
</testsuites>
