<?xml version="1.0" encoding="UTF-8"?>
<testsuites name="removePlenum_removeFan_deleteBin_deleteSite_unmapNode_unregNode_unregGW" time="443" tests="10" failures="0" errors="0">
   <testsuite name="removePlenum_removeFan_deleteBin_deleteSite_unmapNode_unregNode_unregGW" tests="10" failures="0" errors="0" time="443" timestamp="2018-06-11 09:54:54" hostname="geetab - OPI-LT66.opisystems.local" id="Test Suites/removePlenum_removeFan_deleteBin_deleteSite_unmapNode_unregNode_unregGW">
      <properties>
         <property name="deviceName" value=""/>
         <property name="devicePlatform" value=""/>
         <property name="logFolder" value="C:\\Users\\geetab\\Katalon Studio\\RA_opi_blue_cloud\\Reports\\removePlenum_removeFan_deleteBin_deleteSite_unmapNode_unregNode_unregGW\\20180611_095452"/>
         <property name="logFiles" value="C:\\Users\\geetab\\Katalon Studio\\RA_opi_blue_cloud\\Reports\\removePlenum_removeFan_deleteBin_deleteSite_unmapNode_unregNode_unregGW\\20180611_095452\\execution0.log"/>
         <property name="attachments" value=""/>
         <property name="hostName" value="geetab - OPI-LT66.opisystems.local"/>
         <property name="os" value="Windows 10 64bit"/>
         <property name="katalonVersion" value="5.4.2.1"/>
         <property name="browser" value="Chrome 67.0.3396.79"/>
         <property name="hostAddress" value="172.16.6.51"/>
         <property name="sessionId" value="b9864293de55b172429f25e4a10d1caf"/>
         <property name="seleniumVersion" value="3.7.1"/>
         <property name="proxyInformation" value="ProxyInformation{proxyOption=NO_PROXY, proxyServerType=HTTP, password=, proxyServerAddress=, proxyServerPort=0}"/>
         <property name="platform" value="Windows 10"/>
      </properties>
      <testcase name="Test Cases/remove_plenum_from_bin" classname="Test Cases/remove_plenum_from_bin" status="PASSED">
         <system-out><![CDATA[2018-06-11 09:54:55 - [TEST_CASE][PASSED] - Test Cases/remove_plenum_from_bin: Test Cases/remove_plenum_from_bin

2018-06-11 09:54:56 - [TEST_STEP][PASSED] - openBrowser: Browser is opened with url: ''

2018-06-11 09:55:04 - [MESSAGE][PASSED] - Browser is opened with url: ''

2018-06-11 09:55:04 - [TEST_STEP][PASSED] - navigateToUrl: Navigate to 'https://ra.managegrain.com/#/dashboard/userPreferences' successfully

2018-06-11 09:55:07 - [MESSAGE][PASSED] - Navigate to 'https://ra.managegrain.com/#/dashboard/userPreferences' successfully

2018-06-11 09:55:07 - [TEST_STEP][PASSED] - setText: Text 'opiopi20171+00028@gmail.com' is set on object 'Object Repository/remove_plenum_from_bin/Page_OPI Blue/input_username'

2018-06-11 09:55:14 - [MESSAGE][PASSED] - Text 'opiopi20171+00028@gmail.com' is set on object 'Object Repository/remove_plenum_from_bin/Page_OPI Blue/input_username'

2018-06-11 09:55:14 - [TEST_STEP][PASSED] - setText: Text 'gWF7Q4IlreZBZUpxglt7' is set on object 'Object Repository/remove_plenum_from_bin/Page_OPI Blue/input_password'

2018-06-11 09:55:18 - [MESSAGE][PASSED] - Text 'gWF7Q4IlreZBZUpxglt7' is set on object 'Object Repository/remove_plenum_from_bin/Page_OPI Blue/input_password'

2018-06-11 09:55:18 - [TEST_STEP][PASSED] - click: Object: 'Object Repository/remove_plenum_from_bin/Page_OPI Blue/button_Log In' is clicked on

2018-06-11 09:55:22 - [MESSAGE][PASSED] - Object: 'Object Repository/remove_plenum_from_bin/Page_OPI Blue/button_Log In' is clicked on

2018-06-11 09:55:22 - [TEST_STEP][PASSED] - click: Object: 'Object Repository/remove_plenum_from_bin/Page_Gateways and Nodes - OPI Blue/span_Sites and Bins' is clicked on

2018-06-11 09:55:24 - [MESSAGE][PASSED] - Object: 'Object Repository/remove_plenum_from_bin/Page_Gateways and Nodes - OPI Blue/span_Sites and Bins' is clicked on

2018-06-11 09:55:24 - [TEST_STEP][PASSED] - click: Object: 'Object Repository/remove_plenum_from_bin/Page_Sites and Bins - OPI Blue/a_Bins' is clicked on

2018-06-11 09:55:26 - [MESSAGE][PASSED] - Object: 'Object Repository/remove_plenum_from_bin/Page_Sites and Bins - OPI Blue/a_Bins' is clicked on

2018-06-11 09:55:26 - [TEST_STEP][PASSED] - click: Object: 'Object Repository/remove_plenum_from_bin/Page_Sites and Bins - OPI Blue/a_Plenum' is clicked on

2018-06-11 09:55:28 - [MESSAGE][PASSED] - Object: 'Object Repository/remove_plenum_from_bin/Page_Sites and Bins - OPI Blue/a_Plenum' is clicked on

2018-06-11 09:55:28 - [TEST_STEP][PASSED] - click: Object: 'Object Repository/remove_plenum_from_bin/Page_Sites and Bins - OPI Blue/button_Remove' is clicked on

2018-06-11 09:55:31 - [MESSAGE][PASSED] - Object: 'Object Repository/remove_plenum_from_bin/Page_Sites and Bins - OPI Blue/button_Remove' is clicked on

2018-06-11 09:55:31 - [TEST_STEP][PASSED] - click: Object: 'Object Repository/remove_plenum_from_bin/Page_Sites and Bins - OPI Blue/button_Remove_1' is clicked on

2018-06-11 09:55:33 - [MESSAGE][PASSED] - Object: 'Object Repository/remove_plenum_from_bin/Page_Sites and Bins - OPI Blue/button_Remove_1' is clicked on

2018-06-11 09:55:33 - [TEST_STEP][PASSED] - waitForElementPresent: Object 'Object Repository/remove_plenum_from_bin/Page_Sites and Bins - OPI Blue/a_Log out' is present

2018-06-11 09:55:34 - [MESSAGE][PASSED] - Object 'Object Repository/remove_plenum_from_bin/Page_Sites and Bins - OPI Blue/a_Log out' is present

2018-06-11 09:55:34 - [TEST_STEP][PASSED] - waitForElementClickable: Object 'Object Repository/remove_plenum_from_bin/Page_Sites and Bins - OPI Blue/a_Log out' is clickable

2018-06-11 09:55:36 - [MESSAGE][PASSED] - Object 'Object Repository/remove_plenum_from_bin/Page_Sites and Bins - OPI Blue/a_Log out' is clickable

2018-06-11 09:55:36 - [TEST_STEP][PASSED] - click: Object: 'Object Repository/remove_plenum_from_bin/Page_Sites and Bins - OPI Blue/a_Log out' is clicked on

2018-06-11 09:55:39 - [MESSAGE][PASSED] - Object: 'Object Repository/remove_plenum_from_bin/Page_Sites and Bins - OPI Blue/a_Log out' is clicked on

2018-06-11 09:55:39 - [TEST_STEP][PASSED] - closeBrowser: Browser is closed

2018-06-11 09:55:41 - [MESSAGE][PASSED] - Browser is closed]]></system-out>
         <system-err><![CDATA[]]></system-err>
      </testcase>
      <testcase name="Test Cases/stop_fan" classname="Test Cases/stop_fan" status="PASSED">
         <system-out><![CDATA[2018-06-11 09:55:43 - [TEST_CASE][PASSED] - Test Cases/stop_fan: Test Cases/stop_fan

2018-06-11 09:55:43 - [TEST_STEP][PASSED] - openBrowser: Browser is opened with url: ''

2018-06-11 09:55:48 - [MESSAGE][PASSED] - Browser is opened with url: ''

2018-06-11 09:55:48 - [TEST_STEP][PASSED] - navigateToUrl: Navigate to 'https://ra.managegrain.com/#/dashboard/userPreferences' successfully

2018-06-11 09:55:51 - [MESSAGE][PASSED] - Navigate to 'https://ra.managegrain.com/#/dashboard/userPreferences' successfully

2018-06-11 09:55:51 - [TEST_STEP][PASSED] - setText: Text 'opiopi20171+00028@gmail.com' is set on object 'Object Repository/stop_fan/Page_OPI Blue/input_username'

2018-06-11 09:55:57 - [MESSAGE][PASSED] - Text 'opiopi20171+00028@gmail.com' is set on object 'Object Repository/stop_fan/Page_OPI Blue/input_username'

2018-06-11 09:55:57 - [TEST_STEP][PASSED] - setText: Text 'gWF7Q4IlreZBZUpxglt7' is set on object 'Object Repository/stop_fan/Page_OPI Blue/input_password'

2018-06-11 09:56:02 - [MESSAGE][PASSED] - Text 'gWF7Q4IlreZBZUpxglt7' is set on object 'Object Repository/stop_fan/Page_OPI Blue/input_password'

2018-06-11 09:56:02 - [TEST_STEP][PASSED] - click: Object: 'Object Repository/stop_fan/Page_OPI Blue/button_Log In' is clicked on

2018-06-11 09:56:06 - [MESSAGE][PASSED] - Object: 'Object Repository/stop_fan/Page_OPI Blue/button_Log In' is clicked on

2018-06-11 09:56:06 - [TEST_STEP][PASSED] - click: Object: 'Object Repository/stop_fan/Page_Dashboard - OPI Blue/a_Fan Control' is clicked on

2018-06-11 09:56:08 - [MESSAGE][PASSED] - Object: 'Object Repository/stop_fan/Page_Dashboard - OPI Blue/a_Fan Control' is clicked on

2018-06-11 09:56:08 - [TEST_STEP][PASSED] - click: Object: 'Object Repository/stop_fan/Page_Fan Control - OPI Blue/i_font-xl icon-stop-circle' is clicked on

2018-06-11 09:56:10 - [MESSAGE][PASSED] - Object: 'Object Repository/stop_fan/Page_Fan Control - OPI Blue/i_font-xl icon-stop-circle' is clicked on

2018-06-11 09:56:10 - [TEST_STEP][PASSED] - waitForElementPresent: Object 'Object Repository/stop_fan/Page_Fan Control - OPI Blue/a_Log out' is present

2018-06-11 09:56:11 - [MESSAGE][PASSED] - Object 'Object Repository/stop_fan/Page_Fan Control - OPI Blue/a_Log out' is present

2018-06-11 09:56:11 - [TEST_STEP][PASSED] - waitForElementClickable: Object 'Object Repository/stop_fan/Page_Fan Control - OPI Blue/a_Log out' is clickable

2018-06-11 09:56:13 - [MESSAGE][PASSED] - Object 'Object Repository/stop_fan/Page_Fan Control - OPI Blue/a_Log out' is clickable

2018-06-11 09:56:13 - [TEST_STEP][PASSED] - click: Object: 'Object Repository/stop_fan/Page_Fan Control - OPI Blue/a_Log out' is clicked on

2018-06-11 09:56:16 - [MESSAGE][PASSED] - Object: 'Object Repository/stop_fan/Page_Fan Control - OPI Blue/a_Log out' is clicked on

2018-06-11 09:56:16 - [TEST_STEP][PASSED] - closeBrowser: Browser is closed

2018-06-11 09:56:18 - [MESSAGE][PASSED] - Browser is closed]]></system-out>
         <system-err><![CDATA[]]></system-err>
      </testcase>
      <testcase name="Test Cases/remove_fan_from_bin" classname="Test Cases/remove_fan_from_bin" status="PASSED">
         <system-out><![CDATA[2018-06-11 09:56:20 - [TEST_CASE][PASSED] - Test Cases/remove_fan_from_bin: Test Cases/remove_fan_from_bin

2018-06-11 09:56:20 - [TEST_STEP][PASSED] - openBrowser: Browser is opened with url: ''

2018-06-11 09:56:25 - [MESSAGE][PASSED] - Browser is opened with url: ''

2018-06-11 09:56:25 - [TEST_STEP][PASSED] - navigateToUrl: Navigate to 'https://ra.managegrain.com/#/dashboard/userPreferences' successfully

2018-06-11 09:56:29 - [MESSAGE][PASSED] - Navigate to 'https://ra.managegrain.com/#/dashboard/userPreferences' successfully

2018-06-11 09:56:29 - [TEST_STEP][PASSED] - setText: Text 'opiopi20171+00028@gmail.com' is set on object 'Object Repository/create_bin_add_fan_only/Page_OPI Blue/input_username'

2018-06-11 09:56:34 - [MESSAGE][PASSED] - Text 'opiopi20171+00028@gmail.com' is set on object 'Object Repository/create_bin_add_fan_only/Page_OPI Blue/input_username'

2018-06-11 09:56:34 - [TEST_STEP][PASSED] - setText: Text 'gWF7Q4IlreZBZUpxglt7' is set on object 'Object Repository/create_bin_add_fan_only/Page_OPI Blue/input_password'

2018-06-11 09:56:39 - [MESSAGE][PASSED] - Text 'gWF7Q4IlreZBZUpxglt7' is set on object 'Object Repository/create_bin_add_fan_only/Page_OPI Blue/input_password'

2018-06-11 09:56:39 - [TEST_STEP][PASSED] - click: Object: 'Object Repository/create_bin_add_fan_only/Page_OPI Blue/button_Log In' is clicked on

2018-06-11 09:56:42 - [MESSAGE][PASSED] - Object: 'Object Repository/create_bin_add_fan_only/Page_OPI Blue/button_Log In' is clicked on

2018-06-11 09:56:42 - [TEST_STEP][PASSED] - click: Object: 'Object Repository/create_bin_add_fan_only/Page_Dashboard - OPI Blue/span_Sites and Bins' is clicked on

2018-06-11 09:56:45 - [MESSAGE][PASSED] - Object: 'Object Repository/create_bin_add_fan_only/Page_Dashboard - OPI Blue/span_Sites and Bins' is clicked on

2018-06-11 09:56:45 - [TEST_STEP][PASSED] - click: Object: 'Object Repository/create_bin_add_fan_only/Page_Sites and Bins - OPI Blue/a_Bins' is clicked on

2018-06-11 09:56:47 - [MESSAGE][PASSED] - Object: 'Object Repository/create_bin_add_fan_only/Page_Sites and Bins - OPI Blue/a_Bins' is clicked on

2018-06-11 09:56:47 - [TEST_STEP][PASSED] - click: Object: 'Object Repository/create_bin_add_fan_only/Page_Sites and Bins - OPI Blue/a_Fans' is clicked on

2018-06-11 09:56:49 - [MESSAGE][PASSED] - Object: 'Object Repository/create_bin_add_fan_only/Page_Sites and Bins - OPI Blue/a_Fans' is clicked on

2018-06-11 09:56:49 - [TEST_STEP][PASSED] - click: Object: 'Object Repository/create_bin_add_fan_only/Page_Sites and Bins - OPI Blue/button_Remove Fan' is clicked on

2018-06-11 09:56:51 - [MESSAGE][PASSED] - Object: 'Object Repository/create_bin_add_fan_only/Page_Sites and Bins - OPI Blue/button_Remove Fan' is clicked on

2018-06-11 09:56:51 - [TEST_STEP][PASSED] - click: Object: 'Object Repository/create_bin_add_fan_only/Page_Sites and Bins - OPI Blue/button_Remove' is clicked on

2018-06-11 09:56:53 - [MESSAGE][PASSED] - Object: 'Object Repository/create_bin_add_fan_only/Page_Sites and Bins - OPI Blue/button_Remove' is clicked on

2018-06-11 09:56:53 - [TEST_STEP][PASSED] - waitForElementPresent: Object 'Object Repository/create_bin_add_fan_only/Page_Sites and Bins - OPI Blue/a_Log out' is present

2018-06-11 09:56:54 - [MESSAGE][PASSED] - Object 'Object Repository/create_bin_add_fan_only/Page_Sites and Bins - OPI Blue/a_Log out' is present

2018-06-11 09:56:54 - [TEST_STEP][PASSED] - waitForElementClickable: Object 'Object Repository/create_bin_add_fan_only/Page_Sites and Bins - OPI Blue/a_Log out' is clickable

2018-06-11 09:56:57 - [MESSAGE][PASSED] - Object 'Object Repository/create_bin_add_fan_only/Page_Sites and Bins - OPI Blue/a_Log out' is clickable

2018-06-11 09:56:57 - [TEST_STEP][PASSED] - click: Object: 'Object Repository/create_bin_add_fan_only/Page_Sites and Bins - OPI Blue/a_Log out' is clicked on

2018-06-11 09:56:59 - [MESSAGE][PASSED] - Object: 'Object Repository/create_bin_add_fan_only/Page_Sites and Bins - OPI Blue/a_Log out' is clicked on

2018-06-11 09:56:59 - [TEST_STEP][PASSED] - closeBrowser: Browser is closed

2018-06-11 09:57:01 - [MESSAGE][PASSED] - Browser is closed]]></system-out>
         <system-err><![CDATA[]]></system-err>
      </testcase>
      <testcase name="Test Cases/delete_first_bin" classname="Test Cases/delete_first_bin" status="PASSED">
         <system-out><![CDATA[2018-06-11 09:57:03 - [TEST_CASE][PASSED] - Test Cases/delete_first_bin: Test Cases/delete_first_bin

2018-06-11 09:57:04 - [TEST_STEP][PASSED] - openBrowser: Browser is opened with url: ''

2018-06-11 09:57:09 - [MESSAGE][PASSED] - Browser is opened with url: ''

2018-06-11 09:57:09 - [TEST_STEP][PASSED] - navigateToUrl: Navigate to 'https://ra.managegrain.com/#/dashboard/userPreferences' successfully

2018-06-11 09:57:12 - [MESSAGE][PASSED] - Navigate to 'https://ra.managegrain.com/#/dashboard/userPreferences' successfully

2018-06-11 09:57:12 - [TEST_STEP][PASSED] - setText: Text 'opiopi20171+00028@gmail.com' is set on object 'Object Repository/delete_first_bin/Page_OPI Blue/input_username'

2018-06-11 09:57:18 - [MESSAGE][PASSED] - Text 'opiopi20171+00028@gmail.com' is set on object 'Object Repository/delete_first_bin/Page_OPI Blue/input_username'

2018-06-11 09:57:18 - [TEST_STEP][PASSED] - setText: Text 'gWF7Q4IlreZBZUpxglt7' is set on object 'Object Repository/delete_first_bin/Page_OPI Blue/input_password'

2018-06-11 09:57:22 - [MESSAGE][PASSED] - Text 'gWF7Q4IlreZBZUpxglt7' is set on object 'Object Repository/delete_first_bin/Page_OPI Blue/input_password'

2018-06-11 09:57:22 - [TEST_STEP][PASSED] - click: Object: 'Object Repository/delete_first_bin/Page_OPI Blue/button_Log In' is clicked on

2018-06-11 09:57:26 - [MESSAGE][PASSED] - Object: 'Object Repository/delete_first_bin/Page_OPI Blue/button_Log In' is clicked on

2018-06-11 09:57:26 - [TEST_STEP][PASSED] - click: Object: 'Object Repository/delete_first_bin/Page_Gateways and Nodes - OPI Blue/span_Sites and Bins' is clicked on

2018-06-11 09:57:28 - [MESSAGE][PASSED] - Object: 'Object Repository/delete_first_bin/Page_Gateways and Nodes - OPI Blue/span_Sites and Bins' is clicked on

2018-06-11 09:57:28 - [TEST_STEP][PASSED] - click: Object: 'Object Repository/delete_first_bin/Page_Sites and Bins - OPI Blue/a_Bins' is clicked on

2018-06-11 09:57:30 - [MESSAGE][PASSED] - Object: 'Object Repository/delete_first_bin/Page_Sites and Bins - OPI Blue/a_Bins' is clicked on

2018-06-11 09:57:30 - [TEST_STEP][PASSED] - click: Object: 'Object Repository/delete_first_bin/Page_Sites and Bins - OPI Blue/button_Delete' is clicked on

2018-06-11 09:57:33 - [MESSAGE][PASSED] - Object: 'Object Repository/delete_first_bin/Page_Sites and Bins - OPI Blue/button_Delete' is clicked on

2018-06-11 09:57:33 - [TEST_STEP][PASSED] - click: Object: 'Object Repository/delete_first_bin/Page_Sites and Bins - OPI Blue/button_Delete' is clicked on

2018-06-11 09:57:35 - [MESSAGE][PASSED] - Object: 'Object Repository/delete_first_bin/Page_Sites and Bins - OPI Blue/button_Delete' is clicked on

2018-06-11 09:57:35 - [TEST_STEP][PASSED] - waitForElementPresent: Object 'Object Repository/delete_first_bin/Page_Sites and Bins - OPI Blue/a_Log out' is present

2018-06-11 09:57:36 - [MESSAGE][PASSED] - Object 'Object Repository/delete_first_bin/Page_Sites and Bins - OPI Blue/a_Log out' is present

2018-06-11 09:57:36 - [TEST_STEP][PASSED] - waitForElementClickable: Object 'Object Repository/delete_first_bin/Page_Sites and Bins - OPI Blue/a_Log out' is clickable

2018-06-11 09:57:38 - [MESSAGE][PASSED] - Object 'Object Repository/delete_first_bin/Page_Sites and Bins - OPI Blue/a_Log out' is clickable

2018-06-11 09:57:38 - [TEST_STEP][PASSED] - click: Object: 'Object Repository/delete_first_bin/Page_Sites and Bins - OPI Blue/a_Log out' is clicked on

2018-06-11 09:57:41 - [MESSAGE][PASSED] - Object: 'Object Repository/delete_first_bin/Page_Sites and Bins - OPI Blue/a_Log out' is clicked on

2018-06-11 09:57:41 - [TEST_STEP][PASSED] - closeBrowser: Browser is closed

2018-06-11 09:57:43 - [MESSAGE][PASSED] - Browser is closed]]></system-out>
         <system-err><![CDATA[]]></system-err>
      </testcase>
      <testcase name="Test Cases/delete_bin_with_cables_without_ws_fan_plenum" classname="Test Cases/delete_bin_with_cables_without_ws_fan_plenum" status="PASSED">
         <system-out><![CDATA[2018-06-11 09:57:45 - [TEST_CASE][PASSED] - Test Cases/delete_bin_with_cables_without_ws_fan_plenum: Test Cases/delete_bin_with_cables_without_ws_fan_plenum

2018-06-11 09:57:45 - [TEST_STEP][PASSED] - openBrowser: Browser is opened with url: ''

2018-06-11 09:57:50 - [MESSAGE][PASSED] - Browser is opened with url: ''

2018-06-11 09:57:50 - [TEST_STEP][PASSED] - navigateToUrl: Navigate to 'https://ra.managegrain.com/#/dashboard/userPreferences' successfully

2018-06-11 09:57:53 - [MESSAGE][PASSED] - Navigate to 'https://ra.managegrain.com/#/dashboard/userPreferences' successfully

2018-06-11 09:57:53 - [TEST_STEP][PASSED] - setText: Text 'opiopi20171+00028@gmail.com' is set on object 'Object Repository/delete_bin_with_cables/Page_OPI Blue/input_username'

2018-06-11 09:57:59 - [MESSAGE][PASSED] - Text 'opiopi20171+00028@gmail.com' is set on object 'Object Repository/delete_bin_with_cables/Page_OPI Blue/input_username'

2018-06-11 09:57:59 - [TEST_STEP][PASSED] - setText: Text 'gWF7Q4IlreZBZUpxglt7' is set on object 'Object Repository/delete_bin_with_cables/Page_OPI Blue/input_password'

2018-06-11 09:58:03 - [MESSAGE][PASSED] - Text 'gWF7Q4IlreZBZUpxglt7' is set on object 'Object Repository/delete_bin_with_cables/Page_OPI Blue/input_password'

2018-06-11 09:58:04 - [TEST_STEP][PASSED] - click: Object: 'Object Repository/delete_bin_with_cables/Page_OPI Blue/button_Log In' is clicked on

2018-06-11 09:58:07 - [MESSAGE][PASSED] - Object: 'Object Repository/delete_bin_with_cables/Page_OPI Blue/button_Log In' is clicked on

2018-06-11 09:58:07 - [TEST_STEP][PASSED] - click: Object: 'Object Repository/delete_bin_with_cables/Page_Dashboard - OPI Blue/span_Sites and Bins' is clicked on

2018-06-11 09:58:09 - [MESSAGE][PASSED] - Object: 'Object Repository/delete_bin_with_cables/Page_Dashboard - OPI Blue/span_Sites and Bins' is clicked on

2018-06-11 09:58:09 - [TEST_STEP][PASSED] - click: Object: 'Object Repository/delete_bin_with_cables/Page_Sites and Bins - OPI Blue/a_Bins' is clicked on

2018-06-11 09:58:12 - [MESSAGE][PASSED] - Object: 'Object Repository/delete_bin_with_cables/Page_Sites and Bins - OPI Blue/a_Bins' is clicked on

2018-06-11 09:58:12 - [TEST_STEP][PASSED] - click: Object: 'Object Repository/delete_bin_with_cables/Page_Sites and Bins - OPI Blue/button_Delete' is clicked on

2018-06-11 09:58:14 - [MESSAGE][PASSED] - Object: 'Object Repository/delete_bin_with_cables/Page_Sites and Bins - OPI Blue/button_Delete' is clicked on

2018-06-11 09:58:14 - [TEST_STEP][PASSED] - click: Object: 'Object Repository/delete_bin_with_cables/Page_Sites and Bins - OPI Blue/button_Delete' is clicked on

2018-06-11 09:58:16 - [MESSAGE][PASSED] - Object: 'Object Repository/delete_bin_with_cables/Page_Sites and Bins - OPI Blue/button_Delete' is clicked on

2018-06-11 09:58:16 - [TEST_STEP][PASSED] - waitForElementClickable: Object 'Object Repository/delete_bin_with_cables/Page_Sites and Bins - OPI Blue/button_Cancel' is clickable

2018-06-11 09:58:18 - [MESSAGE][PASSED] - Object 'Object Repository/delete_bin_with_cables/Page_Sites and Bins - OPI Blue/button_Cancel' is clickable

2018-06-11 09:58:18 - [TEST_STEP][PASSED] - click: Object: 'Object Repository/delete_bin_with_cables/Page_Sites and Bins - OPI Blue/button_Cancel' is clicked on

2018-06-11 09:58:20 - [MESSAGE][PASSED] - Object: 'Object Repository/delete_bin_with_cables/Page_Sites and Bins - OPI Blue/button_Cancel' is clicked on

2018-06-11 09:58:20 - [TEST_STEP][PASSED] - click: Object: 'Object Repository/delete_bin_with_cables/Page_Sites and Bins - OPI Blue/a_Cables' is clicked on

2018-06-11 09:58:22 - [MESSAGE][PASSED] - Object: 'Object Repository/delete_bin_with_cables/Page_Sites and Bins - OPI Blue/a_Cables' is clicked on

2018-06-11 09:58:22 - [TEST_STEP][PASSED] - click: Object: 'Object Repository/delete_bin_with_cables/Page_Sites and Bins - OPI Blue/button_Edit' is clicked on

2018-06-11 09:58:25 - [MESSAGE][PASSED] - Object: 'Object Repository/delete_bin_with_cables/Page_Sites and Bins - OPI Blue/button_Edit' is clicked on

2018-06-11 09:58:25 - [TEST_STEP][PASSED] - click: Object: 'Object Repository/delete_bin_with_cables/Page_Sites and Bins - OPI Blue/i_icon-pencil' is clicked on

2018-06-11 09:58:27 - [MESSAGE][PASSED] - Object: 'Object Repository/delete_bin_with_cables/Page_Sites and Bins - OPI Blue/i_icon-pencil' is clicked on

2018-06-11 09:58:27 - [TEST_STEP][PASSED] - click: Object: 'Object Repository/delete_bin_with_cables/Page_Sites and Bins - OPI Blue/i_icon-cancel-circled unmap-ic' is clicked on

2018-06-11 09:58:29 - [MESSAGE][PASSED] - Object: 'Object Repository/delete_bin_with_cables/Page_Sites and Bins - OPI Blue/i_icon-cancel-circled unmap-ic' is clicked on

2018-06-11 09:58:29 - [TEST_STEP][PASSED] - click: Object: 'Object Repository/delete_bin_with_cables/Page_Sites and Bins - OPI Blue/i_icon-pencil_1' is clicked on

2018-06-11 09:58:31 - [MESSAGE][PASSED] - Object: 'Object Repository/delete_bin_with_cables/Page_Sites and Bins - OPI Blue/i_icon-pencil_1' is clicked on

2018-06-11 09:58:31 - [TEST_STEP][PASSED] - click: Object: 'Object Repository/delete_bin_with_cables/Page_Sites and Bins - OPI Blue/i_icon-cancel-circled unmap-ic_1' is clicked on

2018-06-11 09:58:33 - [MESSAGE][PASSED] - Object: 'Object Repository/delete_bin_with_cables/Page_Sites and Bins - OPI Blue/i_icon-cancel-circled unmap-ic_1' is clicked on

2018-06-11 09:58:33 - [TEST_STEP][PASSED] - click: Object: 'Object Repository/delete_bin_with_cables/Page_Sites and Bins - OPI Blue/span_Save' is clicked on

2018-06-11 09:58:36 - [MESSAGE][PASSED] - Object: 'Object Repository/delete_bin_with_cables/Page_Sites and Bins - OPI Blue/span_Save' is clicked on

2018-06-11 09:58:36 - [TEST_STEP][PASSED] - waitForElementClickable: Object 'Object Repository/delete_bin_with_cables/Page_Sites and Bins - OPI Blue (1)/button_Delete' is clickable

2018-06-11 09:58:38 - [MESSAGE][PASSED] - Object 'Object Repository/delete_bin_with_cables/Page_Sites and Bins - OPI Blue (1)/button_Delete' is clickable

2018-06-11 09:58:38 - [TEST_STEP][PASSED] - click: Object: 'Object Repository/delete_bin_with_cables/Page_Sites and Bins - OPI Blue (1)/button_Delete' is clicked on

2018-06-11 09:58:40 - [MESSAGE][PASSED] - Object: 'Object Repository/delete_bin_with_cables/Page_Sites and Bins - OPI Blue (1)/button_Delete' is clicked on

2018-06-11 09:58:40 - [TEST_STEP][PASSED] - click: Object: 'Object Repository/delete_bin_with_cables/Page_Sites and Bins - OPI Blue/button_Delete' is clicked on

2018-06-11 09:58:42 - [MESSAGE][PASSED] - Object: 'Object Repository/delete_bin_with_cables/Page_Sites and Bins - OPI Blue/button_Delete' is clicked on

2018-06-11 09:58:42 - [TEST_STEP][PASSED] - waitForElementPresent: Object 'Object Repository/delete_bin_with_cables/Page_Sites and Bins - OPI Blue/a_Log out' is present

2018-06-11 09:58:43 - [MESSAGE][PASSED] - Object 'Object Repository/delete_bin_with_cables/Page_Sites and Bins - OPI Blue/a_Log out' is present

2018-06-11 09:58:43 - [TEST_STEP][PASSED] - waitForElementClickable: Object 'Object Repository/delete_bin_with_cables/Page_Sites and Bins - OPI Blue/a_Log out' is clickable

2018-06-11 09:58:45 - [MESSAGE][PASSED] - Object 'Object Repository/delete_bin_with_cables/Page_Sites and Bins - OPI Blue/a_Log out' is clickable

2018-06-11 09:58:45 - [TEST_STEP][PASSED] - click: Object: 'Object Repository/delete_bin_with_cables/Page_Sites and Bins - OPI Blue/a_Log out' is clicked on

2018-06-11 09:58:48 - [MESSAGE][PASSED] - Object: 'Object Repository/delete_bin_with_cables/Page_Sites and Bins - OPI Blue/a_Log out' is clicked on

2018-06-11 09:58:48 - [TEST_STEP][PASSED] - closeBrowser: Browser is closed

2018-06-11 09:58:50 - [MESSAGE][PASSED] - Browser is closed]]></system-out>
         <system-err><![CDATA[]]></system-err>
      </testcase>
      <testcase name="Test Cases/remove_weather_station_from_site" classname="Test Cases/remove_weather_station_from_site" status="PASSED">
         <system-out><![CDATA[2018-06-11 09:58:52 - [TEST_CASE][PASSED] - Test Cases/remove_weather_station_from_site: Test Cases/remove_weather_station_from_site

2018-06-11 09:58:52 - [TEST_STEP][PASSED] - openBrowser: Browser is opened with url: ''

2018-06-11 09:58:57 - [MESSAGE][PASSED] - Browser is opened with url: ''

2018-06-11 09:58:57 - [TEST_STEP][PASSED] - navigateToUrl: Navigate to 'https://ra.managegrain.com/#/dashboard/userPreferences' successfully

2018-06-11 09:59:00 - [MESSAGE][PASSED] - Navigate to 'https://ra.managegrain.com/#/dashboard/userPreferences' successfully

2018-06-11 09:59:00 - [TEST_STEP][PASSED] - setText: Text 'opiopi20171+00028@gmail.com' is set on object 'Object Repository/remove_weather_station/Page_OPI Blue/input_username'

2018-06-11 09:59:06 - [MESSAGE][PASSED] - Text 'opiopi20171+00028@gmail.com' is set on object 'Object Repository/remove_weather_station/Page_OPI Blue/input_username'

2018-06-11 09:59:06 - [TEST_STEP][PASSED] - setText: Text 'gWF7Q4IlreZBZUpxglt7' is set on object 'Object Repository/remove_weather_station/Page_OPI Blue/input_password'

2018-06-11 09:59:10 - [MESSAGE][PASSED] - Text 'gWF7Q4IlreZBZUpxglt7' is set on object 'Object Repository/remove_weather_station/Page_OPI Blue/input_password'

2018-06-11 09:59:10 - [TEST_STEP][PASSED] - click: Object: 'Object Repository/remove_weather_station/Page_OPI Blue/span_Log In' is clicked on

2018-06-11 09:59:14 - [MESSAGE][PASSED] - Object: 'Object Repository/remove_weather_station/Page_OPI Blue/span_Log In' is clicked on

2018-06-11 09:59:14 - [TEST_STEP][PASSED] - click: Object: 'Object Repository/remove_weather_station/Page_Dashboard - OPI Blue/span_Sites and Bins' is clicked on

2018-06-11 09:59:16 - [MESSAGE][PASSED] - Object: 'Object Repository/remove_weather_station/Page_Dashboard - OPI Blue/span_Sites and Bins' is clicked on

2018-06-11 09:59:16 - [TEST_STEP][PASSED] - click: Object: 'Object Repository/remove_weather_station/Page_Sites and Bins - OPI Blue/a_Sites' is clicked on

2018-06-11 09:59:19 - [MESSAGE][PASSED] - Object: 'Object Repository/remove_weather_station/Page_Sites and Bins - OPI Blue/a_Sites' is clicked on

2018-06-11 09:59:19 - [TEST_STEP][PASSED] - click: Object: 'Object Repository/remove_weather_station/Page_Sites and Bins - OPI Blue/a_Weather Stations' is clicked on

2018-06-11 09:59:21 - [MESSAGE][PASSED] - Object: 'Object Repository/remove_weather_station/Page_Sites and Bins - OPI Blue/a_Weather Stations' is clicked on

2018-06-11 09:59:21 - [TEST_STEP][PASSED] - click: Object: 'Object Repository/remove_weather_station/Page_Sites and Bins - OPI Blue/button_Remove' is clicked on

2018-06-11 09:59:23 - [MESSAGE][PASSED] - Object: 'Object Repository/remove_weather_station/Page_Sites and Bins - OPI Blue/button_Remove' is clicked on

2018-06-11 09:59:23 - [TEST_STEP][PASSED] - click: Object: 'Object Repository/remove_weather_station/Page_Sites and Bins - OPI Blue/button_Remove_1' is clicked on

2018-06-11 09:59:25 - [MESSAGE][PASSED] - Object: 'Object Repository/remove_weather_station/Page_Sites and Bins - OPI Blue/button_Remove_1' is clicked on

2018-06-11 09:59:25 - [TEST_STEP][PASSED] - waitForElementPresent: Object 'Object Repository/remove_weather_station/Page_Sites and Bins - OPI Blue/a_Log out' is present

2018-06-11 09:59:26 - [MESSAGE][PASSED] - Object 'Object Repository/remove_weather_station/Page_Sites and Bins - OPI Blue/a_Log out' is present

2018-06-11 09:59:26 - [TEST_STEP][PASSED] - waitForElementClickable: Object 'Object Repository/remove_weather_station/Page_Sites and Bins - OPI Blue/a_Log out' is clickable

2018-06-11 09:59:28 - [MESSAGE][PASSED] - Object 'Object Repository/remove_weather_station/Page_Sites and Bins - OPI Blue/a_Log out' is clickable

2018-06-11 09:59:28 - [TEST_STEP][PASSED] - click: Object: 'Object Repository/remove_weather_station/Page_Sites and Bins - OPI Blue/a_Log out' is clicked on

2018-06-11 09:59:31 - [MESSAGE][PASSED] - Object: 'Object Repository/remove_weather_station/Page_Sites and Bins - OPI Blue/a_Log out' is clicked on

2018-06-11 09:59:31 - [TEST_STEP][PASSED] - closeBrowser: Browser is closed

2018-06-11 09:59:33 - [MESSAGE][PASSED] - Browser is closed]]></system-out>
         <system-err><![CDATA[]]></system-err>
      </testcase>
      <testcase name="Test Cases/delete_site_without_ws" classname="Test Cases/delete_site_without_ws" status="PASSED">
         <system-out><![CDATA[2018-06-11 09:59:35 - [TEST_CASE][PASSED] - Test Cases/delete_site_without_ws: Test Cases/delete_site_without_ws

2018-06-11 09:59:35 - [TEST_STEP][PASSED] - openBrowser: Browser is opened with url: ''

2018-06-11 09:59:40 - [MESSAGE][PASSED] - Browser is opened with url: ''

2018-06-11 09:59:40 - [TEST_STEP][PASSED] - navigateToUrl: Navigate to 'https://ra.managegrain.com/#/dashboard/userPreferences' successfully

2018-06-11 09:59:44 - [MESSAGE][PASSED] - Navigate to 'https://ra.managegrain.com/#/dashboard/userPreferences' successfully

2018-06-11 09:59:44 - [TEST_STEP][PASSED] - setText: Text 'opiopi20171+00028@gmail.com' is set on object 'Object Repository/delete_site/Page_OPI Blue/input_username'

2018-06-11 09:59:50 - [MESSAGE][PASSED] - Text 'opiopi20171+00028@gmail.com' is set on object 'Object Repository/delete_site/Page_OPI Blue/input_username'

2018-06-11 09:59:50 - [TEST_STEP][PASSED] - setText: Text 'gWF7Q4IlreZBZUpxglt7' is set on object 'Object Repository/delete_site/Page_OPI Blue/input_password'

2018-06-11 09:59:54 - [MESSAGE][PASSED] - Text 'gWF7Q4IlreZBZUpxglt7' is set on object 'Object Repository/delete_site/Page_OPI Blue/input_password'

2018-06-11 09:59:54 - [TEST_STEP][PASSED] - click: Object: 'Object Repository/delete_site/Page_OPI Blue/span_Log In' is clicked on

2018-06-11 09:59:57 - [MESSAGE][PASSED] - Object: 'Object Repository/delete_site/Page_OPI Blue/span_Log In' is clicked on

2018-06-11 09:59:57 - [TEST_STEP][PASSED] - click: Object: 'Object Repository/delete_site/Page_Sites and Bins - OPI Blue/span_Sites and Bins' is clicked on

2018-06-11 10:00:00 - [MESSAGE][PASSED] - Object: 'Object Repository/delete_site/Page_Sites and Bins - OPI Blue/span_Sites and Bins' is clicked on

2018-06-11 10:00:00 - [TEST_STEP][PASSED] - click: Object: 'Object Repository/delete_site/Page_Sites and Bins - OPI Blue/a_Sites' is clicked on

2018-06-11 10:00:02 - [MESSAGE][PASSED] - Object: 'Object Repository/delete_site/Page_Sites and Bins - OPI Blue/a_Sites' is clicked on

2018-06-11 10:00:02 - [TEST_STEP][PASSED] - click: Object: 'Object Repository/delete_site/Page_Sites and Bins - OPI Blue/button_Delete' is clicked on

2018-06-11 10:00:04 - [MESSAGE][PASSED] - Object: 'Object Repository/delete_site/Page_Sites and Bins - OPI Blue/button_Delete' is clicked on

2018-06-11 10:00:04 - [TEST_STEP][PASSED] - click: Object: 'Object Repository/delete_site/Page_Sites and Bins - OPI Blue/button_Delete' is clicked on

2018-06-11 10:00:06 - [MESSAGE][PASSED] - Object: 'Object Repository/delete_site/Page_Sites and Bins - OPI Blue/button_Delete' is clicked on

2018-06-11 10:00:06 - [TEST_STEP][PASSED] - waitForElementPresent: Object 'Object Repository/delete_site/Page_Sites and Bins - OPI Blue/a_Log out' is present

2018-06-11 10:00:07 - [MESSAGE][PASSED] - Object 'Object Repository/delete_site/Page_Sites and Bins - OPI Blue/a_Log out' is present

2018-06-11 10:00:07 - [TEST_STEP][PASSED] - waitForElementClickable: Object 'Object Repository/delete_site/Page_Sites and Bins - OPI Blue/a_Log out' is clickable

2018-06-11 10:00:09 - [MESSAGE][PASSED] - Object 'Object Repository/delete_site/Page_Sites and Bins - OPI Blue/a_Log out' is clickable

2018-06-11 10:00:09 - [TEST_STEP][PASSED] - click: Object: 'Object Repository/delete_site/Page_Sites and Bins - OPI Blue/a_Log out' is clicked on

2018-06-11 10:00:12 - [MESSAGE][PASSED] - Object: 'Object Repository/delete_site/Page_Sites and Bins - OPI Blue/a_Log out' is clicked on

2018-06-11 10:00:12 - [TEST_STEP][PASSED] - closeBrowser: Browser is closed

2018-06-11 10:00:14 - [MESSAGE][PASSED] - Browser is closed]]></system-out>
         <system-err><![CDATA[]]></system-err>
      </testcase>
      <testcase name="Test Cases/unmap_node" classname="Test Cases/unmap_node" status="PASSED">
         <system-out><![CDATA[2018-06-11 10:00:16 - [TEST_CASE][PASSED] - Test Cases/unmap_node: Test Cases/unmap_node

2018-06-11 10:00:16 - [TEST_STEP][PASSED] - openBrowser: Browser is opened with url: ''

2018-06-11 10:00:21 - [MESSAGE][PASSED] - Browser is opened with url: ''

2018-06-11 10:00:21 - [TEST_STEP][PASSED] - navigateToUrl: Navigate to 'https://ra.managegrain.com/#/dashboard/userPreferences' successfully

2018-06-11 10:00:25 - [MESSAGE][PASSED] - Navigate to 'https://ra.managegrain.com/#/dashboard/userPreferences' successfully

2018-06-11 10:00:25 - [TEST_STEP][PASSED] - setText: Text 'opiopi20171+00028@gmail.com' is set on object 'Object Repository/unmap_node/Page_OPI Blue/input_username'

2018-06-11 10:00:30 - [MESSAGE][PASSED] - Text 'opiopi20171+00028@gmail.com' is set on object 'Object Repository/unmap_node/Page_OPI Blue/input_username'

2018-06-11 10:00:30 - [TEST_STEP][PASSED] - setText: Text 'gWF7Q4IlreZBZUpxglt7' is set on object 'Object Repository/unmap_node/Page_OPI Blue/input_password'

2018-06-11 10:00:35 - [MESSAGE][PASSED] - Text 'gWF7Q4IlreZBZUpxglt7' is set on object 'Object Repository/unmap_node/Page_OPI Blue/input_password'

2018-06-11 10:00:35 - [TEST_STEP][PASSED] - click: Object: 'Object Repository/unmap_node/Page_OPI Blue/span_Log In' is clicked on

2018-06-11 10:00:38 - [MESSAGE][PASSED] - Object: 'Object Repository/unmap_node/Page_OPI Blue/span_Log In' is clicked on

2018-06-11 10:00:38 - [TEST_STEP][PASSED] - click: Object: 'Object Repository/unmap_node/Page_Dashboard - OPI Blue/span_Gateways and Nodes' is clicked on

2018-06-11 10:00:41 - [MESSAGE][PASSED] - Object: 'Object Repository/unmap_node/Page_Dashboard - OPI Blue/span_Gateways and Nodes' is clicked on

2018-06-11 10:00:41 - [TEST_STEP][PASSED] - click: Object: 'Object Repository/unmap_node/Page_Gateways and Nodes - OPI Blue/a_Nodes' is clicked on

2018-06-11 10:00:43 - [MESSAGE][PASSED] - Object: 'Object Repository/unmap_node/Page_Gateways and Nodes - OPI Blue/a_Nodes' is clicked on

2018-06-11 10:00:43 - [TEST_STEP][PASSED] - click: Object: 'Object Repository/unmap_node/Page_Gateways and Nodes - OPI Blue/button_Unmap' is clicked on

2018-06-11 10:00:45 - [MESSAGE][PASSED] - Object: 'Object Repository/unmap_node/Page_Gateways and Nodes - OPI Blue/button_Unmap' is clicked on

2018-06-11 10:00:45 - [TEST_STEP][PASSED] - waitForElementPresent: Object 'Object Repository/unmap_node/Page_Gateways and Nodes - OPI Blue/a_Log out' is present

2018-06-11 10:00:46 - [MESSAGE][PASSED] - Object 'Object Repository/unmap_node/Page_Gateways and Nodes - OPI Blue/a_Log out' is present

2018-06-11 10:00:46 - [TEST_STEP][PASSED] - waitForElementClickable: Object 'Object Repository/unmap_node/Page_Gateways and Nodes - OPI Blue/a_Log out' is clickable

2018-06-11 10:00:48 - [MESSAGE][PASSED] - Object 'Object Repository/unmap_node/Page_Gateways and Nodes - OPI Blue/a_Log out' is clickable

2018-06-11 10:00:48 - [TEST_STEP][PASSED] - click: Object: 'Object Repository/unmap_node/Page_Gateways and Nodes - OPI Blue/a_Log out' is clicked on

2018-06-11 10:00:51 - [MESSAGE][PASSED] - Object: 'Object Repository/unmap_node/Page_Gateways and Nodes - OPI Blue/a_Log out' is clicked on

2018-06-11 10:00:51 - [TEST_STEP][PASSED] - closeBrowser: Browser is closed

2018-06-11 10:00:53 - [MESSAGE][PASSED] - Browser is closed]]></system-out>
         <system-err><![CDATA[]]></system-err>
      </testcase>
      <testcase name="Test Cases/unregister_node" classname="Test Cases/unregister_node" status="PASSED">
         <system-out><![CDATA[2018-06-11 10:00:55 - [TEST_CASE][PASSED] - Test Cases/unregister_node: Test Cases/unregister_node

2018-06-11 10:00:55 - [TEST_STEP][PASSED] - openBrowser: Browser is opened with url: ''

2018-06-11 10:01:00 - [MESSAGE][PASSED] - Browser is opened with url: ''

2018-06-11 10:01:00 - [TEST_STEP][PASSED] - navigateToUrl: Navigate to 'https://ra.managegrain.com/#/dashboard/userPreferences' successfully

2018-06-11 10:01:04 - [MESSAGE][PASSED] - Navigate to 'https://ra.managegrain.com/#/dashboard/userPreferences' successfully

2018-06-11 10:01:04 - [TEST_STEP][PASSED] - setText: Text 'opiopi20171+00028@gmail.com' is set on object 'Object Repository/unregister_node/Page_OPI Blue/input_username'

2018-06-11 10:01:10 - [MESSAGE][PASSED] - Text 'opiopi20171+00028@gmail.com' is set on object 'Object Repository/unregister_node/Page_OPI Blue/input_username'

2018-06-11 10:01:10 - [TEST_STEP][PASSED] - setText: Text 'gWF7Q4IlreZBZUpxglt7' is set on object 'Object Repository/unregister_node/Page_OPI Blue/input_password'

2018-06-11 10:01:14 - [MESSAGE][PASSED] - Text 'gWF7Q4IlreZBZUpxglt7' is set on object 'Object Repository/unregister_node/Page_OPI Blue/input_password'

2018-06-11 10:01:14 - [TEST_STEP][PASSED] - click: Object: 'Object Repository/unregister_node/Page_OPI Blue/span_Log In' is clicked on

2018-06-11 10:01:18 - [MESSAGE][PASSED] - Object: 'Object Repository/unregister_node/Page_OPI Blue/span_Log In' is clicked on

2018-06-11 10:01:18 - [TEST_STEP][PASSED] - click: Object: 'Object Repository/unregister_node/Page_Dashboard - OPI Blue/span_Gateways and Nodes' is clicked on

2018-06-11 10:01:20 - [MESSAGE][PASSED] - Object: 'Object Repository/unregister_node/Page_Dashboard - OPI Blue/span_Gateways and Nodes' is clicked on

2018-06-11 10:01:20 - [TEST_STEP][PASSED] - click: Object: 'Object Repository/unregister_node/Page_Gateways and Nodes - OPI Blue/a_Nodes' is clicked on

2018-06-11 10:01:22 - [MESSAGE][PASSED] - Object: 'Object Repository/unregister_node/Page_Gateways and Nodes - OPI Blue/a_Nodes' is clicked on

2018-06-11 10:01:22 - [TEST_STEP][PASSED] - click: Object: 'Object Repository/unregister_node/Page_Gateways and Nodes - OPI Blue/button_Unregister' is clicked on

2018-06-11 10:01:24 - [MESSAGE][PASSED] - Object: 'Object Repository/unregister_node/Page_Gateways and Nodes - OPI Blue/button_Unregister' is clicked on

2018-06-11 10:01:24 - [TEST_STEP][PASSED] - click: Object: 'Object Repository/unregister_node/Page_Gateways and Nodes - OPI Blue/button_Unregister_1' is clicked on

2018-06-11 10:01:27 - [MESSAGE][PASSED] - Object: 'Object Repository/unregister_node/Page_Gateways and Nodes - OPI Blue/button_Unregister_1' is clicked on

2018-06-11 10:01:27 - [TEST_STEP][PASSED] - click: Object: 'Object Repository/unregister_node/Page_Gateways and Nodes - OPI Blue/button_Close                 R' is clicked on

2018-06-11 10:01:29 - [MESSAGE][PASSED] - Object: 'Object Repository/unregister_node/Page_Gateways and Nodes - OPI Blue/button_Close                 R' is clicked on

2018-06-11 10:01:29 - [TEST_STEP][PASSED] - waitForElementPresent: Object 'Object Repository/unregister_node/Page_Gateways and Nodes - OPI Blue/a_Log out' is present

2018-06-11 10:01:30 - [MESSAGE][PASSED] - Object 'Object Repository/unregister_node/Page_Gateways and Nodes - OPI Blue/a_Log out' is present

2018-06-11 10:01:30 - [TEST_STEP][PASSED] - waitForElementClickable: Object 'Object Repository/unregister_node/Page_Gateways and Nodes - OPI Blue/a_Log out' is clickable

2018-06-11 10:01:32 - [MESSAGE][PASSED] - Object 'Object Repository/unregister_node/Page_Gateways and Nodes - OPI Blue/a_Log out' is clickable

2018-06-11 10:01:32 - [TEST_STEP][PASSED] - click: Object: 'Object Repository/unregister_node/Page_Gateways and Nodes - OPI Blue/a_Log out' is clicked on

2018-06-11 10:01:35 - [MESSAGE][PASSED] - Object: 'Object Repository/unregister_node/Page_Gateways and Nodes - OPI Blue/a_Log out' is clicked on

2018-06-11 10:01:35 - [TEST_STEP][PASSED] - closeBrowser: Browser is closed

2018-06-11 10:01:37 - [MESSAGE][PASSED] - Browser is closed]]></system-out>
         <system-err><![CDATA[]]></system-err>
      </testcase>
      <testcase name="Test Cases/unregister_gateway" classname="Test Cases/unregister_gateway" status="PASSED">
         <system-out><![CDATA[2018-06-11 10:01:39 - [TEST_CASE][PASSED] - Test Cases/unregister_gateway: Test Cases/unregister_gateway

2018-06-11 10:01:39 - [TEST_STEP][PASSED] - openBrowser: Browser is opened with url: ''

2018-06-11 10:01:45 - [MESSAGE][PASSED] - Browser is opened with url: ''

2018-06-11 10:01:45 - [TEST_STEP][PASSED] - navigateToUrl: Navigate to 'https://ra.managegrain.com/#/dashboard/userPreferences' successfully

2018-06-11 10:01:48 - [MESSAGE][PASSED] - Navigate to 'https://ra.managegrain.com/#/dashboard/userPreferences' successfully

2018-06-11 10:01:48 - [TEST_STEP][PASSED] - setText: Text 'opiopi20171+00028@gmail.com' is set on object 'Object Repository/unregister_gateway/Page_OPI Blue/input_username'

2018-06-11 10:01:54 - [MESSAGE][PASSED] - Text 'opiopi20171+00028@gmail.com' is set on object 'Object Repository/unregister_gateway/Page_OPI Blue/input_username'

2018-06-11 10:01:54 - [TEST_STEP][PASSED] - setText: Text 'gWF7Q4IlreZBZUpxglt7' is set on object 'Object Repository/unregister_gateway/Page_OPI Blue/input_password'

2018-06-11 10:01:58 - [MESSAGE][PASSED] - Text 'gWF7Q4IlreZBZUpxglt7' is set on object 'Object Repository/unregister_gateway/Page_OPI Blue/input_password'

2018-06-11 10:01:58 - [TEST_STEP][PASSED] - click: Object: 'Object Repository/unregister_gateway/Page_OPI Blue/span_Log In' is clicked on

2018-06-11 10:02:02 - [MESSAGE][PASSED] - Object: 'Object Repository/unregister_gateway/Page_OPI Blue/span_Log In' is clicked on

2018-06-11 10:02:02 - [TEST_STEP][PASSED] - click: Object: 'Object Repository/unregister_gateway/Page_Dashboard - OPI Blue/span_Gateways and Nodes' is clicked on

2018-06-11 10:02:04 - [MESSAGE][PASSED] - Object: 'Object Repository/unregister_gateway/Page_Dashboard - OPI Blue/span_Gateways and Nodes' is clicked on

2018-06-11 10:02:04 - [TEST_STEP][PASSED] - click: Object: 'Object Repository/unregister_gateway/Page_Gateways and Nodes - OPI Blue/button_Unregister' is clicked on

2018-06-11 10:02:06 - [MESSAGE][PASSED] - Object: 'Object Repository/unregister_gateway/Page_Gateways and Nodes - OPI Blue/button_Unregister' is clicked on

2018-06-11 10:02:06 - [TEST_STEP][PASSED] - click: Object: 'Object Repository/unregister_gateway/Page_Gateways and Nodes - OPI Blue/button_Unregister_1' is clicked on

2018-06-11 10:02:08 - [MESSAGE][PASSED] - Object: 'Object Repository/unregister_gateway/Page_Gateways and Nodes - OPI Blue/button_Unregister_1' is clicked on

2018-06-11 10:02:08 - [TEST_STEP][PASSED] - waitForElementPresent: Object 'Object Repository/unregister_gateway/Page_Gateways and Nodes - OPI Blue/a_Log out' is present

2018-06-11 10:02:09 - [MESSAGE][PASSED] - Object 'Object Repository/unregister_gateway/Page_Gateways and Nodes - OPI Blue/a_Log out' is present

2018-06-11 10:02:09 - [TEST_STEP][PASSED] - waitForElementClickable: Object 'Object Repository/unregister_gateway/Page_Gateways and Nodes - OPI Blue/a_Log out' is clickable

2018-06-11 10:02:11 - [MESSAGE][PASSED] - Object 'Object Repository/unregister_gateway/Page_Gateways and Nodes - OPI Blue/a_Log out' is clickable

2018-06-11 10:02:11 - [TEST_STEP][PASSED] - click: Object: 'Object Repository/unregister_gateway/Page_Gateways and Nodes - OPI Blue/a_Log out' is clicked on

2018-06-11 10:02:14 - [MESSAGE][PASSED] - Object: 'Object Repository/unregister_gateway/Page_Gateways and Nodes - OPI Blue/a_Log out' is clicked on

2018-06-11 10:02:14 - [TEST_STEP][PASSED] - closeBrowser: Browser is closed

2018-06-11 10:02:16 - [MESSAGE][PASSED] - Browser is closed]]></system-out>
         <system-err><![CDATA[]]></system-err>
      </testcase>
      <system-out><![CDATA[2018-06-11 09:54:54 - [TEST_SUITE][PASSED] - removePlenum_removeFan_deleteBin_deleteSite_unmapNode_unregNode_unregGW: Test Cases/unregister_gateway]]></system-out>
      <system-err><![CDATA[]]></system-err>
   </testsuite>
</testsuites>
