<?xml version="1.0" encoding="UTF-8"?>
<testsuites name="regGW_regNode_mapNode_createSite_createBin" time="299" tests="1" failures="4" errors="0">
   <testsuite name="regGW_regNode_mapNode_createSite_createBin" tests="1" failures="4" errors="0" time="299" timestamp="2018-06-25 10:56:25" hostname="geetab - OPI-LT66.opisystems.local" id="Test Suites/QA - Ver1.0/regGW_regNode_mapNode_createSite_createBin">
      <properties>
         <property name="deviceName" value=""/>
         <property name="devicePlatform" value=""/>
         <property name="logFolder" value="C:\\Users\\geetab\\Katalon Studio\\RA_opi_blue_cloud\\Reports\\QA - Ver1.0\\regGW_regNode_mapNode_createSite_createBin\\20180625_105623"/>
         <property name="logFiles" value="C:\\Users\\geetab\\Katalon Studio\\RA_opi_blue_cloud\\Reports\\QA - Ver1.0\\regGW_regNode_mapNode_createSite_createBin\\20180625_105623\\execution0.log"/>
         <property name="attachments" value="C:\\Users\\geetab\\Katalon Studio\\RA_opi_blue_cloud\\Reports\\QA - Ver1.0\\regGW_regNode_mapNode_createSite_createBin\\20180625_105623\\1529945901498.png, C:\\Users\\geetab\\Katalon Studio\\RA_opi_blue_cloud\\Reports\\QA - Ver1.0\\regGW_regNode_mapNode_createSite_createBin\\20180625_105623\\1529945961066.png, C:\\Users\\geetab\\Katalon Studio\\RA_opi_blue_cloud\\Reports\\QA - Ver1.0\\regGW_regNode_mapNode_createSite_createBin\\20180625_105623\\1529946020369.png, C:\\Users\\geetab\\Katalon Studio\\RA_opi_blue_cloud\\Reports\\QA - Ver1.0\\regGW_regNode_mapNode_createSite_createBin\\20180625_105623\\1529946079674.png"/>
         <property name="hostName" value="geetab - OPI-LT66.opisystems.local"/>
         <property name="os" value="Windows 10 64bit"/>
         <property name="katalonVersion" value="5.4.2.1"/>
         <property name="browser" value="Chrome 67.0.3396.79"/>
         <property name="hostAddress" value="172.16.6.51"/>
         <property name="sessionId" value="2aa97b595f6be77ba66ebf18f499fd64"/>
         <property name="seleniumVersion" value="3.7.1"/>
         <property name="proxyInformation" value="ProxyInformation{proxyOption=NO_PROXY, proxyServerType=HTTP, password=, proxyServerAddress=, proxyServerPort=0}"/>
         <property name="platform" value="Windows 10"/>
      </properties>
      <testcase name="Test Cases/register_gateway" classname="Test Cases/register_gateway" status="PASSED">
         <system-out><![CDATA[2018-06-25 10:56:26 - [TEST_CASE][PASSED] - Test Cases/register_gateway: Test Cases/register_gateway

2018-06-25 10:56:27 - [TEST_STEP][PASSED] - openBrowser: Browser is opened with url: ''

2018-06-25 10:56:35 - [MESSAGE][PASSED] - Browser is opened with url: ''

2018-06-25 10:56:35 - [TEST_STEP][PASSED] - navigateToUrl: Navigate to 'http://qa.managegrain.com' successfully

2018-06-25 10:56:35 - [MESSAGE][WARNING] - Test object with id 'Object Repository/valid_login/Page_OPI Blue/span_Log In' does not exist

2018-06-25 10:56:35 - [MESSAGE][WARNING] - Test object with id 'Object Repository/valid_logout/Page_Dashboard - OPI Blue/a_Log out' does not exist

2018-06-25 10:56:35 - [MESSAGE][WARNING] - Test object with id 'Object Repository/valid_login/Page_OPI Blue/input_username' does not exist

2018-06-25 10:56:35 - [MESSAGE][WARNING] - Test object with id 'Object Repository/valid_login/Page_OPI Blue/input_password' does not exist

2018-06-25 10:56:39 - [MESSAGE][PASSED] - Navigate to 'http://qa.managegrain.com' successfully

2018-06-25 10:56:39 - [TEST_STEP][PASSED] - setText: Text 'opiopi20171+00028@gmail.com' is set on object 'Object Repository/valid_login_logout/Page_OPI Blue/input_email'

2018-06-25 10:56:44 - [MESSAGE][PASSED] - Text 'opiopi20171+00028@gmail.com' is set on object 'Object Repository/valid_login_logout/Page_OPI Blue/input_email'

2018-06-25 10:56:44 - [TEST_STEP][PASSED] - setText: Text 'gWF7Q4IlreZBZUpxglt7' is set on object 'Object Repository/valid_login_logout/Page_OPI Blue/input_password'

2018-06-25 10:56:48 - [MESSAGE][PASSED] - Text 'gWF7Q4IlreZBZUpxglt7' is set on object 'Object Repository/valid_login_logout/Page_OPI Blue/input_password'

2018-06-25 10:56:48 - [TEST_STEP][PASSED] - click: Object: 'Object Repository/valid_login_logout/Page_OPI Blue/button_Sign In' is clicked on

2018-06-25 10:56:50 - [MESSAGE][PASSED] - Object: 'Object Repository/valid_login_logout/Page_OPI Blue/button_Sign In' is clicked on

2018-06-25 10:56:50 - [TEST_STEP][PASSED] - click: Object: 'Object Repository/register_gateway/Page_System Settings - OPI Blue/span_Gateways and Nodes' is clicked on

2018-06-25 10:56:53 - [MESSAGE][PASSED] - Object: 'Object Repository/register_gateway/Page_System Settings - OPI Blue/span_Gateways and Nodes' is clicked on

2018-06-25 10:56:53 - [TEST_STEP][PASSED] - waitForElementPresent: Object 'Object Repository/register_gateway/Page_OPI Blue/Page_Gateways and Nodes - OPI Blue/button_Register a Gateway' is present

2018-06-25 10:56:54 - [MESSAGE][PASSED] - Object 'Object Repository/register_gateway/Page_OPI Blue/Page_Gateways and Nodes - OPI Blue/button_Register a Gateway' is present

2018-06-25 10:56:54 - [TEST_STEP][PASSED] - waitForElementVisible: Object 'Object Repository/register_gateway/Page_OPI Blue/Page_Gateways and Nodes - OPI Blue/button_Register a Gateway' is visible

2018-06-25 10:56:56 - [MESSAGE][PASSED] - Object 'Object Repository/register_gateway/Page_OPI Blue/Page_Gateways and Nodes - OPI Blue/button_Register a Gateway' is visible

2018-06-25 10:56:56 - [TEST_STEP][PASSED] - waitForElementClickable: Object 'Object Repository/register_gateway/Page_OPI Blue/Page_Gateways and Nodes - OPI Blue/button_Register a Gateway' is clickable

2018-06-25 10:56:58 - [MESSAGE][PASSED] - Object 'Object Repository/register_gateway/Page_OPI Blue/Page_Gateways and Nodes - OPI Blue/button_Register a Gateway' is clickable

2018-06-25 10:56:58 - [TEST_STEP][PASSED] - click: Object: 'Object Repository/register_gateway/Page_OPI Blue/Page_Gateways and Nodes - OPI Blue/button_Register a Gateway' is clicked on

2018-06-25 10:57:00 - [MESSAGE][PASSED] - Object: 'Object Repository/register_gateway/Page_OPI Blue/Page_Gateways and Nodes - OPI Blue/button_Register a Gateway' is clicked on

2018-06-25 10:57:00 - [TEST_STEP][PASSED] - setText: Text '5F7DC8' is set on object 'Object Repository/register_gateway/Page_Gateways and Nodes - OPI Blue/input_gatewayId'

2018-06-25 10:57:04 - [MESSAGE][PASSED] - Text '5F7DC8' is set on object 'Object Repository/register_gateway/Page_Gateways and Nodes - OPI Blue/input_gatewayId'

2018-06-25 10:57:04 - [TEST_STEP][PASSED] - setText: Text '4724' is set on object 'Object Repository/register_gateway/Page_Gateways and Nodes - OPI Blue/input_pin'

2018-06-25 10:57:09 - [MESSAGE][PASSED] - Text '4724' is set on object 'Object Repository/register_gateway/Page_Gateways and Nodes - OPI Blue/input_pin'

2018-06-25 10:57:09 - [TEST_STEP][PASSED] - setText: Text '5F7DC8-GW' is set on object 'Object Repository/register_gateway/Page_Gateways and Nodes - OPI Blue/input_gatewayName'

2018-06-25 10:57:13 - [MESSAGE][PASSED] - Text '5F7DC8-GW' is set on object 'Object Repository/register_gateway/Page_Gateways and Nodes - OPI Blue/input_gatewayName'

2018-06-25 10:57:13 - [TEST_STEP][PASSED] - click: Object: 'Object Repository/register_gateway/Page_Gateways and Nodes - OPI Blue/button_Register' is clicked on

2018-06-25 10:57:15 - [MESSAGE][PASSED] - Object: 'Object Repository/register_gateway/Page_Gateways and Nodes - OPI Blue/button_Register' is clicked on

2018-06-25 10:57:15 - [TEST_STEP][PASSED] - waitForElementPresent: Object 'Object Repository/valid_login_logout/Page_OPI Blue/a_Log out' is present

2018-06-25 10:57:16 - [MESSAGE][PASSED] - Object 'Object Repository/valid_login_logout/Page_OPI Blue/a_Log out' is present

2018-06-25 10:57:16 - [TEST_STEP][PASSED] - waitForElementClickable: Object 'Object Repository/valid_login_logout/Page_OPI Blue/a_Log out' is clickable

2018-06-25 10:57:18 - [MESSAGE][PASSED] - Object 'Object Repository/valid_login_logout/Page_OPI Blue/a_Log out' is clickable

2018-06-25 10:57:18 - [TEST_STEP][PASSED] - click: Object: 'Object Repository/valid_login_logout/Page_OPI Blue/a_Log out' is clicked on

2018-06-25 10:57:23 - [MESSAGE][PASSED] - Object: 'Object Repository/valid_login_logout/Page_OPI Blue/a_Log out' is clicked on

2018-06-25 10:57:23 - [TEST_STEP][PASSED] - closeBrowser: Browser is closed

2018-06-25 10:57:25 - [MESSAGE][PASSED] - Browser is closed]]></system-out>
         <system-err><![CDATA[]]></system-err>
      </testcase>
      <testcase name="Test Cases/register_node" classname="Test Cases/register_node" status="FAILED">
         <failure type="FAILED" message="Unable to click on object 'Object Repository/register_node/Page_Gateways and Nodes - OPI Blue/a_Nodes' (Root cause: com.kms.katalon.core.webui.exception.WebElementNotFoundException: Web element with id: 'Object Repository/register_node/Page_Gateways and Nodes - OPI Blue/a_Nodes' located by 'By.xpath: //a[@id = 'selectNodeListButton' and @href = '#/dashboard/nodes' and (text() = '
                Nodes
            ' or . = '
                Nodes
            ')]' not found)"/>
         <system-out><![CDATA[2018-06-25 10:57:27 - [TEST_CASE][FAILED] - Test Cases/register_node: Test Cases/register_node FAILED because (of) Unable to click on object 'Object Repository/register_node/Page_Gateways and Nodes - OPI Blue/a_Nodes' (Root cause: com.kms.katalon.core.webui.exception.WebElementNotFoundException: Web element with id: 'Object Repository/register_node/Page_Gateways and Nodes - OPI Blue/a_Nodes' located by 'By.xpath: //a[@id = 'selectNodeListButton' and @href = '#/dashboard/nodes' and (text() = '
                Nodes
            ' or . = '
                Nodes
            ')]' not found)

2018-06-25 10:57:27 - [TEST_STEP][PASSED] - openBrowser: Browser is opened with url: ''

2018-06-25 10:57:33 - [MESSAGE][PASSED] - Browser is opened with url: ''

2018-06-25 10:57:33 - [TEST_STEP][PASSED] - navigateToUrl: Navigate to 'http://qa.managegrain.com' successfully

2018-06-25 10:57:37 - [MESSAGE][PASSED] - Navigate to 'http://qa.managegrain.com' successfully

2018-06-25 10:57:37 - [TEST_STEP][PASSED] - setText: Text 'opiopi20171+00028@gmail.com' is set on object 'Object Repository/valid_login_logout/Page_OPI Blue/input_email'

2018-06-25 10:57:42 - [MESSAGE][PASSED] - Text 'opiopi20171+00028@gmail.com' is set on object 'Object Repository/valid_login_logout/Page_OPI Blue/input_email'

2018-06-25 10:57:42 - [TEST_STEP][PASSED] - setText: Text 'gWF7Q4IlreZBZUpxglt7' is set on object 'Object Repository/valid_login_logout/Page_OPI Blue/input_password'

2018-06-25 10:57:46 - [MESSAGE][PASSED] - Text 'gWF7Q4IlreZBZUpxglt7' is set on object 'Object Repository/valid_login_logout/Page_OPI Blue/input_password'

2018-06-25 10:57:46 - [TEST_STEP][PASSED] - click: Object: 'Object Repository/valid_login_logout/Page_OPI Blue/button_Sign In' is clicked on

2018-06-25 10:57:48 - [MESSAGE][PASSED] - Object: 'Object Repository/valid_login_logout/Page_OPI Blue/button_Sign In' is clicked on

2018-06-25 10:57:48 - [TEST_STEP][PASSED] - click: Object: 'Object Repository/register_node/Page_Dashboard - OPI Blue/span_Gateways and Nodes' is clicked on

2018-06-25 10:57:51 - [MESSAGE][PASSED] - Object: 'Object Repository/register_node/Page_Dashboard - OPI Blue/span_Gateways and Nodes' is clicked on

2018-06-25 10:57:51 - [TEST_STEP][FAILED] - click: Unable to click on object 'Object Repository/register_node/Page_Gateways and Nodes - OPI Blue/a_Nodes' (Root cause: com.kms.katalon.core.webui.exception.WebElementNotFoundException: Web element with id: 'Object Repository/register_node/Page_Gateways and Nodes - OPI Blue/a_Nodes' located by 'By.xpath: //a[@id = 'selectNodeListButton' and @href = '#/dashboard/nodes' and (text() = '
                Nodes
            ' or . = '
                Nodes
            ')]' not found)

2018-06-25 10:58:22 - [MESSAGE][FAILED] - Unable to click on object 'Object Repository/register_node/Page_Gateways and Nodes - OPI Blue/a_Nodes' (Root cause: com.kms.katalon.core.webui.exception.WebElementNotFoundException: Web element with id: 'Object Repository/register_node/Page_Gateways and Nodes - OPI Blue/a_Nodes' located by 'By.xpath: //a[@id = 'selectNodeListButton' and @href = '#/dashboard/nodes' and (text() = '
                Nodes
            ' or . = '
                Nodes
            ')]' not found)
[[ATTACHMENT|C:\\Users\\geetab\\Katalon Studio\\RA_opi_blue_cloud\\Reports\\QA - Ver1.0\\regGW_regNode_mapNode_createSite_createBin\\20180625_105623\\1529945901498.png]]]]></system-out>
         <system-err><![CDATA[2018-06-25 10:57:27 - [TEST_CASE][FAILED] - Test Cases/register_node: Test Cases/register_node FAILED because (of) Unable to click on object 'Object Repository/register_node/Page_Gateways and Nodes - OPI Blue/a_Nodes' (Root cause: com.kms.katalon.core.webui.exception.WebElementNotFoundException: Web element with id: 'Object Repository/register_node/Page_Gateways and Nodes - OPI Blue/a_Nodes' located by 'By.xpath: //a[@id = 'selectNodeListButton' and @href = '#/dashboard/nodes' and (text() = '
                Nodes
            ' or . = '
                Nodes
            ')]' not found)]]></system-err>
      </testcase>
      <testcase name="Test Cases/map_node" classname="Test Cases/map_node" status="FAILED">
         <failure type="FAILED" message="Unable to click on object 'Object Repository/map_node/Page_Gateways and Nodes - OPI Blue/a_Nodes' (Root cause: com.kms.katalon.core.webui.exception.WebElementNotFoundException: Web element with id: 'Object Repository/map_node/Page_Gateways and Nodes - OPI Blue/a_Nodes' located by 'By.xpath: //a[@id = 'selectNodeListButton' and @href = '#/dashboard/nodes' and (text() = '
                Nodes
            ' or . = '
                Nodes
            ')]' not found)"/>
         <system-out><![CDATA[2018-06-25 10:58:25 - [TEST_CASE][FAILED] - Test Cases/map_node: Test Cases/map_node FAILED because (of) Unable to click on object 'Object Repository/map_node/Page_Gateways and Nodes - OPI Blue/a_Nodes' (Root cause: com.kms.katalon.core.webui.exception.WebElementNotFoundException: Web element with id: 'Object Repository/map_node/Page_Gateways and Nodes - OPI Blue/a_Nodes' located by 'By.xpath: //a[@id = 'selectNodeListButton' and @href = '#/dashboard/nodes' and (text() = '
                Nodes
            ' or . = '
                Nodes
            ')]' not found)

2018-06-25 10:58:25 - [TEST_STEP][PASSED] - openBrowser: Browser is opened with url: ''

2018-06-25 10:58:25 - [MESSAGE][WARNING] - A browser is already opened. Closing browser and opening a new one

2018-06-25 10:58:33 - [MESSAGE][PASSED] - Browser is opened with url: ''

2018-06-25 10:58:33 - [TEST_STEP][PASSED] - navigateToUrl: Navigate to 'http://qa.managegrain.com' successfully

2018-06-25 10:58:37 - [MESSAGE][PASSED] - Navigate to 'http://qa.managegrain.com' successfully

2018-06-25 10:58:37 - [TEST_STEP][PASSED] - setText: Text 'opiopi20171+00028@gmail.com' is set on object 'Object Repository/valid_login_logout/Page_OPI Blue/input_email'

2018-06-25 10:58:41 - [MESSAGE][PASSED] - Text 'opiopi20171+00028@gmail.com' is set on object 'Object Repository/valid_login_logout/Page_OPI Blue/input_email'

2018-06-25 10:58:41 - [TEST_STEP][PASSED] - setText: Text 'gWF7Q4IlreZBZUpxglt7' is set on object 'Object Repository/valid_login_logout/Page_OPI Blue/input_password'

2018-06-25 10:58:46 - [MESSAGE][PASSED] - Text 'gWF7Q4IlreZBZUpxglt7' is set on object 'Object Repository/valid_login_logout/Page_OPI Blue/input_password'

2018-06-25 10:58:46 - [TEST_STEP][PASSED] - click: Object: 'Object Repository/valid_login_logout/Page_OPI Blue/button_Sign In' is clicked on

2018-06-25 10:58:48 - [MESSAGE][PASSED] - Object: 'Object Repository/valid_login_logout/Page_OPI Blue/button_Sign In' is clicked on

2018-06-25 10:58:48 - [TEST_STEP][PASSED] - click: Object: 'Object Repository/map_node/Page_Dashboard - OPI Blue/span_Gateways and Nodes' is clicked on

2018-06-25 10:58:50 - [MESSAGE][PASSED] - Object: 'Object Repository/map_node/Page_Dashboard - OPI Blue/span_Gateways and Nodes' is clicked on

2018-06-25 10:58:50 - [TEST_STEP][FAILED] - click: Unable to click on object 'Object Repository/map_node/Page_Gateways and Nodes - OPI Blue/a_Nodes' (Root cause: com.kms.katalon.core.webui.exception.WebElementNotFoundException: Web element with id: 'Object Repository/map_node/Page_Gateways and Nodes - OPI Blue/a_Nodes' located by 'By.xpath: //a[@id = 'selectNodeListButton' and @href = '#/dashboard/nodes' and (text() = '
                Nodes
            ' or . = '
                Nodes
            ')]' not found)

2018-06-25 10:59:22 - [MESSAGE][FAILED] - Unable to click on object 'Object Repository/map_node/Page_Gateways and Nodes - OPI Blue/a_Nodes' (Root cause: com.kms.katalon.core.webui.exception.WebElementNotFoundException: Web element with id: 'Object Repository/map_node/Page_Gateways and Nodes - OPI Blue/a_Nodes' located by 'By.xpath: //a[@id = 'selectNodeListButton' and @href = '#/dashboard/nodes' and (text() = '
                Nodes
            ' or . = '
                Nodes
            ')]' not found)
[[ATTACHMENT|C:\\Users\\geetab\\Katalon Studio\\RA_opi_blue_cloud\\Reports\\QA - Ver1.0\\regGW_regNode_mapNode_createSite_createBin\\20180625_105623\\1529945961066.png]]]]></system-out>
         <system-err><![CDATA[2018-06-25 10:58:25 - [TEST_CASE][FAILED] - Test Cases/map_node: Test Cases/map_node FAILED because (of) Unable to click on object 'Object Repository/map_node/Page_Gateways and Nodes - OPI Blue/a_Nodes' (Root cause: com.kms.katalon.core.webui.exception.WebElementNotFoundException: Web element with id: 'Object Repository/map_node/Page_Gateways and Nodes - OPI Blue/a_Nodes' located by 'By.xpath: //a[@id = 'selectNodeListButton' and @href = '#/dashboard/nodes' and (text() = '
                Nodes
            ' or . = '
                Nodes
            ')]' not found)]]></system-err>
      </testcase>
      <testcase name="Test Cases/create_first_site" classname="Test Cases/create_first_site" status="FAILED">
         <failure type="FAILED" message="Unable to click on object 'Object Repository/create_first_site/Page_Sites and Bins - OPI Blue/button_Create a Site' (Root cause: com.kms.katalon.core.webui.exception.WebElementNotFoundException: Web element with id: 'Object Repository/create_first_site/Page_Sites and Bins - OPI Blue/button_Create a Site' located by 'By.xpath: //button[@id = 'createFirstSiteButton' and (text() = '
                Create a Site
            ' or . = '
                Create a Site
            ')]' not found)"/>
         <system-out><![CDATA[2018-06-25 10:59:24 - [TEST_CASE][FAILED] - Test Cases/create_first_site: Test Cases/create_first_site FAILED because (of) Unable to click on object 'Object Repository/create_first_site/Page_Sites and Bins - OPI Blue/button_Create a Site' (Root cause: com.kms.katalon.core.webui.exception.WebElementNotFoundException: Web element with id: 'Object Repository/create_first_site/Page_Sites and Bins - OPI Blue/button_Create a Site' located by 'By.xpath: //button[@id = 'createFirstSiteButton' and (text() = '
                Create a Site
            ' or . = '
                Create a Site
            ')]' not found)

2018-06-25 10:59:24 - [TEST_STEP][PASSED] - openBrowser: Browser is opened with url: ''

2018-06-25 10:59:24 - [MESSAGE][WARNING] - A browser is already opened. Closing browser and opening a new one

2018-06-25 10:59:32 - [MESSAGE][PASSED] - Browser is opened with url: ''

2018-06-25 10:59:32 - [TEST_STEP][PASSED] - navigateToUrl: Navigate to 'http://qa.managegrain.com' successfully

2018-06-25 10:59:36 - [MESSAGE][PASSED] - Navigate to 'http://qa.managegrain.com' successfully

2018-06-25 10:59:36 - [TEST_STEP][PASSED] - setText: Text 'opiopi20171+00028@gmail.com' is set on object 'Object Repository/valid_login_logout/Page_OPI Blue/input_email'

2018-06-25 10:59:41 - [MESSAGE][PASSED] - Text 'opiopi20171+00028@gmail.com' is set on object 'Object Repository/valid_login_logout/Page_OPI Blue/input_email'

2018-06-25 10:59:41 - [TEST_STEP][PASSED] - setText: Text 'gWF7Q4IlreZBZUpxglt7' is set on object 'Object Repository/valid_login_logout/Page_OPI Blue/input_password'

2018-06-25 10:59:45 - [MESSAGE][PASSED] - Text 'gWF7Q4IlreZBZUpxglt7' is set on object 'Object Repository/valid_login_logout/Page_OPI Blue/input_password'

2018-06-25 10:59:45 - [TEST_STEP][PASSED] - click: Object: 'Object Repository/valid_login_logout/Page_OPI Blue/button_Sign In' is clicked on

2018-06-25 10:59:47 - [MESSAGE][PASSED] - Object: 'Object Repository/valid_login_logout/Page_OPI Blue/button_Sign In' is clicked on

2018-06-25 10:59:47 - [TEST_STEP][PASSED] - click: Object: 'Object Repository/create_first_site/Page_Sites and Bins - OPI Blue/span_Sites and Bins' is clicked on

2018-06-25 10:59:50 - [MESSAGE][PASSED] - Object: 'Object Repository/create_first_site/Page_Sites and Bins - OPI Blue/span_Sites and Bins' is clicked on

2018-06-25 10:59:50 - [TEST_STEP][FAILED] - click: Unable to click on object 'Object Repository/create_first_site/Page_Sites and Bins - OPI Blue/button_Create a Site' (Root cause: com.kms.katalon.core.webui.exception.WebElementNotFoundException: Web element with id: 'Object Repository/create_first_site/Page_Sites and Bins - OPI Blue/button_Create a Site' located by 'By.xpath: //button[@id = 'createFirstSiteButton' and (text() = '
                Create a Site
            ' or . = '
                Create a Site
            ')]' not found)

2018-06-25 11:00:21 - [MESSAGE][FAILED] - Unable to click on object 'Object Repository/create_first_site/Page_Sites and Bins - OPI Blue/button_Create a Site' (Root cause: com.kms.katalon.core.webui.exception.WebElementNotFoundException: Web element with id: 'Object Repository/create_first_site/Page_Sites and Bins - OPI Blue/button_Create a Site' located by 'By.xpath: //button[@id = 'createFirstSiteButton' and (text() = '
                Create a Site
            ' or . = '
                Create a Site
            ')]' not found)
[[ATTACHMENT|C:\\Users\\geetab\\Katalon Studio\\RA_opi_blue_cloud\\Reports\\QA - Ver1.0\\regGW_regNode_mapNode_createSite_createBin\\20180625_105623\\1529946020369.png]]]]></system-out>
         <system-err><![CDATA[2018-06-25 10:59:24 - [TEST_CASE][FAILED] - Test Cases/create_first_site: Test Cases/create_first_site FAILED because (of) Unable to click on object 'Object Repository/create_first_site/Page_Sites and Bins - OPI Blue/button_Create a Site' (Root cause: com.kms.katalon.core.webui.exception.WebElementNotFoundException: Web element with id: 'Object Repository/create_first_site/Page_Sites and Bins - OPI Blue/button_Create a Site' located by 'By.xpath: //button[@id = 'createFirstSiteButton' and (text() = '
                Create a Site
            ' or . = '
                Create a Site
            ')]' not found)]]></system-err>
      </testcase>
      <testcase name="Test Cases/create_first_bin_with_single_site_ws" classname="Test Cases/create_first_bin_with_single_site_ws" status="FAILED">
         <failure type="FAILED" message="Unable to click on object 'Object Repository/create_first_bin_with_single_site_ws/Page_Sites and Bins - OPI Blue/a_Bins' (Root cause: com.kms.katalon.core.webui.exception.WebElementNotFoundException: Web element with id: 'Object Repository/create_first_bin_with_single_site_ws/Page_Sites and Bins - OPI Blue/a_Bins' located by 'By.xpath: //a[@id = 'selectNodeListButton' and @href = '#/dashboard/config/bins' and (text() = '
                Bins
            ' or . = '
                Bins
            ')]' not found)"/>
         <system-out><![CDATA[2018-06-25 11:00:23 - [TEST_CASE][FAILED] - Test Cases/create_first_bin_with_single_site_ws: Test Cases/create_first_bin_with_single_site_ws FAILED because (of) Unable to click on object 'Object Repository/create_first_bin_with_single_site_ws/Page_Sites and Bins - OPI Blue/a_Bins' (Root cause: com.kms.katalon.core.webui.exception.WebElementNotFoundException: Web element with id: 'Object Repository/create_first_bin_with_single_site_ws/Page_Sites and Bins - OPI Blue/a_Bins' located by 'By.xpath: //a[@id = 'selectNodeListButton' and @href = '#/dashboard/config/bins' and (text() = '
                Bins
            ' or . = '
                Bins
            ')]' not found)

2018-06-25 11:00:24 - [TEST_STEP][PASSED] - openBrowser: Browser is opened with url: ''

2018-06-25 11:00:24 - [MESSAGE][WARNING] - A browser is already opened. Closing browser and opening a new one

2018-06-25 11:00:31 - [MESSAGE][PASSED] - Browser is opened with url: ''

2018-06-25 11:00:31 - [TEST_STEP][PASSED] - navigateToUrl: Navigate to 'http://qa.managegrain.com' successfully

2018-06-25 11:00:35 - [MESSAGE][PASSED] - Navigate to 'http://qa.managegrain.com' successfully

2018-06-25 11:00:35 - [TEST_STEP][PASSED] - setText: Text 'opiopi20171+00028@gmail.com' is set on object 'Object Repository/valid_login_logout/Page_OPI Blue/input_email'

2018-06-25 11:00:40 - [MESSAGE][PASSED] - Text 'opiopi20171+00028@gmail.com' is set on object 'Object Repository/valid_login_logout/Page_OPI Blue/input_email'

2018-06-25 11:00:40 - [TEST_STEP][PASSED] - setText: Text 'gWF7Q4IlreZBZUpxglt7' is set on object 'Object Repository/valid_login_logout/Page_OPI Blue/input_password'

2018-06-25 11:00:44 - [MESSAGE][PASSED] - Text 'gWF7Q4IlreZBZUpxglt7' is set on object 'Object Repository/valid_login_logout/Page_OPI Blue/input_password'

2018-06-25 11:00:44 - [TEST_STEP][PASSED] - click: Object: 'Object Repository/valid_login_logout/Page_OPI Blue/button_Sign In' is clicked on

2018-06-25 11:00:47 - [MESSAGE][PASSED] - Object: 'Object Repository/valid_login_logout/Page_OPI Blue/button_Sign In' is clicked on

2018-06-25 11:00:47 - [TEST_STEP][PASSED] - click: Object: 'Object Repository/create_first_bin_with_single_site_ws/Page_Sites and Bins - OPI Blue/span_Sites and Bins' is clicked on

2018-06-25 11:00:49 - [MESSAGE][PASSED] - Object: 'Object Repository/create_first_bin_with_single_site_ws/Page_Sites and Bins - OPI Blue/span_Sites and Bins' is clicked on

2018-06-25 11:00:49 - [TEST_STEP][FAILED] - click: Unable to click on object 'Object Repository/create_first_bin_with_single_site_ws/Page_Sites and Bins - OPI Blue/a_Bins' (Root cause: com.kms.katalon.core.webui.exception.WebElementNotFoundException: Web element with id: 'Object Repository/create_first_bin_with_single_site_ws/Page_Sites and Bins - OPI Blue/a_Bins' located by 'By.xpath: //a[@id = 'selectNodeListButton' and @href = '#/dashboard/config/bins' and (text() = '
                Bins
            ' or . = '
                Bins
            ')]' not found)

2018-06-25 11:01:21 - [MESSAGE][FAILED] - Unable to click on object 'Object Repository/create_first_bin_with_single_site_ws/Page_Sites and Bins - OPI Blue/a_Bins' (Root cause: com.kms.katalon.core.webui.exception.WebElementNotFoundException: Web element with id: 'Object Repository/create_first_bin_with_single_site_ws/Page_Sites and Bins - OPI Blue/a_Bins' located by 'By.xpath: //a[@id = 'selectNodeListButton' and @href = '#/dashboard/config/bins' and (text() = '
                Bins
            ' or . = '
                Bins
            ')]' not found)
[[ATTACHMENT|C:\\Users\\geetab\\Katalon Studio\\RA_opi_blue_cloud\\Reports\\QA - Ver1.0\\regGW_regNode_mapNode_createSite_createBin\\20180625_105623\\1529946079674.png]]]]></system-out>
         <system-err><![CDATA[2018-06-25 11:00:23 - [TEST_CASE][FAILED] - Test Cases/create_first_bin_with_single_site_ws: Test Cases/create_first_bin_with_single_site_ws FAILED because (of) Unable to click on object 'Object Repository/create_first_bin_with_single_site_ws/Page_Sites and Bins - OPI Blue/a_Bins' (Root cause: com.kms.katalon.core.webui.exception.WebElementNotFoundException: Web element with id: 'Object Repository/create_first_bin_with_single_site_ws/Page_Sites and Bins - OPI Blue/a_Bins' located by 'By.xpath: //a[@id = 'selectNodeListButton' and @href = '#/dashboard/config/bins' and (text() = '
                Bins
            ' or . = '
                Bins
            ')]' not found)]]></system-err>
      </testcase>
      <system-out><![CDATA[2018-06-25 10:56:25 - [TEST_SUITE][FAILED] - regGW_regNode_mapNode_createSite_createBin: Test Cases/register_node FAILED because (of) Unable to click on object 'Object Repository/register_node/Page_Gateways and Nodes - OPI Blue/a_Nodes' (Root cause: com.kms.katalon.core.webui.exception.WebElementNotFoundException: Web element with id: 'Object Repository/register_node/Page_Gateways and Nodes - OPI Blue/a_Nodes' located by 'By.xpath: //a[@id = 'selectNodeListButton' and @href = '#/dashboard/nodes' and (text() = '
                Nodes
            ' or . = '
                Nodes
            ')]' not found)]]></system-out>
      <system-err><![CDATA[2018-06-25 10:56:25 - [TEST_SUITE][FAILED] - regGW_regNode_mapNode_createSite_createBin: Test Cases/register_node FAILED because (of) Unable to click on object 'Object Repository/register_node/Page_Gateways and Nodes - OPI Blue/a_Nodes' (Root cause: com.kms.katalon.core.webui.exception.WebElementNotFoundException: Web element with id: 'Object Repository/register_node/Page_Gateways and Nodes - OPI Blue/a_Nodes' located by 'By.xpath: //a[@id = 'selectNodeListButton' and @href = '#/dashboard/nodes' and (text() = '
                Nodes
            ' or . = '
                Nodes
            ')]' not found)]]></system-err>
   </testsuite>
</testsuites>
