<?xml version="1.0" encoding="UTF-8"?>
<testsuites name="regGW_regNode_mapNode_createSite_createBin" time="201" tests="3" failures="0" errors="0">
   <testsuite name="regGW_regNode_mapNode_createSite_createBin" tests="3" failures="0" errors="0" time="201" timestamp="2018-06-06 11:24:55" hostname="geetab - OPI-LT66.opisystems.local" id="Test Suites/regGW_regNode_mapNode_createSite_createBin">
      <properties>
         <property name="deviceName" value=""/>
         <property name="devicePlatform" value=""/>
         <property name="logFolder" value="C:\\Users\\geetab\\Katalon Studio\\RA_opi_blue_cloud\\Reports\\regGW_regNode_mapNode_createSite_createBin\\20180606_112453"/>
         <property name="logFiles" value="C:\\Users\\geetab\\Katalon Studio\\RA_opi_blue_cloud\\Reports\\regGW_regNode_mapNode_createSite_createBin\\20180606_112453\\execution0.log"/>
         <property name="attachments" value=""/>
         <property name="hostName" value="geetab - OPI-LT66.opisystems.local"/>
         <property name="os" value="Windows 10 64bit"/>
         <property name="katalonVersion" value="5.4.2.1"/>
         <property name="browser" value="Chrome 67.0.3396.62"/>
         <property name="hostAddress" value="172.16.6.51"/>
         <property name="sessionId" value="4f71d4037ba5137a798c75b55f19973a"/>
         <property name="seleniumVersion" value="3.7.1"/>
         <property name="proxyInformation" value="ProxyInformation{proxyOption=NO_PROXY, proxyServerType=HTTP, password=, proxyServerAddress=, proxyServerPort=0}"/>
         <property name="platform" value="Windows 10"/>
      </properties>
      <testcase name="Test Cases/create_second_bin_with_cables_single_site_without_ws_fan_plenum - Copy" classname="Test Cases/create_second_bin_with_cables_single_site_without_ws_fan_plenum - Copy" status="PASSED">
         <system-out><![CDATA[2018-06-06 11:24:55 - [TEST_CASE][PASSED] - Test Cases/create_second_bin_with_cables_single_site_without_ws_fan_plenum - Copy: Test Cases/create_second_bin_with_cables_single_site_without_ws_fan_plenum - Copy

2018-06-06 11:24:56 - [TEST_STEP][PASSED] - openBrowser: Browser is opened with url: ''

2018-06-06 11:25:03 - [MESSAGE][PASSED] - Browser is opened with url: ''

2018-06-06 11:25:03 - [TEST_STEP][PASSED] - navigateToUrl: Navigate to 'https://ra.managegrain.com/#/dashboard/userPreferences' successfully

2018-06-06 11:25:06 - [MESSAGE][PASSED] - Navigate to 'https://ra.managegrain.com/#/dashboard/userPreferences' successfully

2018-06-06 11:25:06 - [TEST_STEP][PASSED] - setText: Text 'opiopi20171+00028@gmail.com' is set on object 'Object Repository/create_bin/Page_OPI Blue/input_username'

2018-06-06 11:25:12 - [MESSAGE][PASSED] - Text 'opiopi20171+00028@gmail.com' is set on object 'Object Repository/create_bin/Page_OPI Blue/input_username'

2018-06-06 11:25:12 - [TEST_STEP][PASSED] - setEncryptedText: Text ****** has been set on object 'Object Repository/create_bin/Page_OPI Blue/input_password'

2018-06-06 11:25:16 - [MESSAGE][PASSED] - Text ****** has been set on object 'Object Repository/create_bin/Page_OPI Blue/input_password'

2018-06-06 11:25:16 - [TEST_STEP][PASSED] - click: Object: 'Object Repository/create_bin/Page_OPI Blue/button_Log In' is clicked on

2018-06-06 11:25:20 - [MESSAGE][PASSED] - Object: 'Object Repository/create_bin/Page_OPI Blue/button_Log In' is clicked on

2018-06-06 11:25:20 - [TEST_STEP][PASSED] - click: Object: 'Object Repository/create_bin/Page_Dashboard - OPI Blue/span_Sites and Bins' is clicked on

2018-06-06 11:25:22 - [MESSAGE][PASSED] - Object: 'Object Repository/create_bin/Page_Dashboard - OPI Blue/span_Sites and Bins' is clicked on

2018-06-06 11:25:22 - [TEST_STEP][PASSED] - click: Object: 'Object Repository/create_bin/Page_Sites and Bins - OPI Blue/a_Bins' is clicked on

2018-06-06 11:25:24 - [MESSAGE][PASSED] - Object: 'Object Repository/create_bin/Page_Sites and Bins - OPI Blue/a_Bins' is clicked on

2018-06-06 11:25:24 - [TEST_STEP][PASSED] - click: Object: 'Object Repository/create_bin/Page_Sites and Bins - OPI Blue/button_Create a Bin' is clicked on

2018-06-06 11:25:27 - [MESSAGE][PASSED] - Object: 'Object Repository/create_bin/Page_Sites and Bins - OPI Blue/button_Create a Bin' is clicked on

2018-06-06 11:25:27 - [TEST_STEP][PASSED] - setText: Text 'Bin-1' is set on object 'Object Repository/create_bin/Page_Sites and Bins - OPI Blue/input_name'

2018-06-06 11:25:31 - [MESSAGE][PASSED] - Text 'Bin-1' is set on object 'Object Repository/create_bin/Page_Sites and Bins - OPI Blue/input_name'

2018-06-06 11:25:31 - [TEST_STEP][PASSED] - click: Object: 'Object Repository/create_bin/Page_Sites and Bins - OPI Blue/button_Continue' is clicked on

2018-06-06 11:25:33 - [MESSAGE][PASSED] - Object: 'Object Repository/create_bin/Page_Sites and Bins - OPI Blue/button_Continue' is clicked on

2018-06-06 11:25:33 - [TEST_STEP][PASSED] - waitForElementPresent: Object 'Object Repository/create_bin/Page_Sites and Bins - OPI Blue/b_1' is present

2018-06-06 11:25:34 - [MESSAGE][PASSED] - Object 'Object Repository/create_bin/Page_Sites and Bins - OPI Blue/b_1' is present

2018-06-06 11:25:34 - [TEST_STEP][PASSED] - waitForElementClickable: Object 'Object Repository/create_bin/Page_Sites and Bins - OPI Blue/b_1' is clickable

2018-06-06 11:25:36 - [MESSAGE][PASSED] - Object 'Object Repository/create_bin/Page_Sites and Bins - OPI Blue/b_1' is clickable

2018-06-06 11:25:36 - [TEST_STEP][PASSED] - click: Object: 'Object Repository/create_bin/Page_Sites and Bins - OPI Blue/b_1' is clicked on

2018-06-06 11:25:39 - [MESSAGE][PASSED] - Object: 'Object Repository/create_bin/Page_Sites and Bins - OPI Blue/b_1' is clicked on

2018-06-06 11:25:39 - [TEST_STEP][PASSED] - click: Object: 'Object Repository/create_bin/Page_Sites and Bins - OPI Blue/div_919' is clicked on

2018-06-06 11:25:41 - [MESSAGE][PASSED] - Object: 'Object Repository/create_bin/Page_Sites and Bins - OPI Blue/div_919' is clicked on

2018-06-06 11:25:41 - [TEST_STEP][PASSED] - click: Object: 'Object Repository/create_bin/Page_Sites and Bins - OPI Blue/b_2' is clicked on

2018-06-06 11:25:43 - [MESSAGE][PASSED] - Object: 'Object Repository/create_bin/Page_Sites and Bins - OPI Blue/b_2' is clicked on

2018-06-06 11:25:43 - [TEST_STEP][PASSED] - click: Object: 'Object Repository/create_bin/Page_Sites and Bins - OPI Blue/div_Blackbean' is clicked on

2018-06-06 11:25:45 - [MESSAGE][PASSED] - Object: 'Object Repository/create_bin/Page_Sites and Bins - OPI Blue/div_Blackbean' is clicked on

2018-06-06 11:25:45 - [TEST_STEP][PASSED] - click: Object: 'Object Repository/create_bin/Page_Sites and Bins - OPI Blue/button_Continue_1' is clicked on

2018-06-06 11:25:48 - [MESSAGE][PASSED] - Object: 'Object Repository/create_bin/Page_Sites and Bins - OPI Blue/button_Continue_1' is clicked on

2018-06-06 11:25:48 - [TEST_STEP][PASSED] - setText: Text '2018-01-01' is set on object 'Object Repository/create_bin/Page_Sites and Bins - OPI Blue/input_ng-pristine ng-untouched'

2018-06-06 11:25:52 - [MESSAGE][PASSED] - Text '2018-01-01' is set on object 'Object Repository/create_bin/Page_Sites and Bins - OPI Blue/input_ng-pristine ng-untouched'

2018-06-06 11:25:52 - [TEST_STEP][PASSED] - setText: Text '1000' is set on object 'Object Repository/create_bin/Page_Sites and Bins - OPI Blue/input_capacity'

2018-06-06 11:25:56 - [MESSAGE][PASSED] - Text '1000' is set on object 'Object Repository/create_bin/Page_Sites and Bins - OPI Blue/input_capacity'

2018-06-06 11:25:56 - [TEST_STEP][NOT_RUN] - click: NOT_RUN: click

2018-06-06 11:25:56 - [MESSAGE][NOT_RUN] - NOT_RUN: click

2018-06-06 11:25:56 - [TEST_STEP][NOT_RUN] - setText: NOT_RUN: setText

2018-06-06 11:25:56 - [MESSAGE][NOT_RUN] - NOT_RUN: setText

2018-06-06 11:25:56 - [TEST_STEP][PASSED] - click: Object: 'Object Repository/create_bin/Page_Sites and Bins - OPI Blue/button_Continue_1' is clicked on

2018-06-06 11:25:58 - [MESSAGE][PASSED] - Object: 'Object Repository/create_bin/Page_Sites and Bins - OPI Blue/button_Continue_1' is clicked on

2018-06-06 11:25:58 - [TEST_STEP][PASSED] - click: Object: 'Object Repository/create_bin/Page_Sites and Bins - OPI Blue/button_Continue_1' is clicked on

2018-06-06 11:26:01 - [MESSAGE][PASSED] - Object: 'Object Repository/create_bin/Page_Sites and Bins - OPI Blue/button_Continue_1' is clicked on

2018-06-06 11:26:01 - [TEST_STEP][PASSED] - click: Object: 'Object Repository/create_bin/Page_Sites and Bins - OPI Blue/i_icon-plus' is clicked on

2018-06-06 11:26:03 - [MESSAGE][PASSED] - Object: 'Object Repository/create_bin/Page_Sites and Bins - OPI Blue/i_icon-plus' is clicked on

2018-06-06 11:26:03 - [TEST_STEP][PASSED] - click: Object: 'Object Repository/create_bin/Page_Sites and Bins - OPI Blue/a_edit-btn' is clicked on

2018-06-06 11:26:05 - [MESSAGE][PASSED] - Object: 'Object Repository/create_bin/Page_Sites and Bins - OPI Blue/a_edit-btn' is clicked on

2018-06-06 11:26:05 - [TEST_STEP][PASSED] - click: Object: 'Object Repository/create_bin/Page_Sites and Bins - OPI Blue/button_Continue_1' is clicked on

2018-06-06 11:26:07 - [MESSAGE][PASSED] - Object: 'Object Repository/create_bin/Page_Sites and Bins - OPI Blue/button_Continue_1' is clicked on

2018-06-06 11:26:07 - [TEST_STEP][PASSED] - waitForElementPresent: Object 'Object Repository/create_bin/create_bin_ws_contd_btn/Page_Sites and Bins - OPI Blue/Page_Sites and Bins - OPI Blue/button_Continue' is present

2018-06-06 11:26:08 - [MESSAGE][PASSED] - Object 'Object Repository/create_bin/create_bin_ws_contd_btn/Page_Sites and Bins - OPI Blue/Page_Sites and Bins - OPI Blue/button_Continue' is present

2018-06-06 11:26:08 - [TEST_STEP][PASSED] - waitForElementClickable: Object 'Object Repository/create_bin/create_bin_ws_contd_btn/Page_Sites and Bins - OPI Blue/Page_Sites and Bins - OPI Blue/button_Continue' is clickable

2018-06-06 11:26:10 - [MESSAGE][PASSED] - Object 'Object Repository/create_bin/create_bin_ws_contd_btn/Page_Sites and Bins - OPI Blue/Page_Sites and Bins - OPI Blue/button_Continue' is clickable

2018-06-06 11:26:10 - [TEST_STEP][PASSED] - click: Object: 'Object Repository/create_bin/create_bin_ws_contd_btn/Page_Sites and Bins - OPI Blue/Page_Sites and Bins - OPI Blue/button_Continue' is clicked on

2018-06-06 11:26:12 - [MESSAGE][PASSED] - Object: 'Object Repository/create_bin/create_bin_ws_contd_btn/Page_Sites and Bins - OPI Blue/Page_Sites and Bins - OPI Blue/button_Continue' is clicked on

2018-06-06 11:26:12 - [TEST_STEP][PASSED] - click: Object: 'Object Repository/create_bin/Page_Sites and Bins - OPI Blue/button_Continue_1' is clicked on

2018-06-06 11:26:15 - [MESSAGE][PASSED] - Object: 'Object Repository/create_bin/Page_Sites and Bins - OPI Blue/button_Continue_1' is clicked on

2018-06-06 11:26:15 - [TEST_STEP][PASSED] - click: Object: 'Object Repository/create_bin/Page_Sites and Bins - OPI Blue/button_Continue_3' is clicked on

2018-06-06 11:26:17 - [MESSAGE][PASSED] - Object: 'Object Repository/create_bin/Page_Sites and Bins - OPI Blue/button_Continue_3' is clicked on

2018-06-06 11:26:17 - [TEST_STEP][PASSED] - waitForElementPresent: Object 'Object Repository/create_bin/Page_Sites and Bins - OPI Blue/button_View Bin' is present

2018-06-06 11:26:19 - [MESSAGE][PASSED] - Object 'Object Repository/create_bin/Page_Sites and Bins - OPI Blue/button_View Bin' is present

2018-06-06 11:26:19 - [TEST_STEP][PASSED] - waitForElementClickable: Object 'Object Repository/create_bin/Page_Sites and Bins - OPI Blue/button_View Bin' is clickable

2018-06-06 11:26:21 - [MESSAGE][PASSED] - Object 'Object Repository/create_bin/Page_Sites and Bins - OPI Blue/button_View Bin' is clickable

2018-06-06 11:26:21 - [TEST_STEP][PASSED] - click: Object: 'Object Repository/create_bin/Page_Sites and Bins - OPI Blue/button_View Bin' is clicked on

2018-06-06 11:26:24 - [MESSAGE][PASSED] - Object: 'Object Repository/create_bin/Page_Sites and Bins - OPI Blue/button_View Bin' is clicked on

2018-06-06 11:26:24 - [TEST_STEP][PASSED] - waitForElementPresent: Object 'Object Repository/create_bin/Page_Sites and Bins - OPI Blue/a_Log out' is present

2018-06-06 11:26:25 - [MESSAGE][PASSED] - Object 'Object Repository/create_bin/Page_Sites and Bins - OPI Blue/a_Log out' is present

2018-06-06 11:26:25 - [TEST_STEP][PASSED] - waitForElementClickable: Object 'Object Repository/create_bin/Page_Sites and Bins - OPI Blue/a_Log out' is clickable

2018-06-06 11:26:27 - [MESSAGE][PASSED] - Object 'Object Repository/create_bin/Page_Sites and Bins - OPI Blue/a_Log out' is clickable

2018-06-06 11:26:27 - [TEST_STEP][PASSED] - click: Object: 'Object Repository/create_bin/Page_Sites and Bins - OPI Blue/a_Log out' is clicked on

2018-06-06 11:26:30 - [MESSAGE][PASSED] - Object: 'Object Repository/create_bin/Page_Sites and Bins - OPI Blue/a_Log out' is clicked on

2018-06-06 11:26:30 - [TEST_STEP][PASSED] - closeBrowser: Browser is closed

2018-06-06 11:26:32 - [MESSAGE][PASSED] - Browser is closed]]></system-out>
         <system-err><![CDATA[]]></system-err>
      </testcase>
      <testcase name="Test Cases/add_plenum_on_bin" classname="Test Cases/add_plenum_on_bin" status="PASSED">
         <system-out><![CDATA[2018-06-06 11:26:34 - [TEST_CASE][PASSED] - Test Cases/add_plenum_on_bin: Test Cases/add_plenum_on_bin

2018-06-06 11:26:34 - [TEST_STEP][PASSED] - openBrowser: Browser is opened with url: ''

2018-06-06 11:26:39 - [MESSAGE][PASSED] - Browser is opened with url: ''

2018-06-06 11:26:39 - [TEST_STEP][PASSED] - navigateToUrl: Navigate to 'https://ra.managegrain.com/#/dashboard/userPreferences' successfully

2018-06-06 11:26:42 - [MESSAGE][PASSED] - Navigate to 'https://ra.managegrain.com/#/dashboard/userPreferences' successfully

2018-06-06 11:26:42 - [TEST_STEP][PASSED] - setText: Text 'opiopi20171+00028@gmail.com' is set on object 'Object Repository/create_bin_add_plenum_only/Page_OPI Blue/input_username'

2018-06-06 11:26:48 - [MESSAGE][PASSED] - Text 'opiopi20171+00028@gmail.com' is set on object 'Object Repository/create_bin_add_plenum_only/Page_OPI Blue/input_username'

2018-06-06 11:26:48 - [TEST_STEP][PASSED] - setEncryptedText: Text ****** has been set on object 'Object Repository/create_bin_add_plenum_only/Page_OPI Blue/input_password'

2018-06-06 11:26:51 - [MESSAGE][PASSED] - Text ****** has been set on object 'Object Repository/create_bin_add_plenum_only/Page_OPI Blue/input_password'

2018-06-06 11:26:51 - [TEST_STEP][PASSED] - click: Object: 'Object Repository/create_bin_add_plenum_only/Page_OPI Blue/button_Log In' is clicked on

2018-06-06 11:26:55 - [MESSAGE][PASSED] - Object: 'Object Repository/create_bin_add_plenum_only/Page_OPI Blue/button_Log In' is clicked on

2018-06-06 11:26:55 - [TEST_STEP][PASSED] - click: Object: 'Object Repository/create_bin_add_plenum_only/Page_Dashboard - OPI Blue/span_Sites and Bins' is clicked on

2018-06-06 11:26:57 - [MESSAGE][PASSED] - Object: 'Object Repository/create_bin_add_plenum_only/Page_Dashboard - OPI Blue/span_Sites and Bins' is clicked on

2018-06-06 11:26:57 - [TEST_STEP][PASSED] - click: Object: 'Object Repository/create_bin_add_plenum_only/Page_Sites and Bins - OPI Blue/a_Bins' is clicked on

2018-06-06 11:26:59 - [MESSAGE][PASSED] - Object: 'Object Repository/create_bin_add_plenum_only/Page_Sites and Bins - OPI Blue/a_Bins' is clicked on

2018-06-06 11:26:59 - [TEST_STEP][PASSED] - click: Object: 'Object Repository/create_bin_add_plenum_only/Page_Sites and Bins - OPI Blue/a_Plenum' is clicked on

2018-06-06 11:27:02 - [MESSAGE][PASSED] - Object: 'Object Repository/create_bin_add_plenum_only/Page_Sites and Bins - OPI Blue/a_Plenum' is clicked on

2018-06-06 11:27:02 - [TEST_STEP][PASSED] - click: Object: 'Object Repository/create_bin_add_plenum_only/Page_Sites and Bins - OPI Blue/button_Add a Plenum Sensor' is clicked on

2018-06-06 11:27:04 - [MESSAGE][PASSED] - Object: 'Object Repository/create_bin_add_plenum_only/Page_Sites and Bins - OPI Blue/button_Add a Plenum Sensor' is clicked on

2018-06-06 11:27:04 - [TEST_STEP][PASSED] - click: Object: 'Object Repository/create_bin_add_plenum_only/Page_Sites and Bins - OPI Blue/span_Select' is clicked on

2018-06-06 11:27:06 - [MESSAGE][PASSED] - Object: 'Object Repository/create_bin_add_plenum_only/Page_Sites and Bins - OPI Blue/span_Select' is clicked on

2018-06-06 11:27:06 - [TEST_STEP][PASSED] - click: Object: 'Object Repository/create_bin_add_plenum_only/Page_Sites and Bins - OPI Blue/spy_web/Page_Sites and Bins - OPI Blue/div_089CDB-FN' is clicked on

2018-06-06 11:27:08 - [MESSAGE][PASSED] - Object: 'Object Repository/create_bin_add_plenum_only/Page_Sites and Bins - OPI Blue/spy_web/Page_Sites and Bins - OPI Blue/div_089CDB-FN' is clicked on

2018-06-06 11:27:08 - [TEST_STEP][PASSED] - click: Object: 'Object Repository/create_bin_add_plenum_only/Page_Sites and Bins - OPI Blue/button_Save' is clicked on

2018-06-06 11:27:10 - [MESSAGE][PASSED] - Object: 'Object Repository/create_bin_add_plenum_only/Page_Sites and Bins - OPI Blue/button_Save' is clicked on

2018-06-06 11:27:10 - [TEST_STEP][PASSED] - waitForElementPresent: Object 'Object Repository/create_bin_add_plenum_only/Page_Sites and Bins - OPI Blue/a_Log out' is present

2018-06-06 11:27:11 - [MESSAGE][PASSED] - Object 'Object Repository/create_bin_add_plenum_only/Page_Sites and Bins - OPI Blue/a_Log out' is present

2018-06-06 11:27:11 - [TEST_STEP][PASSED] - waitForElementClickable: Object 'Object Repository/create_bin_add_plenum_only/Page_Sites and Bins - OPI Blue/a_Log out' is clickable

2018-06-06 11:27:14 - [MESSAGE][PASSED] - Object 'Object Repository/create_bin_add_plenum_only/Page_Sites and Bins - OPI Blue/a_Log out' is clickable

2018-06-06 11:27:14 - [TEST_STEP][PASSED] - click: Object: 'Object Repository/create_bin_add_plenum_only/Page_Sites and Bins - OPI Blue/a_Log out' is clicked on

2018-06-06 11:27:16 - [MESSAGE][PASSED] - Object: 'Object Repository/create_bin_add_plenum_only/Page_Sites and Bins - OPI Blue/a_Log out' is clicked on

2018-06-06 11:27:16 - [TEST_STEP][PASSED] - closeBrowser: Browser is closed

2018-06-06 11:27:18 - [MESSAGE][PASSED] - Browser is closed]]></system-out>
         <system-err><![CDATA[]]></system-err>
      </testcase>
      <testcase name="Test Cases/add_fan_on_bin" classname="Test Cases/add_fan_on_bin" status="PASSED">
         <system-out><![CDATA[2018-06-06 11:27:20 - [TEST_CASE][PASSED] - Test Cases/add_fan_on_bin: Test Cases/add_fan_on_bin

2018-06-06 11:27:21 - [TEST_STEP][PASSED] - openBrowser: Browser is opened with url: ''

2018-06-06 11:27:26 - [MESSAGE][PASSED] - Browser is opened with url: ''

2018-06-06 11:27:26 - [TEST_STEP][PASSED] - navigateToUrl: Navigate to 'https://ra.managegrain.com/#/dashboard/userPreferences' successfully

2018-06-06 11:27:29 - [MESSAGE][PASSED] - Navigate to 'https://ra.managegrain.com/#/dashboard/userPreferences' successfully

2018-06-06 11:27:29 - [TEST_STEP][PASSED] - setText: Text 'opiopi20171+00028@gmail.com' is set on object 'Object Repository/create_bin_add_fan_only/Page_OPI Blue/input_username'

2018-06-06 11:27:35 - [MESSAGE][PASSED] - Text 'opiopi20171+00028@gmail.com' is set on object 'Object Repository/create_bin_add_fan_only/Page_OPI Blue/input_username'

2018-06-06 11:27:35 - [TEST_STEP][PASSED] - setEncryptedText: Text ****** has been set on object 'Object Repository/create_bin_add_fan_only/Page_OPI Blue/input_password'

2018-06-06 11:27:38 - [MESSAGE][PASSED] - Text ****** has been set on object 'Object Repository/create_bin_add_fan_only/Page_OPI Blue/input_password'

2018-06-06 11:27:38 - [TEST_STEP][PASSED] - click: Object: 'Object Repository/create_bin_add_fan_only/Page_OPI Blue/button_Log In' is clicked on

2018-06-06 11:27:42 - [MESSAGE][PASSED] - Object: 'Object Repository/create_bin_add_fan_only/Page_OPI Blue/button_Log In' is clicked on

2018-06-06 11:27:42 - [TEST_STEP][PASSED] - click: Object: 'Object Repository/create_bin_add_fan_only/Page_Dashboard - OPI Blue/span_Sites and Bins' is clicked on

2018-06-06 11:27:44 - [MESSAGE][PASSED] - Object: 'Object Repository/create_bin_add_fan_only/Page_Dashboard - OPI Blue/span_Sites and Bins' is clicked on

2018-06-06 11:27:44 - [TEST_STEP][PASSED] - click: Object: 'Object Repository/create_bin_add_fan_only/Page_Sites and Bins - OPI Blue/a_Bins' is clicked on

2018-06-06 11:27:46 - [MESSAGE][PASSED] - Object: 'Object Repository/create_bin_add_fan_only/Page_Sites and Bins - OPI Blue/a_Bins' is clicked on

2018-06-06 11:27:46 - [TEST_STEP][PASSED] - click: Object: 'Object Repository/create_bin_add_fan_only/Page_Sites and Bins - OPI Blue/a_Fans' is clicked on

2018-06-06 11:27:48 - [MESSAGE][PASSED] - Object: 'Object Repository/create_bin_add_fan_only/Page_Sites and Bins - OPI Blue/a_Fans' is clicked on

2018-06-06 11:27:48 - [TEST_STEP][PASSED] - click: Object: 'Object Repository/create_bin_add_fan_only/Page_Sites and Bins - OPI Blue/button_Add a Fan' is clicked on

2018-06-06 11:27:51 - [MESSAGE][PASSED] - Object: 'Object Repository/create_bin_add_fan_only/Page_Sites and Bins - OPI Blue/button_Add a Fan' is clicked on

2018-06-06 11:27:51 - [TEST_STEP][PASSED] - click: Object: 'Object Repository/create_bin_add_fan_only/Page_Sites and Bins - OPI Blue/span_Select' is clicked on

2018-06-06 11:27:53 - [MESSAGE][PASSED] - Object: 'Object Repository/create_bin_add_fan_only/Page_Sites and Bins - OPI Blue/span_Select' is clicked on

2018-06-06 11:27:53 - [TEST_STEP][NOT_RUN] - click: NOT_RUN: click

2018-06-06 11:27:53 - [MESSAGE][NOT_RUN] - NOT_RUN: click

2018-06-06 11:27:53 - [TEST_STEP][PASSED] - click: Object: 'Object Repository/create_bin/create_bin_add_fan/Page_Sites and Bins - OPI Blue/spy_web/Page_Sites and Bins - OPI Blue/div_089CDB-FN (MAC HFF0004)' is clicked on

2018-06-06 11:27:55 - [MESSAGE][PASSED] - Object: 'Object Repository/create_bin/create_bin_add_fan/Page_Sites and Bins - OPI Blue/spy_web/Page_Sites and Bins - OPI Blue/div_089CDB-FN (MAC HFF0004)' is clicked on

2018-06-06 11:27:55 - [TEST_STEP][NOT_RUN] - waitForElementPresent: NOT_RUN: waitForElementPresent

2018-06-06 11:27:55 - [MESSAGE][NOT_RUN] - NOT_RUN: waitForElementPresent

2018-06-06 11:27:55 - [TEST_STEP][NOT_RUN] - waitForElementVisible: NOT_RUN: waitForElementVisible

2018-06-06 11:27:55 - [MESSAGE][NOT_RUN] - NOT_RUN: waitForElementVisible

2018-06-06 11:27:55 - [TEST_STEP][NOT_RUN] - waitForElementClickable: NOT_RUN: waitForElementClickable

2018-06-06 11:27:55 - [MESSAGE][NOT_RUN] - NOT_RUN: waitForElementClickable

2018-06-06 11:27:55 - [TEST_STEP][PASSED] - click: Object: 'Object Repository/create_bin_add_fan_only/spy_web/Page_Sites and Bins - OPI Blue (2)/b' is clicked on

2018-06-06 11:27:57 - [MESSAGE][PASSED] - Object: 'Object Repository/create_bin_add_fan_only/spy_web/Page_Sites and Bins - OPI Blue (2)/b' is clicked on

2018-06-06 11:27:57 - [TEST_STEP][PASSED] - click: Object: 'Object Repository/create_bin_add_fan_only/Page_Sites and Bins - OPI Blue/div_1' is clicked on

2018-06-06 11:28:00 - [MESSAGE][PASSED] - Object: 'Object Repository/create_bin_add_fan_only/Page_Sites and Bins - OPI Blue/div_1' is clicked on

2018-06-06 11:28:00 - [TEST_STEP][PASSED] - click: Object: 'Object Repository/create_bin_add_fan_only/Page_Sites and Bins - OPI Blue/span_Manual' is clicked on

2018-06-06 11:28:02 - [MESSAGE][PASSED] - Object: 'Object Repository/create_bin_add_fan_only/Page_Sites and Bins - OPI Blue/span_Manual' is clicked on

2018-06-06 11:28:02 - [TEST_STEP][PASSED] - click: Object: 'Object Repository/create_bin_add_fan_only/Page_Sites and Bins - OPI Blue/div_Manual' is clicked on

2018-06-06 11:28:04 - [MESSAGE][PASSED] - Object: 'Object Repository/create_bin_add_fan_only/Page_Sites and Bins - OPI Blue/div_Manual' is clicked on

2018-06-06 11:28:04 - [TEST_STEP][PASSED] - click: Object: 'Object Repository/create_bin_add_fan_only/Page_Sites and Bins - OPI Blue/button_Save' is clicked on

2018-06-06 11:28:06 - [MESSAGE][PASSED] - Object: 'Object Repository/create_bin_add_fan_only/Page_Sites and Bins - OPI Blue/button_Save' is clicked on

2018-06-06 11:28:06 - [TEST_STEP][PASSED] - waitForElementPresent: Object 'Object Repository/create_bin_add_fan_only/Page_Sites and Bins - OPI Blue/a_Log out' is present

2018-06-06 11:28:07 - [MESSAGE][PASSED] - Object 'Object Repository/create_bin_add_fan_only/Page_Sites and Bins - OPI Blue/a_Log out' is present

2018-06-06 11:28:07 - [TEST_STEP][PASSED] - waitForElementClickable: Object 'Object Repository/create_bin_add_fan_only/Page_Sites and Bins - OPI Blue/a_Log out' is clickable

2018-06-06 11:28:09 - [MESSAGE][PASSED] - Object 'Object Repository/create_bin_add_fan_only/Page_Sites and Bins - OPI Blue/a_Log out' is clickable

2018-06-06 11:28:09 - [TEST_STEP][PASSED] - click: Object: 'Object Repository/create_bin_add_fan_only/Page_Sites and Bins - OPI Blue/a_Log out' is clicked on

2018-06-06 11:28:12 - [MESSAGE][PASSED] - Object: 'Object Repository/create_bin_add_fan_only/Page_Sites and Bins - OPI Blue/a_Log out' is clicked on

2018-06-06 11:28:12 - [TEST_STEP][PASSED] - closeBrowser: Browser is closed

2018-06-06 11:28:14 - [MESSAGE][PASSED] - Browser is closed]]></system-out>
         <system-err><![CDATA[]]></system-err>
      </testcase>
      <system-out><![CDATA[2018-06-06 11:24:55 - [TEST_SUITE][PASSED] - regGW_regNode_mapNode_createSite_createBin: Test Cases/add_fan_on_bin]]></system-out>
      <system-err><![CDATA[]]></system-err>
   </testsuite>
</testsuites>
