<?xml version="1.0" encoding="UTF-8"?>
<testsuites name="test_cases_execution" time="47" tests="1" failures="0" errors="0">
   <testsuite name="test_cases_execution" tests="1" failures="0" errors="0" time="47" timestamp="2018-06-27 14:26:54" hostname="geetab - OPI-LT66.opisystems.local" id="Test Suites/QA - Ver1.0/test_cases_execution">
      <properties>
         <property name="deviceName" value=""/>
         <property name="devicePlatform" value=""/>
         <property name="logFolder" value="C:\\Users\\geetab\\Katalon Studio\\RA_opi_blue_cloud\\Reports\\QA - Ver1.0\\test_cases_execution\\20180627_142651"/>
         <property name="logFiles" value="C:\\Users\\geetab\\Katalon Studio\\RA_opi_blue_cloud\\Reports\\QA - Ver1.0\\test_cases_execution\\20180627_142651\\execution0.log"/>
         <property name="attachments" value=""/>
         <property name="hostName" value="geetab - OPI-LT66.opisystems.local"/>
         <property name="os" value="Windows 10 64bit"/>
         <property name="katalonVersion" value="5.4.2.1"/>
         <property name="browser" value="Chrome 67.0.3396.79"/>
         <property name="hostAddress" value="172.16.6.51"/>
         <property name="sessionId" value="2b53e1a9c549e19f4bdc9edbcd335742"/>
         <property name="seleniumVersion" value="3.7.1"/>
         <property name="proxyInformation" value="ProxyInformation{proxyOption=NO_PROXY, proxyServerType=HTTP, password=, proxyServerAddress=, proxyServerPort=0}"/>
         <property name="platform" value="Windows 10"/>
      </properties>
      <testcase name="Test Cases/grain_condition_grain_tile_view_alarm_history_link" classname="Test Cases/grain_condition_grain_tile_view_alarm_history_link" status="PASSED">
         <system-out><![CDATA[2018-06-27 14:26:55 - [TEST_CASE][PASSED] - Test Cases/grain_condition_grain_tile_view_alarm_history_link: Test Cases/grain_condition_grain_tile_view_alarm_history_link

2018-06-27 14:26:56 - [TEST_STEP][PASSED] - openBrowser: Browser is opened with url: ''

2018-06-27 14:27:06 - [MESSAGE][PASSED] - Browser is opened with url: ''

2018-06-27 14:27:06 - [TEST_STEP][PASSED] - navigateToUrl: Navigate to 'http://qa.managegrain.com' successfully

2018-06-27 14:27:06 - [MESSAGE][WARNING] - Test object with id 'Object Repository/valid_login/Page_OPI Blue/span_Log In' does not exist

2018-06-27 14:27:06 - [MESSAGE][WARNING] - Test object with id 'Object Repository/valid_logout/Page_Dashboard - OPI Blue/a_Log out' does not exist

2018-06-27 14:27:06 - [MESSAGE][WARNING] - Test object with id 'Object Repository/valid_login/Page_OPI Blue/input_username' does not exist

2018-06-27 14:27:06 - [MESSAGE][WARNING] - Test object with id 'Object Repository/valid_login/Page_OPI Blue/input_password' does not exist

2018-06-27 14:27:11 - [MESSAGE][PASSED] - Navigate to 'http://qa.managegrain.com' successfully

2018-06-27 14:27:11 - [TEST_STEP][PASSED] - setText: Text 'opiopi20171+00028@gmail.com' is set on object 'Object Repository/valid_login_logout/Page_OPI Blue/input_email'

2018-06-27 14:27:15 - [MESSAGE][PASSED] - Text 'opiopi20171+00028@gmail.com' is set on object 'Object Repository/valid_login_logout/Page_OPI Blue/input_email'

2018-06-27 14:27:15 - [TEST_STEP][PASSED] - setText: Text 'gWF7Q4IlreZBZUpxglt7' is set on object 'Object Repository/valid_login_logout/Page_OPI Blue/input_password'

2018-06-27 14:27:20 - [MESSAGE][PASSED] - Text 'gWF7Q4IlreZBZUpxglt7' is set on object 'Object Repository/valid_login_logout/Page_OPI Blue/input_password'

2018-06-27 14:27:20 - [TEST_STEP][PASSED] - click: Object: 'Object Repository/valid_login_logout/Page_OPI Blue/button_Sign In' is clicked on

2018-06-27 14:27:22 - [MESSAGE][PASSED] - Object: 'Object Repository/valid_login_logout/Page_OPI Blue/button_Sign In' is clicked on

2018-06-27 14:27:22 - [TEST_STEP][PASSED] - click: Object: 'Object Repository/grain_condition_grain_tile_view_alarm_history_link/Page_Dashboard - OPI Blue/a_Grain Condition' is clicked on

2018-06-27 14:27:26 - [MESSAGE][PASSED] - Object: 'Object Repository/grain_condition_grain_tile_view_alarm_history_link/Page_Dashboard - OPI Blue/a_Grain Condition' is clicked on

2018-06-27 14:27:26 - [TEST_STEP][PASSED] - click: Object: 'Object Repository/grain_condition_grain_tile_view_alarm_history_link/Page_Grain Condition - OPI Blue/a_View alarm history' is clicked on

2018-06-27 14:27:29 - [MESSAGE][PASSED] - Object: 'Object Repository/grain_condition_grain_tile_view_alarm_history_link/Page_Grain Condition - OPI Blue/a_View alarm history' is clicked on

2018-06-27 14:27:29 - [TEST_STEP][PASSED] - click: Object: 'Object Repository/grain_condition_grain_tile_view_alarm_history_link/Page_Bin Data - OPI Blue/div_Bin Data' is clicked on

2018-06-27 14:27:31 - [MESSAGE][PASSED] - Object: 'Object Repository/grain_condition_grain_tile_view_alarm_history_link/Page_Bin Data - OPI Blue/div_Bin Data' is clicked on

2018-06-27 14:27:31 - [TEST_STEP][PASSED] - click: Object: 'Object Repository/grain_condition_grain_tile_view_alarm_history_link/Page_Bin Data - OPI Blue/a_Alarms' is clicked on

2018-06-27 14:27:33 - [MESSAGE][PASSED] - Object: 'Object Repository/grain_condition_grain_tile_view_alarm_history_link/Page_Bin Data - OPI Blue/a_Alarms' is clicked on

2018-06-27 14:27:33 - [TEST_STEP][PASSED] - click: Object: 'Object Repository/valid_login_logout/Page_OPI Blue/a_Log out' is clicked on

2018-06-27 14:27:37 - [MESSAGE][PASSED] - Object: 'Object Repository/valid_login_logout/Page_OPI Blue/a_Log out' is clicked on

2018-06-27 14:27:37 - [TEST_STEP][PASSED] - closeBrowser: Browser is closed

2018-06-27 14:27:39 - [MESSAGE][PASSED] - Browser is closed]]></system-out>
         <system-err><![CDATA[]]></system-err>
      </testcase>
      <system-out><![CDATA[2018-06-27 14:26:54 - [TEST_SUITE][PASSED] - test_cases_execution: Test Cases/grain_condition_grain_tile_view_alarm_history_link]]></system-out>
      <system-err><![CDATA[]]></system-err>
   </testsuite>
</testsuites>
