<?xml version="1.0" encoding="UTF-8"?>
<testsuites name="Login" time="90" tests="3" failures="0" errors="0">
   <testsuite name="Login" tests="3" failures="0" errors="0" time="90" timestamp="2018-05-15 12:38:57" hostname="geetab - OPI-LT66.opisystems.local" id="Test Suites/Login">
      <properties>
         <property name="deviceName" value=""/>
         <property name="devicePlatform" value=""/>
         <property name="logFolder" value="C:\\Users\\geetab\\Katalon Studio\\RA_opi_blue_cloud\\Reports\\Login\\20180515_123855"/>
         <property name="logFiles" value="C:\\Users\\geetab\\Katalon Studio\\RA_opi_blue_cloud\\Reports\\Login\\20180515_123855\\execution0.log"/>
         <property name="attachments" value=""/>
         <property name="hostName" value="geetab - OPI-LT66.opisystems.local"/>
         <property name="os" value="Windows 10 64bit"/>
         <property name="katalonVersion" value="5.4.1.1"/>
         <property name="browser" value="Chrome 66.0.3359.139"/>
         <property name="hostAddress" value="172.16.8.41"/>
         <property name="sessionId" value="2f151d8541806976183dcd76407e4f20"/>
         <property name="seleniumVersion" value="3.7.1"/>
         <property name="proxyInformation" value="ProxyInformation{proxyOption=NO_PROXY, proxyServerType=HTTP, password=, proxyServerAddress=, proxyServerPort=0}"/>
         <property name="platform" value="Windows 10"/>
      </properties>
      <testcase name="Test Cases/valid_login" classname="Test Cases/valid_login" status="PASSED">
         <system-out><![CDATA[2018-05-15 12:38:58 - [TEST_CASE][PASSED] - Test Cases/valid_login: Test Cases/valid_login

2018-05-15 12:38:59 - [TEST_STEP][PASSED] - openBrowser: Browser is opened with url: ''

2018-05-15 12:39:08 - [MESSAGE][PASSED] - Browser is opened with url: ''

2018-05-15 12:39:08 - [TEST_STEP][PASSED] - navigateToUrl: Navigate to 'https://ra.managegrain.com/#/dashboard/userPreferences' successfully

2018-05-15 12:39:12 - [MESSAGE][PASSED] - Navigate to 'https://ra.managegrain.com/#/dashboard/userPreferences' successfully

2018-05-15 12:39:12 - [TEST_STEP][PASSED] - setText: Text 'opiopi20171+00028@gmail.com' is set on object 'Object Repository/valid_login/Page_OPI Blue/input_username'

2018-05-15 12:39:18 - [MESSAGE][PASSED] - Text 'opiopi20171+00028@gmail.com' is set on object 'Object Repository/valid_login/Page_OPI Blue/input_username'

2018-05-15 12:39:18 - [TEST_STEP][PASSED] - setText: Text 'gWF7Q4IlreZBZUpxglt7' is set on object 'Object Repository/valid_login/Page_OPI Blue/input_password'

2018-05-15 12:39:22 - [MESSAGE][PASSED] - Text 'gWF7Q4IlreZBZUpxglt7' is set on object 'Object Repository/valid_login/Page_OPI Blue/input_password'

2018-05-15 12:39:22 - [TEST_STEP][PASSED] - click: Object: 'Object Repository/valid_login/Page_OPI Blue/span_Log In' is clicked on

2018-05-15 12:39:27 - [MESSAGE][PASSED] - Object: 'Object Repository/valid_login/Page_OPI Blue/span_Log In' is clicked on

2018-05-15 12:39:27 - [TEST_STEP][PASSED] - closeBrowser: Browser is closed

2018-05-15 12:39:29 - [MESSAGE][PASSED] - Browser is closed]]></system-out>
         <system-err><![CDATA[]]></system-err>
      </testcase>
      <testcase name="Test Cases/valid_login" classname="Test Cases/valid_login" status="PASSED">
         <system-out><![CDATA[2018-05-15 12:39:31 - [TEST_CASE][PASSED] - Test Cases/valid_login: Test Cases/valid_login

2018-05-15 12:39:31 - [TEST_STEP][PASSED] - openBrowser: Browser is opened with url: ''

2018-05-15 12:39:37 - [MESSAGE][PASSED] - Browser is opened with url: ''

2018-05-15 12:39:37 - [TEST_STEP][PASSED] - navigateToUrl: Navigate to 'https://ra.managegrain.com/#/dashboard/userPreferences' successfully

2018-05-15 12:39:41 - [MESSAGE][PASSED] - Navigate to 'https://ra.managegrain.com/#/dashboard/userPreferences' successfully

2018-05-15 12:39:41 - [TEST_STEP][PASSED] - setText: Text 'geetab@opisystems.com' is set on object 'Object Repository/valid_login/Page_OPI Blue/input_username'

2018-05-15 12:39:47 - [MESSAGE][PASSED] - Text 'geetab@opisystems.com' is set on object 'Object Repository/valid_login/Page_OPI Blue/input_username'

2018-05-15 12:39:47 - [TEST_STEP][PASSED] - setText: Text 'Mar@2017' is set on object 'Object Repository/valid_login/Page_OPI Blue/input_password'

2018-05-15 12:39:51 - [MESSAGE][PASSED] - Text 'Mar@2017' is set on object 'Object Repository/valid_login/Page_OPI Blue/input_password'

2018-05-15 12:39:51 - [TEST_STEP][PASSED] - click: Object: 'Object Repository/valid_login/Page_OPI Blue/span_Log In' is clicked on

2018-05-15 12:39:55 - [MESSAGE][PASSED] - Object: 'Object Repository/valid_login/Page_OPI Blue/span_Log In' is clicked on

2018-05-15 12:39:55 - [TEST_STEP][PASSED] - closeBrowser: Browser is closed

2018-05-15 12:39:58 - [MESSAGE][PASSED] - Browser is closed]]></system-out>
         <system-err><![CDATA[]]></system-err>
      </testcase>
      <testcase name="Test Cases/valid_login" classname="Test Cases/valid_login" status="PASSED">
         <system-out><![CDATA[2018-05-15 12:40:00 - [TEST_CASE][PASSED] - Test Cases/valid_login: Test Cases/valid_login

2018-05-15 12:40:00 - [TEST_STEP][PASSED] - openBrowser: Browser is opened with url: ''

2018-05-15 12:40:05 - [MESSAGE][PASSED] - Browser is opened with url: ''

2018-05-15 12:40:05 - [TEST_STEP][PASSED] - navigateToUrl: Navigate to 'https://ra.managegrain.com/#/dashboard/userPreferences' successfully

2018-05-15 12:40:09 - [MESSAGE][PASSED] - Navigate to 'https://ra.managegrain.com/#/dashboard/userPreferences' successfully

2018-05-15 12:40:09 - [TEST_STEP][PASSED] - setText: Text 'geetab@opisystems.com' is set on object 'Object Repository/valid_login/Page_OPI Blue/input_username'

2018-05-15 12:40:16 - [MESSAGE][PASSED] - Text 'geetab@opisystems.com' is set on object 'Object Repository/valid_login/Page_OPI Blue/input_username'

2018-05-15 12:40:16 - [TEST_STEP][PASSED] - setText: Text 'sfjsaldkfj' is set on object 'Object Repository/valid_login/Page_OPI Blue/input_password'

2018-05-15 12:40:20 - [MESSAGE][PASSED] - Text 'sfjsaldkfj' is set on object 'Object Repository/valid_login/Page_OPI Blue/input_password'

2018-05-15 12:40:20 - [TEST_STEP][PASSED] - click: Object: 'Object Repository/valid_login/Page_OPI Blue/span_Log In' is clicked on

2018-05-15 12:40:23 - [MESSAGE][PASSED] - Object: 'Object Repository/valid_login/Page_OPI Blue/span_Log In' is clicked on

2018-05-15 12:40:23 - [TEST_STEP][PASSED] - closeBrowser: Browser is closed

2018-05-15 12:40:26 - [MESSAGE][PASSED] - Browser is closed]]></system-out>
         <system-err><![CDATA[]]></system-err>
      </testcase>
      <system-out><![CDATA[2018-05-15 12:38:57 - [TEST_SUITE][PASSED] - Login: Test Cases/valid_login]]></system-out>
      <system-err><![CDATA[]]></system-err>
   </testsuite>
</testsuites>
