<?xml version="1.0" encoding="UTF-8"?>
<testsuites name="test_cases_execution" time="89" tests="2" failures="0" errors="0">
   <testsuite name="test_cases_execution" tests="2" failures="0" errors="0" time="89" timestamp="2018-06-27 09:21:04" hostname="geetab - OPI-LT66.opisystems.local" id="Test Suites/QA - Ver1.0/test_cases_execution">
      <properties>
         <property name="deviceName" value=""/>
         <property name="devicePlatform" value=""/>
         <property name="logFolder" value="C:\\Users\\geetab\\Katalon Studio\\RA_opi_blue_cloud\\Reports\\QA - Ver1.0\\test_cases_execution\\20180627_092101"/>
         <property name="logFiles" value="C:\\Users\\geetab\\Katalon Studio\\RA_opi_blue_cloud\\Reports\\QA - Ver1.0\\test_cases_execution\\20180627_092101\\execution0.log"/>
         <property name="attachments" value=""/>
         <property name="hostName" value="geetab - OPI-LT66.opisystems.local"/>
         <property name="os" value="Windows 10 64bit"/>
         <property name="katalonVersion" value="5.4.2.1"/>
         <property name="browser" value="Chrome 67.0.3396.79"/>
         <property name="hostAddress" value="172.16.6.51"/>
         <property name="sessionId" value="36f478fde2a65e11b2f4b559c76d11ed"/>
         <property name="seleniumVersion" value="3.7.1"/>
         <property name="proxyInformation" value="ProxyInformation{proxyOption=NO_PROXY, proxyServerType=HTTP, password=, proxyServerAddress=, proxyServerPort=0}"/>
         <property name="platform" value="Windows 10"/>
      </properties>
      <testcase name="Test Cases/grain_condition_sites_display_all" classname="Test Cases/grain_condition_sites_display_all" status="PASSED">
         <system-out><![CDATA[2018-06-27 09:21:04 - [TEST_CASE][PASSED] - Test Cases/grain_condition_sites_display_all: Test Cases/grain_condition_sites_display_all

2018-06-27 09:21:05 - [TEST_STEP][PASSED] - openBrowser: Browser is opened with url: ''

2018-06-27 09:21:14 - [MESSAGE][PASSED] - Browser is opened with url: ''

2018-06-27 09:21:14 - [TEST_STEP][PASSED] - navigateToUrl: Navigate to 'http://qa.managegrain.com' successfully

2018-06-27 09:21:14 - [MESSAGE][WARNING] - Test object with id 'Object Repository/valid_login/Page_OPI Blue/span_Log In' does not exist

2018-06-27 09:21:14 - [MESSAGE][WARNING] - Test object with id 'Object Repository/valid_logout/Page_Dashboard - OPI Blue/a_Log out' does not exist

2018-06-27 09:21:14 - [MESSAGE][WARNING] - Test object with id 'Object Repository/valid_login/Page_OPI Blue/input_username' does not exist

2018-06-27 09:21:14 - [MESSAGE][WARNING] - Test object with id 'Object Repository/valid_login/Page_OPI Blue/input_password' does not exist

2018-06-27 09:21:18 - [MESSAGE][PASSED] - Navigate to 'http://qa.managegrain.com' successfully

2018-06-27 09:21:18 - [TEST_STEP][PASSED] - setText: Text 'opiopi20171+00028@gmail.com' is set on object 'Object Repository/valid_login_logout/Page_OPI Blue/input_email'

2018-06-27 09:21:23 - [MESSAGE][PASSED] - Text 'opiopi20171+00028@gmail.com' is set on object 'Object Repository/valid_login_logout/Page_OPI Blue/input_email'

2018-06-27 09:21:23 - [TEST_STEP][PASSED] - setText: Text 'gWF7Q4IlreZBZUpxglt7' is set on object 'Object Repository/valid_login_logout/Page_OPI Blue/input_password'

2018-06-27 09:21:27 - [MESSAGE][PASSED] - Text 'gWF7Q4IlreZBZUpxglt7' is set on object 'Object Repository/valid_login_logout/Page_OPI Blue/input_password'

2018-06-27 09:21:27 - [TEST_STEP][PASSED] - click: Object: 'Object Repository/valid_login_logout/Page_OPI Blue/button_Sign In' is clicked on

2018-06-27 09:21:29 - [MESSAGE][PASSED] - Object: 'Object Repository/valid_login_logout/Page_OPI Blue/button_Sign In' is clicked on

2018-06-27 09:21:29 - [TEST_STEP][PASSED] - click: Object: 'Object Repository/grain_condition_sites_display_all/Page_Dashboard - OPI Blue/a_Grain Condition' is clicked on

2018-06-27 09:21:32 - [MESSAGE][PASSED] - Object: 'Object Repository/grain_condition_sites_display_all/Page_Dashboard - OPI Blue/a_Grain Condition' is clicked on

2018-06-27 09:21:32 - [TEST_STEP][PASSED] - click: Object: 'Object Repository/grain_condition_sites_display_all/Page_Grain Condition - OPI Blue/label_fa checkbox-with-label' is clicked on

2018-06-27 09:21:34 - [MESSAGE][PASSED] - Object: 'Object Repository/grain_condition_sites_display_all/Page_Grain Condition - OPI Blue/label_fa checkbox-with-label' is clicked on

2018-06-27 09:21:34 - [TEST_STEP][PASSED] - click: Object: 'Object Repository/grain_condition_sites_display_all/Page_Grain Condition - OPI Blue/label_fa checkbox-with-label_1' is clicked on

2018-06-27 09:21:36 - [MESSAGE][PASSED] - Object: 'Object Repository/grain_condition_sites_display_all/Page_Grain Condition - OPI Blue/label_fa checkbox-with-label_1' is clicked on

2018-06-27 09:21:36 - [TEST_STEP][PASSED] - click: Object: 'Object Repository/valid_login_logout/Page_OPI Blue/a_Log out' is clicked on

2018-06-27 09:21:41 - [MESSAGE][PASSED] - Object: 'Object Repository/valid_login_logout/Page_OPI Blue/a_Log out' is clicked on

2018-06-27 09:21:41 - [TEST_STEP][PASSED] - closeBrowser: Browser is closed

2018-06-27 09:21:43 - [MESSAGE][PASSED] - Browser is closed]]></system-out>
         <system-err><![CDATA[]]></system-err>
      </testcase>
      <testcase name="Test Cases/grain_condition_bins_filter" classname="Test Cases/grain_condition_bins_filter" status="PASSED">
         <system-out><![CDATA[2018-06-27 09:21:45 - [TEST_CASE][PASSED] - Test Cases/grain_condition_bins_filter: Test Cases/grain_condition_bins_filter

2018-06-27 09:21:45 - [TEST_STEP][PASSED] - openBrowser: Browser is opened with url: ''

2018-06-27 09:21:51 - [MESSAGE][PASSED] - Browser is opened with url: ''

2018-06-27 09:21:51 - [TEST_STEP][PASSED] - navigateToUrl: Navigate to 'http://qa.managegrain.com' successfully

2018-06-27 09:21:55 - [MESSAGE][PASSED] - Navigate to 'http://qa.managegrain.com' successfully

2018-06-27 09:21:55 - [TEST_STEP][PASSED] - setText: Text 'opiopi20171+00028@gmail.com' is set on object 'Object Repository/valid_login_logout/Page_OPI Blue/input_email'

2018-06-27 09:22:00 - [MESSAGE][PASSED] - Text 'opiopi20171+00028@gmail.com' is set on object 'Object Repository/valid_login_logout/Page_OPI Blue/input_email'

2018-06-27 09:22:00 - [TEST_STEP][PASSED] - setText: Text 'gWF7Q4IlreZBZUpxglt7' is set on object 'Object Repository/valid_login_logout/Page_OPI Blue/input_password'

2018-06-27 09:22:04 - [MESSAGE][PASSED] - Text 'gWF7Q4IlreZBZUpxglt7' is set on object 'Object Repository/valid_login_logout/Page_OPI Blue/input_password'

2018-06-27 09:22:04 - [TEST_STEP][PASSED] - click: Object: 'Object Repository/valid_login_logout/Page_OPI Blue/button_Sign In' is clicked on

2018-06-27 09:22:06 - [MESSAGE][PASSED] - Object: 'Object Repository/valid_login_logout/Page_OPI Blue/button_Sign In' is clicked on

2018-06-27 09:22:06 - [TEST_STEP][PASSED] - click: Object: 'Object Repository/grain_condition_bins_filter/Page_Dashboard - OPI Blue/a_Grain Condition' is clicked on

2018-06-27 09:22:09 - [MESSAGE][PASSED] - Object: 'Object Repository/grain_condition_bins_filter/Page_Dashboard - OPI Blue/a_Grain Condition' is clicked on

2018-06-27 09:22:09 - [TEST_STEP][PASSED] - click: Object: 'Object Repository/grain_condition_bins_filter/spyweb/Page_Grain Condition - OPI Blue/div_Bins' is clicked on

2018-06-27 09:22:11 - [MESSAGE][PASSED] - Object: 'Object Repository/grain_condition_bins_filter/spyweb/Page_Grain Condition - OPI Blue/div_Bins' is clicked on

2018-06-27 09:22:11 - [TEST_STEP][PASSED] - click: Object: 'Object Repository/grain_condition_bins_filter/spyweb/Page_Grain Condition - OPI Blue (1)/label_Bins with Alarms' is clicked on

2018-06-27 09:22:14 - [MESSAGE][PASSED] - Object: 'Object Repository/grain_condition_bins_filter/spyweb/Page_Grain Condition - OPI Blue (1)/label_Bins with Alarms' is clicked on

2018-06-27 09:22:14 - [TEST_STEP][PASSED] - click: Object: 'Object Repository/grain_condition_bins_filter/spyweb/Page_Grain Condition - OPI Blue (1)/label_Bins with Alarms' is clicked on

2018-06-27 09:22:16 - [MESSAGE][PASSED] - Object: 'Object Repository/grain_condition_bins_filter/spyweb/Page_Grain Condition - OPI Blue (1)/label_Bins with Alarms' is clicked on

2018-06-27 09:22:16 - [TEST_STEP][PASSED] - click: Object: 'Object Repository/grain_condition_bins_filter/spyweb/Page_Grain Condition - OPI Blue (1)/label_Remaining Bins' is clicked on

2018-06-27 09:22:18 - [MESSAGE][PASSED] - Object: 'Object Repository/grain_condition_bins_filter/spyweb/Page_Grain Condition - OPI Blue (1)/label_Remaining Bins' is clicked on

2018-06-27 09:22:18 - [TEST_STEP][PASSED] - click: Object: 'Object Repository/grain_condition_bins_filter/spyweb/Page_Grain Condition - OPI Blue (1)/label_Remaining Bins' is clicked on

2018-06-27 09:22:20 - [MESSAGE][PASSED] - Object: 'Object Repository/grain_condition_bins_filter/spyweb/Page_Grain Condition - OPI Blue (1)/label_Remaining Bins' is clicked on

2018-06-27 09:22:20 - [TEST_STEP][PASSED] - click: Object: 'Object Repository/grain_condition_bins_filter/spyweb/Page_Grain Condition - OPI Blue (1)/label_Display all' is clicked on

2018-06-27 09:22:22 - [MESSAGE][PASSED] - Object: 'Object Repository/grain_condition_bins_filter/spyweb/Page_Grain Condition - OPI Blue (1)/label_Display all' is clicked on

2018-06-27 09:22:22 - [TEST_STEP][PASSED] - click: Object: 'Object Repository/grain_condition_bins_filter/spyweb/Page_Grain Condition - OPI Blue (1)/label_Display all' is clicked on

2018-06-27 09:22:25 - [MESSAGE][PASSED] - Object: 'Object Repository/grain_condition_bins_filter/spyweb/Page_Grain Condition - OPI Blue (1)/label_Display all' is clicked on

2018-06-27 09:22:25 - [TEST_STEP][PASSED] - click: Object: 'Object Repository/valid_login_logout/Page_OPI Blue/a_Log out' is clicked on

2018-06-27 09:22:29 - [MESSAGE][PASSED] - Object: 'Object Repository/valid_login_logout/Page_OPI Blue/a_Log out' is clicked on

2018-06-27 09:22:29 - [TEST_STEP][PASSED] - closeBrowser: Browser is closed

2018-06-27 09:22:31 - [MESSAGE][PASSED] - Browser is closed]]></system-out>
         <system-err><![CDATA[]]></system-err>
      </testcase>
      <system-out><![CDATA[2018-06-27 09:21:04 - [TEST_SUITE][PASSED] - test_cases_execution: Test Cases/grain_condition_bins_filter]]></system-out>
      <system-err><![CDATA[]]></system-err>
   </testsuite>
</testsuites>
