<?xml version="1.0" encoding="UTF-8"?>
<testsuites name="multiple_logins" time="57" tests="2" failures="0" errors="0">
   <testsuite name="multiple_logins" tests="2" failures="0" errors="0" time="57" timestamp="2018-05-17 09:48:48" hostname="geetab - OPI-LT66.opisystems.local" id="Test Suites/multiple_logins">
      <properties>
         <property name="deviceName" value=""/>
         <property name="devicePlatform" value=""/>
         <property name="logFolder" value="C:\\Users\\geetab\\Katalon Studio\\RA_opi_blue_cloud\\Reports\\multiple_logins\\20180517_094845"/>
         <property name="logFiles" value="C:\\Users\\geetab\\Katalon Studio\\RA_opi_blue_cloud\\Reports\\multiple_logins\\20180517_094845\\execution0.log"/>
         <property name="attachments" value=""/>
         <property name="hostName" value="geetab - OPI-LT66.opisystems.local"/>
         <property name="os" value="Windows 10 64bit"/>
         <property name="katalonVersion" value="5.4.1.1"/>
         <property name="browser" value="Chrome 66.0.3359.139"/>
         <property name="hostAddress" value="172.16.6.51"/>
         <property name="sessionId" value="be2c5e28876190d7c2babaa21d86d621"/>
         <property name="seleniumVersion" value="3.7.1"/>
         <property name="proxyInformation" value="ProxyInformation{proxyOption=NO_PROXY, proxyServerType=HTTP, password=, proxyServerAddress=, proxyServerPort=0}"/>
         <property name="platform" value="Windows 10"/>
      </properties>
      <testcase name="Test Cases/valid_login" classname="Test Cases/valid_login" status="PASSED">
         <system-out><![CDATA[2018-05-17 09:48:48 - [TEST_CASE][PASSED] - Test Cases/valid_login: Test Cases/valid_login

2018-05-17 09:48:49 - [TEST_STEP][PASSED] - openBrowser: Browser is opened with url: ''

2018-05-17 09:48:57 - [MESSAGE][PASSED] - Browser is opened with url: ''

2018-05-17 09:48:57 - [TEST_STEP][PASSED] - navigateToUrl: Navigate to 'https://ra.managegrain.com/#/dashboard/userPreferences' successfully

2018-05-17 09:49:00 - [MESSAGE][PASSED] - Navigate to 'https://ra.managegrain.com/#/dashboard/userPreferences' successfully

2018-05-17 09:49:00 - [TEST_STEP][PASSED] - setText: Text 'opiopi20171+00028@gmail.com' is set on object 'Object Repository/valid_login/Page_OPI Blue/input_username'

2018-05-17 09:49:06 - [MESSAGE][PASSED] - Text 'opiopi20171+00028@gmail.com' is set on object 'Object Repository/valid_login/Page_OPI Blue/input_username'

2018-05-17 09:49:06 - [TEST_STEP][PASSED] - setText: Text 'gWF7Q4IlreZBZUpxglt7' is set on object 'Object Repository/valid_login/Page_OPI Blue/input_password'

2018-05-17 09:49:11 - [MESSAGE][PASSED] - Text 'gWF7Q4IlreZBZUpxglt7' is set on object 'Object Repository/valid_login/Page_OPI Blue/input_password'

2018-05-17 09:49:11 - [TEST_STEP][PASSED] - click: Object: 'Object Repository/valid_login/Page_OPI Blue/span_Log In' is clicked on

2018-05-17 09:49:14 - [MESSAGE][PASSED] - Object: 'Object Repository/valid_login/Page_OPI Blue/span_Log In' is clicked on

2018-05-17 09:49:14 - [TEST_STEP][PASSED] - closeBrowser: Browser is closed

2018-05-17 09:49:17 - [MESSAGE][PASSED] - Browser is closed]]></system-out>
         <system-err><![CDATA[]]></system-err>
      </testcase>
      <testcase name="Test Cases/valid_login" classname="Test Cases/valid_login" status="PASSED">
         <system-out><![CDATA[2018-05-17 09:49:19 - [TEST_CASE][PASSED] - Test Cases/valid_login: Test Cases/valid_login

2018-05-17 09:49:19 - [TEST_STEP][PASSED] - openBrowser: Browser is opened with url: ''

2018-05-17 09:49:24 - [MESSAGE][PASSED] - Browser is opened with url: ''

2018-05-17 09:49:24 - [TEST_STEP][PASSED] - navigateToUrl: Navigate to 'https://ra.managegrain.com/#/dashboard/userPreferences' successfully

2018-05-17 09:49:28 - [MESSAGE][PASSED] - Navigate to 'https://ra.managegrain.com/#/dashboard/userPreferences' successfully

2018-05-17 09:49:28 - [TEST_STEP][PASSED] - setText: Text 'geetab@opisystems.com' is set on object 'Object Repository/valid_login/Page_OPI Blue/input_username'

2018-05-17 09:49:34 - [MESSAGE][PASSED] - Text 'geetab@opisystems.com' is set on object 'Object Repository/valid_login/Page_OPI Blue/input_username'

2018-05-17 09:49:34 - [TEST_STEP][PASSED] - setText: Text 'sfjsaldkfj' is set on object 'Object Repository/valid_login/Page_OPI Blue/input_password'

2018-05-17 09:49:38 - [MESSAGE][PASSED] - Text 'sfjsaldkfj' is set on object 'Object Repository/valid_login/Page_OPI Blue/input_password'

2018-05-17 09:49:38 - [TEST_STEP][PASSED] - click: Object: 'Object Repository/valid_login/Page_OPI Blue/span_Log In' is clicked on

2018-05-17 09:49:41 - [MESSAGE][PASSED] - Object: 'Object Repository/valid_login/Page_OPI Blue/span_Log In' is clicked on

2018-05-17 09:49:41 - [TEST_STEP][PASSED] - closeBrowser: Browser is closed

2018-05-17 09:49:43 - [MESSAGE][PASSED] - Browser is closed]]></system-out>
         <system-err><![CDATA[]]></system-err>
      </testcase>
      <system-out><![CDATA[2018-05-17 09:48:48 - [TEST_SUITE][PASSED] - multiple_logins: Test Cases/valid_login]]></system-out>
      <system-err><![CDATA[]]></system-err>
   </testsuite>
</testsuites>
