<?xml version="1.0" encoding="UTF-8"?>
<testsuites name="regGW_regNode_mapNode_createSite_createBin" time="550" tests="10" failures="0" errors="0">
   <testsuite name="regGW_regNode_mapNode_createSite_createBin" tests="10" failures="0" errors="0" time="550" timestamp="2018-06-13 09:32:02" hostname="geetab - OPI-LT66.opisystems.local" id="Test Suites/regGW_regNode_mapNode_createSite_createBin">
      <properties>
         <property name="deviceName" value=""/>
         <property name="devicePlatform" value=""/>
         <property name="logFolder" value="C:\\Users\\geetab\\Katalon Studio\\RA_opi_blue_cloud\\Reports\\regGW_regNode_mapNode_createSite_createBin\\20180613_093200"/>
         <property name="logFiles" value="C:\\Users\\geetab\\Katalon Studio\\RA_opi_blue_cloud\\Reports\\regGW_regNode_mapNode_createSite_createBin\\20180613_093200\\execution0.log"/>
         <property name="attachments" value=""/>
         <property name="hostName" value="geetab - OPI-LT66.opisystems.local"/>
         <property name="os" value="Windows 10 64bit"/>
         <property name="katalonVersion" value="5.4.2.1"/>
         <property name="browser" value="Chrome 67.0.3396.79"/>
         <property name="hostAddress" value="172.16.6.51"/>
         <property name="sessionId" value="de87dbfdc45bef1b35d24d58c46e737f"/>
         <property name="seleniumVersion" value="3.7.1"/>
         <property name="proxyInformation" value="ProxyInformation{proxyOption=NO_PROXY, proxyServerType=HTTP, password=, proxyServerAddress=, proxyServerPort=0}"/>
         <property name="platform" value="Windows 10"/>
      </properties>
      <testcase name="Test Cases/register_gateway" classname="Test Cases/register_gateway" status="PASSED">
         <system-out><![CDATA[2018-06-13 09:32:02 - [TEST_CASE][PASSED] - Test Cases/register_gateway: Test Cases/register_gateway

2018-06-13 09:32:03 - [TEST_STEP][PASSED] - openBrowser: Browser is opened with url: ''

2018-06-13 09:32:11 - [MESSAGE][PASSED] - Browser is opened with url: ''

2018-06-13 09:32:11 - [TEST_STEP][PASSED] - navigateToUrl: Navigate to 'https://ra.managegrain.com/#/dashboard/userPreferences' successfully

2018-06-13 09:32:14 - [MESSAGE][PASSED] - Navigate to 'https://ra.managegrain.com/#/dashboard/userPreferences' successfully

2018-06-13 09:32:14 - [TEST_STEP][PASSED] - setText: Text 'opiopi20171+00028@gmail.com' is set on object 'Object Repository/register_gateway/Page_OPI Blue/input_username'

2018-06-13 09:32:20 - [MESSAGE][PASSED] - Text 'opiopi20171+00028@gmail.com' is set on object 'Object Repository/register_gateway/Page_OPI Blue/input_username'

2018-06-13 09:32:20 - [TEST_STEP][PASSED] - setText: Text 'gWF7Q4IlreZBZUpxglt7' is set on object 'Object Repository/register_gateway/Page_OPI Blue/input_password'

2018-06-13 09:32:24 - [MESSAGE][PASSED] - Text 'gWF7Q4IlreZBZUpxglt7' is set on object 'Object Repository/register_gateway/Page_OPI Blue/input_password'

2018-06-13 09:32:24 - [TEST_STEP][PASSED] - click: Object: 'Object Repository/register_gateway/Page_OPI Blue/span_Log In' is clicked on

2018-06-13 09:32:28 - [MESSAGE][PASSED] - Object: 'Object Repository/register_gateway/Page_OPI Blue/span_Log In' is clicked on

2018-06-13 09:32:28 - [TEST_STEP][PASSED] - click: Object: 'Object Repository/register_gateway/Page_System Settings - OPI Blue/span_Gateways and Nodes' is clicked on

2018-06-13 09:32:30 - [MESSAGE][PASSED] - Object: 'Object Repository/register_gateway/Page_System Settings - OPI Blue/span_Gateways and Nodes' is clicked on

2018-06-13 09:32:30 - [TEST_STEP][PASSED] - waitForElementPresent: Object 'Object Repository/register_gateway/Page_OPI Blue/Page_Gateways and Nodes - OPI Blue/button_Register a Gateway' is present

2018-06-13 09:32:31 - [MESSAGE][PASSED] - Object 'Object Repository/register_gateway/Page_OPI Blue/Page_Gateways and Nodes - OPI Blue/button_Register a Gateway' is present

2018-06-13 09:32:31 - [TEST_STEP][PASSED] - waitForElementVisible: Object 'Object Repository/register_gateway/Page_OPI Blue/Page_Gateways and Nodes - OPI Blue/button_Register a Gateway' is visible

2018-06-13 09:32:33 - [MESSAGE][PASSED] - Object 'Object Repository/register_gateway/Page_OPI Blue/Page_Gateways and Nodes - OPI Blue/button_Register a Gateway' is visible

2018-06-13 09:32:33 - [TEST_STEP][PASSED] - waitForElementClickable: Object 'Object Repository/register_gateway/Page_OPI Blue/Page_Gateways and Nodes - OPI Blue/button_Register a Gateway' is clickable

2018-06-13 09:32:36 - [MESSAGE][PASSED] - Object 'Object Repository/register_gateway/Page_OPI Blue/Page_Gateways and Nodes - OPI Blue/button_Register a Gateway' is clickable

2018-06-13 09:32:36 - [TEST_STEP][PASSED] - click: Object: 'Object Repository/register_gateway/Page_OPI Blue/Page_Gateways and Nodes - OPI Blue/button_Register a Gateway' is clicked on

2018-06-13 09:32:38 - [MESSAGE][PASSED] - Object: 'Object Repository/register_gateway/Page_OPI Blue/Page_Gateways and Nodes - OPI Blue/button_Register a Gateway' is clicked on

2018-06-13 09:32:38 - [TEST_STEP][PASSED] - setText: Text '5F7DC8' is set on object 'Object Repository/register_gateway/Page_Gateways and Nodes - OPI Blue/input_gatewayId'

2018-06-13 09:32:42 - [MESSAGE][PASSED] - Text '5F7DC8' is set on object 'Object Repository/register_gateway/Page_Gateways and Nodes - OPI Blue/input_gatewayId'

2018-06-13 09:32:42 - [TEST_STEP][PASSED] - setText: Text '4724' is set on object 'Object Repository/register_gateway/Page_Gateways and Nodes - OPI Blue/input_pin'

2018-06-13 09:32:46 - [MESSAGE][PASSED] - Text '4724' is set on object 'Object Repository/register_gateway/Page_Gateways and Nodes - OPI Blue/input_pin'

2018-06-13 09:32:46 - [TEST_STEP][PASSED] - setText: Text '5F7DC8-GW' is set on object 'Object Repository/register_gateway/Page_Gateways and Nodes - OPI Blue/input_gatewayName'

2018-06-13 09:32:51 - [MESSAGE][PASSED] - Text '5F7DC8-GW' is set on object 'Object Repository/register_gateway/Page_Gateways and Nodes - OPI Blue/input_gatewayName'

2018-06-13 09:32:51 - [TEST_STEP][PASSED] - click: Object: 'Object Repository/register_gateway/Page_Gateways and Nodes - OPI Blue/button_Register' is clicked on

2018-06-13 09:32:53 - [MESSAGE][PASSED] - Object: 'Object Repository/register_gateway/Page_Gateways and Nodes - OPI Blue/button_Register' is clicked on

2018-06-13 09:32:53 - [TEST_STEP][PASSED] - waitForElementPresent: Object 'Object Repository/register_gateway/Page_Gateways and Nodes - OPI Blue/a_Log out' is present

2018-06-13 09:32:54 - [MESSAGE][PASSED] - Object 'Object Repository/register_gateway/Page_Gateways and Nodes - OPI Blue/a_Log out' is present

2018-06-13 09:32:54 - [TEST_STEP][PASSED] - waitForElementClickable: Object 'Object Repository/register_gateway/Page_Gateways and Nodes - OPI Blue/a_Log out' is clickable

2018-06-13 09:32:56 - [MESSAGE][PASSED] - Object 'Object Repository/register_gateway/Page_Gateways and Nodes - OPI Blue/a_Log out' is clickable

2018-06-13 09:32:56 - [TEST_STEP][PASSED] - click: Object: 'Object Repository/register_gateway/Page_Gateways and Nodes - OPI Blue/a_Log out' is clicked on

2018-06-13 09:32:59 - [MESSAGE][PASSED] - Object: 'Object Repository/register_gateway/Page_Gateways and Nodes - OPI Blue/a_Log out' is clicked on

2018-06-13 09:32:59 - [TEST_STEP][PASSED] - closeBrowser: Browser is closed

2018-06-13 09:33:01 - [MESSAGE][PASSED] - Browser is closed]]></system-out>
         <system-err><![CDATA[]]></system-err>
      </testcase>
      <testcase name="Test Cases/register_node" classname="Test Cases/register_node" status="PASSED">
         <system-out><![CDATA[2018-06-13 09:33:03 - [TEST_CASE][PASSED] - Test Cases/register_node: Test Cases/register_node

2018-06-13 09:33:03 - [TEST_STEP][PASSED] - openBrowser: Browser is opened with url: ''

2018-06-13 09:33:08 - [MESSAGE][PASSED] - Browser is opened with url: ''

2018-06-13 09:33:08 - [TEST_STEP][PASSED] - navigateToUrl: Navigate to 'https://ra.managegrain.com/#/dashboard/userPreferences' successfully

2018-06-13 09:33:11 - [MESSAGE][PASSED] - Navigate to 'https://ra.managegrain.com/#/dashboard/userPreferences' successfully

2018-06-13 09:33:11 - [TEST_STEP][PASSED] - setText: Text 'opiopi20171+00028@gmail.com' is set on object 'Object Repository/register_node/Page_OPI Blue/input_username'

2018-06-13 09:33:17 - [MESSAGE][PASSED] - Text 'opiopi20171+00028@gmail.com' is set on object 'Object Repository/register_node/Page_OPI Blue/input_username'

2018-06-13 09:33:17 - [TEST_STEP][PASSED] - setText: Text 'gWF7Q4IlreZBZUpxglt7' is set on object 'Object Repository/register_node/Page_OPI Blue/input_password'

2018-06-13 09:33:22 - [MESSAGE][PASSED] - Text 'gWF7Q4IlreZBZUpxglt7' is set on object 'Object Repository/register_node/Page_OPI Blue/input_password'

2018-06-13 09:33:22 - [TEST_STEP][PASSED] - click: Object: 'Object Repository/register_node/Page_OPI Blue/span_Log In' is clicked on

2018-06-13 09:33:25 - [MESSAGE][PASSED] - Object: 'Object Repository/register_node/Page_OPI Blue/span_Log In' is clicked on

2018-06-13 09:33:25 - [TEST_STEP][PASSED] - click: Object: 'Object Repository/register_node/Page_Dashboard - OPI Blue/span_Gateways and Nodes' is clicked on

2018-06-13 09:33:28 - [MESSAGE][PASSED] - Object: 'Object Repository/register_node/Page_Dashboard - OPI Blue/span_Gateways and Nodes' is clicked on

2018-06-13 09:33:28 - [TEST_STEP][PASSED] - click: Object: 'Object Repository/register_node/Page_Gateways and Nodes - OPI Blue/a_Nodes' is clicked on

2018-06-13 09:33:30 - [MESSAGE][PASSED] - Object: 'Object Repository/register_node/Page_Gateways and Nodes - OPI Blue/a_Nodes' is clicked on

2018-06-13 09:33:30 - [TEST_STEP][PASSED] - click: Object: 'Object Repository/register_node/Page_Gateways and Nodes - OPI Blue/button_ Register a Node' is clicked on

2018-06-13 09:33:32 - [MESSAGE][PASSED] - Object: 'Object Repository/register_node/Page_Gateways and Nodes - OPI Blue/button_ Register a Node' is clicked on

2018-06-13 09:33:32 - [TEST_STEP][PASSED] - setText: Text '089CDB' is set on object 'Object Repository/register_node/Page_Gateways and Nodes - OPI Blue/input_nodeId'

2018-06-13 09:33:36 - [MESSAGE][PASSED] - Text '089CDB' is set on object 'Object Repository/register_node/Page_Gateways and Nodes - OPI Blue/input_nodeId'

2018-06-13 09:33:36 - [TEST_STEP][PASSED] - setText: Text '5689' is set on object 'Object Repository/register_node/Page_Gateways and Nodes - OPI Blue/input_pin'

2018-06-13 09:33:41 - [MESSAGE][PASSED] - Text '5689' is set on object 'Object Repository/register_node/Page_Gateways and Nodes - OPI Blue/input_pin'

2018-06-13 09:33:41 - [TEST_STEP][PASSED] - setText: Text '089CDB-FN' is set on object 'Object Repository/register_node/Page_Gateways and Nodes - OPI Blue/input_name'

2018-06-13 09:33:45 - [MESSAGE][PASSED] - Text '089CDB-FN' is set on object 'Object Repository/register_node/Page_Gateways and Nodes - OPI Blue/input_name'

2018-06-13 09:33:45 - [TEST_STEP][PASSED] - click: Object: 'Object Repository/register_node/Page_Gateways and Nodes - OPI Blue/span_Register' is clicked on

2018-06-13 09:33:47 - [MESSAGE][PASSED] - Object: 'Object Repository/register_node/Page_Gateways and Nodes - OPI Blue/span_Register' is clicked on

2018-06-13 09:33:47 - [TEST_STEP][PASSED] - waitForElementPresent: Object 'Object Repository/register_node/Page_Gateways and Nodes - OPI Blue/a_Log out' is present

2018-06-13 09:33:48 - [MESSAGE][PASSED] - Object 'Object Repository/register_node/Page_Gateways and Nodes - OPI Blue/a_Log out' is present

2018-06-13 09:33:48 - [TEST_STEP][PASSED] - waitForElementClickable: Object 'Object Repository/register_node/Page_Gateways and Nodes - OPI Blue/a_Log out' is clickable

2018-06-13 09:33:50 - [MESSAGE][PASSED] - Object 'Object Repository/register_node/Page_Gateways and Nodes - OPI Blue/a_Log out' is clickable

2018-06-13 09:33:50 - [TEST_STEP][PASSED] - click: Object: 'Object Repository/register_node/Page_Gateways and Nodes - OPI Blue/a_Log out' is clicked on

2018-06-13 09:33:53 - [MESSAGE][PASSED] - Object: 'Object Repository/register_node/Page_Gateways and Nodes - OPI Blue/a_Log out' is clicked on

2018-06-13 09:33:53 - [TEST_STEP][PASSED] - closeBrowser: Browser is closed

2018-06-13 09:33:55 - [MESSAGE][PASSED] - Browser is closed]]></system-out>
         <system-err><![CDATA[]]></system-err>
      </testcase>
      <testcase name="Test Cases/map_node" classname="Test Cases/map_node" status="PASSED">
         <system-out><![CDATA[2018-06-13 09:33:57 - [TEST_CASE][PASSED] - Test Cases/map_node: Test Cases/map_node

2018-06-13 09:33:57 - [TEST_STEP][PASSED] - openBrowser: Browser is opened with url: ''

2018-06-13 09:34:02 - [MESSAGE][PASSED] - Browser is opened with url: ''

2018-06-13 09:34:02 - [TEST_STEP][PASSED] - navigateToUrl: Navigate to 'https://ra.managegrain.com/#/dashboard/userPreferences' successfully

2018-06-13 09:34:05 - [MESSAGE][PASSED] - Navigate to 'https://ra.managegrain.com/#/dashboard/userPreferences' successfully

2018-06-13 09:34:05 - [TEST_STEP][PASSED] - setText: Text 'opiopi20171+00028@gmail.com' is set on object 'Object Repository/map_node/Page_OPI Blue/input_username'

2018-06-13 09:34:11 - [MESSAGE][PASSED] - Text 'opiopi20171+00028@gmail.com' is set on object 'Object Repository/map_node/Page_OPI Blue/input_username'

2018-06-13 09:34:11 - [TEST_STEP][PASSED] - setText: Text 'gWF7Q4IlreZBZUpxglt7' is set on object 'Object Repository/map_node/Page_OPI Blue/input_password'

2018-06-13 09:34:15 - [MESSAGE][PASSED] - Text 'gWF7Q4IlreZBZUpxglt7' is set on object 'Object Repository/map_node/Page_OPI Blue/input_password'

2018-06-13 09:34:15 - [TEST_STEP][PASSED] - click: Object: 'Object Repository/map_node/Page_OPI Blue/span_Log In' is clicked on

2018-06-13 09:34:19 - [MESSAGE][PASSED] - Object: 'Object Repository/map_node/Page_OPI Blue/span_Log In' is clicked on

2018-06-13 09:34:19 - [TEST_STEP][PASSED] - click: Object: 'Object Repository/map_node/Page_Dashboard - OPI Blue/span_Gateways and Nodes' is clicked on

2018-06-13 09:34:21 - [MESSAGE][PASSED] - Object: 'Object Repository/map_node/Page_Dashboard - OPI Blue/span_Gateways and Nodes' is clicked on

2018-06-13 09:34:21 - [TEST_STEP][PASSED] - click: Object: 'Object Repository/map_node/Page_Gateways and Nodes - OPI Blue/a_Nodes' is clicked on

2018-06-13 09:34:24 - [MESSAGE][PASSED] - Object: 'Object Repository/map_node/Page_Gateways and Nodes - OPI Blue/a_Nodes' is clicked on

2018-06-13 09:34:24 - [TEST_STEP][PASSED] - click: Object: 'Object Repository/map_node/Page_Gateways and Nodes - OPI Blue/button_Map' is clicked on

2018-06-13 09:34:26 - [MESSAGE][PASSED] - Object: 'Object Repository/map_node/Page_Gateways and Nodes - OPI Blue/button_Map' is clicked on

2018-06-13 09:34:26 - [TEST_STEP][PASSED] - waitForElementPresent: Object 'Object Repository/map_node/Page_Gateways and Nodes - OPI Blue/a_Log out' is present

2018-06-13 09:34:27 - [MESSAGE][PASSED] - Object 'Object Repository/map_node/Page_Gateways and Nodes - OPI Blue/a_Log out' is present

2018-06-13 09:34:27 - [TEST_STEP][PASSED] - waitForElementClickable: Object 'Object Repository/map_node/Page_Gateways and Nodes - OPI Blue/a_Log out' is clickable

2018-06-13 09:34:29 - [MESSAGE][PASSED] - Object 'Object Repository/map_node/Page_Gateways and Nodes - OPI Blue/a_Log out' is clickable

2018-06-13 09:34:29 - [TEST_STEP][PASSED] - click: Object: 'Object Repository/map_node/Page_Gateways and Nodes - OPI Blue/a_Log out' is clicked on

2018-06-13 09:34:32 - [MESSAGE][PASSED] - Object: 'Object Repository/map_node/Page_Gateways and Nodes - OPI Blue/a_Log out' is clicked on

2018-06-13 09:34:32 - [TEST_STEP][PASSED] - closeBrowser: Browser is closed

2018-06-13 09:34:34 - [MESSAGE][PASSED] - Browser is closed]]></system-out>
         <system-err><![CDATA[]]></system-err>
      </testcase>
      <testcase name="Test Cases/create_first_site" classname="Test Cases/create_first_site" status="PASSED">
         <system-out><![CDATA[2018-06-13 09:34:36 - [TEST_CASE][PASSED] - Test Cases/create_first_site: Test Cases/create_first_site

2018-06-13 09:34:36 - [TEST_STEP][PASSED] - openBrowser: Browser is opened with url: ''

2018-06-13 09:34:41 - [MESSAGE][PASSED] - Browser is opened with url: ''

2018-06-13 09:34:41 - [TEST_STEP][PASSED] - navigateToUrl: Navigate to 'https://ra.managegrain.com/#/dashboard/userPreferences' successfully

2018-06-13 09:34:44 - [MESSAGE][PASSED] - Navigate to 'https://ra.managegrain.com/#/dashboard/userPreferences' successfully

2018-06-13 09:34:44 - [TEST_STEP][PASSED] - setText: Text 'opiopi20171+00028@gmail.com' is set on object 'Object Repository/create_first_site/Page_OPI Blue/input_username'

2018-06-13 09:34:50 - [MESSAGE][PASSED] - Text 'opiopi20171+00028@gmail.com' is set on object 'Object Repository/create_first_site/Page_OPI Blue/input_username'

2018-06-13 09:34:50 - [TEST_STEP][PASSED] - setText: Text 'gWF7Q4IlreZBZUpxglt7' is set on object 'Object Repository/create_first_site/Page_OPI Blue/input_password'

2018-06-13 09:34:54 - [MESSAGE][PASSED] - Text 'gWF7Q4IlreZBZUpxglt7' is set on object 'Object Repository/create_first_site/Page_OPI Blue/input_password'

2018-06-13 09:34:54 - [TEST_STEP][PASSED] - click: Object: 'Object Repository/create_first_site/Page_OPI Blue/button_Log In' is clicked on

2018-06-13 09:34:58 - [MESSAGE][PASSED] - Object: 'Object Repository/create_first_site/Page_OPI Blue/button_Log In' is clicked on

2018-06-13 09:34:58 - [TEST_STEP][PASSED] - click: Object: 'Object Repository/create_first_site/Page_Sites and Bins - OPI Blue/span_Sites and Bins' is clicked on

2018-06-13 09:35:00 - [MESSAGE][PASSED] - Object: 'Object Repository/create_first_site/Page_Sites and Bins - OPI Blue/span_Sites and Bins' is clicked on

2018-06-13 09:35:00 - [TEST_STEP][PASSED] - click: Object: 'Object Repository/create_first_site/Page_Sites and Bins - OPI Blue/button_Create a Site' is clicked on

2018-06-13 09:35:03 - [MESSAGE][PASSED] - Object: 'Object Repository/create_first_site/Page_Sites and Bins - OPI Blue/button_Create a Site' is clicked on

2018-06-13 09:35:03 - [TEST_STEP][PASSED] - setText: Text 'Site-1' is set on object 'Object Repository/create_first_site/Page_Sites and Bins - OPI Blue/input_name'

2018-06-13 09:35:07 - [MESSAGE][PASSED] - Text 'Site-1' is set on object 'Object Repository/create_first_site/Page_Sites and Bins - OPI Blue/input_name'

2018-06-13 09:35:07 - [TEST_STEP][PASSED] - click: Object: 'Object Repository/create_first_site/Page_Sites and Bins - OPI Blue/button_Save' is clicked on

2018-06-13 09:35:09 - [MESSAGE][PASSED] - Object: 'Object Repository/create_first_site/Page_Sites and Bins - OPI Blue/button_Save' is clicked on

2018-06-13 09:35:09 - [TEST_STEP][PASSED] - waitForElementPresent: Object 'Object Repository/create_first_site/Page_Sites and Bins - OPI Blue/a_Log out' is present

2018-06-13 09:35:10 - [MESSAGE][PASSED] - Object 'Object Repository/create_first_site/Page_Sites and Bins - OPI Blue/a_Log out' is present

2018-06-13 09:35:10 - [TEST_STEP][PASSED] - waitForElementClickable: Object 'Object Repository/create_first_site/Page_Sites and Bins - OPI Blue/a_Log out' is clickable

2018-06-13 09:35:12 - [MESSAGE][PASSED] - Object 'Object Repository/create_first_site/Page_Sites and Bins - OPI Blue/a_Log out' is clickable

2018-06-13 09:35:12 - [TEST_STEP][PASSED] - click: Object: 'Object Repository/create_first_site/Page_Sites and Bins - OPI Blue/a_Log out' is clicked on

2018-06-13 09:35:15 - [MESSAGE][PASSED] - Object: 'Object Repository/create_first_site/Page_Sites and Bins - OPI Blue/a_Log out' is clicked on

2018-06-13 09:35:15 - [TEST_STEP][PASSED] - closeBrowser: Browser is closed

2018-06-13 09:35:17 - [MESSAGE][PASSED] - Browser is closed]]></system-out>
         <system-err><![CDATA[]]></system-err>
      </testcase>
      <testcase name="Test Cases/add_weather_station_on_site" classname="Test Cases/add_weather_station_on_site" status="PASSED">
         <system-out><![CDATA[2018-06-13 09:35:19 - [TEST_CASE][PASSED] - Test Cases/add_weather_station_on_site: Test Cases/add_weather_station_on_site

2018-06-13 09:35:19 - [TEST_STEP][PASSED] - openBrowser: Browser is opened with url: ''

2018-06-13 09:35:24 - [MESSAGE][PASSED] - Browser is opened with url: ''

2018-06-13 09:35:24 - [TEST_STEP][PASSED] - navigateToUrl: Navigate to 'https://ra.managegrain.com/#/dashboard/userPreferences' successfully

2018-06-13 09:35:27 - [MESSAGE][PASSED] - Navigate to 'https://ra.managegrain.com/#/dashboard/userPreferences' successfully

2018-06-13 09:35:27 - [TEST_STEP][PASSED] - setText: Text 'opiopi20171+00028@gmail.com' is set on object 'Object Repository/add_weather_station/Page_OPI Blue/input_username'

2018-06-13 09:35:33 - [MESSAGE][PASSED] - Text 'opiopi20171+00028@gmail.com' is set on object 'Object Repository/add_weather_station/Page_OPI Blue/input_username'

2018-06-13 09:35:33 - [TEST_STEP][PASSED] - setText: Text 'gWF7Q4IlreZBZUpxglt7' is set on object 'Object Repository/add_weather_station/Page_OPI Blue/input_password'

2018-06-13 09:35:38 - [MESSAGE][PASSED] - Text 'gWF7Q4IlreZBZUpxglt7' is set on object 'Object Repository/add_weather_station/Page_OPI Blue/input_password'

2018-06-13 09:35:38 - [TEST_STEP][PASSED] - click: Object: 'Object Repository/add_weather_station/Page_OPI Blue/span_Log In' is clicked on

2018-06-13 09:35:41 - [MESSAGE][PASSED] - Object: 'Object Repository/add_weather_station/Page_OPI Blue/span_Log In' is clicked on

2018-06-13 09:35:41 - [TEST_STEP][PASSED] - click: Object: 'Object Repository/add_weather_station/Page_Dashboard - OPI Blue/span_Sites and Bins' is clicked on

2018-06-13 09:35:44 - [MESSAGE][PASSED] - Object: 'Object Repository/add_weather_station/Page_Dashboard - OPI Blue/span_Sites and Bins' is clicked on

2018-06-13 09:35:44 - [TEST_STEP][PASSED] - click: Object: 'Object Repository/add_weather_station/Page_Sites and Bins - OPI Blue/a_Sites' is clicked on

2018-06-13 09:35:46 - [MESSAGE][PASSED] - Object: 'Object Repository/add_weather_station/Page_Sites and Bins - OPI Blue/a_Sites' is clicked on

2018-06-13 09:35:46 - [TEST_STEP][PASSED] - click: Object: 'Object Repository/add_weather_station/Page_Sites and Bins - OPI Blue/a_Weather Stations' is clicked on

2018-06-13 09:35:48 - [MESSAGE][PASSED] - Object: 'Object Repository/add_weather_station/Page_Sites and Bins - OPI Blue/a_Weather Stations' is clicked on

2018-06-13 09:35:48 - [TEST_STEP][PASSED] - click: Object: 'Object Repository/add_weather_station/Page_Sites and Bins - OPI Blue/button_Add station' is clicked on

2018-06-13 09:35:50 - [MESSAGE][PASSED] - Object: 'Object Repository/add_weather_station/Page_Sites and Bins - OPI Blue/button_Add station' is clicked on

2018-06-13 09:35:50 - [TEST_STEP][PASSED] - click: Object: 'Object Repository/add_weather_station/Page_Sites and Bins - OPI Blue/label_fa checkbox-with-label' is clicked on

2018-06-13 09:35:53 - [MESSAGE][PASSED] - Object: 'Object Repository/add_weather_station/Page_Sites and Bins - OPI Blue/label_fa checkbox-with-label' is clicked on

2018-06-13 09:35:53 - [TEST_STEP][PASSED] - click: Object: 'Object Repository/add_weather_station/Page_Sites and Bins - OPI Blue/button_Add to Site' is clicked on

2018-06-13 09:35:55 - [MESSAGE][PASSED] - Object: 'Object Repository/add_weather_station/Page_Sites and Bins - OPI Blue/button_Add to Site' is clicked on

2018-06-13 09:35:55 - [TEST_STEP][PASSED] - waitForElementPresent: Object 'Object Repository/add_weather_station/Page_Sites and Bins - OPI Blue/a_Log out' is present

2018-06-13 09:35:56 - [MESSAGE][PASSED] - Object 'Object Repository/add_weather_station/Page_Sites and Bins - OPI Blue/a_Log out' is present

2018-06-13 09:35:56 - [TEST_STEP][PASSED] - waitForElementClickable: Object 'Object Repository/add_weather_station/Page_Sites and Bins - OPI Blue/a_Log out' is clickable

2018-06-13 09:35:58 - [MESSAGE][PASSED] - Object 'Object Repository/add_weather_station/Page_Sites and Bins - OPI Blue/a_Log out' is clickable

2018-06-13 09:35:58 - [TEST_STEP][PASSED] - click: Object: 'Object Repository/add_weather_station/Page_Sites and Bins - OPI Blue/a_Log out' is clicked on

2018-06-13 09:36:01 - [MESSAGE][PASSED] - Object: 'Object Repository/add_weather_station/Page_Sites and Bins - OPI Blue/a_Log out' is clicked on

2018-06-13 09:36:01 - [TEST_STEP][PASSED] - closeBrowser: Browser is closed

2018-06-13 09:36:03 - [MESSAGE][PASSED] - Browser is closed]]></system-out>
         <system-err><![CDATA[]]></system-err>
      </testcase>
      <testcase name="Test Cases/create_first_bin_with_single_site_ws" classname="Test Cases/create_first_bin_with_single_site_ws" status="PASSED">
         <system-out><![CDATA[2018-06-13 09:36:05 - [TEST_CASE][PASSED] - Test Cases/create_first_bin_with_single_site_ws: Test Cases/create_first_bin_with_single_site_ws

2018-06-13 09:36:06 - [TEST_STEP][PASSED] - openBrowser: Browser is opened with url: ''

2018-06-13 09:36:11 - [MESSAGE][PASSED] - Browser is opened with url: ''

2018-06-13 09:36:11 - [TEST_STEP][PASSED] - navigateToUrl: Navigate to 'https://ra.managegrain.com/#/dashboard/userPreferences' successfully

2018-06-13 09:36:15 - [MESSAGE][PASSED] - Navigate to 'https://ra.managegrain.com/#/dashboard/userPreferences' successfully

2018-06-13 09:36:15 - [TEST_STEP][PASSED] - setText: Text 'opiopi20171+00028@gmail.com' is set on object 'Object Repository/create_first_bin_with_single_site_ws/Page_OPI Blue/input_username'

2018-06-13 09:36:21 - [MESSAGE][PASSED] - Text 'opiopi20171+00028@gmail.com' is set on object 'Object Repository/create_first_bin_with_single_site_ws/Page_OPI Blue/input_username'

2018-06-13 09:36:21 - [TEST_STEP][PASSED] - setText: Text 'gWF7Q4IlreZBZUpxglt7' is set on object 'Object Repository/create_first_bin_with_single_site_ws/Page_OPI Blue/input_password'

2018-06-13 09:36:25 - [MESSAGE][PASSED] - Text 'gWF7Q4IlreZBZUpxglt7' is set on object 'Object Repository/create_first_bin_with_single_site_ws/Page_OPI Blue/input_password'

2018-06-13 09:36:25 - [TEST_STEP][PASSED] - click: Object: 'Object Repository/create_first_bin_with_single_site_ws/Page_OPI Blue/button_Log In' is clicked on

2018-06-13 09:36:29 - [MESSAGE][PASSED] - Object: 'Object Repository/create_first_bin_with_single_site_ws/Page_OPI Blue/button_Log In' is clicked on

2018-06-13 09:36:29 - [TEST_STEP][PASSED] - click: Object: 'Object Repository/create_first_bin_with_single_site_ws/Page_Sites and Bins - OPI Blue/span_Sites and Bins' is clicked on

2018-06-13 09:36:31 - [MESSAGE][PASSED] - Object: 'Object Repository/create_first_bin_with_single_site_ws/Page_Sites and Bins - OPI Blue/span_Sites and Bins' is clicked on

2018-06-13 09:36:31 - [TEST_STEP][PASSED] - click: Object: 'Object Repository/create_first_bin_with_single_site_ws/Page_Sites and Bins - OPI Blue/a_Bins' is clicked on

2018-06-13 09:36:33 - [MESSAGE][PASSED] - Object: 'Object Repository/create_first_bin_with_single_site_ws/Page_Sites and Bins - OPI Blue/a_Bins' is clicked on

2018-06-13 09:36:33 - [TEST_STEP][PASSED] - click: Object: 'Object Repository/create_first_bin_with_single_site_ws/Page_Sites and Bins - OPI Blue/button_Create a Bin' is clicked on

2018-06-13 09:36:36 - [MESSAGE][PASSED] - Object: 'Object Repository/create_first_bin_with_single_site_ws/Page_Sites and Bins - OPI Blue/button_Create a Bin' is clicked on

2018-06-13 09:36:36 - [TEST_STEP][PASSED] - setText: Text 'FirstBin' is set on object 'Object Repository/create_first_bin_with_single_site_ws/Page_Sites and Bins - OPI Blue/input_name'

2018-06-13 09:36:40 - [MESSAGE][PASSED] - Text 'FirstBin' is set on object 'Object Repository/create_first_bin_with_single_site_ws/Page_Sites and Bins - OPI Blue/input_name'

2018-06-13 09:36:40 - [TEST_STEP][PASSED] - click: Object: 'Object Repository/create_first_bin_with_single_site_ws/Page_Sites and Bins - OPI Blue/button_Continue' is clicked on

2018-06-13 09:36:42 - [MESSAGE][PASSED] - Object: 'Object Repository/create_first_bin_with_single_site_ws/Page_Sites and Bins - OPI Blue/button_Continue' is clicked on

2018-06-13 09:36:42 - [TEST_STEP][PASSED] - click: Object: 'Object Repository/create_first_bin_with_single_site_ws/Page_Sites and Bins - OPI Blue/strong_skip this step' is clicked on

2018-06-13 09:36:45 - [MESSAGE][PASSED] - Object: 'Object Repository/create_first_bin_with_single_site_ws/Page_Sites and Bins - OPI Blue/strong_skip this step' is clicked on

2018-06-13 09:36:45 - [TEST_STEP][PASSED] - click: Object: 'Object Repository/create_first_bin_with_single_site_ws/Page_Sites and Bins - OPI Blue/strong_skip this step' is clicked on

2018-06-13 09:36:47 - [MESSAGE][PASSED] - Object: 'Object Repository/create_first_bin_with_single_site_ws/Page_Sites and Bins - OPI Blue/strong_skip this step' is clicked on

2018-06-13 09:36:47 - [TEST_STEP][PASSED] - click: Object: 'Object Repository/create_first_bin_with_single_site_ws/Page_Sites and Bins - OPI Blue/button_Continue_1' is clicked on

2018-06-13 09:36:49 - [MESSAGE][PASSED] - Object: 'Object Repository/create_first_bin_with_single_site_ws/Page_Sites and Bins - OPI Blue/button_Continue_1' is clicked on

2018-06-13 09:36:49 - [TEST_STEP][PASSED] - click: Object: 'Object Repository/create_first_bin_with_single_site_ws/Page_Sites and Bins - OPI Blue/strong_skip this step' is clicked on

2018-06-13 09:36:51 - [MESSAGE][PASSED] - Object: 'Object Repository/create_first_bin_with_single_site_ws/Page_Sites and Bins - OPI Blue/strong_skip this step' is clicked on

2018-06-13 09:36:51 - [TEST_STEP][PASSED] - click: Object: 'Object Repository/create_first_bin_with_single_site_ws/Page_Sites and Bins - OPI Blue/button_Continue_2' is clicked on

2018-06-13 09:36:53 - [MESSAGE][PASSED] - Object: 'Object Repository/create_first_bin_with_single_site_ws/Page_Sites and Bins - OPI Blue/button_Continue_2' is clicked on

2018-06-13 09:36:53 - [TEST_STEP][PASSED] - click: Object: 'Object Repository/create_first_bin_with_single_site_ws/Page_Sites and Bins - OPI Blue/strong_skip this step' is clicked on

2018-06-13 09:36:56 - [MESSAGE][PASSED] - Object: 'Object Repository/create_first_bin_with_single_site_ws/Page_Sites and Bins - OPI Blue/strong_skip this step' is clicked on

2018-06-13 09:36:56 - [TEST_STEP][PASSED] - click: Object: 'Object Repository/create_first_bin_with_single_site_ws/Page_Sites and Bins - OPI Blue/strong_skip this step' is clicked on

2018-06-13 09:36:58 - [MESSAGE][PASSED] - Object: 'Object Repository/create_first_bin_with_single_site_ws/Page_Sites and Bins - OPI Blue/strong_skip this step' is clicked on

2018-06-13 09:36:58 - [TEST_STEP][PASSED] - waitForElementPresent: Object 'Object Repository/create_first_bin_with_single_site_ws/Page_Sites and Bins - OPI Blue/button_View Bin' is present

2018-06-13 09:36:59 - [MESSAGE][PASSED] - Object 'Object Repository/create_first_bin_with_single_site_ws/Page_Sites and Bins - OPI Blue/button_View Bin' is present

2018-06-13 09:36:59 - [TEST_STEP][PASSED] - waitForElementClickable: Object 'Object Repository/create_first_bin_with_single_site_ws/Page_Sites and Bins - OPI Blue/button_View Bin' is clickable

2018-06-13 09:37:01 - [MESSAGE][PASSED] - Object 'Object Repository/create_first_bin_with_single_site_ws/Page_Sites and Bins - OPI Blue/button_View Bin' is clickable

2018-06-13 09:37:01 - [TEST_STEP][PASSED] - click: Object: 'Object Repository/create_first_bin_with_single_site_ws/Page_Sites and Bins - OPI Blue/button_View Bin' is clicked on

2018-06-13 09:37:03 - [MESSAGE][PASSED] - Object: 'Object Repository/create_first_bin_with_single_site_ws/Page_Sites and Bins - OPI Blue/button_View Bin' is clicked on

2018-06-13 09:37:03 - [TEST_STEP][PASSED] - waitForElementPresent: Object 'Object Repository/create_first_bin_with_single_site_ws/Page_Sites and Bins - OPI Blue/a_Log out' is present

2018-06-13 09:37:04 - [MESSAGE][PASSED] - Object 'Object Repository/create_first_bin_with_single_site_ws/Page_Sites and Bins - OPI Blue/a_Log out' is present

2018-06-13 09:37:04 - [TEST_STEP][PASSED] - waitForElementClickable: Object 'Object Repository/create_first_bin_with_single_site_ws/Page_Sites and Bins - OPI Blue/a_Log out' is clickable

2018-06-13 09:37:06 - [MESSAGE][PASSED] - Object 'Object Repository/create_first_bin_with_single_site_ws/Page_Sites and Bins - OPI Blue/a_Log out' is clickable

2018-06-13 09:37:06 - [TEST_STEP][PASSED] - click: Object: 'Object Repository/create_first_bin_with_single_site_ws/Page_Sites and Bins - OPI Blue/a_Log out' is clicked on

2018-06-13 09:37:09 - [MESSAGE][PASSED] - Object: 'Object Repository/create_first_bin_with_single_site_ws/Page_Sites and Bins - OPI Blue/a_Log out' is clicked on

2018-06-13 09:37:09 - [TEST_STEP][PASSED] - closeBrowser: Browser is closed

2018-06-13 09:37:11 - [MESSAGE][PASSED] - Browser is closed]]></system-out>
         <system-err><![CDATA[]]></system-err>
      </testcase>
      <testcase name="Test Cases/create_second_bin_with_cables_single_site_without_ws_fan_plenum" classname="Test Cases/create_second_bin_with_cables_single_site_without_ws_fan_plenum" status="PASSED">
         <system-out><![CDATA[2018-06-13 09:37:13 - [TEST_CASE][PASSED] - Test Cases/create_second_bin_with_cables_single_site_without_ws_fan_plenum: Test Cases/create_second_bin_with_cables_single_site_without_ws_fan_plenum

2018-06-13 09:37:13 - [TEST_STEP][PASSED] - openBrowser: Browser is opened with url: ''

2018-06-13 09:37:18 - [MESSAGE][PASSED] - Browser is opened with url: ''

2018-06-13 09:37:18 - [TEST_STEP][PASSED] - navigateToUrl: Navigate to 'https://ra.managegrain.com/#/dashboard/userPreferences' successfully

2018-06-13 09:37:22 - [MESSAGE][PASSED] - Navigate to 'https://ra.managegrain.com/#/dashboard/userPreferences' successfully

2018-06-13 09:37:22 - [TEST_STEP][PASSED] - setText: Text 'opiopi20171+00028@gmail.com' is set on object 'Object Repository/create_second_bin_with_cables_single_site_without_ws_fan_plenum/Page_OPI Blue/input_username'

2018-06-13 09:37:28 - [MESSAGE][PASSED] - Text 'opiopi20171+00028@gmail.com' is set on object 'Object Repository/create_second_bin_with_cables_single_site_without_ws_fan_plenum/Page_OPI Blue/input_username'

2018-06-13 09:37:28 - [TEST_STEP][PASSED] - setText: Text 'gWF7Q4IlreZBZUpxglt7' is set on object 'Object Repository/create_second_bin_with_cables_single_site_without_ws_fan_plenum/Page_OPI Blue/input_password'

2018-06-13 09:37:32 - [MESSAGE][PASSED] - Text 'gWF7Q4IlreZBZUpxglt7' is set on object 'Object Repository/create_second_bin_with_cables_single_site_without_ws_fan_plenum/Page_OPI Blue/input_password'

2018-06-13 09:37:32 - [TEST_STEP][PASSED] - click: Object: 'Object Repository/create_second_bin_with_cables_single_site_without_ws_fan_plenum/Page_OPI Blue/button_Log In' is clicked on

2018-06-13 09:37:36 - [MESSAGE][PASSED] - Object: 'Object Repository/create_second_bin_with_cables_single_site_without_ws_fan_plenum/Page_OPI Blue/button_Log In' is clicked on

2018-06-13 09:37:36 - [TEST_STEP][PASSED] - click: Object: 'Object Repository/create_second_bin_with_cables_single_site_without_ws_fan_plenum/Page_Dashboard - OPI Blue/span_Sites and Bins' is clicked on

2018-06-13 09:37:38 - [MESSAGE][PASSED] - Object: 'Object Repository/create_second_bin_with_cables_single_site_without_ws_fan_plenum/Page_Dashboard - OPI Blue/span_Sites and Bins' is clicked on

2018-06-13 09:37:38 - [TEST_STEP][PASSED] - click: Object: 'Object Repository/create_second_bin_with_cables_single_site_without_ws_fan_plenum/Page_Sites and Bins - OPI Blue/a_Bins' is clicked on

2018-06-13 09:37:40 - [MESSAGE][PASSED] - Object: 'Object Repository/create_second_bin_with_cables_single_site_without_ws_fan_plenum/Page_Sites and Bins - OPI Blue/a_Bins' is clicked on

2018-06-13 09:37:40 - [TEST_STEP][PASSED] - click: Object: 'Object Repository/create_second_bin_with_cables_single_site_without_ws_fan_plenum/Page_Sites and Bins - OPI Blue/button_Create a Bin' is clicked on

2018-06-13 09:37:42 - [MESSAGE][PASSED] - Object: 'Object Repository/create_second_bin_with_cables_single_site_without_ws_fan_plenum/Page_Sites and Bins - OPI Blue/button_Create a Bin' is clicked on

2018-06-13 09:37:42 - [TEST_STEP][PASSED] - setText: Text 'SecondBin' is set on object 'Object Repository/create_second_bin_with_cables_single_site_without_ws_fan_plenum/Page_Sites and Bins - OPI Blue/input_name'

2018-06-13 09:37:47 - [MESSAGE][PASSED] - Text 'SecondBin' is set on object 'Object Repository/create_second_bin_with_cables_single_site_without_ws_fan_plenum/Page_Sites and Bins - OPI Blue/input_name'

2018-06-13 09:37:47 - [TEST_STEP][PASSED] - click: Object: 'Object Repository/create_second_bin_with_cables_single_site_without_ws_fan_plenum/Page_Sites and Bins - OPI Blue/button_Continue' is clicked on

2018-06-13 09:37:49 - [MESSAGE][PASSED] - Object: 'Object Repository/create_second_bin_with_cables_single_site_without_ws_fan_plenum/Page_Sites and Bins - OPI Blue/button_Continue' is clicked on

2018-06-13 09:37:49 - [TEST_STEP][PASSED] - click: Object: 'Object Repository/create_second_bin_with_cables_single_site_without_ws_fan_plenum/Page_Sites and Bins - OPI Blue/span_Select' is clicked on

2018-06-13 09:37:51 - [MESSAGE][PASSED] - Object: 'Object Repository/create_second_bin_with_cables_single_site_without_ws_fan_plenum/Page_Sites and Bins - OPI Blue/span_Select' is clicked on

2018-06-13 09:37:51 - [TEST_STEP][PASSED] - click: Object: 'Object Repository/create_second_bin_with_cables_single_site_without_ws_fan_plenum/Page_Sites and Bins - OPI Blue/div_919' is clicked on

2018-06-13 09:37:54 - [MESSAGE][PASSED] - Object: 'Object Repository/create_second_bin_with_cables_single_site_without_ws_fan_plenum/Page_Sites and Bins - OPI Blue/div_919' is clicked on

2018-06-13 09:37:54 - [TEST_STEP][PASSED] - waitForElementPresent: Object 'Object Repository/create_second_bin_with_cables_single_site_without_ws_fan_plenum/spy_web/Page_Sites and Bins - OPI Blue/b' is present

2018-06-13 09:37:55 - [MESSAGE][PASSED] - Object 'Object Repository/create_second_bin_with_cables_single_site_without_ws_fan_plenum/spy_web/Page_Sites and Bins - OPI Blue/b' is present

2018-06-13 09:37:55 - [TEST_STEP][PASSED] - waitForElementVisible: Object 'Object Repository/create_second_bin_with_cables_single_site_without_ws_fan_plenum/spy_web/Page_Sites and Bins - OPI Blue/b' is visible

2018-06-13 09:37:57 - [MESSAGE][PASSED] - Object 'Object Repository/create_second_bin_with_cables_single_site_without_ws_fan_plenum/spy_web/Page_Sites and Bins - OPI Blue/b' is visible

2018-06-13 09:37:57 - [TEST_STEP][PASSED] - waitForElementClickable: Object 'Object Repository/create_second_bin_with_cables_single_site_without_ws_fan_plenum/spy_web/Page_Sites and Bins - OPI Blue/b' is clickable

2018-06-13 09:37:59 - [MESSAGE][PASSED] - Object 'Object Repository/create_second_bin_with_cables_single_site_without_ws_fan_plenum/spy_web/Page_Sites and Bins - OPI Blue/b' is clickable

2018-06-13 09:37:59 - [TEST_STEP][PASSED] - click: Object: 'Object Repository/create_second_bin_with_cables_single_site_without_ws_fan_plenum/spy_web/Page_Sites and Bins - OPI Blue/b' is clicked on

2018-06-13 09:38:01 - [MESSAGE][PASSED] - Object: 'Object Repository/create_second_bin_with_cables_single_site_without_ws_fan_plenum/spy_web/Page_Sites and Bins - OPI Blue/b' is clicked on

2018-06-13 09:38:01 - [TEST_STEP][PASSED] - click: Object: 'Object Repository/create_second_bin_with_cables_single_site_without_ws_fan_plenum/Page_Sites and Bins - OPI Blue/div_Blackbean' is clicked on

2018-06-13 09:38:03 - [MESSAGE][PASSED] - Object: 'Object Repository/create_second_bin_with_cables_single_site_without_ws_fan_plenum/Page_Sites and Bins - OPI Blue/div_Blackbean' is clicked on

2018-06-13 09:38:03 - [TEST_STEP][PASSED] - click: Object: 'Object Repository/create_second_bin_with_cables_single_site_without_ws_fan_plenum/Page_Sites and Bins - OPI Blue/button_Continue_1' is clicked on

2018-06-13 09:38:05 - [MESSAGE][PASSED] - Object: 'Object Repository/create_second_bin_with_cables_single_site_without_ws_fan_plenum/Page_Sites and Bins - OPI Blue/button_Continue_1' is clicked on

2018-06-13 09:38:05 - [TEST_STEP][PASSED] - setText: Text '2018-01-01' is set on object 'Object Repository/create_second_bin_with_cables_single_site_without_ws_fan_plenum/Page_Sites and Bins - OPI Blue/input_ng-pristine ng-untouched'

2018-06-13 09:38:10 - [MESSAGE][PASSED] - Text '2018-01-01' is set on object 'Object Repository/create_second_bin_with_cables_single_site_without_ws_fan_plenum/Page_Sites and Bins - OPI Blue/input_ng-pristine ng-untouched'

2018-06-13 09:38:10 - [TEST_STEP][PASSED] - setText: Text '10000' is set on object 'Object Repository/create_second_bin_with_cables_single_site_without_ws_fan_plenum/Page_Sites and Bins - OPI Blue/input_capacity'

2018-06-13 09:38:14 - [MESSAGE][PASSED] - Text '10000' is set on object 'Object Repository/create_second_bin_with_cables_single_site_without_ws_fan_plenum/Page_Sites and Bins - OPI Blue/input_capacity'

2018-06-13 09:38:14 - [TEST_STEP][PASSED] - click: Object: 'Object Repository/create_second_bin_with_cables_single_site_without_ws_fan_plenum/Page_Sites and Bins - OPI Blue/button_Continue_1' is clicked on

2018-06-13 09:38:16 - [MESSAGE][PASSED] - Object: 'Object Repository/create_second_bin_with_cables_single_site_without_ws_fan_plenum/Page_Sites and Bins - OPI Blue/button_Continue_1' is clicked on

2018-06-13 09:38:16 - [TEST_STEP][PASSED] - click: Object: 'Object Repository/create_second_bin_with_cables_single_site_without_ws_fan_plenum/Page_Sites and Bins - OPI Blue/button_Continue_1' is clicked on

2018-06-13 09:38:18 - [MESSAGE][PASSED] - Object: 'Object Repository/create_second_bin_with_cables_single_site_without_ws_fan_plenum/Page_Sites and Bins - OPI Blue/button_Continue_1' is clicked on

2018-06-13 09:38:18 - [TEST_STEP][PASSED] - click: Object: 'Object Repository/create_second_bin_with_cables_single_site_without_ws_fan_plenum/Page_Sites and Bins - OPI Blue/i_icon-plus' is clicked on

2018-06-13 09:38:21 - [MESSAGE][PASSED] - Object: 'Object Repository/create_second_bin_with_cables_single_site_without_ws_fan_plenum/Page_Sites and Bins - OPI Blue/i_icon-plus' is clicked on

2018-06-13 09:38:21 - [TEST_STEP][PASSED] - click: Object: 'Object Repository/create_second_bin_with_cables_single_site_without_ws_fan_plenum/Page_Sites and Bins - OPI Blue/a_edit-btn' is clicked on

2018-06-13 09:38:23 - [MESSAGE][PASSED] - Object: 'Object Repository/create_second_bin_with_cables_single_site_without_ws_fan_plenum/Page_Sites and Bins - OPI Blue/a_edit-btn' is clicked on

2018-06-13 09:38:23 - [TEST_STEP][PASSED] - click: Object: 'Object Repository/create_second_bin_with_cables_single_site_without_ws_fan_plenum/Page_Sites and Bins - OPI Blue/button_Continue_1' is clicked on

2018-06-13 09:38:25 - [MESSAGE][PASSED] - Object: 'Object Repository/create_second_bin_with_cables_single_site_without_ws_fan_plenum/Page_Sites and Bins - OPI Blue/button_Continue_1' is clicked on

2018-06-13 09:38:25 - [TEST_STEP][PASSED] - waitForElementPresent: Object 'Object Repository/create_second_bin_with_cables_single_site_without_ws_fan_plenum/Page_Sites and Bins - OPI Blue/button_Continue_2' is present

2018-06-13 09:38:26 - [MESSAGE][PASSED] - Object 'Object Repository/create_second_bin_with_cables_single_site_without_ws_fan_plenum/Page_Sites and Bins - OPI Blue/button_Continue_2' is present

2018-06-13 09:38:26 - [TEST_STEP][PASSED] - waitForElementClickable: Object 'Object Repository/create_second_bin_with_cables_single_site_without_ws_fan_plenum/Page_Sites and Bins - OPI Blue/button_Continue_2' is clickable

2018-06-13 09:38:28 - [MESSAGE][PASSED] - Object 'Object Repository/create_second_bin_with_cables_single_site_without_ws_fan_plenum/Page_Sites and Bins - OPI Blue/button_Continue_2' is clickable

2018-06-13 09:38:28 - [TEST_STEP][PASSED] - click: Object: 'Object Repository/create_second_bin_with_cables_single_site_without_ws_fan_plenum/Page_Sites and Bins - OPI Blue/button_Continue_2' is clicked on

2018-06-13 09:38:30 - [MESSAGE][PASSED] - Object: 'Object Repository/create_second_bin_with_cables_single_site_without_ws_fan_plenum/Page_Sites and Bins - OPI Blue/button_Continue_2' is clicked on

2018-06-13 09:38:30 - [TEST_STEP][PASSED] - click: Object: 'Object Repository/create_second_bin_with_cables_single_site_without_ws_fan_plenum/Page_Sites and Bins - OPI Blue/button_Continue_1' is clicked on

2018-06-13 09:38:32 - [MESSAGE][PASSED] - Object: 'Object Repository/create_second_bin_with_cables_single_site_without_ws_fan_plenum/Page_Sites and Bins - OPI Blue/button_Continue_1' is clicked on

2018-06-13 09:38:32 - [TEST_STEP][PASSED] - click: Object: 'Object Repository/create_second_bin_with_cables_single_site_without_ws_fan_plenum/Page_Sites and Bins - OPI Blue/button_Continue_2' is clicked on

2018-06-13 09:38:35 - [MESSAGE][PASSED] - Object: 'Object Repository/create_second_bin_with_cables_single_site_without_ws_fan_plenum/Page_Sites and Bins - OPI Blue/button_Continue_2' is clicked on

2018-06-13 09:38:35 - [TEST_STEP][PASSED] - waitForElementPresent: Object 'Object Repository/create_second_bin_with_cables_single_site_without_ws_fan_plenum/Page_Sites and Bins - OPI Blue/button_View Bin' is present

2018-06-13 09:38:36 - [MESSAGE][PASSED] - Object 'Object Repository/create_second_bin_with_cables_single_site_without_ws_fan_plenum/Page_Sites and Bins - OPI Blue/button_View Bin' is present

2018-06-13 09:38:36 - [TEST_STEP][PASSED] - waitForElementClickable: Object 'Object Repository/create_second_bin_with_cables_single_site_without_ws_fan_plenum/Page_Sites and Bins - OPI Blue/button_View Bin' is clickable

2018-06-13 09:38:38 - [MESSAGE][PASSED] - Object 'Object Repository/create_second_bin_with_cables_single_site_without_ws_fan_plenum/Page_Sites and Bins - OPI Blue/button_View Bin' is clickable

2018-06-13 09:38:38 - [TEST_STEP][PASSED] - click: Object: 'Object Repository/create_second_bin_with_cables_single_site_without_ws_fan_plenum/Page_Sites and Bins - OPI Blue/button_View Bin' is clicked on

2018-06-13 09:38:40 - [MESSAGE][PASSED] - Object: 'Object Repository/create_second_bin_with_cables_single_site_without_ws_fan_plenum/Page_Sites and Bins - OPI Blue/button_View Bin' is clicked on

2018-06-13 09:38:40 - [TEST_STEP][PASSED] - waitForElementPresent: Object 'Object Repository/create_second_bin_with_cables_single_site_without_ws_fan_plenum/Page_Sites and Bins - OPI Blue/a_Log out' is present

2018-06-13 09:38:41 - [MESSAGE][PASSED] - Object 'Object Repository/create_second_bin_with_cables_single_site_without_ws_fan_plenum/Page_Sites and Bins - OPI Blue/a_Log out' is present

2018-06-13 09:38:41 - [TEST_STEP][PASSED] - waitForElementClickable: Object 'Object Repository/create_second_bin_with_cables_single_site_without_ws_fan_plenum/Page_Sites and Bins - OPI Blue/a_Log out' is clickable

2018-06-13 09:38:43 - [MESSAGE][PASSED] - Object 'Object Repository/create_second_bin_with_cables_single_site_without_ws_fan_plenum/Page_Sites and Bins - OPI Blue/a_Log out' is clickable

2018-06-13 09:38:43 - [TEST_STEP][PASSED] - click: Object: 'Object Repository/create_second_bin_with_cables_single_site_without_ws_fan_plenum/Page_Sites and Bins - OPI Blue/a_Log out' is clicked on

2018-06-13 09:38:46 - [MESSAGE][PASSED] - Object: 'Object Repository/create_second_bin_with_cables_single_site_without_ws_fan_plenum/Page_Sites and Bins - OPI Blue/a_Log out' is clicked on

2018-06-13 09:38:46 - [TEST_STEP][PASSED] - closeBrowser: Browser is closed

2018-06-13 09:38:48 - [MESSAGE][PASSED] - Browser is closed]]></system-out>
         <system-err><![CDATA[]]></system-err>
      </testcase>
      <testcase name="Test Cases/add_plenum_on_bin" classname="Test Cases/add_plenum_on_bin" status="PASSED">
         <system-out><![CDATA[2018-06-13 09:38:50 - [TEST_CASE][PASSED] - Test Cases/add_plenum_on_bin: Test Cases/add_plenum_on_bin

2018-06-13 09:38:50 - [TEST_STEP][PASSED] - openBrowser: Browser is opened with url: ''

2018-06-13 09:38:55 - [MESSAGE][PASSED] - Browser is opened with url: ''

2018-06-13 09:38:55 - [TEST_STEP][PASSED] - navigateToUrl: Navigate to 'https://ra.managegrain.com/#/dashboard/userPreferences' successfully

2018-06-13 09:38:58 - [MESSAGE][PASSED] - Navigate to 'https://ra.managegrain.com/#/dashboard/userPreferences' successfully

2018-06-13 09:38:58 - [TEST_STEP][PASSED] - setText: Text 'opiopi20171+00028@gmail.com' is set on object 'Object Repository/create_bin_add_plenum_only/Page_OPI Blue/input_username'

2018-06-13 09:39:04 - [MESSAGE][PASSED] - Text 'opiopi20171+00028@gmail.com' is set on object 'Object Repository/create_bin_add_plenum_only/Page_OPI Blue/input_username'

2018-06-13 09:39:04 - [TEST_STEP][PASSED] - setEncryptedText: Text ****** has been set on object 'Object Repository/create_bin_add_plenum_only/Page_OPI Blue/input_password'

2018-06-13 09:39:08 - [MESSAGE][PASSED] - Text ****** has been set on object 'Object Repository/create_bin_add_plenum_only/Page_OPI Blue/input_password'

2018-06-13 09:39:08 - [TEST_STEP][PASSED] - click: Object: 'Object Repository/create_bin_add_plenum_only/Page_OPI Blue/button_Log In' is clicked on

2018-06-13 09:39:12 - [MESSAGE][PASSED] - Object: 'Object Repository/create_bin_add_plenum_only/Page_OPI Blue/button_Log In' is clicked on

2018-06-13 09:39:12 - [TEST_STEP][PASSED] - click: Object: 'Object Repository/create_bin_add_plenum_only/Page_Dashboard - OPI Blue/span_Sites and Bins' is clicked on

2018-06-13 09:39:14 - [MESSAGE][PASSED] - Object: 'Object Repository/create_bin_add_plenum_only/Page_Dashboard - OPI Blue/span_Sites and Bins' is clicked on

2018-06-13 09:39:14 - [TEST_STEP][PASSED] - click: Object: 'Object Repository/create_bin_add_plenum_only/Page_Sites and Bins - OPI Blue/a_Bins' is clicked on

2018-06-13 09:39:16 - [MESSAGE][PASSED] - Object: 'Object Repository/create_bin_add_plenum_only/Page_Sites and Bins - OPI Blue/a_Bins' is clicked on

2018-06-13 09:39:16 - [TEST_STEP][PASSED] - click: Object: 'Object Repository/create_bin_add_plenum_only/Page_Sites and Bins - OPI Blue/a_Plenum' is clicked on

2018-06-13 09:39:18 - [MESSAGE][PASSED] - Object: 'Object Repository/create_bin_add_plenum_only/Page_Sites and Bins - OPI Blue/a_Plenum' is clicked on

2018-06-13 09:39:18 - [TEST_STEP][PASSED] - click: Object: 'Object Repository/create_bin_add_plenum_only/Page_Sites and Bins - OPI Blue/button_Add a Plenum Sensor' is clicked on

2018-06-13 09:39:21 - [MESSAGE][PASSED] - Object: 'Object Repository/create_bin_add_plenum_only/Page_Sites and Bins - OPI Blue/button_Add a Plenum Sensor' is clicked on

2018-06-13 09:39:21 - [TEST_STEP][PASSED] - click: Object: 'Object Repository/create_bin_add_plenum_only/Page_Sites and Bins - OPI Blue/span_Select' is clicked on

2018-06-13 09:39:23 - [MESSAGE][PASSED] - Object: 'Object Repository/create_bin_add_plenum_only/Page_Sites and Bins - OPI Blue/span_Select' is clicked on

2018-06-13 09:39:23 - [TEST_STEP][PASSED] - click: Object: 'Object Repository/create_bin_add_plenum_only/Page_Sites and Bins - OPI Blue/spy_web/Page_Sites and Bins - OPI Blue/div_089CDB-FN' is clicked on

2018-06-13 09:39:25 - [MESSAGE][PASSED] - Object: 'Object Repository/create_bin_add_plenum_only/Page_Sites and Bins - OPI Blue/spy_web/Page_Sites and Bins - OPI Blue/div_089CDB-FN' is clicked on

2018-06-13 09:39:25 - [TEST_STEP][PASSED] - click: Object: 'Object Repository/create_bin_add_plenum_only/Page_Sites and Bins - OPI Blue/button_Save' is clicked on

2018-06-13 09:39:27 - [MESSAGE][PASSED] - Object: 'Object Repository/create_bin_add_plenum_only/Page_Sites and Bins - OPI Blue/button_Save' is clicked on

2018-06-13 09:39:27 - [TEST_STEP][PASSED] - waitForElementPresent: Object 'Object Repository/create_bin_add_plenum_only/Page_Sites and Bins - OPI Blue/a_Log out' is present

2018-06-13 09:39:28 - [MESSAGE][PASSED] - Object 'Object Repository/create_bin_add_plenum_only/Page_Sites and Bins - OPI Blue/a_Log out' is present

2018-06-13 09:39:28 - [TEST_STEP][PASSED] - waitForElementClickable: Object 'Object Repository/create_bin_add_plenum_only/Page_Sites and Bins - OPI Blue/a_Log out' is clickable

2018-06-13 09:39:30 - [MESSAGE][PASSED] - Object 'Object Repository/create_bin_add_plenum_only/Page_Sites and Bins - OPI Blue/a_Log out' is clickable

2018-06-13 09:39:30 - [TEST_STEP][PASSED] - click: Object: 'Object Repository/create_bin_add_plenum_only/Page_Sites and Bins - OPI Blue/a_Log out' is clicked on

2018-06-13 09:39:33 - [MESSAGE][PASSED] - Object: 'Object Repository/create_bin_add_plenum_only/Page_Sites and Bins - OPI Blue/a_Log out' is clicked on

2018-06-13 09:39:33 - [TEST_STEP][PASSED] - closeBrowser: Browser is closed

2018-06-13 09:39:35 - [MESSAGE][PASSED] - Browser is closed]]></system-out>
         <system-err><![CDATA[]]></system-err>
      </testcase>
      <testcase name="Test Cases/add_fan_on_bin" classname="Test Cases/add_fan_on_bin" status="PASSED">
         <system-out><![CDATA[2018-06-13 09:39:37 - [TEST_CASE][PASSED] - Test Cases/add_fan_on_bin: Test Cases/add_fan_on_bin

2018-06-13 09:39:37 - [TEST_STEP][PASSED] - openBrowser: Browser is opened with url: ''

2018-06-13 09:39:42 - [MESSAGE][PASSED] - Browser is opened with url: ''

2018-06-13 09:39:42 - [TEST_STEP][PASSED] - navigateToUrl: Navigate to 'https://ra.managegrain.com/#/dashboard/userPreferences' successfully

2018-06-13 09:39:46 - [MESSAGE][PASSED] - Navigate to 'https://ra.managegrain.com/#/dashboard/userPreferences' successfully

2018-06-13 09:39:46 - [TEST_STEP][PASSED] - setText: Text 'opiopi20171+00028@gmail.com' is set on object 'Object Repository/create_bin_add_fan_only/Page_OPI Blue/input_username'

2018-06-13 09:39:52 - [MESSAGE][PASSED] - Text 'opiopi20171+00028@gmail.com' is set on object 'Object Repository/create_bin_add_fan_only/Page_OPI Blue/input_username'

2018-06-13 09:39:52 - [TEST_STEP][PASSED] - setEncryptedText: Text ****** has been set on object 'Object Repository/create_bin_add_fan_only/Page_OPI Blue/input_password'

2018-06-13 09:39:55 - [MESSAGE][PASSED] - Text ****** has been set on object 'Object Repository/create_bin_add_fan_only/Page_OPI Blue/input_password'

2018-06-13 09:39:55 - [TEST_STEP][PASSED] - click: Object: 'Object Repository/create_bin_add_fan_only/Page_OPI Blue/button_Log In' is clicked on

2018-06-13 09:39:58 - [MESSAGE][PASSED] - Object: 'Object Repository/create_bin_add_fan_only/Page_OPI Blue/button_Log In' is clicked on

2018-06-13 09:39:58 - [TEST_STEP][PASSED] - click: Object: 'Object Repository/create_bin_add_fan_only/Page_Dashboard - OPI Blue/span_Sites and Bins' is clicked on

2018-06-13 09:40:01 - [MESSAGE][PASSED] - Object: 'Object Repository/create_bin_add_fan_only/Page_Dashboard - OPI Blue/span_Sites and Bins' is clicked on

2018-06-13 09:40:01 - [TEST_STEP][PASSED] - click: Object: 'Object Repository/create_bin_add_fan_only/Page_Sites and Bins - OPI Blue/a_Bins' is clicked on

2018-06-13 09:40:03 - [MESSAGE][PASSED] - Object: 'Object Repository/create_bin_add_fan_only/Page_Sites and Bins - OPI Blue/a_Bins' is clicked on

2018-06-13 09:40:03 - [TEST_STEP][PASSED] - click: Object: 'Object Repository/create_bin_add_fan_only/Page_Sites and Bins - OPI Blue/a_Fans' is clicked on

2018-06-13 09:40:05 - [MESSAGE][PASSED] - Object: 'Object Repository/create_bin_add_fan_only/Page_Sites and Bins - OPI Blue/a_Fans' is clicked on

2018-06-13 09:40:05 - [TEST_STEP][PASSED] - click: Object: 'Object Repository/create_bin_add_fan_only/Page_Sites and Bins - OPI Blue/button_Add a Fan' is clicked on

2018-06-13 09:40:08 - [MESSAGE][PASSED] - Object: 'Object Repository/create_bin_add_fan_only/Page_Sites and Bins - OPI Blue/button_Add a Fan' is clicked on

2018-06-13 09:40:08 - [TEST_STEP][PASSED] - click: Object: 'Object Repository/create_bin_add_fan_only/Page_Sites and Bins - OPI Blue/span_Select' is clicked on

2018-06-13 09:40:10 - [MESSAGE][PASSED] - Object: 'Object Repository/create_bin_add_fan_only/Page_Sites and Bins - OPI Blue/span_Select' is clicked on

2018-06-13 09:40:10 - [TEST_STEP][NOT_RUN] - click: NOT_RUN: click

2018-06-13 09:40:10 - [MESSAGE][NOT_RUN] - NOT_RUN: click

2018-06-13 09:40:10 - [TEST_STEP][PASSED] - click: Object: 'Object Repository/create_bin/create_bin_add_fan/Page_Sites and Bins - OPI Blue/spy_web/Page_Sites and Bins - OPI Blue/div_089CDB-FN (MAC HFF0004)' is clicked on

2018-06-13 09:40:12 - [MESSAGE][PASSED] - Object: 'Object Repository/create_bin/create_bin_add_fan/Page_Sites and Bins - OPI Blue/spy_web/Page_Sites and Bins - OPI Blue/div_089CDB-FN (MAC HFF0004)' is clicked on

2018-06-13 09:40:12 - [TEST_STEP][NOT_RUN] - waitForElementPresent: NOT_RUN: waitForElementPresent

2018-06-13 09:40:12 - [MESSAGE][NOT_RUN] - NOT_RUN: waitForElementPresent

2018-06-13 09:40:12 - [TEST_STEP][NOT_RUN] - waitForElementVisible: NOT_RUN: waitForElementVisible

2018-06-13 09:40:12 - [MESSAGE][NOT_RUN] - NOT_RUN: waitForElementVisible

2018-06-13 09:40:12 - [TEST_STEP][NOT_RUN] - waitForElementClickable: NOT_RUN: waitForElementClickable

2018-06-13 09:40:12 - [MESSAGE][NOT_RUN] - NOT_RUN: waitForElementClickable

2018-06-13 09:40:12 - [TEST_STEP][PASSED] - click: Object: 'Object Repository/create_bin_add_fan_only/spy_web/Page_Sites and Bins - OPI Blue (2)/b' is clicked on

2018-06-13 09:40:14 - [MESSAGE][PASSED] - Object: 'Object Repository/create_bin_add_fan_only/spy_web/Page_Sites and Bins - OPI Blue (2)/b' is clicked on

2018-06-13 09:40:14 - [TEST_STEP][PASSED] - click: Object: 'Object Repository/create_bin_add_fan_only/Page_Sites and Bins - OPI Blue/div_1' is clicked on

2018-06-13 09:40:16 - [MESSAGE][PASSED] - Object: 'Object Repository/create_bin_add_fan_only/Page_Sites and Bins - OPI Blue/div_1' is clicked on

2018-06-13 09:40:16 - [TEST_STEP][PASSED] - click: Object: 'Object Repository/create_bin_add_fan_only/Page_Sites and Bins - OPI Blue/span_Manual' is clicked on

2018-06-13 09:40:18 - [MESSAGE][PASSED] - Object: 'Object Repository/create_bin_add_fan_only/Page_Sites and Bins - OPI Blue/span_Manual' is clicked on

2018-06-13 09:40:18 - [TEST_STEP][PASSED] - click: Object: 'Object Repository/create_bin_add_fan_only/Page_Sites and Bins - OPI Blue/div_Manual' is clicked on

2018-06-13 09:40:21 - [MESSAGE][PASSED] - Object: 'Object Repository/create_bin_add_fan_only/Page_Sites and Bins - OPI Blue/div_Manual' is clicked on

2018-06-13 09:40:21 - [TEST_STEP][PASSED] - click: Object: 'Object Repository/create_bin_add_fan_only/Page_Sites and Bins - OPI Blue/button_Save' is clicked on

2018-06-13 09:40:23 - [MESSAGE][PASSED] - Object: 'Object Repository/create_bin_add_fan_only/Page_Sites and Bins - OPI Blue/button_Save' is clicked on

2018-06-13 09:40:23 - [TEST_STEP][PASSED] - waitForElementPresent: Object 'Object Repository/create_bin_add_fan_only/Page_Sites and Bins - OPI Blue/a_Log out' is present

2018-06-13 09:40:24 - [MESSAGE][PASSED] - Object 'Object Repository/create_bin_add_fan_only/Page_Sites and Bins - OPI Blue/a_Log out' is present

2018-06-13 09:40:24 - [TEST_STEP][PASSED] - waitForElementClickable: Object 'Object Repository/create_bin_add_fan_only/Page_Sites and Bins - OPI Blue/a_Log out' is clickable

2018-06-13 09:40:26 - [MESSAGE][PASSED] - Object 'Object Repository/create_bin_add_fan_only/Page_Sites and Bins - OPI Blue/a_Log out' is clickable

2018-06-13 09:40:26 - [TEST_STEP][PASSED] - click: Object: 'Object Repository/create_bin_add_fan_only/Page_Sites and Bins - OPI Blue/a_Log out' is clicked on

2018-06-13 09:40:29 - [MESSAGE][PASSED] - Object: 'Object Repository/create_bin_add_fan_only/Page_Sites and Bins - OPI Blue/a_Log out' is clicked on

2018-06-13 09:40:29 - [TEST_STEP][PASSED] - closeBrowser: Browser is closed

2018-06-13 09:40:31 - [MESSAGE][PASSED] - Browser is closed]]></system-out>
         <system-err><![CDATA[]]></system-err>
      </testcase>
      <testcase name="Test Cases/start_fan" classname="Test Cases/start_fan" status="PASSED">
         <system-out><![CDATA[2018-06-13 09:40:33 - [TEST_CASE][PASSED] - Test Cases/start_fan: Test Cases/start_fan

2018-06-13 09:40:33 - [TEST_STEP][PASSED] - openBrowser: Browser is opened with url: ''

2018-06-13 09:40:38 - [MESSAGE][PASSED] - Browser is opened with url: ''

2018-06-13 09:40:38 - [TEST_STEP][PASSED] - navigateToUrl: Navigate to 'https://ra.managegrain.com/#/dashboard/userPreferences' successfully

2018-06-13 09:40:41 - [MESSAGE][PASSED] - Navigate to 'https://ra.managegrain.com/#/dashboard/userPreferences' successfully

2018-06-13 09:40:41 - [TEST_STEP][PASSED] - setText: Text 'opiopi20171+00028@gmail.com' is set on object 'Object Repository/start_fan/Page_OPI Blue/input_username'

2018-06-13 09:40:47 - [MESSAGE][PASSED] - Text 'opiopi20171+00028@gmail.com' is set on object 'Object Repository/start_fan/Page_OPI Blue/input_username'

2018-06-13 09:40:47 - [TEST_STEP][PASSED] - setText: Text 'gWF7Q4IlreZBZUpxglt7' is set on object 'Object Repository/start_fan/Page_OPI Blue/input_password'

2018-06-13 09:40:51 - [MESSAGE][PASSED] - Text 'gWF7Q4IlreZBZUpxglt7' is set on object 'Object Repository/start_fan/Page_OPI Blue/input_password'

2018-06-13 09:40:51 - [TEST_STEP][PASSED] - click: Object: 'Object Repository/start_fan/Page_OPI Blue/button_Log In' is clicked on

2018-06-13 09:40:55 - [MESSAGE][PASSED] - Object: 'Object Repository/start_fan/Page_OPI Blue/button_Log In' is clicked on

2018-06-13 09:40:55 - [TEST_STEP][PASSED] - click: Object: 'Object Repository/start_fan/Page_Dashboard - OPI Blue/a_Fan Control' is clicked on

2018-06-13 09:40:57 - [MESSAGE][PASSED] - Object: 'Object Repository/start_fan/Page_Dashboard - OPI Blue/a_Fan Control' is clicked on

2018-06-13 09:40:57 - [TEST_STEP][PASSED] - click: Object: 'Object Repository/start_fan/Page_Fan Control - OPI Blue/i_font-xl icon-play-circled' is clicked on

2018-06-13 09:41:00 - [MESSAGE][PASSED] - Object: 'Object Repository/start_fan/Page_Fan Control - OPI Blue/i_font-xl icon-play-circled' is clicked on

2018-06-13 09:41:00 - [TEST_STEP][PASSED] - click: Object: 'Object Repository/start_fan/Page_Fan Control - OPI Blue/button_Start Fan' is clicked on

2018-06-13 09:41:02 - [MESSAGE][PASSED] - Object: 'Object Repository/start_fan/Page_Fan Control - OPI Blue/button_Start Fan' is clicked on

2018-06-13 09:41:02 - [TEST_STEP][PASSED] - waitForElementPresent: Object 'Object Repository/start_fan/Page_Fan Control - OPI Blue/a_Log out' is present

2018-06-13 09:41:03 - [MESSAGE][PASSED] - Object 'Object Repository/start_fan/Page_Fan Control - OPI Blue/a_Log out' is present

2018-06-13 09:41:03 - [TEST_STEP][PASSED] - waitForElementClickable: Object 'Object Repository/start_fan/Page_Fan Control - OPI Blue/a_Log out' is clickable

2018-06-13 09:41:05 - [MESSAGE][PASSED] - Object 'Object Repository/start_fan/Page_Fan Control - OPI Blue/a_Log out' is clickable

2018-06-13 09:41:05 - [TEST_STEP][PASSED] - click: Object: 'Object Repository/start_fan/Page_Fan Control - OPI Blue/a_Log out' is clicked on

2018-06-13 09:41:08 - [MESSAGE][PASSED] - Object: 'Object Repository/start_fan/Page_Fan Control - OPI Blue/a_Log out' is clicked on

2018-06-13 09:41:08 - [TEST_STEP][PASSED] - closeBrowser: Browser is closed

2018-06-13 09:41:10 - [MESSAGE][PASSED] - Browser is closed]]></system-out>
         <system-err><![CDATA[]]></system-err>
      </testcase>
      <system-out><![CDATA[2018-06-13 09:32:02 - [TEST_SUITE][PASSED] - regGW_regNode_mapNode_createSite_createBin: Test Cases/start_fan]]></system-out>
      <system-err><![CDATA[]]></system-err>
   </testsuite>
</testsuites>
