<?xml version="1.0" encoding="UTF-8"?>
<testsuites name="regGW_regNode_mapNode_createSite_createBin" time="509" tests="9" failures="0" errors="0">
   <testsuite name="regGW_regNode_mapNode_createSite_createBin" tests="9" failures="0" errors="0" time="509" timestamp="2018-06-08 11:38:55" hostname="geetab - OPI-LT66.opisystems.local" id="Test Suites/regGW_regNode_mapNode_createSite_createBin">
      <properties>
         <property name="deviceName" value=""/>
         <property name="devicePlatform" value=""/>
         <property name="logFolder" value="C:\\Users\\geetab\\Katalon Studio\\RA_opi_blue_cloud\\Reports\\regGW_regNode_mapNode_createSite_createBin\\20180608_113853"/>
         <property name="logFiles" value="C:\\Users\\geetab\\Katalon Studio\\RA_opi_blue_cloud\\Reports\\regGW_regNode_mapNode_createSite_createBin\\20180608_113853\\execution0.log"/>
         <property name="attachments" value=""/>
         <property name="hostName" value="geetab - OPI-LT66.opisystems.local"/>
         <property name="os" value="Windows 10 64bit"/>
         <property name="katalonVersion" value="5.4.2.1"/>
         <property name="browser" value="Chrome 67.0.3396.62"/>
         <property name="hostAddress" value="172.16.6.51"/>
         <property name="sessionId" value="17544fa59bc993fc61bacfe07d7532ea"/>
         <property name="seleniumVersion" value="3.7.1"/>
         <property name="proxyInformation" value="ProxyInformation{proxyOption=NO_PROXY, proxyServerType=HTTP, password=, proxyServerAddress=, proxyServerPort=0}"/>
         <property name="platform" value="Windows 10"/>
      </properties>
      <testcase name="Test Cases/register_gateway" classname="Test Cases/register_gateway" status="PASSED">
         <system-out><![CDATA[2018-06-08 11:38:56 - [TEST_CASE][PASSED] - Test Cases/register_gateway: Test Cases/register_gateway

2018-06-08 11:38:57 - [TEST_STEP][PASSED] - openBrowser: Browser is opened with url: ''

2018-06-08 11:39:04 - [MESSAGE][PASSED] - Browser is opened with url: ''

2018-06-08 11:39:04 - [TEST_STEP][PASSED] - navigateToUrl: Navigate to 'https://ra.managegrain.com/#/dashboard/userPreferences' successfully

2018-06-08 11:39:08 - [MESSAGE][PASSED] - Navigate to 'https://ra.managegrain.com/#/dashboard/userPreferences' successfully

2018-06-08 11:39:08 - [TEST_STEP][PASSED] - setText: Text 'opiopi20171+00028@gmail.com' is set on object 'Object Repository/register_gateway/Page_OPI Blue/input_username'

2018-06-08 11:39:14 - [MESSAGE][PASSED] - Text 'opiopi20171+00028@gmail.com' is set on object 'Object Repository/register_gateway/Page_OPI Blue/input_username'

2018-06-08 11:39:14 - [TEST_STEP][PASSED] - setText: Text 'gWF7Q4IlreZBZUpxglt7' is set on object 'Object Repository/register_gateway/Page_OPI Blue/input_password'

2018-06-08 11:39:18 - [MESSAGE][PASSED] - Text 'gWF7Q4IlreZBZUpxglt7' is set on object 'Object Repository/register_gateway/Page_OPI Blue/input_password'

2018-06-08 11:39:18 - [TEST_STEP][PASSED] - click: Object: 'Object Repository/register_gateway/Page_OPI Blue/span_Log In' is clicked on

2018-06-08 11:39:22 - [MESSAGE][PASSED] - Object: 'Object Repository/register_gateway/Page_OPI Blue/span_Log In' is clicked on

2018-06-08 11:39:22 - [TEST_STEP][PASSED] - click: Object: 'Object Repository/register_gateway/Page_System Settings - OPI Blue/span_Gateways and Nodes' is clicked on

2018-06-08 11:39:24 - [MESSAGE][PASSED] - Object: 'Object Repository/register_gateway/Page_System Settings - OPI Blue/span_Gateways and Nodes' is clicked on

2018-06-08 11:39:24 - [TEST_STEP][PASSED] - waitForElementPresent: Object 'Object Repository/register_gateway/Page_OPI Blue/Page_Gateways and Nodes - OPI Blue/button_Register a Gateway' is present

2018-06-08 11:39:25 - [MESSAGE][PASSED] - Object 'Object Repository/register_gateway/Page_OPI Blue/Page_Gateways and Nodes - OPI Blue/button_Register a Gateway' is present

2018-06-08 11:39:25 - [TEST_STEP][PASSED] - waitForElementVisible: Object 'Object Repository/register_gateway/Page_OPI Blue/Page_Gateways and Nodes - OPI Blue/button_Register a Gateway' is visible

2018-06-08 11:39:27 - [MESSAGE][PASSED] - Object 'Object Repository/register_gateway/Page_OPI Blue/Page_Gateways and Nodes - OPI Blue/button_Register a Gateway' is visible

2018-06-08 11:39:27 - [TEST_STEP][PASSED] - waitForElementClickable: Object 'Object Repository/register_gateway/Page_OPI Blue/Page_Gateways and Nodes - OPI Blue/button_Register a Gateway' is clickable

2018-06-08 11:39:29 - [MESSAGE][PASSED] - Object 'Object Repository/register_gateway/Page_OPI Blue/Page_Gateways and Nodes - OPI Blue/button_Register a Gateway' is clickable

2018-06-08 11:39:29 - [TEST_STEP][PASSED] - click: Object: 'Object Repository/register_gateway/Page_OPI Blue/Page_Gateways and Nodes - OPI Blue/button_Register a Gateway' is clicked on

2018-06-08 11:39:31 - [MESSAGE][PASSED] - Object: 'Object Repository/register_gateway/Page_OPI Blue/Page_Gateways and Nodes - OPI Blue/button_Register a Gateway' is clicked on

2018-06-08 11:39:31 - [TEST_STEP][PASSED] - setText: Text '5F7DC8' is set on object 'Object Repository/register_gateway/Page_Gateways and Nodes - OPI Blue/input_gatewayId'

2018-06-08 11:39:36 - [MESSAGE][PASSED] - Text '5F7DC8' is set on object 'Object Repository/register_gateway/Page_Gateways and Nodes - OPI Blue/input_gatewayId'

2018-06-08 11:39:36 - [TEST_STEP][PASSED] - setText: Text '4724' is set on object 'Object Repository/register_gateway/Page_Gateways and Nodes - OPI Blue/input_pin'

2018-06-08 11:39:40 - [MESSAGE][PASSED] - Text '4724' is set on object 'Object Repository/register_gateway/Page_Gateways and Nodes - OPI Blue/input_pin'

2018-06-08 11:39:40 - [TEST_STEP][PASSED] - setText: Text '5F7DC8-GW' is set on object 'Object Repository/register_gateway/Page_Gateways and Nodes - OPI Blue/input_gatewayName'

2018-06-08 11:39:44 - [MESSAGE][PASSED] - Text '5F7DC8-GW' is set on object 'Object Repository/register_gateway/Page_Gateways and Nodes - OPI Blue/input_gatewayName'

2018-06-08 11:39:44 - [TEST_STEP][PASSED] - click: Object: 'Object Repository/register_gateway/Page_Gateways and Nodes - OPI Blue/button_Register' is clicked on

2018-06-08 11:39:46 - [MESSAGE][PASSED] - Object: 'Object Repository/register_gateway/Page_Gateways and Nodes - OPI Blue/button_Register' is clicked on

2018-06-08 11:39:46 - [TEST_STEP][PASSED] - waitForElementPresent: Object 'Object Repository/register_gateway/Page_Gateways and Nodes - OPI Blue/a_Log out' is present

2018-06-08 11:39:48 - [MESSAGE][PASSED] - Object 'Object Repository/register_gateway/Page_Gateways and Nodes - OPI Blue/a_Log out' is present

2018-06-08 11:39:48 - [TEST_STEP][PASSED] - waitForElementClickable: Object 'Object Repository/register_gateway/Page_Gateways and Nodes - OPI Blue/a_Log out' is clickable

2018-06-08 11:39:50 - [MESSAGE][PASSED] - Object 'Object Repository/register_gateway/Page_Gateways and Nodes - OPI Blue/a_Log out' is clickable

2018-06-08 11:39:50 - [TEST_STEP][PASSED] - click: Object: 'Object Repository/register_gateway/Page_Gateways and Nodes - OPI Blue/a_Log out' is clicked on

2018-06-08 11:39:52 - [MESSAGE][PASSED] - Object: 'Object Repository/register_gateway/Page_Gateways and Nodes - OPI Blue/a_Log out' is clicked on

2018-06-08 11:39:52 - [TEST_STEP][PASSED] - closeBrowser: Browser is closed

2018-06-08 11:39:54 - [MESSAGE][PASSED] - Browser is closed]]></system-out>
         <system-err><![CDATA[]]></system-err>
      </testcase>
      <testcase name="Test Cases/register_node" classname="Test Cases/register_node" status="PASSED">
         <system-out><![CDATA[2018-06-08 11:39:57 - [TEST_CASE][PASSED] - Test Cases/register_node: Test Cases/register_node

2018-06-08 11:39:57 - [TEST_STEP][PASSED] - openBrowser: Browser is opened with url: ''

2018-06-08 11:40:02 - [MESSAGE][PASSED] - Browser is opened with url: ''

2018-06-08 11:40:02 - [TEST_STEP][PASSED] - navigateToUrl: Navigate to 'https://ra.managegrain.com/#/dashboard/userPreferences' successfully

2018-06-08 11:40:05 - [MESSAGE][PASSED] - Navigate to 'https://ra.managegrain.com/#/dashboard/userPreferences' successfully

2018-06-08 11:40:05 - [TEST_STEP][PASSED] - setText: Text 'opiopi20171+00028@gmail.com' is set on object 'Object Repository/register_node/Page_OPI Blue/input_username'

2018-06-08 11:40:11 - [MESSAGE][PASSED] - Text 'opiopi20171+00028@gmail.com' is set on object 'Object Repository/register_node/Page_OPI Blue/input_username'

2018-06-08 11:40:11 - [TEST_STEP][PASSED] - setText: Text 'gWF7Q4IlreZBZUpxglt7' is set on object 'Object Repository/register_node/Page_OPI Blue/input_password'

2018-06-08 11:40:15 - [MESSAGE][PASSED] - Text 'gWF7Q4IlreZBZUpxglt7' is set on object 'Object Repository/register_node/Page_OPI Blue/input_password'

2018-06-08 11:40:15 - [TEST_STEP][PASSED] - click: Object: 'Object Repository/register_node/Page_OPI Blue/span_Log In' is clicked on

2018-06-08 11:40:19 - [MESSAGE][PASSED] - Object: 'Object Repository/register_node/Page_OPI Blue/span_Log In' is clicked on

2018-06-08 11:40:19 - [TEST_STEP][PASSED] - click: Object: 'Object Repository/register_node/Page_Dashboard - OPI Blue/span_Gateways and Nodes' is clicked on

2018-06-08 11:40:22 - [MESSAGE][PASSED] - Object: 'Object Repository/register_node/Page_Dashboard - OPI Blue/span_Gateways and Nodes' is clicked on

2018-06-08 11:40:22 - [TEST_STEP][PASSED] - click: Object: 'Object Repository/register_node/Page_Gateways and Nodes - OPI Blue/a_Nodes' is clicked on

2018-06-08 11:40:24 - [MESSAGE][PASSED] - Object: 'Object Repository/register_node/Page_Gateways and Nodes - OPI Blue/a_Nodes' is clicked on

2018-06-08 11:40:24 - [TEST_STEP][PASSED] - click: Object: 'Object Repository/register_node/Page_Gateways and Nodes - OPI Blue/button_ Register a Node' is clicked on

2018-06-08 11:40:26 - [MESSAGE][PASSED] - Object: 'Object Repository/register_node/Page_Gateways and Nodes - OPI Blue/button_ Register a Node' is clicked on

2018-06-08 11:40:26 - [TEST_STEP][PASSED] - setText: Text '089CDB' is set on object 'Object Repository/register_node/Page_Gateways and Nodes - OPI Blue/input_nodeId'

2018-06-08 11:40:30 - [MESSAGE][PASSED] - Text '089CDB' is set on object 'Object Repository/register_node/Page_Gateways and Nodes - OPI Blue/input_nodeId'

2018-06-08 11:40:30 - [TEST_STEP][PASSED] - setText: Text '5689' is set on object 'Object Repository/register_node/Page_Gateways and Nodes - OPI Blue/input_pin'

2018-06-08 11:40:35 - [MESSAGE][PASSED] - Text '5689' is set on object 'Object Repository/register_node/Page_Gateways and Nodes - OPI Blue/input_pin'

2018-06-08 11:40:35 - [TEST_STEP][PASSED] - setText: Text '089CDB-FN' is set on object 'Object Repository/register_node/Page_Gateways and Nodes - OPI Blue/input_name'

2018-06-08 11:40:39 - [MESSAGE][PASSED] - Text '089CDB-FN' is set on object 'Object Repository/register_node/Page_Gateways and Nodes - OPI Blue/input_name'

2018-06-08 11:40:39 - [TEST_STEP][PASSED] - click: Object: 'Object Repository/register_node/Page_Gateways and Nodes - OPI Blue/span_Register' is clicked on

2018-06-08 11:40:41 - [MESSAGE][PASSED] - Object: 'Object Repository/register_node/Page_Gateways and Nodes - OPI Blue/span_Register' is clicked on

2018-06-08 11:40:41 - [TEST_STEP][PASSED] - waitForElementPresent: Object 'Object Repository/register_node/Page_Gateways and Nodes - OPI Blue/a_Log out' is present

2018-06-08 11:40:42 - [MESSAGE][PASSED] - Object 'Object Repository/register_node/Page_Gateways and Nodes - OPI Blue/a_Log out' is present

2018-06-08 11:40:42 - [TEST_STEP][PASSED] - waitForElementClickable: Object 'Object Repository/register_node/Page_Gateways and Nodes - OPI Blue/a_Log out' is clickable

2018-06-08 11:40:44 - [MESSAGE][PASSED] - Object 'Object Repository/register_node/Page_Gateways and Nodes - OPI Blue/a_Log out' is clickable

2018-06-08 11:40:44 - [TEST_STEP][PASSED] - click: Object: 'Object Repository/register_node/Page_Gateways and Nodes - OPI Blue/a_Log out' is clicked on

2018-06-08 11:40:47 - [MESSAGE][PASSED] - Object: 'Object Repository/register_node/Page_Gateways and Nodes - OPI Blue/a_Log out' is clicked on

2018-06-08 11:40:47 - [TEST_STEP][PASSED] - closeBrowser: Browser is closed

2018-06-08 11:40:49 - [MESSAGE][PASSED] - Browser is closed]]></system-out>
         <system-err><![CDATA[]]></system-err>
      </testcase>
      <testcase name="Test Cases/map_node" classname="Test Cases/map_node" status="PASSED">
         <system-out><![CDATA[2018-06-08 11:40:51 - [TEST_CASE][PASSED] - Test Cases/map_node: Test Cases/map_node

2018-06-08 11:40:51 - [TEST_STEP][PASSED] - openBrowser: Browser is opened with url: ''

2018-06-08 11:40:56 - [MESSAGE][PASSED] - Browser is opened with url: ''

2018-06-08 11:40:56 - [TEST_STEP][PASSED] - navigateToUrl: Navigate to 'https://ra.managegrain.com/#/dashboard/userPreferences' successfully

2018-06-08 11:40:59 - [MESSAGE][PASSED] - Navigate to 'https://ra.managegrain.com/#/dashboard/userPreferences' successfully

2018-06-08 11:40:59 - [TEST_STEP][PASSED] - setText: Text 'opiopi20171+00028@gmail.com' is set on object 'Object Repository/map_node/Page_OPI Blue/input_username'

2018-06-08 11:41:05 - [MESSAGE][PASSED] - Text 'opiopi20171+00028@gmail.com' is set on object 'Object Repository/map_node/Page_OPI Blue/input_username'

2018-06-08 11:41:05 - [TEST_STEP][PASSED] - setText: Text 'gWF7Q4IlreZBZUpxglt7' is set on object 'Object Repository/map_node/Page_OPI Blue/input_password'

2018-06-08 11:41:10 - [MESSAGE][PASSED] - Text 'gWF7Q4IlreZBZUpxglt7' is set on object 'Object Repository/map_node/Page_OPI Blue/input_password'

2018-06-08 11:41:10 - [TEST_STEP][PASSED] - click: Object: 'Object Repository/map_node/Page_OPI Blue/span_Log In' is clicked on

2018-06-08 11:41:13 - [MESSAGE][PASSED] - Object: 'Object Repository/map_node/Page_OPI Blue/span_Log In' is clicked on

2018-06-08 11:41:13 - [TEST_STEP][PASSED] - click: Object: 'Object Repository/map_node/Page_Dashboard - OPI Blue/span_Gateways and Nodes' is clicked on

2018-06-08 11:41:16 - [MESSAGE][PASSED] - Object: 'Object Repository/map_node/Page_Dashboard - OPI Blue/span_Gateways and Nodes' is clicked on

2018-06-08 11:41:16 - [TEST_STEP][PASSED] - click: Object: 'Object Repository/map_node/Page_Gateways and Nodes - OPI Blue/a_Nodes' is clicked on

2018-06-08 11:41:18 - [MESSAGE][PASSED] - Object: 'Object Repository/map_node/Page_Gateways and Nodes - OPI Blue/a_Nodes' is clicked on

2018-06-08 11:41:18 - [TEST_STEP][PASSED] - click: Object: 'Object Repository/map_node/Page_Gateways and Nodes - OPI Blue/button_Map' is clicked on

2018-06-08 11:41:20 - [MESSAGE][PASSED] - Object: 'Object Repository/map_node/Page_Gateways and Nodes - OPI Blue/button_Map' is clicked on

2018-06-08 11:41:20 - [TEST_STEP][PASSED] - waitForElementPresent: Object 'Object Repository/map_node/Page_Gateways and Nodes - OPI Blue/a_Log out' is present

2018-06-08 11:41:21 - [MESSAGE][PASSED] - Object 'Object Repository/map_node/Page_Gateways and Nodes - OPI Blue/a_Log out' is present

2018-06-08 11:41:21 - [TEST_STEP][PASSED] - waitForElementClickable: Object 'Object Repository/map_node/Page_Gateways and Nodes - OPI Blue/a_Log out' is clickable

2018-06-08 11:41:23 - [MESSAGE][PASSED] - Object 'Object Repository/map_node/Page_Gateways and Nodes - OPI Blue/a_Log out' is clickable

2018-06-08 11:41:23 - [TEST_STEP][PASSED] - click: Object: 'Object Repository/map_node/Page_Gateways and Nodes - OPI Blue/a_Log out' is clicked on

2018-06-08 11:41:26 - [MESSAGE][PASSED] - Object: 'Object Repository/map_node/Page_Gateways and Nodes - OPI Blue/a_Log out' is clicked on

2018-06-08 11:41:26 - [TEST_STEP][PASSED] - closeBrowser: Browser is closed

2018-06-08 11:41:28 - [MESSAGE][PASSED] - Browser is closed]]></system-out>
         <system-err><![CDATA[]]></system-err>
      </testcase>
      <testcase name="Test Cases/create_first_site" classname="Test Cases/create_first_site" status="PASSED">
         <system-out><![CDATA[2018-06-08 11:41:30 - [TEST_CASE][PASSED] - Test Cases/create_first_site: Test Cases/create_first_site

2018-06-08 11:41:30 - [TEST_STEP][PASSED] - openBrowser: Browser is opened with url: ''

2018-06-08 11:41:35 - [MESSAGE][PASSED] - Browser is opened with url: ''

2018-06-08 11:41:35 - [TEST_STEP][PASSED] - navigateToUrl: Navigate to 'https://ra.managegrain.com/#/dashboard/userPreferences' successfully

2018-06-08 11:41:38 - [MESSAGE][PASSED] - Navigate to 'https://ra.managegrain.com/#/dashboard/userPreferences' successfully

2018-06-08 11:41:38 - [TEST_STEP][PASSED] - setText: Text 'opiopi20171+00028@gmail.com' is set on object 'Object Repository/create_first_site/Page_OPI Blue/input_username'

2018-06-08 11:41:44 - [MESSAGE][PASSED] - Text 'opiopi20171+00028@gmail.com' is set on object 'Object Repository/create_first_site/Page_OPI Blue/input_username'

2018-06-08 11:41:44 - [TEST_STEP][PASSED] - setText: Text 'gWF7Q4IlreZBZUpxglt7' is set on object 'Object Repository/create_first_site/Page_OPI Blue/input_password'

2018-06-08 11:41:49 - [MESSAGE][PASSED] - Text 'gWF7Q4IlreZBZUpxglt7' is set on object 'Object Repository/create_first_site/Page_OPI Blue/input_password'

2018-06-08 11:41:49 - [TEST_STEP][PASSED] - click: Object: 'Object Repository/create_first_site/Page_OPI Blue/button_Log In' is clicked on

2018-06-08 11:41:52 - [MESSAGE][PASSED] - Object: 'Object Repository/create_first_site/Page_OPI Blue/button_Log In' is clicked on

2018-06-08 11:41:52 - [TEST_STEP][PASSED] - click: Object: 'Object Repository/create_first_site/Page_Sites and Bins - OPI Blue/span_Sites and Bins' is clicked on

2018-06-08 11:41:54 - [MESSAGE][PASSED] - Object: 'Object Repository/create_first_site/Page_Sites and Bins - OPI Blue/span_Sites and Bins' is clicked on

2018-06-08 11:41:54 - [TEST_STEP][PASSED] - click: Object: 'Object Repository/create_first_site/Page_Sites and Bins - OPI Blue/button_Create a Site' is clicked on

2018-06-08 11:41:57 - [MESSAGE][PASSED] - Object: 'Object Repository/create_first_site/Page_Sites and Bins - OPI Blue/button_Create a Site' is clicked on

2018-06-08 11:41:57 - [TEST_STEP][PASSED] - setText: Text 'Site-1' is set on object 'Object Repository/create_first_site/Page_Sites and Bins - OPI Blue/input_name'

2018-06-08 11:42:01 - [MESSAGE][PASSED] - Text 'Site-1' is set on object 'Object Repository/create_first_site/Page_Sites and Bins - OPI Blue/input_name'

2018-06-08 11:42:01 - [TEST_STEP][PASSED] - click: Object: 'Object Repository/create_first_site/Page_Sites and Bins - OPI Blue/button_Save' is clicked on

2018-06-08 11:42:03 - [MESSAGE][PASSED] - Object: 'Object Repository/create_first_site/Page_Sites and Bins - OPI Blue/button_Save' is clicked on

2018-06-08 11:42:03 - [TEST_STEP][PASSED] - waitForElementPresent: Object 'Object Repository/create_first_site/Page_Sites and Bins - OPI Blue/a_Log out' is present

2018-06-08 11:42:04 - [MESSAGE][PASSED] - Object 'Object Repository/create_first_site/Page_Sites and Bins - OPI Blue/a_Log out' is present

2018-06-08 11:42:04 - [TEST_STEP][PASSED] - waitForElementClickable: Object 'Object Repository/create_first_site/Page_Sites and Bins - OPI Blue/a_Log out' is clickable

2018-06-08 11:42:06 - [MESSAGE][PASSED] - Object 'Object Repository/create_first_site/Page_Sites and Bins - OPI Blue/a_Log out' is clickable

2018-06-08 11:42:06 - [TEST_STEP][PASSED] - click: Object: 'Object Repository/create_first_site/Page_Sites and Bins - OPI Blue/a_Log out' is clicked on

2018-06-08 11:42:09 - [MESSAGE][PASSED] - Object: 'Object Repository/create_first_site/Page_Sites and Bins - OPI Blue/a_Log out' is clicked on

2018-06-08 11:42:09 - [TEST_STEP][PASSED] - closeBrowser: Browser is closed

2018-06-08 11:42:11 - [MESSAGE][PASSED] - Browser is closed]]></system-out>
         <system-err><![CDATA[]]></system-err>
      </testcase>
      <testcase name="Test Cases/add_weather_station_on_site" classname="Test Cases/add_weather_station_on_site" status="PASSED">
         <system-out><![CDATA[2018-06-08 11:42:13 - [TEST_CASE][PASSED] - Test Cases/add_weather_station_on_site: Test Cases/add_weather_station_on_site

2018-06-08 11:42:14 - [TEST_STEP][PASSED] - openBrowser: Browser is opened with url: ''

2018-06-08 11:42:18 - [MESSAGE][PASSED] - Browser is opened with url: ''

2018-06-08 11:42:18 - [TEST_STEP][PASSED] - navigateToUrl: Navigate to 'https://ra.managegrain.com/#/dashboard/userPreferences' successfully

2018-06-08 11:42:22 - [MESSAGE][PASSED] - Navigate to 'https://ra.managegrain.com/#/dashboard/userPreferences' successfully

2018-06-08 11:42:22 - [TEST_STEP][PASSED] - setText: Text 'opiopi20171+00028@gmail.com' is set on object 'Object Repository/add_weather_station/Page_OPI Blue/input_username'

2018-06-08 11:42:27 - [MESSAGE][PASSED] - Text 'opiopi20171+00028@gmail.com' is set on object 'Object Repository/add_weather_station/Page_OPI Blue/input_username'

2018-06-08 11:42:27 - [TEST_STEP][PASSED] - setText: Text 'gWF7Q4IlreZBZUpxglt7' is set on object 'Object Repository/add_weather_station/Page_OPI Blue/input_password'

2018-06-08 11:42:32 - [MESSAGE][PASSED] - Text 'gWF7Q4IlreZBZUpxglt7' is set on object 'Object Repository/add_weather_station/Page_OPI Blue/input_password'

2018-06-08 11:42:32 - [TEST_STEP][PASSED] - click: Object: 'Object Repository/add_weather_station/Page_OPI Blue/span_Log In' is clicked on

2018-06-08 11:42:35 - [MESSAGE][PASSED] - Object: 'Object Repository/add_weather_station/Page_OPI Blue/span_Log In' is clicked on

2018-06-08 11:42:35 - [TEST_STEP][PASSED] - click: Object: 'Object Repository/add_weather_station/Page_Dashboard - OPI Blue/span_Sites and Bins' is clicked on

2018-06-08 11:42:37 - [MESSAGE][PASSED] - Object: 'Object Repository/add_weather_station/Page_Dashboard - OPI Blue/span_Sites and Bins' is clicked on

2018-06-08 11:42:38 - [TEST_STEP][PASSED] - click: Object: 'Object Repository/add_weather_station/Page_Sites and Bins - OPI Blue/a_Sites' is clicked on

2018-06-08 11:42:40 - [MESSAGE][PASSED] - Object: 'Object Repository/add_weather_station/Page_Sites and Bins - OPI Blue/a_Sites' is clicked on

2018-06-08 11:42:40 - [TEST_STEP][PASSED] - click: Object: 'Object Repository/add_weather_station/Page_Sites and Bins - OPI Blue/a_Weather Stations' is clicked on

2018-06-08 11:42:42 - [MESSAGE][PASSED] - Object: 'Object Repository/add_weather_station/Page_Sites and Bins - OPI Blue/a_Weather Stations' is clicked on

2018-06-08 11:42:42 - [TEST_STEP][PASSED] - click: Object: 'Object Repository/add_weather_station/Page_Sites and Bins - OPI Blue/button_Add station' is clicked on

2018-06-08 11:42:44 - [MESSAGE][PASSED] - Object: 'Object Repository/add_weather_station/Page_Sites and Bins - OPI Blue/button_Add station' is clicked on

2018-06-08 11:42:44 - [TEST_STEP][PASSED] - click: Object: 'Object Repository/add_weather_station/Page_Sites and Bins - OPI Blue/label_fa checkbox-with-label' is clicked on

2018-06-08 11:42:46 - [MESSAGE][PASSED] - Object: 'Object Repository/add_weather_station/Page_Sites and Bins - OPI Blue/label_fa checkbox-with-label' is clicked on

2018-06-08 11:42:46 - [TEST_STEP][PASSED] - click: Object: 'Object Repository/add_weather_station/Page_Sites and Bins - OPI Blue/button_Add to Site' is clicked on

2018-06-08 11:42:48 - [MESSAGE][PASSED] - Object: 'Object Repository/add_weather_station/Page_Sites and Bins - OPI Blue/button_Add to Site' is clicked on

2018-06-08 11:42:48 - [TEST_STEP][PASSED] - waitForElementPresent: Object 'Object Repository/add_weather_station/Page_Sites and Bins - OPI Blue/a_Log out' is present

2018-06-08 11:42:49 - [MESSAGE][PASSED] - Object 'Object Repository/add_weather_station/Page_Sites and Bins - OPI Blue/a_Log out' is present

2018-06-08 11:42:49 - [TEST_STEP][PASSED] - waitForElementClickable: Object 'Object Repository/add_weather_station/Page_Sites and Bins - OPI Blue/a_Log out' is clickable

2018-06-08 11:42:51 - [MESSAGE][PASSED] - Object 'Object Repository/add_weather_station/Page_Sites and Bins - OPI Blue/a_Log out' is clickable

2018-06-08 11:42:51 - [TEST_STEP][PASSED] - click: Object: 'Object Repository/add_weather_station/Page_Sites and Bins - OPI Blue/a_Log out' is clicked on

2018-06-08 11:42:54 - [MESSAGE][PASSED] - Object: 'Object Repository/add_weather_station/Page_Sites and Bins - OPI Blue/a_Log out' is clicked on

2018-06-08 11:42:54 - [TEST_STEP][PASSED] - closeBrowser: Browser is closed

2018-06-08 11:42:56 - [MESSAGE][PASSED] - Browser is closed]]></system-out>
         <system-err><![CDATA[]]></system-err>
      </testcase>
      <testcase name="Test Cases/create_first_bin_with_single_site_ws" classname="Test Cases/create_first_bin_with_single_site_ws" status="PASSED">
         <system-out><![CDATA[2018-06-08 11:42:58 - [TEST_CASE][PASSED] - Test Cases/create_first_bin_with_single_site_ws: Test Cases/create_first_bin_with_single_site_ws

2018-06-08 11:42:59 - [TEST_STEP][PASSED] - openBrowser: Browser is opened with url: ''

2018-06-08 11:43:04 - [MESSAGE][PASSED] - Browser is opened with url: ''

2018-06-08 11:43:04 - [TEST_STEP][PASSED] - navigateToUrl: Navigate to 'https://ra.managegrain.com/#/dashboard/userPreferences' successfully

2018-06-08 11:43:07 - [MESSAGE][PASSED] - Navigate to 'https://ra.managegrain.com/#/dashboard/userPreferences' successfully

2018-06-08 11:43:07 - [TEST_STEP][PASSED] - setText: Text 'opiopi20171+00028@gmail.com' is set on object 'Object Repository/create_first_bin_with_single_site_ws/Page_OPI Blue/input_username'

2018-06-08 11:43:13 - [MESSAGE][PASSED] - Text 'opiopi20171+00028@gmail.com' is set on object 'Object Repository/create_first_bin_with_single_site_ws/Page_OPI Blue/input_username'

2018-06-08 11:43:13 - [TEST_STEP][PASSED] - setText: Text 'gWF7Q4IlreZBZUpxglt7' is set on object 'Object Repository/create_first_bin_with_single_site_ws/Page_OPI Blue/input_password'

2018-06-08 11:43:17 - [MESSAGE][PASSED] - Text 'gWF7Q4IlreZBZUpxglt7' is set on object 'Object Repository/create_first_bin_with_single_site_ws/Page_OPI Blue/input_password'

2018-06-08 11:43:17 - [TEST_STEP][PASSED] - click: Object: 'Object Repository/create_first_bin_with_single_site_ws/Page_OPI Blue/button_Log In' is clicked on

2018-06-08 11:43:21 - [MESSAGE][PASSED] - Object: 'Object Repository/create_first_bin_with_single_site_ws/Page_OPI Blue/button_Log In' is clicked on

2018-06-08 11:43:21 - [TEST_STEP][PASSED] - click: Object: 'Object Repository/create_first_bin_with_single_site_ws/Page_Sites and Bins - OPI Blue/span_Sites and Bins' is clicked on

2018-06-08 11:43:23 - [MESSAGE][PASSED] - Object: 'Object Repository/create_first_bin_with_single_site_ws/Page_Sites and Bins - OPI Blue/span_Sites and Bins' is clicked on

2018-06-08 11:43:23 - [TEST_STEP][PASSED] - click: Object: 'Object Repository/create_first_bin_with_single_site_ws/Page_Sites and Bins - OPI Blue/a_Bins' is clicked on

2018-06-08 11:43:25 - [MESSAGE][PASSED] - Object: 'Object Repository/create_first_bin_with_single_site_ws/Page_Sites and Bins - OPI Blue/a_Bins' is clicked on

2018-06-08 11:43:25 - [TEST_STEP][PASSED] - click: Object: 'Object Repository/create_first_bin_with_single_site_ws/Page_Sites and Bins - OPI Blue/button_Create a Bin' is clicked on

2018-06-08 11:43:28 - [MESSAGE][PASSED] - Object: 'Object Repository/create_first_bin_with_single_site_ws/Page_Sites and Bins - OPI Blue/button_Create a Bin' is clicked on

2018-06-08 11:43:28 - [TEST_STEP][PASSED] - setText: Text 'FirstBin' is set on object 'Object Repository/create_first_bin_with_single_site_ws/Page_Sites and Bins - OPI Blue/input_name'

2018-06-08 11:43:32 - [MESSAGE][PASSED] - Text 'FirstBin' is set on object 'Object Repository/create_first_bin_with_single_site_ws/Page_Sites and Bins - OPI Blue/input_name'

2018-06-08 11:43:32 - [TEST_STEP][PASSED] - click: Object: 'Object Repository/create_first_bin_with_single_site_ws/Page_Sites and Bins - OPI Blue/button_Continue' is clicked on

2018-06-08 11:43:34 - [MESSAGE][PASSED] - Object: 'Object Repository/create_first_bin_with_single_site_ws/Page_Sites and Bins - OPI Blue/button_Continue' is clicked on

2018-06-08 11:43:34 - [TEST_STEP][PASSED] - click: Object: 'Object Repository/create_first_bin_with_single_site_ws/Page_Sites and Bins - OPI Blue/strong_skip this step' is clicked on

2018-06-08 11:43:36 - [MESSAGE][PASSED] - Object: 'Object Repository/create_first_bin_with_single_site_ws/Page_Sites and Bins - OPI Blue/strong_skip this step' is clicked on

2018-06-08 11:43:36 - [TEST_STEP][PASSED] - click: Object: 'Object Repository/create_first_bin_with_single_site_ws/Page_Sites and Bins - OPI Blue/strong_skip this step' is clicked on

2018-06-08 11:43:39 - [MESSAGE][PASSED] - Object: 'Object Repository/create_first_bin_with_single_site_ws/Page_Sites and Bins - OPI Blue/strong_skip this step' is clicked on

2018-06-08 11:43:39 - [TEST_STEP][PASSED] - click: Object: 'Object Repository/create_first_bin_with_single_site_ws/Page_Sites and Bins - OPI Blue/button_Continue_1' is clicked on

2018-06-08 11:43:41 - [MESSAGE][PASSED] - Object: 'Object Repository/create_first_bin_with_single_site_ws/Page_Sites and Bins - OPI Blue/button_Continue_1' is clicked on

2018-06-08 11:43:41 - [TEST_STEP][PASSED] - click: Object: 'Object Repository/create_first_bin_with_single_site_ws/Page_Sites and Bins - OPI Blue/strong_skip this step' is clicked on

2018-06-08 11:43:43 - [MESSAGE][PASSED] - Object: 'Object Repository/create_first_bin_with_single_site_ws/Page_Sites and Bins - OPI Blue/strong_skip this step' is clicked on

2018-06-08 11:43:43 - [TEST_STEP][PASSED] - click: Object: 'Object Repository/create_first_bin_with_single_site_ws/Page_Sites and Bins - OPI Blue/button_Continue_2' is clicked on

2018-06-08 11:43:45 - [MESSAGE][PASSED] - Object: 'Object Repository/create_first_bin_with_single_site_ws/Page_Sites and Bins - OPI Blue/button_Continue_2' is clicked on

2018-06-08 11:43:45 - [TEST_STEP][PASSED] - click: Object: 'Object Repository/create_first_bin_with_single_site_ws/Page_Sites and Bins - OPI Blue/strong_skip this step' is clicked on

2018-06-08 11:43:47 - [MESSAGE][PASSED] - Object: 'Object Repository/create_first_bin_with_single_site_ws/Page_Sites and Bins - OPI Blue/strong_skip this step' is clicked on

2018-06-08 11:43:47 - [TEST_STEP][PASSED] - click: Object: 'Object Repository/create_first_bin_with_single_site_ws/Page_Sites and Bins - OPI Blue/strong_skip this step' is clicked on

2018-06-08 11:43:49 - [MESSAGE][PASSED] - Object: 'Object Repository/create_first_bin_with_single_site_ws/Page_Sites and Bins - OPI Blue/strong_skip this step' is clicked on

2018-06-08 11:43:49 - [TEST_STEP][PASSED] - waitForElementPresent: Object 'Object Repository/create_first_bin_with_single_site_ws/Page_Sites and Bins - OPI Blue/button_View Bin' is present

2018-06-08 11:43:51 - [MESSAGE][PASSED] - Object 'Object Repository/create_first_bin_with_single_site_ws/Page_Sites and Bins - OPI Blue/button_View Bin' is present

2018-06-08 11:43:51 - [TEST_STEP][PASSED] - waitForElementClickable: Object 'Object Repository/create_first_bin_with_single_site_ws/Page_Sites and Bins - OPI Blue/button_View Bin' is clickable

2018-06-08 11:43:53 - [MESSAGE][PASSED] - Object 'Object Repository/create_first_bin_with_single_site_ws/Page_Sites and Bins - OPI Blue/button_View Bin' is clickable

2018-06-08 11:43:53 - [TEST_STEP][PASSED] - click: Object: 'Object Repository/create_first_bin_with_single_site_ws/Page_Sites and Bins - OPI Blue/button_View Bin' is clicked on

2018-06-08 11:43:55 - [MESSAGE][PASSED] - Object: 'Object Repository/create_first_bin_with_single_site_ws/Page_Sites and Bins - OPI Blue/button_View Bin' is clicked on

2018-06-08 11:43:55 - [TEST_STEP][PASSED] - waitForElementPresent: Object 'Object Repository/create_first_bin_with_single_site_ws/Page_Sites and Bins - OPI Blue/a_Log out' is present

2018-06-08 11:43:56 - [MESSAGE][PASSED] - Object 'Object Repository/create_first_bin_with_single_site_ws/Page_Sites and Bins - OPI Blue/a_Log out' is present

2018-06-08 11:43:56 - [TEST_STEP][PASSED] - waitForElementClickable: Object 'Object Repository/create_first_bin_with_single_site_ws/Page_Sites and Bins - OPI Blue/a_Log out' is clickable

2018-06-08 11:43:58 - [MESSAGE][PASSED] - Object 'Object Repository/create_first_bin_with_single_site_ws/Page_Sites and Bins - OPI Blue/a_Log out' is clickable

2018-06-08 11:43:58 - [TEST_STEP][PASSED] - click: Object: 'Object Repository/create_first_bin_with_single_site_ws/Page_Sites and Bins - OPI Blue/a_Log out' is clicked on

2018-06-08 11:44:01 - [MESSAGE][PASSED] - Object: 'Object Repository/create_first_bin_with_single_site_ws/Page_Sites and Bins - OPI Blue/a_Log out' is clicked on

2018-06-08 11:44:01 - [TEST_STEP][PASSED] - closeBrowser: Browser is closed

2018-06-08 11:44:03 - [MESSAGE][PASSED] - Browser is closed]]></system-out>
         <system-err><![CDATA[]]></system-err>
      </testcase>
      <testcase name="Test Cases/create_second_bin_with_cables_single_site_without_ws_fan_plenum" classname="Test Cases/create_second_bin_with_cables_single_site_without_ws_fan_plenum" status="PASSED">
         <system-out><![CDATA[2018-06-08 11:44:05 - [TEST_CASE][PASSED] - Test Cases/create_second_bin_with_cables_single_site_without_ws_fan_plenum: Test Cases/create_second_bin_with_cables_single_site_without_ws_fan_plenum

2018-06-08 11:44:05 - [TEST_STEP][PASSED] - openBrowser: Browser is opened with url: ''

2018-06-08 11:44:10 - [MESSAGE][PASSED] - Browser is opened with url: ''

2018-06-08 11:44:10 - [TEST_STEP][PASSED] - navigateToUrl: Navigate to 'https://ra.managegrain.com/#/dashboard/userPreferences' successfully

2018-06-08 11:44:13 - [MESSAGE][PASSED] - Navigate to 'https://ra.managegrain.com/#/dashboard/userPreferences' successfully

2018-06-08 11:44:13 - [TEST_STEP][PASSED] - setText: Text 'opiopi20171+00028@gmail.com' is set on object 'Object Repository/create_second_bin_with_cables_single_site_without_ws_fan_plenum/Page_OPI Blue/input_username'

2018-06-08 11:44:19 - [MESSAGE][PASSED] - Text 'opiopi20171+00028@gmail.com' is set on object 'Object Repository/create_second_bin_with_cables_single_site_without_ws_fan_plenum/Page_OPI Blue/input_username'

2018-06-08 11:44:19 - [TEST_STEP][PASSED] - setText: Text 'gWF7Q4IlreZBZUpxglt7' is set on object 'Object Repository/create_second_bin_with_cables_single_site_without_ws_fan_plenum/Page_OPI Blue/input_password'

2018-06-08 11:44:23 - [MESSAGE][PASSED] - Text 'gWF7Q4IlreZBZUpxglt7' is set on object 'Object Repository/create_second_bin_with_cables_single_site_without_ws_fan_plenum/Page_OPI Blue/input_password'

2018-06-08 11:44:23 - [TEST_STEP][PASSED] - click: Object: 'Object Repository/create_second_bin_with_cables_single_site_without_ws_fan_plenum/Page_OPI Blue/button_Log In' is clicked on

2018-06-08 11:44:27 - [MESSAGE][PASSED] - Object: 'Object Repository/create_second_bin_with_cables_single_site_without_ws_fan_plenum/Page_OPI Blue/button_Log In' is clicked on

2018-06-08 11:44:27 - [TEST_STEP][PASSED] - click: Object: 'Object Repository/create_second_bin_with_cables_single_site_without_ws_fan_plenum/Page_Dashboard - OPI Blue/span_Sites and Bins' is clicked on

2018-06-08 11:44:29 - [MESSAGE][PASSED] - Object: 'Object Repository/create_second_bin_with_cables_single_site_without_ws_fan_plenum/Page_Dashboard - OPI Blue/span_Sites and Bins' is clicked on

2018-06-08 11:44:29 - [TEST_STEP][PASSED] - click: Object: 'Object Repository/create_second_bin_with_cables_single_site_without_ws_fan_plenum/Page_Sites and Bins - OPI Blue/a_Bins' is clicked on

2018-06-08 11:44:31 - [MESSAGE][PASSED] - Object: 'Object Repository/create_second_bin_with_cables_single_site_without_ws_fan_plenum/Page_Sites and Bins - OPI Blue/a_Bins' is clicked on

2018-06-08 11:44:31 - [TEST_STEP][PASSED] - click: Object: 'Object Repository/create_second_bin_with_cables_single_site_without_ws_fan_plenum/Page_Sites and Bins - OPI Blue/button_Create a Bin' is clicked on

2018-06-08 11:44:34 - [MESSAGE][PASSED] - Object: 'Object Repository/create_second_bin_with_cables_single_site_without_ws_fan_plenum/Page_Sites and Bins - OPI Blue/button_Create a Bin' is clicked on

2018-06-08 11:44:34 - [TEST_STEP][PASSED] - setText: Text 'SecondBin' is set on object 'Object Repository/create_second_bin_with_cables_single_site_without_ws_fan_plenum/Page_Sites and Bins - OPI Blue/input_name'

2018-06-08 11:44:38 - [MESSAGE][PASSED] - Text 'SecondBin' is set on object 'Object Repository/create_second_bin_with_cables_single_site_without_ws_fan_plenum/Page_Sites and Bins - OPI Blue/input_name'

2018-06-08 11:44:38 - [TEST_STEP][PASSED] - click: Object: 'Object Repository/create_second_bin_with_cables_single_site_without_ws_fan_plenum/Page_Sites and Bins - OPI Blue/button_Continue' is clicked on

2018-06-08 11:44:40 - [MESSAGE][PASSED] - Object: 'Object Repository/create_second_bin_with_cables_single_site_without_ws_fan_plenum/Page_Sites and Bins - OPI Blue/button_Continue' is clicked on

2018-06-08 11:44:40 - [TEST_STEP][PASSED] - click: Object: 'Object Repository/create_second_bin_with_cables_single_site_without_ws_fan_plenum/Page_Sites and Bins - OPI Blue/span_Select' is clicked on

2018-06-08 11:44:43 - [MESSAGE][PASSED] - Object: 'Object Repository/create_second_bin_with_cables_single_site_without_ws_fan_plenum/Page_Sites and Bins - OPI Blue/span_Select' is clicked on

2018-06-08 11:44:43 - [TEST_STEP][PASSED] - click: Object: 'Object Repository/create_second_bin_with_cables_single_site_without_ws_fan_plenum/Page_Sites and Bins - OPI Blue/div_919' is clicked on

2018-06-08 11:44:45 - [MESSAGE][PASSED] - Object: 'Object Repository/create_second_bin_with_cables_single_site_without_ws_fan_plenum/Page_Sites and Bins - OPI Blue/div_919' is clicked on

2018-06-08 11:44:45 - [TEST_STEP][PASSED] - waitForElementPresent: Object 'Object Repository/create_second_bin_with_cables_single_site_without_ws_fan_plenum/spy_web/Page_Sites and Bins - OPI Blue/b' is present

2018-06-08 11:44:46 - [MESSAGE][PASSED] - Object 'Object Repository/create_second_bin_with_cables_single_site_without_ws_fan_plenum/spy_web/Page_Sites and Bins - OPI Blue/b' is present

2018-06-08 11:44:46 - [TEST_STEP][PASSED] - waitForElementVisible: Object 'Object Repository/create_second_bin_with_cables_single_site_without_ws_fan_plenum/spy_web/Page_Sites and Bins - OPI Blue/b' is visible

2018-06-08 11:44:48 - [MESSAGE][PASSED] - Object 'Object Repository/create_second_bin_with_cables_single_site_without_ws_fan_plenum/spy_web/Page_Sites and Bins - OPI Blue/b' is visible

2018-06-08 11:44:48 - [TEST_STEP][PASSED] - waitForElementClickable: Object 'Object Repository/create_second_bin_with_cables_single_site_without_ws_fan_plenum/spy_web/Page_Sites and Bins - OPI Blue/b' is clickable

2018-06-08 11:44:50 - [MESSAGE][PASSED] - Object 'Object Repository/create_second_bin_with_cables_single_site_without_ws_fan_plenum/spy_web/Page_Sites and Bins - OPI Blue/b' is clickable

2018-06-08 11:44:50 - [TEST_STEP][PASSED] - click: Object: 'Object Repository/create_second_bin_with_cables_single_site_without_ws_fan_plenum/spy_web/Page_Sites and Bins - OPI Blue/b' is clicked on

2018-06-08 11:44:52 - [MESSAGE][PASSED] - Object: 'Object Repository/create_second_bin_with_cables_single_site_without_ws_fan_plenum/spy_web/Page_Sites and Bins - OPI Blue/b' is clicked on

2018-06-08 11:44:52 - [TEST_STEP][PASSED] - click: Object: 'Object Repository/create_second_bin_with_cables_single_site_without_ws_fan_plenum/Page_Sites and Bins - OPI Blue/div_Blackbean' is clicked on

2018-06-08 11:44:54 - [MESSAGE][PASSED] - Object: 'Object Repository/create_second_bin_with_cables_single_site_without_ws_fan_plenum/Page_Sites and Bins - OPI Blue/div_Blackbean' is clicked on

2018-06-08 11:44:54 - [TEST_STEP][PASSED] - click: Object: 'Object Repository/create_second_bin_with_cables_single_site_without_ws_fan_plenum/Page_Sites and Bins - OPI Blue/button_Continue_1' is clicked on

2018-06-08 11:44:57 - [MESSAGE][PASSED] - Object: 'Object Repository/create_second_bin_with_cables_single_site_without_ws_fan_plenum/Page_Sites and Bins - OPI Blue/button_Continue_1' is clicked on

2018-06-08 11:44:57 - [TEST_STEP][PASSED] - setText: Text '2018-01-01' is set on object 'Object Repository/create_second_bin_with_cables_single_site_without_ws_fan_plenum/Page_Sites and Bins - OPI Blue/input_ng-pristine ng-untouched'

2018-06-08 11:45:01 - [MESSAGE][PASSED] - Text '2018-01-01' is set on object 'Object Repository/create_second_bin_with_cables_single_site_without_ws_fan_plenum/Page_Sites and Bins - OPI Blue/input_ng-pristine ng-untouched'

2018-06-08 11:45:01 - [TEST_STEP][PASSED] - setText: Text '10000' is set on object 'Object Repository/create_second_bin_with_cables_single_site_without_ws_fan_plenum/Page_Sites and Bins - OPI Blue/input_capacity'

2018-06-08 11:45:05 - [MESSAGE][PASSED] - Text '10000' is set on object 'Object Repository/create_second_bin_with_cables_single_site_without_ws_fan_plenum/Page_Sites and Bins - OPI Blue/input_capacity'

2018-06-08 11:45:05 - [TEST_STEP][PASSED] - click: Object: 'Object Repository/create_second_bin_with_cables_single_site_without_ws_fan_plenum/Page_Sites and Bins - OPI Blue/button_Continue_1' is clicked on

2018-06-08 11:45:07 - [MESSAGE][PASSED] - Object: 'Object Repository/create_second_bin_with_cables_single_site_without_ws_fan_plenum/Page_Sites and Bins - OPI Blue/button_Continue_1' is clicked on

2018-06-08 11:45:07 - [TEST_STEP][PASSED] - click: Object: 'Object Repository/create_second_bin_with_cables_single_site_without_ws_fan_plenum/Page_Sites and Bins - OPI Blue/button_Continue_1' is clicked on

2018-06-08 11:45:10 - [MESSAGE][PASSED] - Object: 'Object Repository/create_second_bin_with_cables_single_site_without_ws_fan_plenum/Page_Sites and Bins - OPI Blue/button_Continue_1' is clicked on

2018-06-08 11:45:10 - [TEST_STEP][PASSED] - click: Object: 'Object Repository/create_second_bin_with_cables_single_site_without_ws_fan_plenum/Page_Sites and Bins - OPI Blue/i_icon-plus' is clicked on

2018-06-08 11:45:12 - [MESSAGE][PASSED] - Object: 'Object Repository/create_second_bin_with_cables_single_site_without_ws_fan_plenum/Page_Sites and Bins - OPI Blue/i_icon-plus' is clicked on

2018-06-08 11:45:12 - [TEST_STEP][PASSED] - click: Object: 'Object Repository/create_second_bin_with_cables_single_site_without_ws_fan_plenum/Page_Sites and Bins - OPI Blue/a_edit-btn' is clicked on

2018-06-08 11:45:14 - [MESSAGE][PASSED] - Object: 'Object Repository/create_second_bin_with_cables_single_site_without_ws_fan_plenum/Page_Sites and Bins - OPI Blue/a_edit-btn' is clicked on

2018-06-08 11:45:14 - [TEST_STEP][PASSED] - click: Object: 'Object Repository/create_second_bin_with_cables_single_site_without_ws_fan_plenum/Page_Sites and Bins - OPI Blue/button_Continue_1' is clicked on

2018-06-08 11:45:16 - [MESSAGE][PASSED] - Object: 'Object Repository/create_second_bin_with_cables_single_site_without_ws_fan_plenum/Page_Sites and Bins - OPI Blue/button_Continue_1' is clicked on

2018-06-08 11:45:16 - [TEST_STEP][PASSED] - waitForElementPresent: Object 'Object Repository/create_second_bin_with_cables_single_site_without_ws_fan_plenum/Page_Sites and Bins - OPI Blue/button_Continue_2' is present

2018-06-08 11:45:17 - [MESSAGE][PASSED] - Object 'Object Repository/create_second_bin_with_cables_single_site_without_ws_fan_plenum/Page_Sites and Bins - OPI Blue/button_Continue_2' is present

2018-06-08 11:45:17 - [TEST_STEP][PASSED] - waitForElementClickable: Object 'Object Repository/create_second_bin_with_cables_single_site_without_ws_fan_plenum/Page_Sites and Bins - OPI Blue/button_Continue_2' is clickable

2018-06-08 11:45:19 - [MESSAGE][PASSED] - Object 'Object Repository/create_second_bin_with_cables_single_site_without_ws_fan_plenum/Page_Sites and Bins - OPI Blue/button_Continue_2' is clickable

2018-06-08 11:45:19 - [TEST_STEP][PASSED] - click: Object: 'Object Repository/create_second_bin_with_cables_single_site_without_ws_fan_plenum/Page_Sites and Bins - OPI Blue/button_Continue_2' is clicked on

2018-06-08 11:45:22 - [MESSAGE][PASSED] - Object: 'Object Repository/create_second_bin_with_cables_single_site_without_ws_fan_plenum/Page_Sites and Bins - OPI Blue/button_Continue_2' is clicked on

2018-06-08 11:45:22 - [TEST_STEP][PASSED] - click: Object: 'Object Repository/create_second_bin_with_cables_single_site_without_ws_fan_plenum/Page_Sites and Bins - OPI Blue/button_Continue_1' is clicked on

2018-06-08 11:45:24 - [MESSAGE][PASSED] - Object: 'Object Repository/create_second_bin_with_cables_single_site_without_ws_fan_plenum/Page_Sites and Bins - OPI Blue/button_Continue_1' is clicked on

2018-06-08 11:45:24 - [TEST_STEP][PASSED] - click: Object: 'Object Repository/create_second_bin_with_cables_single_site_without_ws_fan_plenum/Page_Sites and Bins - OPI Blue/button_Continue_2' is clicked on

2018-06-08 11:45:26 - [MESSAGE][PASSED] - Object: 'Object Repository/create_second_bin_with_cables_single_site_without_ws_fan_plenum/Page_Sites and Bins - OPI Blue/button_Continue_2' is clicked on

2018-06-08 11:45:26 - [TEST_STEP][PASSED] - waitForElementPresent: Object 'Object Repository/create_second_bin_with_cables_single_site_without_ws_fan_plenum/Page_Sites and Bins - OPI Blue/button_View Bin' is present

2018-06-08 11:45:27 - [MESSAGE][PASSED] - Object 'Object Repository/create_second_bin_with_cables_single_site_without_ws_fan_plenum/Page_Sites and Bins - OPI Blue/button_View Bin' is present

2018-06-08 11:45:27 - [TEST_STEP][PASSED] - waitForElementClickable: Object 'Object Repository/create_second_bin_with_cables_single_site_without_ws_fan_plenum/Page_Sites and Bins - OPI Blue/button_View Bin' is clickable

2018-06-08 11:45:29 - [MESSAGE][PASSED] - Object 'Object Repository/create_second_bin_with_cables_single_site_without_ws_fan_plenum/Page_Sites and Bins - OPI Blue/button_View Bin' is clickable

2018-06-08 11:45:29 - [TEST_STEP][PASSED] - click: Object: 'Object Repository/create_second_bin_with_cables_single_site_without_ws_fan_plenum/Page_Sites and Bins - OPI Blue/button_View Bin' is clicked on

2018-06-08 11:45:31 - [MESSAGE][PASSED] - Object: 'Object Repository/create_second_bin_with_cables_single_site_without_ws_fan_plenum/Page_Sites and Bins - OPI Blue/button_View Bin' is clicked on

2018-06-08 11:45:31 - [TEST_STEP][PASSED] - waitForElementPresent: Object 'Object Repository/create_second_bin_with_cables_single_site_without_ws_fan_plenum/Page_Sites and Bins - OPI Blue/a_Log out' is present

2018-06-08 11:45:32 - [MESSAGE][PASSED] - Object 'Object Repository/create_second_bin_with_cables_single_site_without_ws_fan_plenum/Page_Sites and Bins - OPI Blue/a_Log out' is present

2018-06-08 11:45:32 - [TEST_STEP][PASSED] - waitForElementClickable: Object 'Object Repository/create_second_bin_with_cables_single_site_without_ws_fan_plenum/Page_Sites and Bins - OPI Blue/a_Log out' is clickable

2018-06-08 11:45:34 - [MESSAGE][PASSED] - Object 'Object Repository/create_second_bin_with_cables_single_site_without_ws_fan_plenum/Page_Sites and Bins - OPI Blue/a_Log out' is clickable

2018-06-08 11:45:34 - [TEST_STEP][PASSED] - click: Object: 'Object Repository/create_second_bin_with_cables_single_site_without_ws_fan_plenum/Page_Sites and Bins - OPI Blue/a_Log out' is clicked on

2018-06-08 11:45:37 - [MESSAGE][PASSED] - Object: 'Object Repository/create_second_bin_with_cables_single_site_without_ws_fan_plenum/Page_Sites and Bins - OPI Blue/a_Log out' is clicked on

2018-06-08 11:45:37 - [TEST_STEP][PASSED] - closeBrowser: Browser is closed

2018-06-08 11:45:39 - [MESSAGE][PASSED] - Browser is closed]]></system-out>
         <system-err><![CDATA[]]></system-err>
      </testcase>
      <testcase name="Test Cases/add_plenum_on_bin" classname="Test Cases/add_plenum_on_bin" status="PASSED">
         <system-out><![CDATA[2018-06-08 11:45:41 - [TEST_CASE][PASSED] - Test Cases/add_plenum_on_bin: Test Cases/add_plenum_on_bin

2018-06-08 11:45:41 - [TEST_STEP][PASSED] - openBrowser: Browser is opened with url: ''

2018-06-08 11:45:46 - [MESSAGE][PASSED] - Browser is opened with url: ''

2018-06-08 11:45:46 - [TEST_STEP][PASSED] - navigateToUrl: Navigate to 'https://ra.managegrain.com/#/dashboard/userPreferences' successfully

2018-06-08 11:45:50 - [MESSAGE][PASSED] - Navigate to 'https://ra.managegrain.com/#/dashboard/userPreferences' successfully

2018-06-08 11:45:50 - [TEST_STEP][PASSED] - setText: Text 'opiopi20171+00028@gmail.com' is set on object 'Object Repository/create_bin_add_plenum_only/Page_OPI Blue/input_username'

2018-06-08 11:45:56 - [MESSAGE][PASSED] - Text 'opiopi20171+00028@gmail.com' is set on object 'Object Repository/create_bin_add_plenum_only/Page_OPI Blue/input_username'

2018-06-08 11:45:56 - [TEST_STEP][PASSED] - setEncryptedText: Text ****** has been set on object 'Object Repository/create_bin_add_plenum_only/Page_OPI Blue/input_password'

2018-06-08 11:45:59 - [MESSAGE][PASSED] - Text ****** has been set on object 'Object Repository/create_bin_add_plenum_only/Page_OPI Blue/input_password'

2018-06-08 11:45:59 - [TEST_STEP][PASSED] - click: Object: 'Object Repository/create_bin_add_plenum_only/Page_OPI Blue/button_Log In' is clicked on

2018-06-08 11:46:03 - [MESSAGE][PASSED] - Object: 'Object Repository/create_bin_add_plenum_only/Page_OPI Blue/button_Log In' is clicked on

2018-06-08 11:46:03 - [TEST_STEP][PASSED] - click: Object: 'Object Repository/create_bin_add_plenum_only/Page_Dashboard - OPI Blue/span_Sites and Bins' is clicked on

2018-06-08 11:46:05 - [MESSAGE][PASSED] - Object: 'Object Repository/create_bin_add_plenum_only/Page_Dashboard - OPI Blue/span_Sites and Bins' is clicked on

2018-06-08 11:46:05 - [TEST_STEP][PASSED] - click: Object: 'Object Repository/create_bin_add_plenum_only/Page_Sites and Bins - OPI Blue/a_Bins' is clicked on

2018-06-08 11:46:07 - [MESSAGE][PASSED] - Object: 'Object Repository/create_bin_add_plenum_only/Page_Sites and Bins - OPI Blue/a_Bins' is clicked on

2018-06-08 11:46:07 - [TEST_STEP][PASSED] - click: Object: 'Object Repository/create_bin_add_plenum_only/Page_Sites and Bins - OPI Blue/a_Plenum' is clicked on

2018-06-08 11:46:10 - [MESSAGE][PASSED] - Object: 'Object Repository/create_bin_add_plenum_only/Page_Sites and Bins - OPI Blue/a_Plenum' is clicked on

2018-06-08 11:46:10 - [TEST_STEP][PASSED] - click: Object: 'Object Repository/create_bin_add_plenum_only/Page_Sites and Bins - OPI Blue/button_Add a Plenum Sensor' is clicked on

2018-06-08 11:46:12 - [MESSAGE][PASSED] - Object: 'Object Repository/create_bin_add_plenum_only/Page_Sites and Bins - OPI Blue/button_Add a Plenum Sensor' is clicked on

2018-06-08 11:46:12 - [TEST_STEP][PASSED] - click: Object: 'Object Repository/create_bin_add_plenum_only/Page_Sites and Bins - OPI Blue/span_Select' is clicked on

2018-06-08 11:46:14 - [MESSAGE][PASSED] - Object: 'Object Repository/create_bin_add_plenum_only/Page_Sites and Bins - OPI Blue/span_Select' is clicked on

2018-06-08 11:46:14 - [TEST_STEP][PASSED] - click: Object: 'Object Repository/create_bin_add_plenum_only/Page_Sites and Bins - OPI Blue/spy_web/Page_Sites and Bins - OPI Blue/div_089CDB-FN' is clicked on

2018-06-08 11:46:16 - [MESSAGE][PASSED] - Object: 'Object Repository/create_bin_add_plenum_only/Page_Sites and Bins - OPI Blue/spy_web/Page_Sites and Bins - OPI Blue/div_089CDB-FN' is clicked on

2018-06-08 11:46:16 - [TEST_STEP][PASSED] - click: Object: 'Object Repository/create_bin_add_plenum_only/Page_Sites and Bins - OPI Blue/button_Save' is clicked on

2018-06-08 11:46:18 - [MESSAGE][PASSED] - Object: 'Object Repository/create_bin_add_plenum_only/Page_Sites and Bins - OPI Blue/button_Save' is clicked on

2018-06-08 11:46:18 - [TEST_STEP][PASSED] - waitForElementPresent: Object 'Object Repository/create_bin_add_plenum_only/Page_Sites and Bins - OPI Blue/a_Log out' is present

2018-06-08 11:46:19 - [MESSAGE][PASSED] - Object 'Object Repository/create_bin_add_plenum_only/Page_Sites and Bins - OPI Blue/a_Log out' is present

2018-06-08 11:46:19 - [TEST_STEP][PASSED] - waitForElementClickable: Object 'Object Repository/create_bin_add_plenum_only/Page_Sites and Bins - OPI Blue/a_Log out' is clickable

2018-06-08 11:46:21 - [MESSAGE][PASSED] - Object 'Object Repository/create_bin_add_plenum_only/Page_Sites and Bins - OPI Blue/a_Log out' is clickable

2018-06-08 11:46:21 - [TEST_STEP][PASSED] - click: Object: 'Object Repository/create_bin_add_plenum_only/Page_Sites and Bins - OPI Blue/a_Log out' is clicked on

2018-06-08 11:46:24 - [MESSAGE][PASSED] - Object: 'Object Repository/create_bin_add_plenum_only/Page_Sites and Bins - OPI Blue/a_Log out' is clicked on

2018-06-08 11:46:24 - [TEST_STEP][PASSED] - closeBrowser: Browser is closed

2018-06-08 11:46:26 - [MESSAGE][PASSED] - Browser is closed]]></system-out>
         <system-err><![CDATA[]]></system-err>
      </testcase>
      <testcase name="Test Cases/add_fan_on_bin" classname="Test Cases/add_fan_on_bin" status="PASSED">
         <system-out><![CDATA[2018-06-08 11:46:28 - [TEST_CASE][PASSED] - Test Cases/add_fan_on_bin: Test Cases/add_fan_on_bin

2018-06-08 11:46:29 - [TEST_STEP][PASSED] - openBrowser: Browser is opened with url: ''

2018-06-08 11:46:33 - [MESSAGE][PASSED] - Browser is opened with url: ''

2018-06-08 11:46:33 - [TEST_STEP][PASSED] - navigateToUrl: Navigate to 'https://ra.managegrain.com/#/dashboard/userPreferences' successfully

2018-06-08 11:46:37 - [MESSAGE][PASSED] - Navigate to 'https://ra.managegrain.com/#/dashboard/userPreferences' successfully

2018-06-08 11:46:37 - [TEST_STEP][PASSED] - setText: Text 'opiopi20171+00028@gmail.com' is set on object 'Object Repository/create_bin_add_fan_only/Page_OPI Blue/input_username'

2018-06-08 11:46:43 - [MESSAGE][PASSED] - Text 'opiopi20171+00028@gmail.com' is set on object 'Object Repository/create_bin_add_fan_only/Page_OPI Blue/input_username'

2018-06-08 11:46:43 - [TEST_STEP][PASSED] - setEncryptedText: Text ****** has been set on object 'Object Repository/create_bin_add_fan_only/Page_OPI Blue/input_password'

2018-06-08 11:46:46 - [MESSAGE][PASSED] - Text ****** has been set on object 'Object Repository/create_bin_add_fan_only/Page_OPI Blue/input_password'

2018-06-08 11:46:46 - [TEST_STEP][PASSED] - click: Object: 'Object Repository/create_bin_add_fan_only/Page_OPI Blue/button_Log In' is clicked on

2018-06-08 11:46:49 - [MESSAGE][PASSED] - Object: 'Object Repository/create_bin_add_fan_only/Page_OPI Blue/button_Log In' is clicked on

2018-06-08 11:46:49 - [TEST_STEP][PASSED] - click: Object: 'Object Repository/create_bin_add_fan_only/Page_Dashboard - OPI Blue/span_Sites and Bins' is clicked on

2018-06-08 11:46:52 - [MESSAGE][PASSED] - Object: 'Object Repository/create_bin_add_fan_only/Page_Dashboard - OPI Blue/span_Sites and Bins' is clicked on

2018-06-08 11:46:52 - [TEST_STEP][PASSED] - click: Object: 'Object Repository/create_bin_add_fan_only/Page_Sites and Bins - OPI Blue/a_Bins' is clicked on

2018-06-08 11:46:54 - [MESSAGE][PASSED] - Object: 'Object Repository/create_bin_add_fan_only/Page_Sites and Bins - OPI Blue/a_Bins' is clicked on

2018-06-08 11:46:54 - [TEST_STEP][PASSED] - click: Object: 'Object Repository/create_bin_add_fan_only/Page_Sites and Bins - OPI Blue/a_Fans' is clicked on

2018-06-08 11:46:56 - [MESSAGE][PASSED] - Object: 'Object Repository/create_bin_add_fan_only/Page_Sites and Bins - OPI Blue/a_Fans' is clicked on

2018-06-08 11:46:56 - [TEST_STEP][PASSED] - click: Object: 'Object Repository/create_bin_add_fan_only/Page_Sites and Bins - OPI Blue/button_Add a Fan' is clicked on

2018-06-08 11:46:59 - [MESSAGE][PASSED] - Object: 'Object Repository/create_bin_add_fan_only/Page_Sites and Bins - OPI Blue/button_Add a Fan' is clicked on

2018-06-08 11:46:59 - [TEST_STEP][PASSED] - click: Object: 'Object Repository/create_bin_add_fan_only/Page_Sites and Bins - OPI Blue/span_Select' is clicked on

2018-06-08 11:47:01 - [MESSAGE][PASSED] - Object: 'Object Repository/create_bin_add_fan_only/Page_Sites and Bins - OPI Blue/span_Select' is clicked on

2018-06-08 11:47:01 - [TEST_STEP][NOT_RUN] - click: NOT_RUN: click

2018-06-08 11:47:01 - [MESSAGE][NOT_RUN] - NOT_RUN: click

2018-06-08 11:47:01 - [TEST_STEP][PASSED] - click: Object: 'Object Repository/create_bin/create_bin_add_fan/Page_Sites and Bins - OPI Blue/spy_web/Page_Sites and Bins - OPI Blue/div_089CDB-FN (MAC HFF0004)' is clicked on

2018-06-08 11:47:03 - [MESSAGE][PASSED] - Object: 'Object Repository/create_bin/create_bin_add_fan/Page_Sites and Bins - OPI Blue/spy_web/Page_Sites and Bins - OPI Blue/div_089CDB-FN (MAC HFF0004)' is clicked on

2018-06-08 11:47:03 - [TEST_STEP][NOT_RUN] - waitForElementPresent: NOT_RUN: waitForElementPresent

2018-06-08 11:47:03 - [MESSAGE][NOT_RUN] - NOT_RUN: waitForElementPresent

2018-06-08 11:47:03 - [TEST_STEP][NOT_RUN] - waitForElementVisible: NOT_RUN: waitForElementVisible

2018-06-08 11:47:03 - [MESSAGE][NOT_RUN] - NOT_RUN: waitForElementVisible

2018-06-08 11:47:03 - [TEST_STEP][NOT_RUN] - waitForElementClickable: NOT_RUN: waitForElementClickable

2018-06-08 11:47:03 - [MESSAGE][NOT_RUN] - NOT_RUN: waitForElementClickable

2018-06-08 11:47:03 - [TEST_STEP][PASSED] - click: Object: 'Object Repository/create_bin_add_fan_only/spy_web/Page_Sites and Bins - OPI Blue (2)/b' is clicked on

2018-06-08 11:47:05 - [MESSAGE][PASSED] - Object: 'Object Repository/create_bin_add_fan_only/spy_web/Page_Sites and Bins - OPI Blue (2)/b' is clicked on

2018-06-08 11:47:05 - [TEST_STEP][PASSED] - click: Object: 'Object Repository/create_bin_add_fan_only/Page_Sites and Bins - OPI Blue/div_1' is clicked on

2018-06-08 11:47:07 - [MESSAGE][PASSED] - Object: 'Object Repository/create_bin_add_fan_only/Page_Sites and Bins - OPI Blue/div_1' is clicked on

2018-06-08 11:47:07 - [TEST_STEP][PASSED] - click: Object: 'Object Repository/create_bin_add_fan_only/Page_Sites and Bins - OPI Blue/span_Manual' is clicked on

2018-06-08 11:47:10 - [MESSAGE][PASSED] - Object: 'Object Repository/create_bin_add_fan_only/Page_Sites and Bins - OPI Blue/span_Manual' is clicked on

2018-06-08 11:47:10 - [TEST_STEP][PASSED] - click: Object: 'Object Repository/create_bin_add_fan_only/Page_Sites and Bins - OPI Blue/div_Manual' is clicked on

2018-06-08 11:47:12 - [MESSAGE][PASSED] - Object: 'Object Repository/create_bin_add_fan_only/Page_Sites and Bins - OPI Blue/div_Manual' is clicked on

2018-06-08 11:47:12 - [TEST_STEP][PASSED] - click: Object: 'Object Repository/create_bin_add_fan_only/Page_Sites and Bins - OPI Blue/button_Save' is clicked on

2018-06-08 11:47:14 - [MESSAGE][PASSED] - Object: 'Object Repository/create_bin_add_fan_only/Page_Sites and Bins - OPI Blue/button_Save' is clicked on

2018-06-08 11:47:14 - [TEST_STEP][PASSED] - waitForElementPresent: Object 'Object Repository/create_bin_add_fan_only/Page_Sites and Bins - OPI Blue/a_Log out' is present

2018-06-08 11:47:15 - [MESSAGE][PASSED] - Object 'Object Repository/create_bin_add_fan_only/Page_Sites and Bins - OPI Blue/a_Log out' is present

2018-06-08 11:47:15 - [TEST_STEP][PASSED] - waitForElementClickable: Object 'Object Repository/create_bin_add_fan_only/Page_Sites and Bins - OPI Blue/a_Log out' is clickable

2018-06-08 11:47:17 - [MESSAGE][PASSED] - Object 'Object Repository/create_bin_add_fan_only/Page_Sites and Bins - OPI Blue/a_Log out' is clickable

2018-06-08 11:47:17 - [TEST_STEP][PASSED] - click: Object: 'Object Repository/create_bin_add_fan_only/Page_Sites and Bins - OPI Blue/a_Log out' is clicked on

2018-06-08 11:47:20 - [MESSAGE][PASSED] - Object: 'Object Repository/create_bin_add_fan_only/Page_Sites and Bins - OPI Blue/a_Log out' is clicked on

2018-06-08 11:47:20 - [TEST_STEP][PASSED] - closeBrowser: Browser is closed

2018-06-08 11:47:22 - [MESSAGE][PASSED] - Browser is closed]]></system-out>
         <system-err><![CDATA[]]></system-err>
      </testcase>
      <system-out><![CDATA[2018-06-08 11:38:55 - [TEST_SUITE][PASSED] - regGW_regNode_mapNode_createSite_createBin: Test Cases/add_fan_on_bin]]></system-out>
      <system-err><![CDATA[]]></system-err>
   </testsuite>
</testsuites>
