<?xml version="1.0" encoding="UTF-8"?>
<testsuites name="regGW_regNode_mapNode_createSite_createBin" time="314" tests="6" failures="0" errors="0">
   <testsuite name="regGW_regNode_mapNode_createSite_createBin" tests="6" failures="0" errors="0" time="314" timestamp="2018-06-08 09:59:05" hostname="geetab - OPI-LT66.opisystems.local" id="Test Suites/regGW_regNode_mapNode_createSite_createBin">
      <properties>
         <property name="deviceName" value=""/>
         <property name="devicePlatform" value=""/>
         <property name="logFolder" value="C:\\Users\\geetab\\Katalon Studio\\RA_opi_blue_cloud\\Reports\\regGW_regNode_mapNode_createSite_createBin\\20180608_095903"/>
         <property name="logFiles" value="C:\\Users\\geetab\\Katalon Studio\\RA_opi_blue_cloud\\Reports\\regGW_regNode_mapNode_createSite_createBin\\20180608_095903\\execution0.log"/>
         <property name="attachments" value=""/>
         <property name="hostName" value="geetab - OPI-LT66.opisystems.local"/>
         <property name="os" value="Windows 10 64bit"/>
         <property name="katalonVersion" value="5.4.2.1"/>
         <property name="browser" value="Chrome 67.0.3396.62"/>
         <property name="hostAddress" value="172.16.6.51"/>
         <property name="sessionId" value="aaa358d0866309b46cd4da392b4ef509"/>
         <property name="seleniumVersion" value="3.7.1"/>
         <property name="proxyInformation" value="ProxyInformation{proxyOption=NO_PROXY, proxyServerType=HTTP, password=, proxyServerAddress=, proxyServerPort=0}"/>
         <property name="platform" value="Windows 10"/>
      </properties>
      <testcase name="Test Cases/register_gateway" classname="Test Cases/register_gateway" status="PASSED">
         <system-out><![CDATA[2018-06-08 09:59:05 - [TEST_CASE][PASSED] - Test Cases/register_gateway: Test Cases/register_gateway

2018-06-08 09:59:06 - [TEST_STEP][PASSED] - openBrowser: Browser is opened with url: ''

2018-06-08 09:59:14 - [MESSAGE][PASSED] - Browser is opened with url: ''

2018-06-08 09:59:14 - [TEST_STEP][PASSED] - navigateToUrl: Navigate to 'https://ra.managegrain.com/#/dashboard/userPreferences' successfully

2018-06-08 09:59:17 - [MESSAGE][PASSED] - Navigate to 'https://ra.managegrain.com/#/dashboard/userPreferences' successfully

2018-06-08 09:59:17 - [TEST_STEP][PASSED] - setText: Text 'opiopi20171+00028@gmail.com' is set on object 'Object Repository/register_gateway/Page_OPI Blue/input_username'

2018-06-08 09:59:23 - [MESSAGE][PASSED] - Text 'opiopi20171+00028@gmail.com' is set on object 'Object Repository/register_gateway/Page_OPI Blue/input_username'

2018-06-08 09:59:23 - [TEST_STEP][PASSED] - setText: Text 'gWF7Q4IlreZBZUpxglt7' is set on object 'Object Repository/register_gateway/Page_OPI Blue/input_password'

2018-06-08 09:59:28 - [MESSAGE][PASSED] - Text 'gWF7Q4IlreZBZUpxglt7' is set on object 'Object Repository/register_gateway/Page_OPI Blue/input_password'

2018-06-08 09:59:28 - [TEST_STEP][PASSED] - click: Object: 'Object Repository/register_gateway/Page_OPI Blue/span_Log In' is clicked on

2018-06-08 09:59:31 - [MESSAGE][PASSED] - Object: 'Object Repository/register_gateway/Page_OPI Blue/span_Log In' is clicked on

2018-06-08 09:59:31 - [TEST_STEP][PASSED] - click: Object: 'Object Repository/register_gateway/Page_System Settings - OPI Blue/span_Gateways and Nodes' is clicked on

2018-06-08 09:59:33 - [MESSAGE][PASSED] - Object: 'Object Repository/register_gateway/Page_System Settings - OPI Blue/span_Gateways and Nodes' is clicked on

2018-06-08 09:59:33 - [TEST_STEP][PASSED] - waitForElementPresent: Object 'Object Repository/register_gateway/Page_OPI Blue/Page_Gateways and Nodes - OPI Blue/button_Register a Gateway' is present

2018-06-08 09:59:35 - [MESSAGE][PASSED] - Object 'Object Repository/register_gateway/Page_OPI Blue/Page_Gateways and Nodes - OPI Blue/button_Register a Gateway' is present

2018-06-08 09:59:35 - [TEST_STEP][PASSED] - waitForElementVisible: Object 'Object Repository/register_gateway/Page_OPI Blue/Page_Gateways and Nodes - OPI Blue/button_Register a Gateway' is visible

2018-06-08 09:59:37 - [MESSAGE][PASSED] - Object 'Object Repository/register_gateway/Page_OPI Blue/Page_Gateways and Nodes - OPI Blue/button_Register a Gateway' is visible

2018-06-08 09:59:37 - [TEST_STEP][PASSED] - waitForElementClickable: Object 'Object Repository/register_gateway/Page_OPI Blue/Page_Gateways and Nodes - OPI Blue/button_Register a Gateway' is clickable

2018-06-08 09:59:39 - [MESSAGE][PASSED] - Object 'Object Repository/register_gateway/Page_OPI Blue/Page_Gateways and Nodes - OPI Blue/button_Register a Gateway' is clickable

2018-06-08 09:59:39 - [TEST_STEP][PASSED] - click: Object: 'Object Repository/register_gateway/Page_OPI Blue/Page_Gateways and Nodes - OPI Blue/button_Register a Gateway' is clicked on

2018-06-08 09:59:41 - [MESSAGE][PASSED] - Object: 'Object Repository/register_gateway/Page_OPI Blue/Page_Gateways and Nodes - OPI Blue/button_Register a Gateway' is clicked on

2018-06-08 09:59:41 - [TEST_STEP][PASSED] - setText: Text '5F7DC8' is set on object 'Object Repository/register_gateway/Page_Gateways and Nodes - OPI Blue/input_gatewayId'

2018-06-08 09:59:45 - [MESSAGE][PASSED] - Text '5F7DC8' is set on object 'Object Repository/register_gateway/Page_Gateways and Nodes - OPI Blue/input_gatewayId'

2018-06-08 09:59:45 - [TEST_STEP][PASSED] - setText: Text '4724' is set on object 'Object Repository/register_gateway/Page_Gateways and Nodes - OPI Blue/input_pin'

2018-06-08 09:59:50 - [MESSAGE][PASSED] - Text '4724' is set on object 'Object Repository/register_gateway/Page_Gateways and Nodes - OPI Blue/input_pin'

2018-06-08 09:59:50 - [TEST_STEP][PASSED] - setText: Text '5F7DC8-GW' is set on object 'Object Repository/register_gateway/Page_Gateways and Nodes - OPI Blue/input_gatewayName'

2018-06-08 09:59:54 - [MESSAGE][PASSED] - Text '5F7DC8-GW' is set on object 'Object Repository/register_gateway/Page_Gateways and Nodes - OPI Blue/input_gatewayName'

2018-06-08 09:59:54 - [TEST_STEP][PASSED] - click: Object: 'Object Repository/register_gateway/Page_Gateways and Nodes - OPI Blue/button_Register' is clicked on

2018-06-08 09:59:56 - [MESSAGE][PASSED] - Object: 'Object Repository/register_gateway/Page_Gateways and Nodes - OPI Blue/button_Register' is clicked on

2018-06-08 09:59:56 - [TEST_STEP][PASSED] - waitForElementPresent: Object 'Object Repository/register_gateway/Page_Gateways and Nodes - OPI Blue/a_Log out' is present

2018-06-08 09:59:57 - [MESSAGE][PASSED] - Object 'Object Repository/register_gateway/Page_Gateways and Nodes - OPI Blue/a_Log out' is present

2018-06-08 09:59:57 - [TEST_STEP][PASSED] - waitForElementClickable: Object 'Object Repository/register_gateway/Page_Gateways and Nodes - OPI Blue/a_Log out' is clickable

2018-06-08 09:59:59 - [MESSAGE][PASSED] - Object 'Object Repository/register_gateway/Page_Gateways and Nodes - OPI Blue/a_Log out' is clickable

2018-06-08 09:59:59 - [TEST_STEP][PASSED] - click: Object: 'Object Repository/register_gateway/Page_Gateways and Nodes - OPI Blue/a_Log out' is clicked on

2018-06-08 10:00:02 - [MESSAGE][PASSED] - Object: 'Object Repository/register_gateway/Page_Gateways and Nodes - OPI Blue/a_Log out' is clicked on

2018-06-08 10:00:02 - [TEST_STEP][PASSED] - closeBrowser: Browser is closed

2018-06-08 10:00:04 - [MESSAGE][PASSED] - Browser is closed]]></system-out>
         <system-err><![CDATA[]]></system-err>
      </testcase>
      <testcase name="Test Cases/register_node" classname="Test Cases/register_node" status="PASSED">
         <system-out><![CDATA[2018-06-08 10:00:06 - [TEST_CASE][PASSED] - Test Cases/register_node: Test Cases/register_node

2018-06-08 10:00:06 - [TEST_STEP][PASSED] - openBrowser: Browser is opened with url: ''

2018-06-08 10:00:11 - [MESSAGE][PASSED] - Browser is opened with url: ''

2018-06-08 10:00:11 - [TEST_STEP][PASSED] - navigateToUrl: Navigate to 'https://ra.managegrain.com/#/dashboard/userPreferences' successfully

2018-06-08 10:00:15 - [MESSAGE][PASSED] - Navigate to 'https://ra.managegrain.com/#/dashboard/userPreferences' successfully

2018-06-08 10:00:15 - [TEST_STEP][PASSED] - setText: Text 'opiopi20171+00028@gmail.com' is set on object 'Object Repository/register_node/Page_OPI Blue/input_username'

2018-06-08 10:00:21 - [MESSAGE][PASSED] - Text 'opiopi20171+00028@gmail.com' is set on object 'Object Repository/register_node/Page_OPI Blue/input_username'

2018-06-08 10:00:21 - [TEST_STEP][PASSED] - setText: Text 'gWF7Q4IlreZBZUpxglt7' is set on object 'Object Repository/register_node/Page_OPI Blue/input_password'

2018-06-08 10:00:25 - [MESSAGE][PASSED] - Text 'gWF7Q4IlreZBZUpxglt7' is set on object 'Object Repository/register_node/Page_OPI Blue/input_password'

2018-06-08 10:00:25 - [TEST_STEP][PASSED] - click: Object: 'Object Repository/register_node/Page_OPI Blue/span_Log In' is clicked on

2018-06-08 10:00:29 - [MESSAGE][PASSED] - Object: 'Object Repository/register_node/Page_OPI Blue/span_Log In' is clicked on

2018-06-08 10:00:29 - [TEST_STEP][PASSED] - click: Object: 'Object Repository/register_node/Page_Dashboard - OPI Blue/span_Gateways and Nodes' is clicked on

2018-06-08 10:00:31 - [MESSAGE][PASSED] - Object: 'Object Repository/register_node/Page_Dashboard - OPI Blue/span_Gateways and Nodes' is clicked on

2018-06-08 10:00:31 - [TEST_STEP][PASSED] - click: Object: 'Object Repository/register_node/Page_Gateways and Nodes - OPI Blue/a_Nodes' is clicked on

2018-06-08 10:00:33 - [MESSAGE][PASSED] - Object: 'Object Repository/register_node/Page_Gateways and Nodes - OPI Blue/a_Nodes' is clicked on

2018-06-08 10:00:33 - [TEST_STEP][PASSED] - click: Object: 'Object Repository/register_node/Page_Gateways and Nodes - OPI Blue/button_ Register a Node' is clicked on

2018-06-08 10:00:35 - [MESSAGE][PASSED] - Object: 'Object Repository/register_node/Page_Gateways and Nodes - OPI Blue/button_ Register a Node' is clicked on

2018-06-08 10:00:35 - [TEST_STEP][PASSED] - setText: Text '089CDB' is set on object 'Object Repository/register_node/Page_Gateways and Nodes - OPI Blue/input_nodeId'

2018-06-08 10:00:40 - [MESSAGE][PASSED] - Text '089CDB' is set on object 'Object Repository/register_node/Page_Gateways and Nodes - OPI Blue/input_nodeId'

2018-06-08 10:00:40 - [TEST_STEP][PASSED] - setText: Text '5689' is set on object 'Object Repository/register_node/Page_Gateways and Nodes - OPI Blue/input_pin'

2018-06-08 10:00:44 - [MESSAGE][PASSED] - Text '5689' is set on object 'Object Repository/register_node/Page_Gateways and Nodes - OPI Blue/input_pin'

2018-06-08 10:00:44 - [TEST_STEP][PASSED] - setText: Text '089CDB-FN' is set on object 'Object Repository/register_node/Page_Gateways and Nodes - OPI Blue/input_name'

2018-06-08 10:00:48 - [MESSAGE][PASSED] - Text '089CDB-FN' is set on object 'Object Repository/register_node/Page_Gateways and Nodes - OPI Blue/input_name'

2018-06-08 10:00:48 - [TEST_STEP][PASSED] - click: Object: 'Object Repository/register_node/Page_Gateways and Nodes - OPI Blue/span_Register' is clicked on

2018-06-08 10:00:50 - [MESSAGE][PASSED] - Object: 'Object Repository/register_node/Page_Gateways and Nodes - OPI Blue/span_Register' is clicked on

2018-06-08 10:00:50 - [TEST_STEP][PASSED] - waitForElementPresent: Object 'Object Repository/register_node/Page_Gateways and Nodes - OPI Blue/a_Log out' is present

2018-06-08 10:00:51 - [MESSAGE][PASSED] - Object 'Object Repository/register_node/Page_Gateways and Nodes - OPI Blue/a_Log out' is present

2018-06-08 10:00:51 - [TEST_STEP][PASSED] - waitForElementClickable: Object 'Object Repository/register_node/Page_Gateways and Nodes - OPI Blue/a_Log out' is clickable

2018-06-08 10:00:53 - [MESSAGE][PASSED] - Object 'Object Repository/register_node/Page_Gateways and Nodes - OPI Blue/a_Log out' is clickable

2018-06-08 10:00:53 - [TEST_STEP][PASSED] - click: Object: 'Object Repository/register_node/Page_Gateways and Nodes - OPI Blue/a_Log out' is clicked on

2018-06-08 10:00:56 - [MESSAGE][PASSED] - Object: 'Object Repository/register_node/Page_Gateways and Nodes - OPI Blue/a_Log out' is clicked on

2018-06-08 10:00:56 - [TEST_STEP][PASSED] - closeBrowser: Browser is closed

2018-06-08 10:00:58 - [MESSAGE][PASSED] - Browser is closed]]></system-out>
         <system-err><![CDATA[]]></system-err>
      </testcase>
      <testcase name="Test Cases/map_node" classname="Test Cases/map_node" status="PASSED">
         <system-out><![CDATA[2018-06-08 10:01:00 - [TEST_CASE][PASSED] - Test Cases/map_node: Test Cases/map_node

2018-06-08 10:01:01 - [TEST_STEP][PASSED] - openBrowser: Browser is opened with url: ''

2018-06-08 10:01:05 - [MESSAGE][PASSED] - Browser is opened with url: ''

2018-06-08 10:01:05 - [TEST_STEP][PASSED] - navigateToUrl: Navigate to 'https://ra.managegrain.com/#/dashboard/userPreferences' successfully

2018-06-08 10:01:09 - [MESSAGE][PASSED] - Navigate to 'https://ra.managegrain.com/#/dashboard/userPreferences' successfully

2018-06-08 10:01:09 - [TEST_STEP][PASSED] - setText: Text 'opiopi20171+00028@gmail.com' is set on object 'Object Repository/map_node/Page_OPI Blue/input_username'

2018-06-08 10:01:15 - [MESSAGE][PASSED] - Text 'opiopi20171+00028@gmail.com' is set on object 'Object Repository/map_node/Page_OPI Blue/input_username'

2018-06-08 10:01:15 - [TEST_STEP][PASSED] - setText: Text 'gWF7Q4IlreZBZUpxglt7' is set on object 'Object Repository/map_node/Page_OPI Blue/input_password'

2018-06-08 10:01:19 - [MESSAGE][PASSED] - Text 'gWF7Q4IlreZBZUpxglt7' is set on object 'Object Repository/map_node/Page_OPI Blue/input_password'

2018-06-08 10:01:19 - [TEST_STEP][PASSED] - click: Object: 'Object Repository/map_node/Page_OPI Blue/span_Log In' is clicked on

2018-06-08 10:01:23 - [MESSAGE][PASSED] - Object: 'Object Repository/map_node/Page_OPI Blue/span_Log In' is clicked on

2018-06-08 10:01:23 - [TEST_STEP][PASSED] - click: Object: 'Object Repository/map_node/Page_Dashboard - OPI Blue/span_Gateways and Nodes' is clicked on

2018-06-08 10:01:25 - [MESSAGE][PASSED] - Object: 'Object Repository/map_node/Page_Dashboard - OPI Blue/span_Gateways and Nodes' is clicked on

2018-06-08 10:01:25 - [TEST_STEP][PASSED] - click: Object: 'Object Repository/map_node/Page_Gateways and Nodes - OPI Blue/a_Nodes' is clicked on

2018-06-08 10:01:27 - [MESSAGE][PASSED] - Object: 'Object Repository/map_node/Page_Gateways and Nodes - OPI Blue/a_Nodes' is clicked on

2018-06-08 10:01:27 - [TEST_STEP][PASSED] - click: Object: 'Object Repository/map_node/Page_Gateways and Nodes - OPI Blue/button_Map' is clicked on

2018-06-08 10:01:29 - [MESSAGE][PASSED] - Object: 'Object Repository/map_node/Page_Gateways and Nodes - OPI Blue/button_Map' is clicked on

2018-06-08 10:01:29 - [TEST_STEP][PASSED] - waitForElementPresent: Object 'Object Repository/map_node/Page_Gateways and Nodes - OPI Blue/a_Log out' is present

2018-06-08 10:01:30 - [MESSAGE][PASSED] - Object 'Object Repository/map_node/Page_Gateways and Nodes - OPI Blue/a_Log out' is present

2018-06-08 10:01:30 - [TEST_STEP][PASSED] - waitForElementClickable: Object 'Object Repository/map_node/Page_Gateways and Nodes - OPI Blue/a_Log out' is clickable

2018-06-08 10:01:32 - [MESSAGE][PASSED] - Object 'Object Repository/map_node/Page_Gateways and Nodes - OPI Blue/a_Log out' is clickable

2018-06-08 10:01:32 - [TEST_STEP][PASSED] - click: Object: 'Object Repository/map_node/Page_Gateways and Nodes - OPI Blue/a_Log out' is clicked on

2018-06-08 10:01:35 - [MESSAGE][PASSED] - Object: 'Object Repository/map_node/Page_Gateways and Nodes - OPI Blue/a_Log out' is clicked on

2018-06-08 10:01:35 - [TEST_STEP][PASSED] - closeBrowser: Browser is closed

2018-06-08 10:01:37 - [MESSAGE][PASSED] - Browser is closed]]></system-out>
         <system-err><![CDATA[]]></system-err>
      </testcase>
      <testcase name="Test Cases/create_first_site" classname="Test Cases/create_first_site" status="PASSED">
         <system-out><![CDATA[2018-06-08 10:01:39 - [TEST_CASE][PASSED] - Test Cases/create_first_site: Test Cases/create_first_site

2018-06-08 10:01:40 - [TEST_STEP][PASSED] - openBrowser: Browser is opened with url: ''

2018-06-08 10:01:46 - [MESSAGE][PASSED] - Browser is opened with url: ''

2018-06-08 10:01:46 - [TEST_STEP][PASSED] - navigateToUrl: Navigate to 'https://ra.managegrain.com/#/dashboard/userPreferences' successfully

2018-06-08 10:01:49 - [MESSAGE][PASSED] - Navigate to 'https://ra.managegrain.com/#/dashboard/userPreferences' successfully

2018-06-08 10:01:49 - [TEST_STEP][PASSED] - setText: Text 'opiopi20171+00028@gmail.com' is set on object 'Object Repository/create_first_site/Page_OPI Blue/input_username'

2018-06-08 10:01:55 - [MESSAGE][PASSED] - Text 'opiopi20171+00028@gmail.com' is set on object 'Object Repository/create_first_site/Page_OPI Blue/input_username'

2018-06-08 10:01:55 - [TEST_STEP][PASSED] - setText: Text 'gWF7Q4IlreZBZUpxglt7' is set on object 'Object Repository/create_first_site/Page_OPI Blue/input_password'

2018-06-08 10:02:00 - [MESSAGE][PASSED] - Text 'gWF7Q4IlreZBZUpxglt7' is set on object 'Object Repository/create_first_site/Page_OPI Blue/input_password'

2018-06-08 10:02:00 - [TEST_STEP][PASSED] - click: Object: 'Object Repository/create_first_site/Page_OPI Blue/button_Log In' is clicked on

2018-06-08 10:02:03 - [MESSAGE][PASSED] - Object: 'Object Repository/create_first_site/Page_OPI Blue/button_Log In' is clicked on

2018-06-08 10:02:03 - [TEST_STEP][PASSED] - click: Object: 'Object Repository/create_first_site/Page_Sites and Bins - OPI Blue/span_Sites and Bins' is clicked on

2018-06-08 10:02:05 - [MESSAGE][PASSED] - Object: 'Object Repository/create_first_site/Page_Sites and Bins - OPI Blue/span_Sites and Bins' is clicked on

2018-06-08 10:02:05 - [TEST_STEP][PASSED] - click: Object: 'Object Repository/create_first_site/Page_Sites and Bins - OPI Blue/button_Create a Site' is clicked on

2018-06-08 10:02:08 - [MESSAGE][PASSED] - Object: 'Object Repository/create_first_site/Page_Sites and Bins - OPI Blue/button_Create a Site' is clicked on

2018-06-08 10:02:08 - [TEST_STEP][PASSED] - setText: Text 'Site-1' is set on object 'Object Repository/create_first_site/Page_Sites and Bins - OPI Blue/input_name'

2018-06-08 10:02:12 - [MESSAGE][PASSED] - Text 'Site-1' is set on object 'Object Repository/create_first_site/Page_Sites and Bins - OPI Blue/input_name'

2018-06-08 10:02:12 - [TEST_STEP][PASSED] - click: Object: 'Object Repository/create_first_site/Page_Sites and Bins - OPI Blue/button_Save' is clicked on

2018-06-08 10:02:15 - [MESSAGE][PASSED] - Object: 'Object Repository/create_first_site/Page_Sites and Bins - OPI Blue/button_Save' is clicked on

2018-06-08 10:02:15 - [TEST_STEP][PASSED] - waitForElementPresent: Object 'Object Repository/create_first_site/Page_Sites and Bins - OPI Blue/a_Log out' is present

2018-06-08 10:02:16 - [MESSAGE][PASSED] - Object 'Object Repository/create_first_site/Page_Sites and Bins - OPI Blue/a_Log out' is present

2018-06-08 10:02:16 - [TEST_STEP][PASSED] - waitForElementClickable: Object 'Object Repository/create_first_site/Page_Sites and Bins - OPI Blue/a_Log out' is clickable

2018-06-08 10:02:18 - [MESSAGE][PASSED] - Object 'Object Repository/create_first_site/Page_Sites and Bins - OPI Blue/a_Log out' is clickable

2018-06-08 10:02:18 - [TEST_STEP][PASSED] - click: Object: 'Object Repository/create_first_site/Page_Sites and Bins - OPI Blue/a_Log out' is clicked on

2018-06-08 10:02:21 - [MESSAGE][PASSED] - Object: 'Object Repository/create_first_site/Page_Sites and Bins - OPI Blue/a_Log out' is clicked on

2018-06-08 10:02:21 - [TEST_STEP][PASSED] - closeBrowser: Browser is closed

2018-06-08 10:02:23 - [MESSAGE][PASSED] - Browser is closed]]></system-out>
         <system-err><![CDATA[]]></system-err>
      </testcase>
      <testcase name="Test Cases/add_weather_station_on_site" classname="Test Cases/add_weather_station_on_site" status="PASSED">
         <system-out><![CDATA[2018-06-08 10:02:25 - [TEST_CASE][PASSED] - Test Cases/add_weather_station_on_site: Test Cases/add_weather_station_on_site

2018-06-08 10:02:25 - [TEST_STEP][PASSED] - openBrowser: Browser is opened with url: ''

2018-06-08 10:02:31 - [MESSAGE][PASSED] - Browser is opened with url: ''

2018-06-08 10:02:31 - [TEST_STEP][PASSED] - navigateToUrl: Navigate to 'https://ra.managegrain.com/#/dashboard/userPreferences' successfully

2018-06-08 10:02:34 - [MESSAGE][PASSED] - Navigate to 'https://ra.managegrain.com/#/dashboard/userPreferences' successfully

2018-06-08 10:02:34 - [TEST_STEP][PASSED] - setText: Text 'opiopi20171+00028@gmail.com' is set on object 'Object Repository/add_weather_station/Page_OPI Blue/input_username'

2018-06-08 10:02:40 - [MESSAGE][PASSED] - Text 'opiopi20171+00028@gmail.com' is set on object 'Object Repository/add_weather_station/Page_OPI Blue/input_username'

2018-06-08 10:02:40 - [TEST_STEP][PASSED] - setText: Text 'gWF7Q4IlreZBZUpxglt7' is set on object 'Object Repository/add_weather_station/Page_OPI Blue/input_password'

2018-06-08 10:02:45 - [MESSAGE][PASSED] - Text 'gWF7Q4IlreZBZUpxglt7' is set on object 'Object Repository/add_weather_station/Page_OPI Blue/input_password'

2018-06-08 10:02:45 - [TEST_STEP][PASSED] - click: Object: 'Object Repository/add_weather_station/Page_OPI Blue/span_Log In' is clicked on

2018-06-08 10:02:48 - [MESSAGE][PASSED] - Object: 'Object Repository/add_weather_station/Page_OPI Blue/span_Log In' is clicked on

2018-06-08 10:02:48 - [TEST_STEP][PASSED] - click: Object: 'Object Repository/add_weather_station/Page_Dashboard - OPI Blue/span_Sites and Bins' is clicked on

2018-06-08 10:02:50 - [MESSAGE][PASSED] - Object: 'Object Repository/add_weather_station/Page_Dashboard - OPI Blue/span_Sites and Bins' is clicked on

2018-06-08 10:02:50 - [TEST_STEP][PASSED] - click: Object: 'Object Repository/add_weather_station/Page_Sites and Bins - OPI Blue/a_Sites' is clicked on

2018-06-08 10:02:53 - [MESSAGE][PASSED] - Object: 'Object Repository/add_weather_station/Page_Sites and Bins - OPI Blue/a_Sites' is clicked on

2018-06-08 10:02:53 - [TEST_STEP][PASSED] - click: Object: 'Object Repository/add_weather_station/Page_Sites and Bins - OPI Blue/a_Weather Stations' is clicked on

2018-06-08 10:02:55 - [MESSAGE][PASSED] - Object: 'Object Repository/add_weather_station/Page_Sites and Bins - OPI Blue/a_Weather Stations' is clicked on

2018-06-08 10:02:55 - [TEST_STEP][PASSED] - click: Object: 'Object Repository/add_weather_station/Page_Sites and Bins - OPI Blue/button_Add station' is clicked on

2018-06-08 10:02:57 - [MESSAGE][PASSED] - Object: 'Object Repository/add_weather_station/Page_Sites and Bins - OPI Blue/button_Add station' is clicked on

2018-06-08 10:02:57 - [TEST_STEP][PASSED] - click: Object: 'Object Repository/add_weather_station/Page_Sites and Bins - OPI Blue/label_fa checkbox-with-label' is clicked on

2018-06-08 10:02:59 - [MESSAGE][PASSED] - Object: 'Object Repository/add_weather_station/Page_Sites and Bins - OPI Blue/label_fa checkbox-with-label' is clicked on

2018-06-08 10:02:59 - [TEST_STEP][PASSED] - click: Object: 'Object Repository/add_weather_station/Page_Sites and Bins - OPI Blue/button_Add to Site' is clicked on

2018-06-08 10:03:01 - [MESSAGE][PASSED] - Object: 'Object Repository/add_weather_station/Page_Sites and Bins - OPI Blue/button_Add to Site' is clicked on

2018-06-08 10:03:01 - [TEST_STEP][PASSED] - waitForElementPresent: Object 'Object Repository/add_weather_station/Page_Sites and Bins - OPI Blue/a_Log out' is present

2018-06-08 10:03:02 - [MESSAGE][PASSED] - Object 'Object Repository/add_weather_station/Page_Sites and Bins - OPI Blue/a_Log out' is present

2018-06-08 10:03:02 - [TEST_STEP][PASSED] - waitForElementClickable: Object 'Object Repository/add_weather_station/Page_Sites and Bins - OPI Blue/a_Log out' is clickable

2018-06-08 10:03:04 - [MESSAGE][PASSED] - Object 'Object Repository/add_weather_station/Page_Sites and Bins - OPI Blue/a_Log out' is clickable

2018-06-08 10:03:04 - [TEST_STEP][PASSED] - click: Object: 'Object Repository/add_weather_station/Page_Sites and Bins - OPI Blue/a_Log out' is clicked on

2018-06-08 10:03:07 - [MESSAGE][PASSED] - Object: 'Object Repository/add_weather_station/Page_Sites and Bins - OPI Blue/a_Log out' is clicked on

2018-06-08 10:03:07 - [TEST_STEP][PASSED] - closeBrowser: Browser is closed

2018-06-08 10:03:09 - [MESSAGE][PASSED] - Browser is closed]]></system-out>
         <system-err><![CDATA[]]></system-err>
      </testcase>
      <testcase name="Test Cases/create_first_bin_with_single_site_ws" classname="Test Cases/create_first_bin_with_single_site_ws" status="PASSED">
         <system-out><![CDATA[2018-06-08 10:03:11 - [TEST_CASE][PASSED] - Test Cases/create_first_bin_with_single_site_ws: Test Cases/create_first_bin_with_single_site_ws

2018-06-08 10:03:12 - [TEST_STEP][PASSED] - openBrowser: Browser is opened with url: ''

2018-06-08 10:03:17 - [MESSAGE][PASSED] - Browser is opened with url: ''

2018-06-08 10:03:17 - [TEST_STEP][PASSED] - navigateToUrl: Navigate to 'https://ra.managegrain.com/#/dashboard/userPreferences' successfully

2018-06-08 10:03:20 - [MESSAGE][PASSED] - Navigate to 'https://ra.managegrain.com/#/dashboard/userPreferences' successfully

2018-06-08 10:03:20 - [TEST_STEP][PASSED] - setText: Text 'opiopi20171+00028@gmail.com' is set on object 'Object Repository/create_first_bin_with_single_site_ws/Page_OPI Blue/input_username'

2018-06-08 10:03:26 - [MESSAGE][PASSED] - Text 'opiopi20171+00028@gmail.com' is set on object 'Object Repository/create_first_bin_with_single_site_ws/Page_OPI Blue/input_username'

2018-06-08 10:03:26 - [TEST_STEP][PASSED] - setText: Text 'gWF7Q4IlreZBZUpxglt7' is set on object 'Object Repository/create_first_bin_with_single_site_ws/Page_OPI Blue/input_password'

2018-06-08 10:03:30 - [MESSAGE][PASSED] - Text 'gWF7Q4IlreZBZUpxglt7' is set on object 'Object Repository/create_first_bin_with_single_site_ws/Page_OPI Blue/input_password'

2018-06-08 10:03:30 - [TEST_STEP][PASSED] - click: Object: 'Object Repository/create_first_bin_with_single_site_ws/Page_OPI Blue/button_Log In' is clicked on

2018-06-08 10:03:33 - [MESSAGE][PASSED] - Object: 'Object Repository/create_first_bin_with_single_site_ws/Page_OPI Blue/button_Log In' is clicked on

2018-06-08 10:03:33 - [TEST_STEP][PASSED] - click: Object: 'Object Repository/create_first_bin_with_single_site_ws/Page_Sites and Bins - OPI Blue/span_Sites and Bins' is clicked on

2018-06-08 10:03:36 - [MESSAGE][PASSED] - Object: 'Object Repository/create_first_bin_with_single_site_ws/Page_Sites and Bins - OPI Blue/span_Sites and Bins' is clicked on

2018-06-08 10:03:36 - [TEST_STEP][PASSED] - click: Object: 'Object Repository/create_first_bin_with_single_site_ws/Page_Sites and Bins - OPI Blue/a_Bins' is clicked on

2018-06-08 10:03:38 - [MESSAGE][PASSED] - Object: 'Object Repository/create_first_bin_with_single_site_ws/Page_Sites and Bins - OPI Blue/a_Bins' is clicked on

2018-06-08 10:03:38 - [TEST_STEP][PASSED] - click: Object: 'Object Repository/create_first_bin_with_single_site_ws/Page_Sites and Bins - OPI Blue/button_Create a Bin' is clicked on

2018-06-08 10:03:40 - [MESSAGE][PASSED] - Object: 'Object Repository/create_first_bin_with_single_site_ws/Page_Sites and Bins - OPI Blue/button_Create a Bin' is clicked on

2018-06-08 10:03:40 - [TEST_STEP][PASSED] - setText: Text 'FirstBin' is set on object 'Object Repository/create_first_bin_with_single_site_ws/Page_Sites and Bins - OPI Blue/input_name'

2018-06-08 10:03:45 - [MESSAGE][PASSED] - Text 'FirstBin' is set on object 'Object Repository/create_first_bin_with_single_site_ws/Page_Sites and Bins - OPI Blue/input_name'

2018-06-08 10:03:45 - [TEST_STEP][PASSED] - click: Object: 'Object Repository/create_first_bin_with_single_site_ws/Page_Sites and Bins - OPI Blue/button_Continue' is clicked on

2018-06-08 10:03:47 - [MESSAGE][PASSED] - Object: 'Object Repository/create_first_bin_with_single_site_ws/Page_Sites and Bins - OPI Blue/button_Continue' is clicked on

2018-06-08 10:03:47 - [TEST_STEP][PASSED] - click: Object: 'Object Repository/create_first_bin_with_single_site_ws/Page_Sites and Bins - OPI Blue/strong_skip this step' is clicked on

2018-06-08 10:03:49 - [MESSAGE][PASSED] - Object: 'Object Repository/create_first_bin_with_single_site_ws/Page_Sites and Bins - OPI Blue/strong_skip this step' is clicked on

2018-06-08 10:03:49 - [TEST_STEP][PASSED] - click: Object: 'Object Repository/create_first_bin_with_single_site_ws/Page_Sites and Bins - OPI Blue/strong_skip this step' is clicked on

2018-06-08 10:03:51 - [MESSAGE][PASSED] - Object: 'Object Repository/create_first_bin_with_single_site_ws/Page_Sites and Bins - OPI Blue/strong_skip this step' is clicked on

2018-06-08 10:03:51 - [TEST_STEP][PASSED] - click: Object: 'Object Repository/create_first_bin_with_single_site_ws/Page_Sites and Bins - OPI Blue/button_Continue_1' is clicked on

2018-06-08 10:03:53 - [MESSAGE][PASSED] - Object: 'Object Repository/create_first_bin_with_single_site_ws/Page_Sites and Bins - OPI Blue/button_Continue_1' is clicked on

2018-06-08 10:03:53 - [TEST_STEP][PASSED] - click: Object: 'Object Repository/create_first_bin_with_single_site_ws/Page_Sites and Bins - OPI Blue/strong_skip this step' is clicked on

2018-06-08 10:03:56 - [MESSAGE][PASSED] - Object: 'Object Repository/create_first_bin_with_single_site_ws/Page_Sites and Bins - OPI Blue/strong_skip this step' is clicked on

2018-06-08 10:03:56 - [TEST_STEP][PASSED] - click: Object: 'Object Repository/create_first_bin_with_single_site_ws/Page_Sites and Bins - OPI Blue/button_Continue_2' is clicked on

2018-06-08 10:03:58 - [MESSAGE][PASSED] - Object: 'Object Repository/create_first_bin_with_single_site_ws/Page_Sites and Bins - OPI Blue/button_Continue_2' is clicked on

2018-06-08 10:03:58 - [TEST_STEP][PASSED] - click: Object: 'Object Repository/create_first_bin_with_single_site_ws/Page_Sites and Bins - OPI Blue/strong_skip this step' is clicked on

2018-06-08 10:04:00 - [MESSAGE][PASSED] - Object: 'Object Repository/create_first_bin_with_single_site_ws/Page_Sites and Bins - OPI Blue/strong_skip this step' is clicked on

2018-06-08 10:04:00 - [TEST_STEP][PASSED] - click: Object: 'Object Repository/create_first_bin_with_single_site_ws/Page_Sites and Bins - OPI Blue/strong_skip this step' is clicked on

2018-06-08 10:04:02 - [MESSAGE][PASSED] - Object: 'Object Repository/create_first_bin_with_single_site_ws/Page_Sites and Bins - OPI Blue/strong_skip this step' is clicked on

2018-06-08 10:04:02 - [TEST_STEP][PASSED] - waitForElementPresent: Object 'Object Repository/create_first_bin_with_single_site_ws/Page_Sites and Bins - OPI Blue/button_View Bin' is present

2018-06-08 10:04:05 - [MESSAGE][PASSED] - Object 'Object Repository/create_first_bin_with_single_site_ws/Page_Sites and Bins - OPI Blue/button_View Bin' is present

2018-06-08 10:04:05 - [TEST_STEP][PASSED] - waitForElementClickable: Object 'Object Repository/create_first_bin_with_single_site_ws/Page_Sites and Bins - OPI Blue/button_View Bin' is clickable

2018-06-08 10:04:07 - [MESSAGE][PASSED] - Object 'Object Repository/create_first_bin_with_single_site_ws/Page_Sites and Bins - OPI Blue/button_View Bin' is clickable

2018-06-08 10:04:07 - [TEST_STEP][PASSED] - click: Object: 'Object Repository/create_first_bin_with_single_site_ws/Page_Sites and Bins - OPI Blue/button_View Bin' is clicked on

2018-06-08 10:04:09 - [MESSAGE][PASSED] - Object: 'Object Repository/create_first_bin_with_single_site_ws/Page_Sites and Bins - OPI Blue/button_View Bin' is clicked on

2018-06-08 10:04:09 - [TEST_STEP][PASSED] - waitForElementPresent: Object 'Object Repository/create_first_bin_with_single_site_ws/Page_Sites and Bins - OPI Blue/a_Log out' is present

2018-06-08 10:04:10 - [MESSAGE][PASSED] - Object 'Object Repository/create_first_bin_with_single_site_ws/Page_Sites and Bins - OPI Blue/a_Log out' is present

2018-06-08 10:04:10 - [TEST_STEP][PASSED] - waitForElementClickable: Object 'Object Repository/create_first_bin_with_single_site_ws/Page_Sites and Bins - OPI Blue/a_Log out' is clickable

2018-06-08 10:04:12 - [MESSAGE][PASSED] - Object 'Object Repository/create_first_bin_with_single_site_ws/Page_Sites and Bins - OPI Blue/a_Log out' is clickable

2018-06-08 10:04:12 - [TEST_STEP][PASSED] - click: Object: 'Object Repository/create_first_bin_with_single_site_ws/Page_Sites and Bins - OPI Blue/a_Log out' is clicked on

2018-06-08 10:04:15 - [MESSAGE][PASSED] - Object: 'Object Repository/create_first_bin_with_single_site_ws/Page_Sites and Bins - OPI Blue/a_Log out' is clicked on

2018-06-08 10:04:15 - [TEST_STEP][PASSED] - closeBrowser: Browser is closed

2018-06-08 10:04:17 - [MESSAGE][PASSED] - Browser is closed]]></system-out>
         <system-err><![CDATA[]]></system-err>
      </testcase>
      <system-out><![CDATA[2018-06-08 09:59:05 - [TEST_SUITE][PASSED] - regGW_regNode_mapNode_createSite_createBin: Test Cases/create_first_bin_with_single_site_ws]]></system-out>
      <system-err><![CDATA[]]></system-err>
   </testsuite>
</testsuites>
