<?xml version="1.0" encoding="UTF-8"?>
<testsuites name="removePlenum_removeFan_deleteBin_deleteSite_unmapNode_unregNode_unregGW" time="315" tests="3" failures="4" errors="0">
   <testsuite name="removePlenum_removeFan_deleteBin_deleteSite_unmapNode_unregNode_unregGW" tests="3" failures="4" errors="0" time="315" timestamp="2018-06-08 11:24:25" hostname="geetab - OPI-LT66.opisystems.local" id="Test Suites/removePlenum_removeFan_deleteBin_deleteSite_unmapNode_unregNode_unregGW">
      <properties>
         <property name="deviceName" value=""/>
         <property name="devicePlatform" value=""/>
         <property name="logFolder" value="C:\\Users\\geetab\\Katalon Studio\\RA_opi_blue_cloud\\Reports\\removePlenum_removeFan_deleteBin_deleteSite_unmapNode_unregNode_unregGW\\20180608_112417"/>
         <property name="logFiles" value="C:\\Users\\geetab\\Katalon Studio\\RA_opi_blue_cloud\\Reports\\removePlenum_removeFan_deleteBin_deleteSite_unmapNode_unregNode_unregGW\\20180608_112417\\execution0.log"/>
         <property name="attachments" value="C:\\Users\\geetab\\Katalon Studio\\RA_opi_blue_cloud\\Reports\\removePlenum_removeFan_deleteBin_deleteSite_unmapNode_unregNode_unregGW\\20180608_112417\\1528478731139.png, C:\\Users\\geetab\\Katalon Studio\\RA_opi_blue_cloud\\Reports\\removePlenum_removeFan_deleteBin_deleteSite_unmapNode_unregNode_unregGW\\20180608_112417\\1528478773743.png, C:\\Users\\geetab\\Katalon Studio\\RA_opi_blue_cloud\\Reports\\removePlenum_removeFan_deleteBin_deleteSite_unmapNode_unregNode_unregGW\\20180608_112417\\1528478859061.png, C:\\Users\\geetab\\Katalon Studio\\RA_opi_blue_cloud\\Reports\\removePlenum_removeFan_deleteBin_deleteSite_unmapNode_unregNode_unregGW\\20180608_112417\\1528478936597.png"/>
         <property name="hostName" value="geetab - OPI-LT66.opisystems.local"/>
         <property name="os" value="Windows 10 64bit"/>
         <property name="katalonVersion" value="5.4.2.1"/>
         <property name="browser" value="Chrome 67.0.3396.62"/>
         <property name="hostAddress" value="172.16.6.51"/>
         <property name="sessionId" value="321673ed8df8e7ef074b4cc8b3a6fe09"/>
         <property name="seleniumVersion" value="3.7.1"/>
         <property name="proxyInformation" value="ProxyInformation{proxyOption=NO_PROXY, proxyServerType=HTTP, password=, proxyServerAddress=, proxyServerPort=0}"/>
         <property name="platform" value="Windows 10"/>
      </properties>
      <testcase name="Test Cases/delete_bin_with_cables_ws_fan_plenum" classname="Test Cases/delete_bin_with_cables_ws_fan_plenum" status="FAILED">
         <failure type="FAILED" message="Unable to click on object 'Object Repository/delete_bin_with_cables/delete_bin_with_cables_ws_fan_plenum/Page_Sites and Bins - OPI Blue/i_icon-pencil' (Root cause: com.kms.katalon.core.webui.exception.WebElementNotFoundException: Web element with id: 'Object Repository/delete_bin_with_cables/delete_bin_with_cables_ws_fan_plenum/Page_Sites and Bins - OPI Blue/i_icon-pencil' located by 'By.xpath: /html[@class=&quot;ng-scope&quot;]/body[@class=&quot;flex-column modal-open&quot;]/div[@class=&quot;modal fade ng-scope ng-isolate-scope in&quot;]/div[@class=&quot;modal-dialog modal-lg&quot;]/div[@class=&quot;modal-content&quot;]/bin-details-container[@class=&quot;ng-scope ng-isolate-scope&quot;]/div[@class=&quot;opi-dialog bs opi-config-sites&quot;]/div[@class=&quot;content&quot;]/bin-cable-info-edit[@class=&quot;ng-scope ng-isolate-scope&quot;]/form[@class=&quot;opi-form bin-cable-info ng-pristine ng-valid&quot;]/div[@class=&quot;flex-row&quot;]/div[@class=&quot;flex-grow flex-grow-xs-off&quot;]/div[@class=&quot;opi-flex-table-holder&quot;]/div[@class=&quot;opi-flex-table&quot;]/div[@class=&quot;mapped-cable flex-grow ng-scope moisture-cable&quot;]/div[@class=&quot;row flex-row-space-between align-center&quot;]/a[@class=&quot;edit-btn&quot;]/i[@class=&quot;icon-pencil&quot;]' not found)"/>
         <system-out><![CDATA[2018-06-08 11:24:25 - [TEST_CASE][FAILED] - Test Cases/delete_bin_with_cables_ws_fan_plenum: Test Cases/delete_bin_with_cables_ws_fan_plenum FAILED because (of) Unable to click on object 'Object Repository/delete_bin_with_cables/delete_bin_with_cables_ws_fan_plenum/Page_Sites and Bins - OPI Blue/i_icon-pencil' (Root cause: com.kms.katalon.core.webui.exception.WebElementNotFoundException: Web element with id: 'Object Repository/delete_bin_with_cables/delete_bin_with_cables_ws_fan_plenum/Page_Sites and Bins - OPI Blue/i_icon-pencil' located by 'By.xpath: /html[@class="ng-scope"]/body[@class="flex-column modal-open"]/div[@class="modal fade ng-scope ng-isolate-scope in"]/div[@class="modal-dialog modal-lg"]/div[@class="modal-content"]/bin-details-container[@class="ng-scope ng-isolate-scope"]/div[@class="opi-dialog bs opi-config-sites"]/div[@class="content"]/bin-cable-info-edit[@class="ng-scope ng-isolate-scope"]/form[@class="opi-form bin-cable-info ng-pristine ng-valid"]/div[@class="flex-row"]/div[@class="flex-grow flex-grow-xs-off"]/div[@class="opi-flex-table-holder"]/div[@class="opi-flex-table"]/div[@class="mapped-cable flex-grow ng-scope moisture-cable"]/div[@class="row flex-row-space-between align-center"]/a[@class="edit-btn"]/i[@class="icon-pencil"]' not found)

2018-06-08 11:24:27 - [TEST_STEP][PASSED] - openBrowser: Browser is opened with url: ''

2018-06-08 11:24:34 - [MESSAGE][PASSED] - Browser is opened with url: ''

2018-06-08 11:24:34 - [TEST_STEP][PASSED] - navigateToUrl: Navigate to 'https://ra.managegrain.com/#/dashboard/userPreferences' successfully

2018-06-08 11:24:37 - [MESSAGE][PASSED] - Navigate to 'https://ra.managegrain.com/#/dashboard/userPreferences' successfully

2018-06-08 11:24:37 - [TEST_STEP][PASSED] - setText: Text 'opiopi20171+00028@gmail.com' is set on object 'Object Repository/delete_bin_with_cables/delete_bin_with_cables_ws_fan_plenum/Page_OPI Blue/input_username'

2018-06-08 11:24:43 - [MESSAGE][PASSED] - Text 'opiopi20171+00028@gmail.com' is set on object 'Object Repository/delete_bin_with_cables/delete_bin_with_cables_ws_fan_plenum/Page_OPI Blue/input_username'

2018-06-08 11:24:43 - [TEST_STEP][PASSED] - setText: Text 'gWF7Q4IlreZBZUpxglt7' is set on object 'Object Repository/delete_bin_with_cables/delete_bin_with_cables_ws_fan_plenum/Page_OPI Blue/input_password'

2018-06-08 11:24:48 - [MESSAGE][PASSED] - Text 'gWF7Q4IlreZBZUpxglt7' is set on object 'Object Repository/delete_bin_with_cables/delete_bin_with_cables_ws_fan_plenum/Page_OPI Blue/input_password'

2018-06-08 11:24:48 - [TEST_STEP][PASSED] - click: Object: 'Object Repository/delete_bin_with_cables/delete_bin_with_cables_ws_fan_plenum/Page_OPI Blue/span_Log In' is clicked on

2018-06-08 11:24:51 - [MESSAGE][PASSED] - Object: 'Object Repository/delete_bin_with_cables/delete_bin_with_cables_ws_fan_plenum/Page_OPI Blue/span_Log In' is clicked on

2018-06-08 11:24:51 - [TEST_STEP][PASSED] - click: Object: 'Object Repository/delete_bin_with_cables/delete_bin_with_cables_ws_fan_plenum/Page_Dashboard - OPI Blue/span_Sites and Bins' is clicked on

2018-06-08 11:24:54 - [MESSAGE][PASSED] - Object: 'Object Repository/delete_bin_with_cables/delete_bin_with_cables_ws_fan_plenum/Page_Dashboard - OPI Blue/span_Sites and Bins' is clicked on

2018-06-08 11:24:54 - [TEST_STEP][PASSED] - click: Object: 'Object Repository/delete_bin_with_cables/delete_bin_with_cables_ws_fan_plenum/Page_Sites and Bins - OPI Blue/a_Bins' is clicked on

2018-06-08 11:24:56 - [MESSAGE][PASSED] - Object: 'Object Repository/delete_bin_with_cables/delete_bin_with_cables_ws_fan_plenum/Page_Sites and Bins - OPI Blue/a_Bins' is clicked on

2018-06-08 11:24:56 - [TEST_STEP][PASSED] - click: Object: 'Object Repository/delete_bin_with_cables/delete_bin_with_cables_ws_fan_plenum/Page_Sites and Bins - OPI Blue/a_Cables' is clicked on

2018-06-08 11:24:58 - [MESSAGE][PASSED] - Object: 'Object Repository/delete_bin_with_cables/delete_bin_with_cables_ws_fan_plenum/Page_Sites and Bins - OPI Blue/a_Cables' is clicked on

2018-06-08 11:24:58 - [TEST_STEP][PASSED] - click: Object: 'Object Repository/delete_bin_with_cables/delete_bin_with_cables_ws_fan_plenum/Page_Sites and Bins - OPI Blue/button_Edit' is clicked on

2018-06-08 11:25:00 - [MESSAGE][PASSED] - Object: 'Object Repository/delete_bin_with_cables/delete_bin_with_cables_ws_fan_plenum/Page_Sites and Bins - OPI Blue/button_Edit' is clicked on

2018-06-08 11:25:00 - [TEST_STEP][FAILED] - click: Unable to click on object 'Object Repository/delete_bin_with_cables/delete_bin_with_cables_ws_fan_plenum/Page_Sites and Bins - OPI Blue/i_icon-pencil' (Root cause: com.kms.katalon.core.webui.exception.WebElementNotFoundException: Web element with id: 'Object Repository/delete_bin_with_cables/delete_bin_with_cables_ws_fan_plenum/Page_Sites and Bins - OPI Blue/i_icon-pencil' located by 'By.xpath: /html[@class="ng-scope"]/body[@class="flex-column modal-open"]/div[@class="modal fade ng-scope ng-isolate-scope in"]/div[@class="modal-dialog modal-lg"]/div[@class="modal-content"]/bin-details-container[@class="ng-scope ng-isolate-scope"]/div[@class="opi-dialog bs opi-config-sites"]/div[@class="content"]/bin-cable-info-edit[@class="ng-scope ng-isolate-scope"]/form[@class="opi-form bin-cable-info ng-pristine ng-valid"]/div[@class="flex-row"]/div[@class="flex-grow flex-grow-xs-off"]/div[@class="opi-flex-table-holder"]/div[@class="opi-flex-table"]/div[@class="mapped-cable flex-grow ng-scope moisture-cable"]/div[@class="row flex-row-space-between align-center"]/a[@class="edit-btn"]/i[@class="icon-pencil"]' not found)

2018-06-08 11:25:32 - [MESSAGE][FAILED] - Unable to click on object 'Object Repository/delete_bin_with_cables/delete_bin_with_cables_ws_fan_plenum/Page_Sites and Bins - OPI Blue/i_icon-pencil' (Root cause: com.kms.katalon.core.webui.exception.WebElementNotFoundException: Web element with id: 'Object Repository/delete_bin_with_cables/delete_bin_with_cables_ws_fan_plenum/Page_Sites and Bins - OPI Blue/i_icon-pencil' located by 'By.xpath: /html[@class="ng-scope"]/body[@class="flex-column modal-open"]/div[@class="modal fade ng-scope ng-isolate-scope in"]/div[@class="modal-dialog modal-lg"]/div[@class="modal-content"]/bin-details-container[@class="ng-scope ng-isolate-scope"]/div[@class="opi-dialog bs opi-config-sites"]/div[@class="content"]/bin-cable-info-edit[@class="ng-scope ng-isolate-scope"]/form[@class="opi-form bin-cable-info ng-pristine ng-valid"]/div[@class="flex-row"]/div[@class="flex-grow flex-grow-xs-off"]/div[@class="opi-flex-table-holder"]/div[@class="opi-flex-table"]/div[@class="mapped-cable flex-grow ng-scope moisture-cable"]/div[@class="row flex-row-space-between align-center"]/a[@class="edit-btn"]/i[@class="icon-pencil"]' not found)
[[ATTACHMENT|C:\\Users\\geetab\\Katalon Studio\\RA_opi_blue_cloud\\Reports\\removePlenum_removeFan_deleteBin_deleteSite_unmapNode_unregNode_unregGW\\20180608_112417\\1528478731139.png]]]]></system-out>
         <system-err><![CDATA[2018-06-08 11:24:25 - [TEST_CASE][FAILED] - Test Cases/delete_bin_with_cables_ws_fan_plenum: Test Cases/delete_bin_with_cables_ws_fan_plenum FAILED because (of) Unable to click on object 'Object Repository/delete_bin_with_cables/delete_bin_with_cables_ws_fan_plenum/Page_Sites and Bins - OPI Blue/i_icon-pencil' (Root cause: com.kms.katalon.core.webui.exception.WebElementNotFoundException: Web element with id: 'Object Repository/delete_bin_with_cables/delete_bin_with_cables_ws_fan_plenum/Page_Sites and Bins - OPI Blue/i_icon-pencil' located by 'By.xpath: /html[@class="ng-scope"]/body[@class="flex-column modal-open"]/div[@class="modal fade ng-scope ng-isolate-scope in"]/div[@class="modal-dialog modal-lg"]/div[@class="modal-content"]/bin-details-container[@class="ng-scope ng-isolate-scope"]/div[@class="opi-dialog bs opi-config-sites"]/div[@class="content"]/bin-cable-info-edit[@class="ng-scope ng-isolate-scope"]/form[@class="opi-form bin-cable-info ng-pristine ng-valid"]/div[@class="flex-row"]/div[@class="flex-grow flex-grow-xs-off"]/div[@class="opi-flex-table-holder"]/div[@class="opi-flex-table"]/div[@class="mapped-cable flex-grow ng-scope moisture-cable"]/div[@class="row flex-row-space-between align-center"]/a[@class="edit-btn"]/i[@class="icon-pencil"]' not found)]]></system-err>
      </testcase>
      <testcase name="Test Cases/delete_first_bin" classname="Test Cases/delete_first_bin" status="FAILED">
         <failure type="FAILED" message="Unable to click on object 'Object Repository/delete_first_bin/Page_Sites and Bins - OPI Blue/a_Log out' (Root cause: org.openqa.selenium.WebDriverException: unknown error: Element &lt;a id=&quot;navLogOut&quot; ng-click=&quot;vm.logOut();&quot; analytics-category=&quot;Navigation Menu&quot; analytics-event=&quot;Menu Click&quot; analytics-label=&quot;Log out&quot;>...&lt;/a> is not clickable at point (213, 100). Other element would receive the click: &lt;div uib-modal-window=&quot;modal-window&quot; class=&quot;modal fade ng-scope ng-isolate-scope in&quot; role=&quot;dialog&quot; size=&quot;md&quot; index=&quot;0&quot; animate=&quot;animate&quot; ng-style=&quot;{'z-index': 1050 + $$topModalIndex*10, display: 'block'}&quot; tabindex=&quot;-1&quot; uib-modal-animation-class=&quot;fade&quot; modal-in-class=&quot;in&quot; modal-animation=&quot;true&quot; style=&quot;z-index: 1050; display: block;&quot;>...&lt;/div>
  (Session info: chrome=67.0.3396.62)
  (Driver info: chromedriver=2.35.528161 (5b82f2d2aae0ca24b877009200ced9065a772e73),platform=Windows NT 10.0.16299 x86_64) (WARNING: The server did not provide any stacktrace information)
Command duration or timeout: 0 milliseconds
Build info: version: '3.7.1', revision: '8a0099a', time: '2017-11-06T21:07:36.161Z'
System info: host: 'OPI-LT66', ip: '172.16.6.51', os.name: 'Windows 10', os.arch: 'amd64', os.version: '10.0', java.version: '1.8.0_102'
Driver info: com.kms.katalon.selenium.driver.CChromeDriver
Capabilities {acceptInsecureCerts: false, acceptSslCerts: false, applicationCacheEnabled: false, browserConnectionEnabled: false, browserName: chrome, chrome: {chromedriverVersion: 2.35.528161 (5b82f2d2aae0ca..., userDataDir: C:\Users\geetab\AppData\Loc...}, cssSelectorsEnabled: true, databaseEnabled: false, handlesAlerts: true, hasTouchScreen: false, javascriptEnabled: true, locationContextEnabled: true, mobileEmulationEnabled: false, nativeEvents: true, networkConnectionEnabled: false, pageLoadStrategy: normal, platform: XP, platformName: XP, rotatable: false, setWindowRect: true, takesHeapSnapshot: true, takesScreenshot: true, unexpectedAlertBehaviour: , unhandledPromptBehavior: , version: 67.0.3396.62, webStorageEnabled: true}
Session ID: 44fbcf82a03b085d58565516d6530235)"/>
         <system-out><![CDATA[2018-06-08 11:25:34 - [TEST_CASE][FAILED] - Test Cases/delete_first_bin: Test Cases/delete_first_bin FAILED because (of) Unable to click on object 'Object Repository/delete_first_bin/Page_Sites and Bins - OPI Blue/a_Log out' (Root cause: org.openqa.selenium.WebDriverException: unknown error: Element <a id="navLogOut" ng-click="vm.logOut();" analytics-category="Navigation Menu" analytics-event="Menu Click" analytics-label="Log out">...</a> is not clickable at point (213, 100). Other element would receive the click: <div uib-modal-window="modal-window" class="modal fade ng-scope ng-isolate-scope in" role="dialog" size="md" index="0" animate="animate" ng-style="{'z-index': 1050 + $$topModalIndex*10, display: 'block'}" tabindex="-1" uib-modal-animation-class="fade" modal-in-class="in" modal-animation="true" style="z-index: 1050; display: block;">...</div>
  (Session info: chrome=67.0.3396.62)
  (Driver info: chromedriver=2.35.528161 (5b82f2d2aae0ca24b877009200ced9065a772e73),platform=Windows NT 10.0.16299 x86_64) (WARNING: The server did not provide any stacktrace information)
Command duration or timeout: 0 milliseconds
Build info: version: '3.7.1', revision: '8a0099a', time: '2017-11-06T21:07:36.161Z'
System info: host: 'OPI-LT66', ip: '172.16.6.51', os.name: 'Windows 10', os.arch: 'amd64', os.version: '10.0', java.version: '1.8.0_102'
Driver info: com.kms.katalon.selenium.driver.CChromeDriver
Capabilities {acceptInsecureCerts: false, acceptSslCerts: false, applicationCacheEnabled: false, browserConnectionEnabled: false, browserName: chrome, chrome: {chromedriverVersion: 2.35.528161 (5b82f2d2aae0ca..., userDataDir: C:\Users\geetab\AppData\Loc...}, cssSelectorsEnabled: true, databaseEnabled: false, handlesAlerts: true, hasTouchScreen: false, javascriptEnabled: true, locationContextEnabled: true, mobileEmulationEnabled: false, nativeEvents: true, networkConnectionEnabled: false, pageLoadStrategy: normal, platform: XP, platformName: XP, rotatable: false, setWindowRect: true, takesHeapSnapshot: true, takesScreenshot: true, unexpectedAlertBehaviour: , unhandledPromptBehavior: , version: 67.0.3396.62, webStorageEnabled: true}
Session ID: 44fbcf82a03b085d58565516d6530235)

2018-06-08 11:25:35 - [TEST_STEP][PASSED] - openBrowser: Browser is opened with url: ''

2018-06-08 11:25:35 - [MESSAGE][WARNING] - A browser is already opened. Closing browser and opening a new one

2018-06-08 11:25:42 - [MESSAGE][PASSED] - Browser is opened with url: ''

2018-06-08 11:25:42 - [TEST_STEP][PASSED] - navigateToUrl: Navigate to 'https://ra.managegrain.com/#/dashboard/userPreferences' successfully

2018-06-08 11:25:45 - [MESSAGE][PASSED] - Navigate to 'https://ra.managegrain.com/#/dashboard/userPreferences' successfully

2018-06-08 11:25:45 - [TEST_STEP][PASSED] - setText: Text 'opiopi20171+00028@gmail.com' is set on object 'Object Repository/delete_first_bin/Page_OPI Blue/input_username'

2018-06-08 11:25:51 - [MESSAGE][PASSED] - Text 'opiopi20171+00028@gmail.com' is set on object 'Object Repository/delete_first_bin/Page_OPI Blue/input_username'

2018-06-08 11:25:51 - [TEST_STEP][PASSED] - setText: Text 'gWF7Q4IlreZBZUpxglt7' is set on object 'Object Repository/delete_first_bin/Page_OPI Blue/input_password'

2018-06-08 11:25:55 - [MESSAGE][PASSED] - Text 'gWF7Q4IlreZBZUpxglt7' is set on object 'Object Repository/delete_first_bin/Page_OPI Blue/input_password'

2018-06-08 11:25:55 - [TEST_STEP][PASSED] - click: Object: 'Object Repository/delete_first_bin/Page_OPI Blue/button_Log In' is clicked on

2018-06-08 11:25:59 - [MESSAGE][PASSED] - Object: 'Object Repository/delete_first_bin/Page_OPI Blue/button_Log In' is clicked on

2018-06-08 11:25:59 - [TEST_STEP][PASSED] - click: Object: 'Object Repository/delete_first_bin/Page_Gateways and Nodes - OPI Blue/span_Sites and Bins' is clicked on

2018-06-08 11:26:01 - [MESSAGE][PASSED] - Object: 'Object Repository/delete_first_bin/Page_Gateways and Nodes - OPI Blue/span_Sites and Bins' is clicked on

2018-06-08 11:26:01 - [TEST_STEP][PASSED] - click: Object: 'Object Repository/delete_first_bin/Page_Sites and Bins - OPI Blue/a_Bins' is clicked on

2018-06-08 11:26:04 - [MESSAGE][PASSED] - Object: 'Object Repository/delete_first_bin/Page_Sites and Bins - OPI Blue/a_Bins' is clicked on

2018-06-08 11:26:04 - [TEST_STEP][PASSED] - click: Object: 'Object Repository/delete_first_bin/Page_Sites and Bins - OPI Blue/button_Delete' is clicked on

2018-06-08 11:26:06 - [MESSAGE][PASSED] - Object: 'Object Repository/delete_first_bin/Page_Sites and Bins - OPI Blue/button_Delete' is clicked on

2018-06-08 11:26:06 - [TEST_STEP][PASSED] - click: Object: 'Object Repository/delete_first_bin/Page_Sites and Bins - OPI Blue/button_Delete' is clicked on

2018-06-08 11:26:08 - [MESSAGE][PASSED] - Object: 'Object Repository/delete_first_bin/Page_Sites and Bins - OPI Blue/button_Delete' is clicked on

2018-06-08 11:26:08 - [TEST_STEP][PASSED] - waitForElementPresent: Object 'Object Repository/delete_first_bin/Page_Sites and Bins - OPI Blue/a_Log out' is present

2018-06-08 11:26:09 - [MESSAGE][PASSED] - Object 'Object Repository/delete_first_bin/Page_Sites and Bins - OPI Blue/a_Log out' is present

2018-06-08 11:26:09 - [TEST_STEP][PASSED] - waitForElementClickable: Object 'Object Repository/delete_first_bin/Page_Sites and Bins - OPI Blue/a_Log out' is clickable

2018-06-08 11:26:11 - [MESSAGE][PASSED] - Object 'Object Repository/delete_first_bin/Page_Sites and Bins - OPI Blue/a_Log out' is clickable

2018-06-08 11:26:11 - [TEST_STEP][FAILED] - click: Unable to click on object 'Object Repository/delete_first_bin/Page_Sites and Bins - OPI Blue/a_Log out' (Root cause: org.openqa.selenium.WebDriverException: unknown error: Element <a id="navLogOut" ng-click="vm.logOut();" analytics-category="Navigation Menu" analytics-event="Menu Click" analytics-label="Log out">...</a> is not clickable at point (213, 100). Other element would receive the click: <div uib-modal-window="modal-window" class="modal fade ng-scope ng-isolate-scope in" role="dialog" size="md" index="0" animate="animate" ng-style="{'z-index': 1050 + $$topModalIndex*10, display: 'block'}" tabindex="-1" uib-modal-animation-class="fade" modal-in-class="in" modal-animation="true" style="z-index: 1050; display: block;">...</div>
  (Session info: chrome=67.0.3396.62)
  (Driver info: chromedriver=2.35.528161 (5b82f2d2aae0ca24b877009200ced9065a772e73),platform=Windows NT 10.0.16299 x86_64) (WARNING: The server did not provide any stacktrace information)
Command duration or timeout: 0 milliseconds
Build info: version: '3.7.1', revision: '8a0099a', time: '2017-11-06T21:07:36.161Z'
System info: host: 'OPI-LT66', ip: '172.16.6.51', os.name: 'Windows 10', os.arch: 'amd64', os.version: '10.0', java.version: '1.8.0_102'
Driver info: com.kms.katalon.selenium.driver.CChromeDriver
Capabilities {acceptInsecureCerts: false, acceptSslCerts: false, applicationCacheEnabled: false, browserConnectionEnabled: false, browserName: chrome, chrome: {chromedriverVersion: 2.35.528161 (5b82f2d2aae0ca..., userDataDir: C:\Users\geetab\AppData\Loc...}, cssSelectorsEnabled: true, databaseEnabled: false, handlesAlerts: true, hasTouchScreen: false, javascriptEnabled: true, locationContextEnabled: true, mobileEmulationEnabled: false, nativeEvents: true, networkConnectionEnabled: false, pageLoadStrategy: normal, platform: XP, platformName: XP, rotatable: false, setWindowRect: true, takesHeapSnapshot: true, takesScreenshot: true, unexpectedAlertBehaviour: , unhandledPromptBehavior: , version: 67.0.3396.62, webStorageEnabled: true}
Session ID: 44fbcf82a03b085d58565516d6530235)

2018-06-08 11:26:15 - [MESSAGE][FAILED] - Unable to click on object 'Object Repository/delete_first_bin/Page_Sites and Bins - OPI Blue/a_Log out' (Root cause: org.openqa.selenium.WebDriverException: unknown error: Element <a id="navLogOut" ng-click="vm.logOut();" analytics-category="Navigation Menu" analytics-event="Menu Click" analytics-label="Log out">...</a> is not clickable at point (213, 100). Other element would receive the click: <div uib-modal-window="modal-window" class="modal fade ng-scope ng-isolate-scope in" role="dialog" size="md" index="0" animate="animate" ng-style="{'z-index': 1050 + $$topModalIndex*10, display: 'block'}" tabindex="-1" uib-modal-animation-class="fade" modal-in-class="in" modal-animation="true" style="z-index: 1050; display: block;">...</div>
  (Session info: chrome=67.0.3396.62)
  (Driver info: chromedriver=2.35.528161 (5b82f2d2aae0ca24b877009200ced9065a772e73),platform=Windows NT 10.0.16299 x86_64) (WARNING: The server did not provide any stacktrace information)
Command duration or timeout: 0 milliseconds
Build info: version: '3.7.1', revision: '8a0099a', time: '2017-11-06T21:07:36.161Z'
System info: host: 'OPI-LT66', ip: '172.16.6.51', os.name: 'Windows 10', os.arch: 'amd64', os.version: '10.0', java.version: '1.8.0_102'
Driver info: com.kms.katalon.selenium.driver.CChromeDriver
Capabilities {acceptInsecureCerts: false, acceptSslCerts: false, applicationCacheEnabled: false, browserConnectionEnabled: false, browserName: chrome, chrome: {chromedriverVersion: 2.35.528161 (5b82f2d2aae0ca..., userDataDir: C:\Users\geetab\AppData\Loc...}, cssSelectorsEnabled: true, databaseEnabled: false, handlesAlerts: true, hasTouchScreen: false, javascriptEnabled: true, locationContextEnabled: true, mobileEmulationEnabled: false, nativeEvents: true, networkConnectionEnabled: false, pageLoadStrategy: normal, platform: XP, platformName: XP, rotatable: false, setWindowRect: true, takesHeapSnapshot: true, takesScreenshot: true, unexpectedAlertBehaviour: , unhandledPromptBehavior: , version: 67.0.3396.62, webStorageEnabled: true}
Session ID: 44fbcf82a03b085d58565516d6530235)
[[ATTACHMENT|C:\\Users\\geetab\\Katalon Studio\\RA_opi_blue_cloud\\Reports\\removePlenum_removeFan_deleteBin_deleteSite_unmapNode_unregNode_unregGW\\20180608_112417\\1528478773743.png]]]]></system-out>
         <system-err><![CDATA[2018-06-08 11:25:34 - [TEST_CASE][FAILED] - Test Cases/delete_first_bin: Test Cases/delete_first_bin FAILED because (of) Unable to click on object 'Object Repository/delete_first_bin/Page_Sites and Bins - OPI Blue/a_Log out' (Root cause: org.openqa.selenium.WebDriverException: unknown error: Element <a id="navLogOut" ng-click="vm.logOut();" analytics-category="Navigation Menu" analytics-event="Menu Click" analytics-label="Log out">...</a> is not clickable at point (213, 100). Other element would receive the click: <div uib-modal-window="modal-window" class="modal fade ng-scope ng-isolate-scope in" role="dialog" size="md" index="0" animate="animate" ng-style="{'z-index': 1050 + $$topModalIndex*10, display: 'block'}" tabindex="-1" uib-modal-animation-class="fade" modal-in-class="in" modal-animation="true" style="z-index: 1050; display: block;">...</div>
  (Session info: chrome=67.0.3396.62)
  (Driver info: chromedriver=2.35.528161 (5b82f2d2aae0ca24b877009200ced9065a772e73),platform=Windows NT 10.0.16299 x86_64) (WARNING: The server did not provide any stacktrace information)
Command duration or timeout: 0 milliseconds
Build info: version: '3.7.1', revision: '8a0099a', time: '2017-11-06T21:07:36.161Z'
System info: host: 'OPI-LT66', ip: '172.16.6.51', os.name: 'Windows 10', os.arch: 'amd64', os.version: '10.0', java.version: '1.8.0_102'
Driver info: com.kms.katalon.selenium.driver.CChromeDriver
Capabilities {acceptInsecureCerts: false, acceptSslCerts: false, applicationCacheEnabled: false, browserConnectionEnabled: false, browserName: chrome, chrome: {chromedriverVersion: 2.35.528161 (5b82f2d2aae0ca..., userDataDir: C:\Users\geetab\AppData\Loc...}, cssSelectorsEnabled: true, databaseEnabled: false, handlesAlerts: true, hasTouchScreen: false, javascriptEnabled: true, locationContextEnabled: true, mobileEmulationEnabled: false, nativeEvents: true, networkConnectionEnabled: false, pageLoadStrategy: normal, platform: XP, platformName: XP, rotatable: false, setWindowRect: true, takesHeapSnapshot: true, takesScreenshot: true, unexpectedAlertBehaviour: , unhandledPromptBehavior: , version: 67.0.3396.62, webStorageEnabled: true}
Session ID: 44fbcf82a03b085d58565516d6530235)]]></system-err>
      </testcase>
      <testcase name="Test Cases/remove_weather_station_from_site" classname="Test Cases/remove_weather_station_from_site" status="PASSED">
         <system-out><![CDATA[2018-06-08 11:26:17 - [TEST_CASE][PASSED] - Test Cases/remove_weather_station_from_site: Test Cases/remove_weather_station_from_site

2018-06-08 11:26:17 - [TEST_STEP][PASSED] - openBrowser: Browser is opened with url: ''

2018-06-08 11:26:17 - [MESSAGE][WARNING] - A browser is already opened. Closing browser and opening a new one

2018-06-08 11:26:24 - [MESSAGE][PASSED] - Browser is opened with url: ''

2018-06-08 11:26:24 - [TEST_STEP][PASSED] - navigateToUrl: Navigate to 'https://ra.managegrain.com/#/dashboard/userPreferences' successfully

2018-06-08 11:26:27 - [MESSAGE][PASSED] - Navigate to 'https://ra.managegrain.com/#/dashboard/userPreferences' successfully

2018-06-08 11:26:27 - [TEST_STEP][PASSED] - setText: Text 'opiopi20171+00028@gmail.com' is set on object 'Object Repository/remove_weather_station/Page_OPI Blue/input_username'

2018-06-08 11:26:33 - [MESSAGE][PASSED] - Text 'opiopi20171+00028@gmail.com' is set on object 'Object Repository/remove_weather_station/Page_OPI Blue/input_username'

2018-06-08 11:26:33 - [TEST_STEP][PASSED] - setText: Text 'gWF7Q4IlreZBZUpxglt7' is set on object 'Object Repository/remove_weather_station/Page_OPI Blue/input_password'

2018-06-08 11:26:38 - [MESSAGE][PASSED] - Text 'gWF7Q4IlreZBZUpxglt7' is set on object 'Object Repository/remove_weather_station/Page_OPI Blue/input_password'

2018-06-08 11:26:38 - [TEST_STEP][PASSED] - click: Object: 'Object Repository/remove_weather_station/Page_OPI Blue/span_Log In' is clicked on

2018-06-08 11:26:41 - [MESSAGE][PASSED] - Object: 'Object Repository/remove_weather_station/Page_OPI Blue/span_Log In' is clicked on

2018-06-08 11:26:41 - [TEST_STEP][PASSED] - click: Object: 'Object Repository/remove_weather_station/Page_Dashboard - OPI Blue/span_Sites and Bins' is clicked on

2018-06-08 11:26:43 - [MESSAGE][PASSED] - Object: 'Object Repository/remove_weather_station/Page_Dashboard - OPI Blue/span_Sites and Bins' is clicked on

2018-06-08 11:26:43 - [TEST_STEP][PASSED] - click: Object: 'Object Repository/remove_weather_station/Page_Sites and Bins - OPI Blue/a_Sites' is clicked on

2018-06-08 11:26:46 - [MESSAGE][PASSED] - Object: 'Object Repository/remove_weather_station/Page_Sites and Bins - OPI Blue/a_Sites' is clicked on

2018-06-08 11:26:46 - [TEST_STEP][PASSED] - click: Object: 'Object Repository/remove_weather_station/Page_Sites and Bins - OPI Blue/a_Weather Stations' is clicked on

2018-06-08 11:26:48 - [MESSAGE][PASSED] - Object: 'Object Repository/remove_weather_station/Page_Sites and Bins - OPI Blue/a_Weather Stations' is clicked on

2018-06-08 11:26:48 - [TEST_STEP][PASSED] - click: Object: 'Object Repository/remove_weather_station/Page_Sites and Bins - OPI Blue/button_Remove' is clicked on

2018-06-08 11:26:50 - [MESSAGE][PASSED] - Object: 'Object Repository/remove_weather_station/Page_Sites and Bins - OPI Blue/button_Remove' is clicked on

2018-06-08 11:26:50 - [TEST_STEP][PASSED] - click: Object: 'Object Repository/remove_weather_station/Page_Sites and Bins - OPI Blue/button_Remove_1' is clicked on

2018-06-08 11:26:52 - [MESSAGE][PASSED] - Object: 'Object Repository/remove_weather_station/Page_Sites and Bins - OPI Blue/button_Remove_1' is clicked on

2018-06-08 11:26:52 - [TEST_STEP][PASSED] - waitForElementPresent: Object 'Object Repository/remove_weather_station/Page_Sites and Bins - OPI Blue/a_Log out' is present

2018-06-08 11:26:53 - [MESSAGE][PASSED] - Object 'Object Repository/remove_weather_station/Page_Sites and Bins - OPI Blue/a_Log out' is present

2018-06-08 11:26:53 - [TEST_STEP][PASSED] - waitForElementClickable: Object 'Object Repository/remove_weather_station/Page_Sites and Bins - OPI Blue/a_Log out' is clickable

2018-06-08 11:26:55 - [MESSAGE][PASSED] - Object 'Object Repository/remove_weather_station/Page_Sites and Bins - OPI Blue/a_Log out' is clickable

2018-06-08 11:26:55 - [TEST_STEP][PASSED] - click: Object: 'Object Repository/remove_weather_station/Page_Sites and Bins - OPI Blue/a_Log out' is clicked on

2018-06-08 11:26:58 - [MESSAGE][PASSED] - Object: 'Object Repository/remove_weather_station/Page_Sites and Bins - OPI Blue/a_Log out' is clicked on

2018-06-08 11:26:58 - [TEST_STEP][PASSED] - closeBrowser: Browser is closed

2018-06-08 11:27:00 - [MESSAGE][PASSED] - Browser is closed]]></system-out>
         <system-err><![CDATA[]]></system-err>
      </testcase>
      <testcase name="Test Cases/delete_site_without_ws" classname="Test Cases/delete_site_without_ws" status="FAILED">
         <failure type="FAILED" message="Unable to click on object 'Object Repository/delete_site/Page_Sites and Bins - OPI Blue/a_Log out' (Root cause: org.openqa.selenium.WebDriverException: unknown error: Element &lt;a id=&quot;navLogOut&quot; ng-click=&quot;vm.logOut();&quot; analytics-category=&quot;Navigation Menu&quot; analytics-event=&quot;Menu Click&quot; analytics-label=&quot;Log out&quot;>...&lt;/a> is not clickable at point (213, 100). Other element would receive the click: &lt;div uib-modal-window=&quot;modal-window&quot; class=&quot;modal fade ng-scope ng-isolate-scope in&quot; role=&quot;dialog&quot; size=&quot;md&quot; index=&quot;0&quot; animate=&quot;animate&quot; ng-style=&quot;{'z-index': 1050 + $$topModalIndex*10, display: 'block'}&quot; tabindex=&quot;-1&quot; uib-modal-animation-class=&quot;fade&quot; modal-in-class=&quot;in&quot; modal-animation=&quot;true&quot; style=&quot;z-index: 1050; display: block;&quot;>...&lt;/div>
  (Session info: chrome=67.0.3396.62)
  (Driver info: chromedriver=2.35.528161 (5b82f2d2aae0ca24b877009200ced9065a772e73),platform=Windows NT 10.0.16299 x86_64) (WARNING: The server did not provide any stacktrace information)
Command duration or timeout: 0 milliseconds
Build info: version: '3.7.1', revision: '8a0099a', time: '2017-11-06T21:07:36.161Z'
System info: host: 'OPI-LT66', ip: '172.16.6.51', os.name: 'Windows 10', os.arch: 'amd64', os.version: '10.0', java.version: '1.8.0_102'
Driver info: com.kms.katalon.selenium.driver.CChromeDriver
Capabilities {acceptInsecureCerts: false, acceptSslCerts: false, applicationCacheEnabled: false, browserConnectionEnabled: false, browserName: chrome, chrome: {chromedriverVersion: 2.35.528161 (5b82f2d2aae0ca..., userDataDir: C:\Users\geetab\AppData\Loc...}, cssSelectorsEnabled: true, databaseEnabled: false, handlesAlerts: true, hasTouchScreen: false, javascriptEnabled: true, locationContextEnabled: true, mobileEmulationEnabled: false, nativeEvents: true, networkConnectionEnabled: false, pageLoadStrategy: normal, platform: XP, platformName: XP, rotatable: false, setWindowRect: true, takesHeapSnapshot: true, takesScreenshot: true, unexpectedAlertBehaviour: , unhandledPromptBehavior: , version: 67.0.3396.62, webStorageEnabled: true}
Session ID: e17fca1aa6bcd4c653d5f78c09a4293b)"/>
         <system-out><![CDATA[2018-06-08 11:27:02 - [TEST_CASE][FAILED] - Test Cases/delete_site_without_ws: Test Cases/delete_site_without_ws FAILED because (of) Unable to click on object 'Object Repository/delete_site/Page_Sites and Bins - OPI Blue/a_Log out' (Root cause: org.openqa.selenium.WebDriverException: unknown error: Element <a id="navLogOut" ng-click="vm.logOut();" analytics-category="Navigation Menu" analytics-event="Menu Click" analytics-label="Log out">...</a> is not clickable at point (213, 100). Other element would receive the click: <div uib-modal-window="modal-window" class="modal fade ng-scope ng-isolate-scope in" role="dialog" size="md" index="0" animate="animate" ng-style="{'z-index': 1050 + $$topModalIndex*10, display: 'block'}" tabindex="-1" uib-modal-animation-class="fade" modal-in-class="in" modal-animation="true" style="z-index: 1050; display: block;">...</div>
  (Session info: chrome=67.0.3396.62)
  (Driver info: chromedriver=2.35.528161 (5b82f2d2aae0ca24b877009200ced9065a772e73),platform=Windows NT 10.0.16299 x86_64) (WARNING: The server did not provide any stacktrace information)
Command duration or timeout: 0 milliseconds
Build info: version: '3.7.1', revision: '8a0099a', time: '2017-11-06T21:07:36.161Z'
System info: host: 'OPI-LT66', ip: '172.16.6.51', os.name: 'Windows 10', os.arch: 'amd64', os.version: '10.0', java.version: '1.8.0_102'
Driver info: com.kms.katalon.selenium.driver.CChromeDriver
Capabilities {acceptInsecureCerts: false, acceptSslCerts: false, applicationCacheEnabled: false, browserConnectionEnabled: false, browserName: chrome, chrome: {chromedriverVersion: 2.35.528161 (5b82f2d2aae0ca..., userDataDir: C:\Users\geetab\AppData\Loc...}, cssSelectorsEnabled: true, databaseEnabled: false, handlesAlerts: true, hasTouchScreen: false, javascriptEnabled: true, locationContextEnabled: true, mobileEmulationEnabled: false, nativeEvents: true, networkConnectionEnabled: false, pageLoadStrategy: normal, platform: XP, platformName: XP, rotatable: false, setWindowRect: true, takesHeapSnapshot: true, takesScreenshot: true, unexpectedAlertBehaviour: , unhandledPromptBehavior: , version: 67.0.3396.62, webStorageEnabled: true}
Session ID: e17fca1aa6bcd4c653d5f78c09a4293b)

2018-06-08 11:27:03 - [TEST_STEP][PASSED] - openBrowser: Browser is opened with url: ''

2018-06-08 11:27:07 - [MESSAGE][PASSED] - Browser is opened with url: ''

2018-06-08 11:27:07 - [TEST_STEP][PASSED] - navigateToUrl: Navigate to 'https://ra.managegrain.com/#/dashboard/userPreferences' successfully

2018-06-08 11:27:11 - [MESSAGE][PASSED] - Navigate to 'https://ra.managegrain.com/#/dashboard/userPreferences' successfully

2018-06-08 11:27:11 - [TEST_STEP][PASSED] - setText: Text 'opiopi20171+00028@gmail.com' is set on object 'Object Repository/delete_site/Page_OPI Blue/input_username'

2018-06-08 11:27:17 - [MESSAGE][PASSED] - Text 'opiopi20171+00028@gmail.com' is set on object 'Object Repository/delete_site/Page_OPI Blue/input_username'

2018-06-08 11:27:17 - [TEST_STEP][PASSED] - setText: Text 'gWF7Q4IlreZBZUpxglt7' is set on object 'Object Repository/delete_site/Page_OPI Blue/input_password'

2018-06-08 11:27:21 - [MESSAGE][PASSED] - Text 'gWF7Q4IlreZBZUpxglt7' is set on object 'Object Repository/delete_site/Page_OPI Blue/input_password'

2018-06-08 11:27:21 - [TEST_STEP][PASSED] - click: Object: 'Object Repository/delete_site/Page_OPI Blue/span_Log In' is clicked on

2018-06-08 11:27:24 - [MESSAGE][PASSED] - Object: 'Object Repository/delete_site/Page_OPI Blue/span_Log In' is clicked on

2018-06-08 11:27:24 - [TEST_STEP][PASSED] - click: Object: 'Object Repository/delete_site/Page_Sites and Bins - OPI Blue/span_Sites and Bins' is clicked on

2018-06-08 11:27:27 - [MESSAGE][PASSED] - Object: 'Object Repository/delete_site/Page_Sites and Bins - OPI Blue/span_Sites and Bins' is clicked on

2018-06-08 11:27:27 - [TEST_STEP][PASSED] - click: Object: 'Object Repository/delete_site/Page_Sites and Bins - OPI Blue/a_Sites' is clicked on

2018-06-08 11:27:29 - [MESSAGE][PASSED] - Object: 'Object Repository/delete_site/Page_Sites and Bins - OPI Blue/a_Sites' is clicked on

2018-06-08 11:27:29 - [TEST_STEP][PASSED] - click: Object: 'Object Repository/delete_site/Page_Sites and Bins - OPI Blue/button_Delete' is clicked on

2018-06-08 11:27:31 - [MESSAGE][PASSED] - Object: 'Object Repository/delete_site/Page_Sites and Bins - OPI Blue/button_Delete' is clicked on

2018-06-08 11:27:31 - [TEST_STEP][PASSED] - click: Object: 'Object Repository/delete_site/Page_Sites and Bins - OPI Blue/button_Delete' is clicked on

2018-06-08 11:27:33 - [MESSAGE][PASSED] - Object: 'Object Repository/delete_site/Page_Sites and Bins - OPI Blue/button_Delete' is clicked on

2018-06-08 11:27:33 - [TEST_STEP][PASSED] - waitForElementPresent: Object 'Object Repository/delete_site/Page_Sites and Bins - OPI Blue/a_Log out' is present

2018-06-08 11:27:34 - [MESSAGE][PASSED] - Object 'Object Repository/delete_site/Page_Sites and Bins - OPI Blue/a_Log out' is present

2018-06-08 11:27:34 - [TEST_STEP][PASSED] - waitForElementClickable: Object 'Object Repository/delete_site/Page_Sites and Bins - OPI Blue/a_Log out' is clickable

2018-06-08 11:27:36 - [MESSAGE][PASSED] - Object 'Object Repository/delete_site/Page_Sites and Bins - OPI Blue/a_Log out' is clickable

2018-06-08 11:27:36 - [TEST_STEP][FAILED] - click: Unable to click on object 'Object Repository/delete_site/Page_Sites and Bins - OPI Blue/a_Log out' (Root cause: org.openqa.selenium.WebDriverException: unknown error: Element <a id="navLogOut" ng-click="vm.logOut();" analytics-category="Navigation Menu" analytics-event="Menu Click" analytics-label="Log out">...</a> is not clickable at point (213, 100). Other element would receive the click: <div uib-modal-window="modal-window" class="modal fade ng-scope ng-isolate-scope in" role="dialog" size="md" index="0" animate="animate" ng-style="{'z-index': 1050 + $$topModalIndex*10, display: 'block'}" tabindex="-1" uib-modal-animation-class="fade" modal-in-class="in" modal-animation="true" style="z-index: 1050; display: block;">...</div>
  (Session info: chrome=67.0.3396.62)
  (Driver info: chromedriver=2.35.528161 (5b82f2d2aae0ca24b877009200ced9065a772e73),platform=Windows NT 10.0.16299 x86_64) (WARNING: The server did not provide any stacktrace information)
Command duration or timeout: 0 milliseconds
Build info: version: '3.7.1', revision: '8a0099a', time: '2017-11-06T21:07:36.161Z'
System info: host: 'OPI-LT66', ip: '172.16.6.51', os.name: 'Windows 10', os.arch: 'amd64', os.version: '10.0', java.version: '1.8.0_102'
Driver info: com.kms.katalon.selenium.driver.CChromeDriver
Capabilities {acceptInsecureCerts: false, acceptSslCerts: false, applicationCacheEnabled: false, browserConnectionEnabled: false, browserName: chrome, chrome: {chromedriverVersion: 2.35.528161 (5b82f2d2aae0ca..., userDataDir: C:\Users\geetab\AppData\Loc...}, cssSelectorsEnabled: true, databaseEnabled: false, handlesAlerts: true, hasTouchScreen: false, javascriptEnabled: true, locationContextEnabled: true, mobileEmulationEnabled: false, nativeEvents: true, networkConnectionEnabled: false, pageLoadStrategy: normal, platform: XP, platformName: XP, rotatable: false, setWindowRect: true, takesHeapSnapshot: true, takesScreenshot: true, unexpectedAlertBehaviour: , unhandledPromptBehavior: , version: 67.0.3396.62, webStorageEnabled: true}
Session ID: e17fca1aa6bcd4c653d5f78c09a4293b)

2018-06-08 11:27:40 - [MESSAGE][FAILED] - Unable to click on object 'Object Repository/delete_site/Page_Sites and Bins - OPI Blue/a_Log out' (Root cause: org.openqa.selenium.WebDriverException: unknown error: Element <a id="navLogOut" ng-click="vm.logOut();" analytics-category="Navigation Menu" analytics-event="Menu Click" analytics-label="Log out">...</a> is not clickable at point (213, 100). Other element would receive the click: <div uib-modal-window="modal-window" class="modal fade ng-scope ng-isolate-scope in" role="dialog" size="md" index="0" animate="animate" ng-style="{'z-index': 1050 + $$topModalIndex*10, display: 'block'}" tabindex="-1" uib-modal-animation-class="fade" modal-in-class="in" modal-animation="true" style="z-index: 1050; display: block;">...</div>
  (Session info: chrome=67.0.3396.62)
  (Driver info: chromedriver=2.35.528161 (5b82f2d2aae0ca24b877009200ced9065a772e73),platform=Windows NT 10.0.16299 x86_64) (WARNING: The server did not provide any stacktrace information)
Command duration or timeout: 0 milliseconds
Build info: version: '3.7.1', revision: '8a0099a', time: '2017-11-06T21:07:36.161Z'
System info: host: 'OPI-LT66', ip: '172.16.6.51', os.name: 'Windows 10', os.arch: 'amd64', os.version: '10.0', java.version: '1.8.0_102'
Driver info: com.kms.katalon.selenium.driver.CChromeDriver
Capabilities {acceptInsecureCerts: false, acceptSslCerts: false, applicationCacheEnabled: false, browserConnectionEnabled: false, browserName: chrome, chrome: {chromedriverVersion: 2.35.528161 (5b82f2d2aae0ca..., userDataDir: C:\Users\geetab\AppData\Loc...}, cssSelectorsEnabled: true, databaseEnabled: false, handlesAlerts: true, hasTouchScreen: false, javascriptEnabled: true, locationContextEnabled: true, mobileEmulationEnabled: false, nativeEvents: true, networkConnectionEnabled: false, pageLoadStrategy: normal, platform: XP, platformName: XP, rotatable: false, setWindowRect: true, takesHeapSnapshot: true, takesScreenshot: true, unexpectedAlertBehaviour: , unhandledPromptBehavior: , version: 67.0.3396.62, webStorageEnabled: true}
Session ID: e17fca1aa6bcd4c653d5f78c09a4293b)
[[ATTACHMENT|C:\\Users\\geetab\\Katalon Studio\\RA_opi_blue_cloud\\Reports\\removePlenum_removeFan_deleteBin_deleteSite_unmapNode_unregNode_unregGW\\20180608_112417\\1528478859061.png]]]]></system-out>
         <system-err><![CDATA[2018-06-08 11:27:02 - [TEST_CASE][FAILED] - Test Cases/delete_site_without_ws: Test Cases/delete_site_without_ws FAILED because (of) Unable to click on object 'Object Repository/delete_site/Page_Sites and Bins - OPI Blue/a_Log out' (Root cause: org.openqa.selenium.WebDriverException: unknown error: Element <a id="navLogOut" ng-click="vm.logOut();" analytics-category="Navigation Menu" analytics-event="Menu Click" analytics-label="Log out">...</a> is not clickable at point (213, 100). Other element would receive the click: <div uib-modal-window="modal-window" class="modal fade ng-scope ng-isolate-scope in" role="dialog" size="md" index="0" animate="animate" ng-style="{'z-index': 1050 + $$topModalIndex*10, display: 'block'}" tabindex="-1" uib-modal-animation-class="fade" modal-in-class="in" modal-animation="true" style="z-index: 1050; display: block;">...</div>
  (Session info: chrome=67.0.3396.62)
  (Driver info: chromedriver=2.35.528161 (5b82f2d2aae0ca24b877009200ced9065a772e73),platform=Windows NT 10.0.16299 x86_64) (WARNING: The server did not provide any stacktrace information)
Command duration or timeout: 0 milliseconds
Build info: version: '3.7.1', revision: '8a0099a', time: '2017-11-06T21:07:36.161Z'
System info: host: 'OPI-LT66', ip: '172.16.6.51', os.name: 'Windows 10', os.arch: 'amd64', os.version: '10.0', java.version: '1.8.0_102'
Driver info: com.kms.katalon.selenium.driver.CChromeDriver
Capabilities {acceptInsecureCerts: false, acceptSslCerts: false, applicationCacheEnabled: false, browserConnectionEnabled: false, browserName: chrome, chrome: {chromedriverVersion: 2.35.528161 (5b82f2d2aae0ca..., userDataDir: C:\Users\geetab\AppData\Loc...}, cssSelectorsEnabled: true, databaseEnabled: false, handlesAlerts: true, hasTouchScreen: false, javascriptEnabled: true, locationContextEnabled: true, mobileEmulationEnabled: false, nativeEvents: true, networkConnectionEnabled: false, pageLoadStrategy: normal, platform: XP, platformName: XP, rotatable: false, setWindowRect: true, takesHeapSnapshot: true, takesScreenshot: true, unexpectedAlertBehaviour: , unhandledPromptBehavior: , version: 67.0.3396.62, webStorageEnabled: true}
Session ID: e17fca1aa6bcd4c653d5f78c09a4293b)]]></system-err>
      </testcase>
      <testcase name="Test Cases/unmap_node" classname="Test Cases/unmap_node" status="PASSED">
         <system-out><![CDATA[2018-06-08 11:27:42 - [TEST_CASE][PASSED] - Test Cases/unmap_node: Test Cases/unmap_node

2018-06-08 11:27:42 - [TEST_STEP][PASSED] - openBrowser: Browser is opened with url: ''

2018-06-08 11:27:42 - [MESSAGE][WARNING] - A browser is already opened. Closing browser and opening a new one

2018-06-08 11:27:49 - [MESSAGE][PASSED] - Browser is opened with url: ''

2018-06-08 11:27:49 - [TEST_STEP][PASSED] - navigateToUrl: Navigate to 'https://ra.managegrain.com/#/dashboard/userPreferences' successfully

2018-06-08 11:27:52 - [MESSAGE][PASSED] - Navigate to 'https://ra.managegrain.com/#/dashboard/userPreferences' successfully

2018-06-08 11:27:52 - [TEST_STEP][PASSED] - setText: Text 'opiopi20171+00028@gmail.com' is set on object 'Object Repository/unmap_node/Page_OPI Blue/input_username'

2018-06-08 11:27:58 - [MESSAGE][PASSED] - Text 'opiopi20171+00028@gmail.com' is set on object 'Object Repository/unmap_node/Page_OPI Blue/input_username'

2018-06-08 11:27:58 - [TEST_STEP][PASSED] - setText: Text 'gWF7Q4IlreZBZUpxglt7' is set on object 'Object Repository/unmap_node/Page_OPI Blue/input_password'

2018-06-08 11:28:03 - [MESSAGE][PASSED] - Text 'gWF7Q4IlreZBZUpxglt7' is set on object 'Object Repository/unmap_node/Page_OPI Blue/input_password'

2018-06-08 11:28:03 - [TEST_STEP][PASSED] - click: Object: 'Object Repository/unmap_node/Page_OPI Blue/span_Log In' is clicked on

2018-06-08 11:28:06 - [MESSAGE][PASSED] - Object: 'Object Repository/unmap_node/Page_OPI Blue/span_Log In' is clicked on

2018-06-08 11:28:06 - [TEST_STEP][PASSED] - click: Object: 'Object Repository/unmap_node/Page_Dashboard - OPI Blue/span_Gateways and Nodes' is clicked on

2018-06-08 11:28:08 - [MESSAGE][PASSED] - Object: 'Object Repository/unmap_node/Page_Dashboard - OPI Blue/span_Gateways and Nodes' is clicked on

2018-06-08 11:28:08 - [TEST_STEP][PASSED] - click: Object: 'Object Repository/unmap_node/Page_Gateways and Nodes - OPI Blue/a_Nodes' is clicked on

2018-06-08 11:28:11 - [MESSAGE][PASSED] - Object: 'Object Repository/unmap_node/Page_Gateways and Nodes - OPI Blue/a_Nodes' is clicked on

2018-06-08 11:28:11 - [TEST_STEP][PASSED] - click: Object: 'Object Repository/unmap_node/Page_Gateways and Nodes - OPI Blue/button_Unmap' is clicked on

2018-06-08 11:28:13 - [MESSAGE][PASSED] - Object: 'Object Repository/unmap_node/Page_Gateways and Nodes - OPI Blue/button_Unmap' is clicked on

2018-06-08 11:28:13 - [TEST_STEP][PASSED] - waitForElementPresent: Object 'Object Repository/unmap_node/Page_Gateways and Nodes - OPI Blue/a_Log out' is present

2018-06-08 11:28:14 - [MESSAGE][PASSED] - Object 'Object Repository/unmap_node/Page_Gateways and Nodes - OPI Blue/a_Log out' is present

2018-06-08 11:28:14 - [TEST_STEP][PASSED] - waitForElementClickable: Object 'Object Repository/unmap_node/Page_Gateways and Nodes - OPI Blue/a_Log out' is clickable

2018-06-08 11:28:16 - [MESSAGE][PASSED] - Object 'Object Repository/unmap_node/Page_Gateways and Nodes - OPI Blue/a_Log out' is clickable

2018-06-08 11:28:16 - [TEST_STEP][PASSED] - click: Object: 'Object Repository/unmap_node/Page_Gateways and Nodes - OPI Blue/a_Log out' is clicked on

2018-06-08 11:28:19 - [MESSAGE][PASSED] - Object: 'Object Repository/unmap_node/Page_Gateways and Nodes - OPI Blue/a_Log out' is clicked on

2018-06-08 11:28:19 - [TEST_STEP][PASSED] - closeBrowser: Browser is closed

2018-06-08 11:28:21 - [MESSAGE][PASSED] - Browser is closed]]></system-out>
         <system-err><![CDATA[]]></system-err>
      </testcase>
      <testcase name="Test Cases/unregister_node" classname="Test Cases/unregister_node" status="FAILED">
         <failure type="FAILED" message="Unable to click on object 'Object Repository/unregister_node/Page_Gateways and Nodes - OPI Blue/button_Close                 R' (Root cause: org.openqa.selenium.ElementNotVisibleException: element not visible
  (Session info: chrome=67.0.3396.62)
  (Driver info: chromedriver=2.35.528161 (5b82f2d2aae0ca24b877009200ced9065a772e73),platform=Windows NT 10.0.16299 x86_64) (WARNING: The server did not provide any stacktrace information)
Command duration or timeout: 0 milliseconds
Build info: version: '3.7.1', revision: '8a0099a', time: '2017-11-06T21:07:36.161Z'
System info: host: 'OPI-LT66', ip: '172.16.6.51', os.name: 'Windows 10', os.arch: 'amd64', os.version: '10.0', java.version: '1.8.0_102'
Driver info: com.kms.katalon.selenium.driver.CChromeDriver
Capabilities {acceptInsecureCerts: false, acceptSslCerts: false, applicationCacheEnabled: false, browserConnectionEnabled: false, browserName: chrome, chrome: {chromedriverVersion: 2.35.528161 (5b82f2d2aae0ca..., userDataDir: C:\Users\geetab\AppData\Loc...}, cssSelectorsEnabled: true, databaseEnabled: false, handlesAlerts: true, hasTouchScreen: false, javascriptEnabled: true, locationContextEnabled: true, mobileEmulationEnabled: false, nativeEvents: true, networkConnectionEnabled: false, pageLoadStrategy: normal, platform: XP, platformName: XP, rotatable: false, setWindowRect: true, takesHeapSnapshot: true, takesScreenshot: true, unexpectedAlertBehaviour: , unhandledPromptBehavior: , version: 67.0.3396.62, webStorageEnabled: true}
Session ID: 850d9c1e9a130fea4f9a2510e407d613)"/>
         <system-out><![CDATA[2018-06-08 11:28:23 - [TEST_CASE][FAILED] - Test Cases/unregister_node: Test Cases/unregister_node FAILED because (of) Unable to click on object 'Object Repository/unregister_node/Page_Gateways and Nodes - OPI Blue/button_Close                 R' (Root cause: org.openqa.selenium.ElementNotVisibleException: element not visible
  (Session info: chrome=67.0.3396.62)
  (Driver info: chromedriver=2.35.528161 (5b82f2d2aae0ca24b877009200ced9065a772e73),platform=Windows NT 10.0.16299 x86_64) (WARNING: The server did not provide any stacktrace information)
Command duration or timeout: 0 milliseconds
Build info: version: '3.7.1', revision: '8a0099a', time: '2017-11-06T21:07:36.161Z'
System info: host: 'OPI-LT66', ip: '172.16.6.51', os.name: 'Windows 10', os.arch: 'amd64', os.version: '10.0', java.version: '1.8.0_102'
Driver info: com.kms.katalon.selenium.driver.CChromeDriver
Capabilities {acceptInsecureCerts: false, acceptSslCerts: false, applicationCacheEnabled: false, browserConnectionEnabled: false, browserName: chrome, chrome: {chromedriverVersion: 2.35.528161 (5b82f2d2aae0ca..., userDataDir: C:\Users\geetab\AppData\Loc...}, cssSelectorsEnabled: true, databaseEnabled: false, handlesAlerts: true, hasTouchScreen: false, javascriptEnabled: true, locationContextEnabled: true, mobileEmulationEnabled: false, nativeEvents: true, networkConnectionEnabled: false, pageLoadStrategy: normal, platform: XP, platformName: XP, rotatable: false, setWindowRect: true, takesHeapSnapshot: true, takesScreenshot: true, unexpectedAlertBehaviour: , unhandledPromptBehavior: , version: 67.0.3396.62, webStorageEnabled: true}
Session ID: 850d9c1e9a130fea4f9a2510e407d613)

2018-06-08 11:28:23 - [TEST_STEP][PASSED] - openBrowser: Browser is opened with url: ''

2018-06-08 11:28:28 - [MESSAGE][PASSED] - Browser is opened with url: ''

2018-06-08 11:28:28 - [TEST_STEP][PASSED] - navigateToUrl: Navigate to 'https://ra.managegrain.com/#/dashboard/userPreferences' successfully

2018-06-08 11:28:31 - [MESSAGE][PASSED] - Navigate to 'https://ra.managegrain.com/#/dashboard/userPreferences' successfully

2018-06-08 11:28:31 - [TEST_STEP][PASSED] - setText: Text 'opiopi20171+00028@gmail.com' is set on object 'Object Repository/unregister_node/Page_OPI Blue/input_username'

2018-06-08 11:28:37 - [MESSAGE][PASSED] - Text 'opiopi20171+00028@gmail.com' is set on object 'Object Repository/unregister_node/Page_OPI Blue/input_username'

2018-06-08 11:28:37 - [TEST_STEP][PASSED] - setText: Text 'gWF7Q4IlreZBZUpxglt7' is set on object 'Object Repository/unregister_node/Page_OPI Blue/input_password'

2018-06-08 11:28:41 - [MESSAGE][PASSED] - Text 'gWF7Q4IlreZBZUpxglt7' is set on object 'Object Repository/unregister_node/Page_OPI Blue/input_password'

2018-06-08 11:28:41 - [TEST_STEP][PASSED] - click: Object: 'Object Repository/unregister_node/Page_OPI Blue/span_Log In' is clicked on

2018-06-08 11:28:45 - [MESSAGE][PASSED] - Object: 'Object Repository/unregister_node/Page_OPI Blue/span_Log In' is clicked on

2018-06-08 11:28:45 - [TEST_STEP][PASSED] - click: Object: 'Object Repository/unregister_node/Page_Dashboard - OPI Blue/span_Gateways and Nodes' is clicked on

2018-06-08 11:28:47 - [MESSAGE][PASSED] - Object: 'Object Repository/unregister_node/Page_Dashboard - OPI Blue/span_Gateways and Nodes' is clicked on

2018-06-08 11:28:47 - [TEST_STEP][PASSED] - click: Object: 'Object Repository/unregister_node/Page_Gateways and Nodes - OPI Blue/a_Nodes' is clicked on

2018-06-08 11:28:50 - [MESSAGE][PASSED] - Object: 'Object Repository/unregister_node/Page_Gateways and Nodes - OPI Blue/a_Nodes' is clicked on

2018-06-08 11:28:50 - [TEST_STEP][PASSED] - click: Object: 'Object Repository/unregister_node/Page_Gateways and Nodes - OPI Blue/button_Unregister' is clicked on

2018-06-08 11:28:52 - [MESSAGE][PASSED] - Object: 'Object Repository/unregister_node/Page_Gateways and Nodes - OPI Blue/button_Unregister' is clicked on

2018-06-08 11:28:52 - [TEST_STEP][PASSED] - click: Object: 'Object Repository/unregister_node/Page_Gateways and Nodes - OPI Blue/button_Unregister_1' is clicked on

2018-06-08 11:28:54 - [MESSAGE][PASSED] - Object: 'Object Repository/unregister_node/Page_Gateways and Nodes - OPI Blue/button_Unregister_1' is clicked on

2018-06-08 11:28:54 - [TEST_STEP][FAILED] - click: Unable to click on object 'Object Repository/unregister_node/Page_Gateways and Nodes - OPI Blue/button_Close                 R' (Root cause: org.openqa.selenium.ElementNotVisibleException: element not visible
  (Session info: chrome=67.0.3396.62)
  (Driver info: chromedriver=2.35.528161 (5b82f2d2aae0ca24b877009200ced9065a772e73),platform=Windows NT 10.0.16299 x86_64) (WARNING: The server did not provide any stacktrace information)
Command duration or timeout: 0 milliseconds
Build info: version: '3.7.1', revision: '8a0099a', time: '2017-11-06T21:07:36.161Z'
System info: host: 'OPI-LT66', ip: '172.16.6.51', os.name: 'Windows 10', os.arch: 'amd64', os.version: '10.0', java.version: '1.8.0_102'
Driver info: com.kms.katalon.selenium.driver.CChromeDriver
Capabilities {acceptInsecureCerts: false, acceptSslCerts: false, applicationCacheEnabled: false, browserConnectionEnabled: false, browserName: chrome, chrome: {chromedriverVersion: 2.35.528161 (5b82f2d2aae0ca..., userDataDir: C:\Users\geetab\AppData\Loc...}, cssSelectorsEnabled: true, databaseEnabled: false, handlesAlerts: true, hasTouchScreen: false, javascriptEnabled: true, locationContextEnabled: true, mobileEmulationEnabled: false, nativeEvents: true, networkConnectionEnabled: false, pageLoadStrategy: normal, platform: XP, platformName: XP, rotatable: false, setWindowRect: true, takesHeapSnapshot: true, takesScreenshot: true, unexpectedAlertBehaviour: , unhandledPromptBehavior: , version: 67.0.3396.62, webStorageEnabled: true}
Session ID: 850d9c1e9a130fea4f9a2510e407d613)

2018-06-08 11:28:57 - [MESSAGE][FAILED] - Unable to click on object 'Object Repository/unregister_node/Page_Gateways and Nodes - OPI Blue/button_Close                 R' (Root cause: org.openqa.selenium.ElementNotVisibleException: element not visible
  (Session info: chrome=67.0.3396.62)
  (Driver info: chromedriver=2.35.528161 (5b82f2d2aae0ca24b877009200ced9065a772e73),platform=Windows NT 10.0.16299 x86_64) (WARNING: The server did not provide any stacktrace information)
Command duration or timeout: 0 milliseconds
Build info: version: '3.7.1', revision: '8a0099a', time: '2017-11-06T21:07:36.161Z'
System info: host: 'OPI-LT66', ip: '172.16.6.51', os.name: 'Windows 10', os.arch: 'amd64', os.version: '10.0', java.version: '1.8.0_102'
Driver info: com.kms.katalon.selenium.driver.CChromeDriver
Capabilities {acceptInsecureCerts: false, acceptSslCerts: false, applicationCacheEnabled: false, browserConnectionEnabled: false, browserName: chrome, chrome: {chromedriverVersion: 2.35.528161 (5b82f2d2aae0ca..., userDataDir: C:\Users\geetab\AppData\Loc...}, cssSelectorsEnabled: true, databaseEnabled: false, handlesAlerts: true, hasTouchScreen: false, javascriptEnabled: true, locationContextEnabled: true, mobileEmulationEnabled: false, nativeEvents: true, networkConnectionEnabled: false, pageLoadStrategy: normal, platform: XP, platformName: XP, rotatable: false, setWindowRect: true, takesHeapSnapshot: true, takesScreenshot: true, unexpectedAlertBehaviour: , unhandledPromptBehavior: , version: 67.0.3396.62, webStorageEnabled: true}
Session ID: 850d9c1e9a130fea4f9a2510e407d613)
[[ATTACHMENT|C:\\Users\\geetab\\Katalon Studio\\RA_opi_blue_cloud\\Reports\\removePlenum_removeFan_deleteBin_deleteSite_unmapNode_unregNode_unregGW\\20180608_112417\\1528478936597.png]]]]></system-out>
         <system-err><![CDATA[2018-06-08 11:28:23 - [TEST_CASE][FAILED] - Test Cases/unregister_node: Test Cases/unregister_node FAILED because (of) Unable to click on object 'Object Repository/unregister_node/Page_Gateways and Nodes - OPI Blue/button_Close                 R' (Root cause: org.openqa.selenium.ElementNotVisibleException: element not visible
  (Session info: chrome=67.0.3396.62)
  (Driver info: chromedriver=2.35.528161 (5b82f2d2aae0ca24b877009200ced9065a772e73),platform=Windows NT 10.0.16299 x86_64) (WARNING: The server did not provide any stacktrace information)
Command duration or timeout: 0 milliseconds
Build info: version: '3.7.1', revision: '8a0099a', time: '2017-11-06T21:07:36.161Z'
System info: host: 'OPI-LT66', ip: '172.16.6.51', os.name: 'Windows 10', os.arch: 'amd64', os.version: '10.0', java.version: '1.8.0_102'
Driver info: com.kms.katalon.selenium.driver.CChromeDriver
Capabilities {acceptInsecureCerts: false, acceptSslCerts: false, applicationCacheEnabled: false, browserConnectionEnabled: false, browserName: chrome, chrome: {chromedriverVersion: 2.35.528161 (5b82f2d2aae0ca..., userDataDir: C:\Users\geetab\AppData\Loc...}, cssSelectorsEnabled: true, databaseEnabled: false, handlesAlerts: true, hasTouchScreen: false, javascriptEnabled: true, locationContextEnabled: true, mobileEmulationEnabled: false, nativeEvents: true, networkConnectionEnabled: false, pageLoadStrategy: normal, platform: XP, platformName: XP, rotatable: false, setWindowRect: true, takesHeapSnapshot: true, takesScreenshot: true, unexpectedAlertBehaviour: , unhandledPromptBehavior: , version: 67.0.3396.62, webStorageEnabled: true}
Session ID: 850d9c1e9a130fea4f9a2510e407d613)]]></system-err>
      </testcase>
      <testcase name="Test Cases/unregister_gateway" classname="Test Cases/unregister_gateway" status="PASSED">
         <system-out><![CDATA[2018-06-08 11:29:00 - [TEST_CASE][PASSED] - Test Cases/unregister_gateway: Test Cases/unregister_gateway

2018-06-08 11:29:00 - [TEST_STEP][PASSED] - openBrowser: Browser is opened with url: ''

2018-06-08 11:29:00 - [MESSAGE][WARNING] - A browser is already opened. Closing browser and opening a new one

2018-06-08 11:29:07 - [MESSAGE][PASSED] - Browser is opened with url: ''

2018-06-08 11:29:07 - [TEST_STEP][PASSED] - navigateToUrl: Navigate to 'https://ra.managegrain.com/#/dashboard/userPreferences' successfully

2018-06-08 11:29:10 - [MESSAGE][PASSED] - Navigate to 'https://ra.managegrain.com/#/dashboard/userPreferences' successfully

2018-06-08 11:29:10 - [TEST_STEP][PASSED] - setText: Text 'opiopi20171+00028@gmail.com' is set on object 'Object Repository/unregister_gateway/Page_OPI Blue/input_username'

2018-06-08 11:29:16 - [MESSAGE][PASSED] - Text 'opiopi20171+00028@gmail.com' is set on object 'Object Repository/unregister_gateway/Page_OPI Blue/input_username'

2018-06-08 11:29:16 - [TEST_STEP][PASSED] - setText: Text 'gWF7Q4IlreZBZUpxglt7' is set on object 'Object Repository/unregister_gateway/Page_OPI Blue/input_password'

2018-06-08 11:29:20 - [MESSAGE][PASSED] - Text 'gWF7Q4IlreZBZUpxglt7' is set on object 'Object Repository/unregister_gateway/Page_OPI Blue/input_password'

2018-06-08 11:29:20 - [TEST_STEP][PASSED] - click: Object: 'Object Repository/unregister_gateway/Page_OPI Blue/span_Log In' is clicked on

2018-06-08 11:29:23 - [MESSAGE][PASSED] - Object: 'Object Repository/unregister_gateway/Page_OPI Blue/span_Log In' is clicked on

2018-06-08 11:29:23 - [TEST_STEP][PASSED] - click: Object: 'Object Repository/unregister_gateway/Page_Dashboard - OPI Blue/span_Gateways and Nodes' is clicked on

2018-06-08 11:29:26 - [MESSAGE][PASSED] - Object: 'Object Repository/unregister_gateway/Page_Dashboard - OPI Blue/span_Gateways and Nodes' is clicked on

2018-06-08 11:29:26 - [TEST_STEP][PASSED] - click: Object: 'Object Repository/unregister_gateway/Page_Gateways and Nodes - OPI Blue/button_Unregister' is clicked on

2018-06-08 11:29:28 - [MESSAGE][PASSED] - Object: 'Object Repository/unregister_gateway/Page_Gateways and Nodes - OPI Blue/button_Unregister' is clicked on

2018-06-08 11:29:28 - [TEST_STEP][PASSED] - click: Object: 'Object Repository/unregister_gateway/Page_Gateways and Nodes - OPI Blue/button_Unregister_1' is clicked on

2018-06-08 11:29:30 - [MESSAGE][PASSED] - Object: 'Object Repository/unregister_gateway/Page_Gateways and Nodes - OPI Blue/button_Unregister_1' is clicked on

2018-06-08 11:29:30 - [TEST_STEP][PASSED] - waitForElementPresent: Object 'Object Repository/unregister_gateway/Page_Gateways and Nodes - OPI Blue/a_Log out' is present

2018-06-08 11:29:31 - [MESSAGE][PASSED] - Object 'Object Repository/unregister_gateway/Page_Gateways and Nodes - OPI Blue/a_Log out' is present

2018-06-08 11:29:31 - [TEST_STEP][PASSED] - waitForElementClickable: Object 'Object Repository/unregister_gateway/Page_Gateways and Nodes - OPI Blue/a_Log out' is clickable

2018-06-08 11:29:33 - [MESSAGE][PASSED] - Object 'Object Repository/unregister_gateway/Page_Gateways and Nodes - OPI Blue/a_Log out' is clickable

2018-06-08 11:29:33 - [TEST_STEP][PASSED] - click: Object: 'Object Repository/unregister_gateway/Page_Gateways and Nodes - OPI Blue/a_Log out' is clicked on

2018-06-08 11:29:36 - [MESSAGE][PASSED] - Object: 'Object Repository/unregister_gateway/Page_Gateways and Nodes - OPI Blue/a_Log out' is clicked on

2018-06-08 11:29:36 - [TEST_STEP][PASSED] - closeBrowser: Browser is closed

2018-06-08 11:29:38 - [MESSAGE][PASSED] - Browser is closed]]></system-out>
         <system-err><![CDATA[]]></system-err>
      </testcase>
      <system-out><![CDATA[2018-06-08 11:24:25 - [TEST_SUITE][FAILED] - removePlenum_removeFan_deleteBin_deleteSite_unmapNode_unregNode_unregGW: Test Cases/delete_bin_with_cables_ws_fan_plenum FAILED because (of) Unable to click on object 'Object Repository/delete_bin_with_cables/delete_bin_with_cables_ws_fan_plenum/Page_Sites and Bins - OPI Blue/i_icon-pencil' (Root cause: com.kms.katalon.core.webui.exception.WebElementNotFoundException: Web element with id: 'Object Repository/delete_bin_with_cables/delete_bin_with_cables_ws_fan_plenum/Page_Sites and Bins - OPI Blue/i_icon-pencil' located by 'By.xpath: /html[@class="ng-scope"]/body[@class="flex-column modal-open"]/div[@class="modal fade ng-scope ng-isolate-scope in"]/div[@class="modal-dialog modal-lg"]/div[@class="modal-content"]/bin-details-container[@class="ng-scope ng-isolate-scope"]/div[@class="opi-dialog bs opi-config-sites"]/div[@class="content"]/bin-cable-info-edit[@class="ng-scope ng-isolate-scope"]/form[@class="opi-form bin-cable-info ng-pristine ng-valid"]/div[@class="flex-row"]/div[@class="flex-grow flex-grow-xs-off"]/div[@class="opi-flex-table-holder"]/div[@class="opi-flex-table"]/div[@class="mapped-cable flex-grow ng-scope moisture-cable"]/div[@class="row flex-row-space-between align-center"]/a[@class="edit-btn"]/i[@class="icon-pencil"]' not found)]]></system-out>
      <system-err><![CDATA[2018-06-08 11:24:25 - [TEST_SUITE][FAILED] - removePlenum_removeFan_deleteBin_deleteSite_unmapNode_unregNode_unregGW: Test Cases/delete_bin_with_cables_ws_fan_plenum FAILED because (of) Unable to click on object 'Object Repository/delete_bin_with_cables/delete_bin_with_cables_ws_fan_plenum/Page_Sites and Bins - OPI Blue/i_icon-pencil' (Root cause: com.kms.katalon.core.webui.exception.WebElementNotFoundException: Web element with id: 'Object Repository/delete_bin_with_cables/delete_bin_with_cables_ws_fan_plenum/Page_Sites and Bins - OPI Blue/i_icon-pencil' located by 'By.xpath: /html[@class="ng-scope"]/body[@class="flex-column modal-open"]/div[@class="modal fade ng-scope ng-isolate-scope in"]/div[@class="modal-dialog modal-lg"]/div[@class="modal-content"]/bin-details-container[@class="ng-scope ng-isolate-scope"]/div[@class="opi-dialog bs opi-config-sites"]/div[@class="content"]/bin-cable-info-edit[@class="ng-scope ng-isolate-scope"]/form[@class="opi-form bin-cable-info ng-pristine ng-valid"]/div[@class="flex-row"]/div[@class="flex-grow flex-grow-xs-off"]/div[@class="opi-flex-table-holder"]/div[@class="opi-flex-table"]/div[@class="mapped-cable flex-grow ng-scope moisture-cable"]/div[@class="row flex-row-space-between align-center"]/a[@class="edit-btn"]/i[@class="icon-pencil"]' not found)]]></system-err>
   </testsuite>
</testsuites>
