<?xml version="1.0" encoding="UTF-8"?>
<testsuites name="Login" time="89" tests="3" failures="0" errors="0">
   <testsuite name="Login" tests="3" failures="0" errors="0" time="89" timestamp="2018-05-15 12:47:34" hostname="geetab - OPI-LT66.opisystems.local" id="Test Suites/Login">
      <properties>
         <property name="deviceName" value=""/>
         <property name="devicePlatform" value=""/>
         <property name="logFolder" value="C:\\Users\\geetab\\Katalon Studio\\RA_opi_blue_cloud\\Reports\\Login\\20180515_124732"/>
         <property name="logFiles" value="C:\\Users\\geetab\\Katalon Studio\\RA_opi_blue_cloud\\Reports\\Login\\20180515_124732\\execution0.log"/>
         <property name="attachments" value=""/>
         <property name="hostName" value="geetab - OPI-LT66.opisystems.local"/>
         <property name="os" value="Windows 10 64bit"/>
         <property name="katalonVersion" value="5.4.1.1"/>
         <property name="browser" value="Chrome 66.0.3359.139"/>
         <property name="hostAddress" value="172.16.8.41"/>
         <property name="sessionId" value="453083a66832fa0e487ab2b85cf4f1f1"/>
         <property name="seleniumVersion" value="3.7.1"/>
         <property name="proxyInformation" value="ProxyInformation{proxyOption=NO_PROXY, proxyServerType=HTTP, password=, proxyServerAddress=, proxyServerPort=0}"/>
         <property name="platform" value="Windows 10"/>
      </properties>
      <testcase name="Test Cases/valid_login" classname="Test Cases/valid_login" status="PASSED">
         <system-out><![CDATA[2018-05-15 12:47:35 - [TEST_CASE][PASSED] - Test Cases/valid_login: Test Cases/valid_login

2018-05-15 12:47:36 - [TEST_STEP][PASSED] - openBrowser: Browser is opened with url: ''

2018-05-15 12:47:44 - [MESSAGE][PASSED] - Browser is opened with url: ''

2018-05-15 12:47:44 - [TEST_STEP][PASSED] - navigateToUrl: Navigate to 'https://ra.managegrain.com/#/dashboard/userPreferences' successfully

2018-05-15 12:47:48 - [MESSAGE][PASSED] - Navigate to 'https://ra.managegrain.com/#/dashboard/userPreferences' successfully

2018-05-15 12:47:48 - [TEST_STEP][PASSED] - setText: Text 'opiopi20171+00028@gmail.com' is set on object 'Object Repository/valid_login/Page_OPI Blue/input_username'

2018-05-15 12:47:54 - [MESSAGE][PASSED] - Text 'opiopi20171+00028@gmail.com' is set on object 'Object Repository/valid_login/Page_OPI Blue/input_username'

2018-05-15 12:47:54 - [TEST_STEP][PASSED] - setText: Text 'gWF7Q4IlreZBZUpxglt7' is set on object 'Object Repository/valid_login/Page_OPI Blue/input_password'

2018-05-15 12:47:59 - [MESSAGE][PASSED] - Text 'gWF7Q4IlreZBZUpxglt7' is set on object 'Object Repository/valid_login/Page_OPI Blue/input_password'

2018-05-15 12:47:59 - [TEST_STEP][PASSED] - click: Object: 'Object Repository/valid_login/Page_OPI Blue/span_Log In' is clicked on

2018-05-15 12:48:03 - [MESSAGE][PASSED] - Object: 'Object Repository/valid_login/Page_OPI Blue/span_Log In' is clicked on

2018-05-15 12:48:03 - [TEST_STEP][PASSED] - closeBrowser: Browser is closed

2018-05-15 12:48:05 - [MESSAGE][PASSED] - Browser is closed]]></system-out>
         <system-err><![CDATA[]]></system-err>
      </testcase>
      <testcase name="Test Cases/valid_login" classname="Test Cases/valid_login" status="PASSED">
         <system-out><![CDATA[2018-05-15 12:48:07 - [TEST_CASE][PASSED] - Test Cases/valid_login: Test Cases/valid_login

2018-05-15 12:48:07 - [TEST_STEP][PASSED] - openBrowser: Browser is opened with url: ''

2018-05-15 12:48:13 - [MESSAGE][PASSED] - Browser is opened with url: ''

2018-05-15 12:48:13 - [TEST_STEP][PASSED] - navigateToUrl: Navigate to 'https://ra.managegrain.com/#/dashboard/userPreferences' successfully

2018-05-15 12:48:17 - [MESSAGE][PASSED] - Navigate to 'https://ra.managegrain.com/#/dashboard/userPreferences' successfully

2018-05-15 12:48:17 - [TEST_STEP][PASSED] - setText: Text 'geetab@opisystems.com' is set on object 'Object Repository/valid_login/Page_OPI Blue/input_username'

2018-05-15 12:48:24 - [MESSAGE][PASSED] - Text 'geetab@opisystems.com' is set on object 'Object Repository/valid_login/Page_OPI Blue/input_username'

2018-05-15 12:48:24 - [TEST_STEP][PASSED] - setText: Text 'Mar@2017' is set on object 'Object Repository/valid_login/Page_OPI Blue/input_password'

2018-05-15 12:48:28 - [MESSAGE][PASSED] - Text 'Mar@2017' is set on object 'Object Repository/valid_login/Page_OPI Blue/input_password'

2018-05-15 12:48:28 - [TEST_STEP][PASSED] - click: Object: 'Object Repository/valid_login/Page_OPI Blue/span_Log In' is clicked on

2018-05-15 12:48:32 - [MESSAGE][PASSED] - Object: 'Object Repository/valid_login/Page_OPI Blue/span_Log In' is clicked on

2018-05-15 12:48:32 - [TEST_STEP][PASSED] - closeBrowser: Browser is closed

2018-05-15 12:48:35 - [MESSAGE][PASSED] - Browser is closed]]></system-out>
         <system-err><![CDATA[]]></system-err>
      </testcase>
      <testcase name="Test Cases/valid_login" classname="Test Cases/valid_login" status="PASSED">
         <system-out><![CDATA[2018-05-15 12:48:37 - [TEST_CASE][PASSED] - Test Cases/valid_login: Test Cases/valid_login

2018-05-15 12:48:37 - [TEST_STEP][PASSED] - openBrowser: Browser is opened with url: ''

2018-05-15 12:48:42 - [MESSAGE][PASSED] - Browser is opened with url: ''

2018-05-15 12:48:42 - [TEST_STEP][PASSED] - navigateToUrl: Navigate to 'https://ra.managegrain.com/#/dashboard/userPreferences' successfully

2018-05-15 12:48:46 - [MESSAGE][PASSED] - Navigate to 'https://ra.managegrain.com/#/dashboard/userPreferences' successfully

2018-05-15 12:48:46 - [TEST_STEP][PASSED] - setText: Text 'geetab@opisystems.com' is set on object 'Object Repository/valid_login/Page_OPI Blue/input_username'

2018-05-15 12:48:52 - [MESSAGE][PASSED] - Text 'geetab@opisystems.com' is set on object 'Object Repository/valid_login/Page_OPI Blue/input_username'

2018-05-15 12:48:52 - [TEST_STEP][PASSED] - setText: Text 'sfjsaldkfj' is set on object 'Object Repository/valid_login/Page_OPI Blue/input_password'

2018-05-15 12:48:57 - [MESSAGE][PASSED] - Text 'sfjsaldkfj' is set on object 'Object Repository/valid_login/Page_OPI Blue/input_password'

2018-05-15 12:48:57 - [TEST_STEP][PASSED] - click: Object: 'Object Repository/valid_login/Page_OPI Blue/span_Log In' is clicked on

2018-05-15 12:49:00 - [MESSAGE][PASSED] - Object: 'Object Repository/valid_login/Page_OPI Blue/span_Log In' is clicked on

2018-05-15 12:49:00 - [TEST_STEP][PASSED] - closeBrowser: Browser is closed

2018-05-15 12:49:02 - [MESSAGE][PASSED] - Browser is closed]]></system-out>
         <system-err><![CDATA[]]></system-err>
      </testcase>
      <system-out><![CDATA[2018-05-15 12:47:34 - [TEST_SUITE][PASSED] - Login: Test Cases/valid_login]]></system-out>
      <system-err><![CDATA[]]></system-err>
   </testsuite>
</testsuites>
