<?xml version="1.0" encoding="UTF-8"?>
<testsuites name="removePlenum_removeFan_deleteBin_deleteSite_unmapNode_unregNode_unregGW" time="405" tests="9" failures="0" errors="0">
   <testsuite name="removePlenum_removeFan_deleteBin_deleteSite_unmapNode_unregNode_unregGW" tests="9" failures="0" errors="0" time="405" timestamp="2018-06-11 09:35:45" hostname="geetab - OPI-LT66.opisystems.local" id="Test Suites/removePlenum_removeFan_deleteBin_deleteSite_unmapNode_unregNode_unregGW">
      <properties>
         <property name="deviceName" value=""/>
         <property name="devicePlatform" value=""/>
         <property name="logFolder" value="C:\\Users\\geetab\\Katalon Studio\\RA_opi_blue_cloud\\Reports\\removePlenum_removeFan_deleteBin_deleteSite_unmapNode_unregNode_unregGW\\20180611_093543"/>
         <property name="logFiles" value="C:\\Users\\geetab\\Katalon Studio\\RA_opi_blue_cloud\\Reports\\removePlenum_removeFan_deleteBin_deleteSite_unmapNode_unregNode_unregGW\\20180611_093543\\execution0.log"/>
         <property name="attachments" value=""/>
         <property name="hostName" value="geetab - OPI-LT66.opisystems.local"/>
         <property name="os" value="Windows 10 64bit"/>
         <property name="katalonVersion" value="5.4.2.1"/>
         <property name="browser" value="Chrome 67.0.3396.79"/>
         <property name="hostAddress" value="172.16.6.51"/>
         <property name="sessionId" value="3c2ef443e432c8425288f7d99388fd57"/>
         <property name="seleniumVersion" value="3.7.1"/>
         <property name="proxyInformation" value="ProxyInformation{proxyOption=NO_PROXY, proxyServerType=HTTP, password=, proxyServerAddress=, proxyServerPort=0}"/>
         <property name="platform" value="Windows 10"/>
      </properties>
      <testcase name="Test Cases/remove_plenum_from_bin" classname="Test Cases/remove_plenum_from_bin" status="PASSED">
         <system-out><![CDATA[2018-06-11 09:35:46 - [TEST_CASE][PASSED] - Test Cases/remove_plenum_from_bin: Test Cases/remove_plenum_from_bin

2018-06-11 09:35:47 - [TEST_STEP][PASSED] - openBrowser: Browser is opened with url: ''

2018-06-11 09:35:54 - [MESSAGE][PASSED] - Browser is opened with url: ''

2018-06-11 09:35:54 - [TEST_STEP][PASSED] - navigateToUrl: Navigate to 'https://ra.managegrain.com/#/dashboard/userPreferences' successfully

2018-06-11 09:35:57 - [MESSAGE][PASSED] - Navigate to 'https://ra.managegrain.com/#/dashboard/userPreferences' successfully

2018-06-11 09:35:57 - [TEST_STEP][PASSED] - setText: Text 'opiopi20171+00028@gmail.com' is set on object 'Object Repository/remove_plenum_from_bin/Page_OPI Blue/input_username'

2018-06-11 09:36:03 - [MESSAGE][PASSED] - Text 'opiopi20171+00028@gmail.com' is set on object 'Object Repository/remove_plenum_from_bin/Page_OPI Blue/input_username'

2018-06-11 09:36:03 - [TEST_STEP][PASSED] - setText: Text 'gWF7Q4IlreZBZUpxglt7' is set on object 'Object Repository/remove_plenum_from_bin/Page_OPI Blue/input_password'

2018-06-11 09:36:08 - [MESSAGE][PASSED] - Text 'gWF7Q4IlreZBZUpxglt7' is set on object 'Object Repository/remove_plenum_from_bin/Page_OPI Blue/input_password'

2018-06-11 09:36:08 - [TEST_STEP][PASSED] - click: Object: 'Object Repository/remove_plenum_from_bin/Page_OPI Blue/button_Log In' is clicked on

2018-06-11 09:36:11 - [MESSAGE][PASSED] - Object: 'Object Repository/remove_plenum_from_bin/Page_OPI Blue/button_Log In' is clicked on

2018-06-11 09:36:11 - [TEST_STEP][PASSED] - click: Object: 'Object Repository/remove_plenum_from_bin/Page_Gateways and Nodes - OPI Blue/span_Sites and Bins' is clicked on

2018-06-11 09:36:14 - [MESSAGE][PASSED] - Object: 'Object Repository/remove_plenum_from_bin/Page_Gateways and Nodes - OPI Blue/span_Sites and Bins' is clicked on

2018-06-11 09:36:14 - [TEST_STEP][PASSED] - click: Object: 'Object Repository/remove_plenum_from_bin/Page_Sites and Bins - OPI Blue/a_Bins' is clicked on

2018-06-11 09:36:16 - [MESSAGE][PASSED] - Object: 'Object Repository/remove_plenum_from_bin/Page_Sites and Bins - OPI Blue/a_Bins' is clicked on

2018-06-11 09:36:16 - [TEST_STEP][PASSED] - click: Object: 'Object Repository/remove_plenum_from_bin/Page_Sites and Bins - OPI Blue/a_Plenum' is clicked on

2018-06-11 09:36:18 - [MESSAGE][PASSED] - Object: 'Object Repository/remove_plenum_from_bin/Page_Sites and Bins - OPI Blue/a_Plenum' is clicked on

2018-06-11 09:36:18 - [TEST_STEP][PASSED] - click: Object: 'Object Repository/remove_plenum_from_bin/Page_Sites and Bins - OPI Blue/button_Remove' is clicked on

2018-06-11 09:36:20 - [MESSAGE][PASSED] - Object: 'Object Repository/remove_plenum_from_bin/Page_Sites and Bins - OPI Blue/button_Remove' is clicked on

2018-06-11 09:36:20 - [TEST_STEP][PASSED] - click: Object: 'Object Repository/remove_plenum_from_bin/Page_Sites and Bins - OPI Blue/button_Remove_1' is clicked on

2018-06-11 09:36:23 - [MESSAGE][PASSED] - Object: 'Object Repository/remove_plenum_from_bin/Page_Sites and Bins - OPI Blue/button_Remove_1' is clicked on

2018-06-11 09:36:23 - [TEST_STEP][PASSED] - waitForElementPresent: Object 'Object Repository/remove_plenum_from_bin/Page_Sites and Bins - OPI Blue/a_Log out' is present

2018-06-11 09:36:24 - [MESSAGE][PASSED] - Object 'Object Repository/remove_plenum_from_bin/Page_Sites and Bins - OPI Blue/a_Log out' is present

2018-06-11 09:36:24 - [TEST_STEP][PASSED] - waitForElementClickable: Object 'Object Repository/remove_plenum_from_bin/Page_Sites and Bins - OPI Blue/a_Log out' is clickable

2018-06-11 09:36:26 - [MESSAGE][PASSED] - Object 'Object Repository/remove_plenum_from_bin/Page_Sites and Bins - OPI Blue/a_Log out' is clickable

2018-06-11 09:36:26 - [TEST_STEP][PASSED] - click: Object: 'Object Repository/remove_plenum_from_bin/Page_Sites and Bins - OPI Blue/a_Log out' is clicked on

2018-06-11 09:36:29 - [MESSAGE][PASSED] - Object: 'Object Repository/remove_plenum_from_bin/Page_Sites and Bins - OPI Blue/a_Log out' is clicked on

2018-06-11 09:36:29 - [TEST_STEP][PASSED] - closeBrowser: Browser is closed

2018-06-11 09:36:31 - [MESSAGE][PASSED] - Browser is closed]]></system-out>
         <system-err><![CDATA[]]></system-err>
      </testcase>
      <testcase name="Test Cases/remove_fan_from_bin" classname="Test Cases/remove_fan_from_bin" status="PASSED">
         <system-out><![CDATA[2018-06-11 09:36:33 - [TEST_CASE][PASSED] - Test Cases/remove_fan_from_bin: Test Cases/remove_fan_from_bin

2018-06-11 09:36:33 - [TEST_STEP][PASSED] - openBrowser: Browser is opened with url: ''

2018-06-11 09:36:38 - [MESSAGE][PASSED] - Browser is opened with url: ''

2018-06-11 09:36:38 - [TEST_STEP][PASSED] - navigateToUrl: Navigate to 'https://ra.managegrain.com/#/dashboard/userPreferences' successfully

2018-06-11 09:36:41 - [MESSAGE][PASSED] - Navigate to 'https://ra.managegrain.com/#/dashboard/userPreferences' successfully

2018-06-11 09:36:41 - [TEST_STEP][PASSED] - setText: Text 'opiopi20171+00028@gmail.com' is set on object 'Object Repository/create_bin_add_fan_only/Page_OPI Blue/input_username'

2018-06-11 09:36:47 - [MESSAGE][PASSED] - Text 'opiopi20171+00028@gmail.com' is set on object 'Object Repository/create_bin_add_fan_only/Page_OPI Blue/input_username'

2018-06-11 09:36:47 - [TEST_STEP][PASSED] - setText: Text 'gWF7Q4IlreZBZUpxglt7' is set on object 'Object Repository/create_bin_add_fan_only/Page_OPI Blue/input_password'

2018-06-11 09:36:51 - [MESSAGE][PASSED] - Text 'gWF7Q4IlreZBZUpxglt7' is set on object 'Object Repository/create_bin_add_fan_only/Page_OPI Blue/input_password'

2018-06-11 09:36:51 - [TEST_STEP][PASSED] - click: Object: 'Object Repository/create_bin_add_fan_only/Page_OPI Blue/button_Log In' is clicked on

2018-06-11 09:36:55 - [MESSAGE][PASSED] - Object: 'Object Repository/create_bin_add_fan_only/Page_OPI Blue/button_Log In' is clicked on

2018-06-11 09:36:55 - [TEST_STEP][PASSED] - click: Object: 'Object Repository/create_bin_add_fan_only/Page_Dashboard - OPI Blue/span_Sites and Bins' is clicked on

2018-06-11 09:36:57 - [MESSAGE][PASSED] - Object: 'Object Repository/create_bin_add_fan_only/Page_Dashboard - OPI Blue/span_Sites and Bins' is clicked on

2018-06-11 09:36:57 - [TEST_STEP][PASSED] - click: Object: 'Object Repository/create_bin_add_fan_only/Page_Sites and Bins - OPI Blue/a_Bins' is clicked on

2018-06-11 09:37:00 - [MESSAGE][PASSED] - Object: 'Object Repository/create_bin_add_fan_only/Page_Sites and Bins - OPI Blue/a_Bins' is clicked on

2018-06-11 09:37:00 - [TEST_STEP][PASSED] - click: Object: 'Object Repository/create_bin_add_fan_only/Page_Sites and Bins - OPI Blue/a_Fans' is clicked on

2018-06-11 09:37:02 - [MESSAGE][PASSED] - Object: 'Object Repository/create_bin_add_fan_only/Page_Sites and Bins - OPI Blue/a_Fans' is clicked on

2018-06-11 09:37:02 - [TEST_STEP][PASSED] - click: Object: 'Object Repository/create_bin_add_fan_only/Page_Sites and Bins - OPI Blue/button_Remove Fan' is clicked on

2018-06-11 09:37:04 - [MESSAGE][PASSED] - Object: 'Object Repository/create_bin_add_fan_only/Page_Sites and Bins - OPI Blue/button_Remove Fan' is clicked on

2018-06-11 09:37:04 - [TEST_STEP][PASSED] - click: Object: 'Object Repository/create_bin_add_fan_only/Page_Sites and Bins - OPI Blue/button_Remove' is clicked on

2018-06-11 09:37:06 - [MESSAGE][PASSED] - Object: 'Object Repository/create_bin_add_fan_only/Page_Sites and Bins - OPI Blue/button_Remove' is clicked on

2018-06-11 09:37:06 - [TEST_STEP][PASSED] - waitForElementPresent: Object 'Object Repository/create_bin_add_fan_only/Page_Sites and Bins - OPI Blue/a_Log out' is present

2018-06-11 09:37:07 - [MESSAGE][PASSED] - Object 'Object Repository/create_bin_add_fan_only/Page_Sites and Bins - OPI Blue/a_Log out' is present

2018-06-11 09:37:07 - [TEST_STEP][PASSED] - waitForElementClickable: Object 'Object Repository/create_bin_add_fan_only/Page_Sites and Bins - OPI Blue/a_Log out' is clickable

2018-06-11 09:37:10 - [MESSAGE][PASSED] - Object 'Object Repository/create_bin_add_fan_only/Page_Sites and Bins - OPI Blue/a_Log out' is clickable

2018-06-11 09:37:10 - [TEST_STEP][PASSED] - click: Object: 'Object Repository/create_bin_add_fan_only/Page_Sites and Bins - OPI Blue/a_Log out' is clicked on

2018-06-11 09:37:12 - [MESSAGE][PASSED] - Object: 'Object Repository/create_bin_add_fan_only/Page_Sites and Bins - OPI Blue/a_Log out' is clicked on

2018-06-11 09:37:12 - [TEST_STEP][PASSED] - closeBrowser: Browser is closed

2018-06-11 09:37:14 - [MESSAGE][PASSED] - Browser is closed]]></system-out>
         <system-err><![CDATA[]]></system-err>
      </testcase>
      <testcase name="Test Cases/delete_first_bin" classname="Test Cases/delete_first_bin" status="PASSED">
         <system-out><![CDATA[2018-06-11 09:37:16 - [TEST_CASE][PASSED] - Test Cases/delete_first_bin: Test Cases/delete_first_bin

2018-06-11 09:37:17 - [TEST_STEP][PASSED] - openBrowser: Browser is opened with url: ''

2018-06-11 09:37:22 - [MESSAGE][PASSED] - Browser is opened with url: ''

2018-06-11 09:37:22 - [TEST_STEP][PASSED] - navigateToUrl: Navigate to 'https://ra.managegrain.com/#/dashboard/userPreferences' successfully

2018-06-11 09:37:25 - [MESSAGE][PASSED] - Navigate to 'https://ra.managegrain.com/#/dashboard/userPreferences' successfully

2018-06-11 09:37:25 - [TEST_STEP][PASSED] - setText: Text 'opiopi20171+00028@gmail.com' is set on object 'Object Repository/delete_first_bin/Page_OPI Blue/input_username'

2018-06-11 09:37:31 - [MESSAGE][PASSED] - Text 'opiopi20171+00028@gmail.com' is set on object 'Object Repository/delete_first_bin/Page_OPI Blue/input_username'

2018-06-11 09:37:31 - [TEST_STEP][PASSED] - setText: Text 'gWF7Q4IlreZBZUpxglt7' is set on object 'Object Repository/delete_first_bin/Page_OPI Blue/input_password'

2018-06-11 09:37:35 - [MESSAGE][PASSED] - Text 'gWF7Q4IlreZBZUpxglt7' is set on object 'Object Repository/delete_first_bin/Page_OPI Blue/input_password'

2018-06-11 09:37:35 - [TEST_STEP][PASSED] - click: Object: 'Object Repository/delete_first_bin/Page_OPI Blue/button_Log In' is clicked on

2018-06-11 09:37:39 - [MESSAGE][PASSED] - Object: 'Object Repository/delete_first_bin/Page_OPI Blue/button_Log In' is clicked on

2018-06-11 09:37:39 - [TEST_STEP][PASSED] - click: Object: 'Object Repository/delete_first_bin/Page_Gateways and Nodes - OPI Blue/span_Sites and Bins' is clicked on

2018-06-11 09:37:41 - [MESSAGE][PASSED] - Object: 'Object Repository/delete_first_bin/Page_Gateways and Nodes - OPI Blue/span_Sites and Bins' is clicked on

2018-06-11 09:37:41 - [TEST_STEP][PASSED] - click: Object: 'Object Repository/delete_first_bin/Page_Sites and Bins - OPI Blue/a_Bins' is clicked on

2018-06-11 09:37:43 - [MESSAGE][PASSED] - Object: 'Object Repository/delete_first_bin/Page_Sites and Bins - OPI Blue/a_Bins' is clicked on

2018-06-11 09:37:43 - [TEST_STEP][PASSED] - click: Object: 'Object Repository/delete_first_bin/Page_Sites and Bins - OPI Blue/button_Delete' is clicked on

2018-06-11 09:37:46 - [MESSAGE][PASSED] - Object: 'Object Repository/delete_first_bin/Page_Sites and Bins - OPI Blue/button_Delete' is clicked on

2018-06-11 09:37:46 - [TEST_STEP][PASSED] - click: Object: 'Object Repository/delete_first_bin/Page_Sites and Bins - OPI Blue/button_Delete' is clicked on

2018-06-11 09:37:48 - [MESSAGE][PASSED] - Object: 'Object Repository/delete_first_bin/Page_Sites and Bins - OPI Blue/button_Delete' is clicked on

2018-06-11 09:37:48 - [TEST_STEP][PASSED] - waitForElementPresent: Object 'Object Repository/delete_first_bin/Page_Sites and Bins - OPI Blue/a_Log out' is present

2018-06-11 09:37:49 - [MESSAGE][PASSED] - Object 'Object Repository/delete_first_bin/Page_Sites and Bins - OPI Blue/a_Log out' is present

2018-06-11 09:37:49 - [TEST_STEP][PASSED] - waitForElementClickable: Object 'Object Repository/delete_first_bin/Page_Sites and Bins - OPI Blue/a_Log out' is clickable

2018-06-11 09:37:51 - [MESSAGE][PASSED] - Object 'Object Repository/delete_first_bin/Page_Sites and Bins - OPI Blue/a_Log out' is clickable

2018-06-11 09:37:51 - [TEST_STEP][PASSED] - click: Object: 'Object Repository/delete_first_bin/Page_Sites and Bins - OPI Blue/a_Log out' is clicked on

2018-06-11 09:37:54 - [MESSAGE][PASSED] - Object: 'Object Repository/delete_first_bin/Page_Sites and Bins - OPI Blue/a_Log out' is clicked on

2018-06-11 09:37:54 - [TEST_STEP][PASSED] - closeBrowser: Browser is closed

2018-06-11 09:37:56 - [MESSAGE][PASSED] - Browser is closed]]></system-out>
         <system-err><![CDATA[]]></system-err>
      </testcase>
      <testcase name="Test Cases/delete_bin_with_cables_without_ws_fan_plenum" classname="Test Cases/delete_bin_with_cables_without_ws_fan_plenum" status="PASSED">
         <system-out><![CDATA[2018-06-11 09:37:58 - [TEST_CASE][PASSED] - Test Cases/delete_bin_with_cables_without_ws_fan_plenum: Test Cases/delete_bin_with_cables_without_ws_fan_plenum

2018-06-11 09:37:58 - [TEST_STEP][PASSED] - openBrowser: Browser is opened with url: ''

2018-06-11 09:38:03 - [MESSAGE][PASSED] - Browser is opened with url: ''

2018-06-11 09:38:03 - [TEST_STEP][PASSED] - navigateToUrl: Navigate to 'https://ra.managegrain.com/#/dashboard/userPreferences' successfully

2018-06-11 09:38:06 - [MESSAGE][PASSED] - Navigate to 'https://ra.managegrain.com/#/dashboard/userPreferences' successfully

2018-06-11 09:38:06 - [TEST_STEP][PASSED] - setText: Text 'opiopi20171+00028@gmail.com' is set on object 'Object Repository/delete_bin_with_cables/Page_OPI Blue/input_username'

2018-06-11 09:38:12 - [MESSAGE][PASSED] - Text 'opiopi20171+00028@gmail.com' is set on object 'Object Repository/delete_bin_with_cables/Page_OPI Blue/input_username'

2018-06-11 09:38:12 - [TEST_STEP][PASSED] - setText: Text 'gWF7Q4IlreZBZUpxglt7' is set on object 'Object Repository/delete_bin_with_cables/Page_OPI Blue/input_password'

2018-06-11 09:38:17 - [MESSAGE][PASSED] - Text 'gWF7Q4IlreZBZUpxglt7' is set on object 'Object Repository/delete_bin_with_cables/Page_OPI Blue/input_password'

2018-06-11 09:38:17 - [TEST_STEP][PASSED] - click: Object: 'Object Repository/delete_bin_with_cables/Page_OPI Blue/button_Log In' is clicked on

2018-06-11 09:38:20 - [MESSAGE][PASSED] - Object: 'Object Repository/delete_bin_with_cables/Page_OPI Blue/button_Log In' is clicked on

2018-06-11 09:38:20 - [TEST_STEP][PASSED] - click: Object: 'Object Repository/delete_bin_with_cables/Page_Dashboard - OPI Blue/span_Sites and Bins' is clicked on

2018-06-11 09:38:23 - [MESSAGE][PASSED] - Object: 'Object Repository/delete_bin_with_cables/Page_Dashboard - OPI Blue/span_Sites and Bins' is clicked on

2018-06-11 09:38:23 - [TEST_STEP][PASSED] - click: Object: 'Object Repository/delete_bin_with_cables/Page_Sites and Bins - OPI Blue/a_Bins' is clicked on

2018-06-11 09:38:25 - [MESSAGE][PASSED] - Object: 'Object Repository/delete_bin_with_cables/Page_Sites and Bins - OPI Blue/a_Bins' is clicked on

2018-06-11 09:38:25 - [TEST_STEP][PASSED] - click: Object: 'Object Repository/delete_bin_with_cables/Page_Sites and Bins - OPI Blue/button_Delete' is clicked on

2018-06-11 09:38:27 - [MESSAGE][PASSED] - Object: 'Object Repository/delete_bin_with_cables/Page_Sites and Bins - OPI Blue/button_Delete' is clicked on

2018-06-11 09:38:27 - [TEST_STEP][PASSED] - click: Object: 'Object Repository/delete_bin_with_cables/Page_Sites and Bins - OPI Blue/button_Delete' is clicked on

2018-06-11 09:38:29 - [MESSAGE][PASSED] - Object: 'Object Repository/delete_bin_with_cables/Page_Sites and Bins - OPI Blue/button_Delete' is clicked on

2018-06-11 09:38:29 - [TEST_STEP][PASSED] - waitForElementClickable: Object 'Object Repository/delete_bin_with_cables/Page_Sites and Bins - OPI Blue/button_Cancel' is clickable

2018-06-11 09:38:31 - [MESSAGE][PASSED] - Object 'Object Repository/delete_bin_with_cables/Page_Sites and Bins - OPI Blue/button_Cancel' is clickable

2018-06-11 09:38:31 - [TEST_STEP][PASSED] - click: Object: 'Object Repository/delete_bin_with_cables/Page_Sites and Bins - OPI Blue/button_Cancel' is clicked on

2018-06-11 09:38:33 - [MESSAGE][PASSED] - Object: 'Object Repository/delete_bin_with_cables/Page_Sites and Bins - OPI Blue/button_Cancel' is clicked on

2018-06-11 09:38:33 - [TEST_STEP][PASSED] - click: Object: 'Object Repository/delete_bin_with_cables/Page_Sites and Bins - OPI Blue/a_Cables' is clicked on

2018-06-11 09:38:35 - [MESSAGE][PASSED] - Object: 'Object Repository/delete_bin_with_cables/Page_Sites and Bins - OPI Blue/a_Cables' is clicked on

2018-06-11 09:38:35 - [TEST_STEP][PASSED] - click: Object: 'Object Repository/delete_bin_with_cables/Page_Sites and Bins - OPI Blue/button_Edit' is clicked on

2018-06-11 09:38:38 - [MESSAGE][PASSED] - Object: 'Object Repository/delete_bin_with_cables/Page_Sites and Bins - OPI Blue/button_Edit' is clicked on

2018-06-11 09:38:38 - [TEST_STEP][PASSED] - click: Object: 'Object Repository/delete_bin_with_cables/Page_Sites and Bins - OPI Blue/i_icon-pencil' is clicked on

2018-06-11 09:38:40 - [MESSAGE][PASSED] - Object: 'Object Repository/delete_bin_with_cables/Page_Sites and Bins - OPI Blue/i_icon-pencil' is clicked on

2018-06-11 09:38:40 - [TEST_STEP][PASSED] - click: Object: 'Object Repository/delete_bin_with_cables/Page_Sites and Bins - OPI Blue/i_icon-cancel-circled unmap-ic' is clicked on

2018-06-11 09:38:42 - [MESSAGE][PASSED] - Object: 'Object Repository/delete_bin_with_cables/Page_Sites and Bins - OPI Blue/i_icon-cancel-circled unmap-ic' is clicked on

2018-06-11 09:38:42 - [TEST_STEP][PASSED] - click: Object: 'Object Repository/delete_bin_with_cables/Page_Sites and Bins - OPI Blue/i_icon-pencil_1' is clicked on

2018-06-11 09:38:44 - [MESSAGE][PASSED] - Object: 'Object Repository/delete_bin_with_cables/Page_Sites and Bins - OPI Blue/i_icon-pencil_1' is clicked on

2018-06-11 09:38:44 - [TEST_STEP][PASSED] - click: Object: 'Object Repository/delete_bin_with_cables/Page_Sites and Bins - OPI Blue/i_icon-cancel-circled unmap-ic_1' is clicked on

2018-06-11 09:38:47 - [MESSAGE][PASSED] - Object: 'Object Repository/delete_bin_with_cables/Page_Sites and Bins - OPI Blue/i_icon-cancel-circled unmap-ic_1' is clicked on

2018-06-11 09:38:47 - [TEST_STEP][PASSED] - click: Object: 'Object Repository/delete_bin_with_cables/Page_Sites and Bins - OPI Blue/span_Save' is clicked on

2018-06-11 09:38:49 - [MESSAGE][PASSED] - Object: 'Object Repository/delete_bin_with_cables/Page_Sites and Bins - OPI Blue/span_Save' is clicked on

2018-06-11 09:38:49 - [TEST_STEP][PASSED] - waitForElementClickable: Object 'Object Repository/delete_bin_with_cables/Page_Sites and Bins - OPI Blue (1)/button_Delete' is clickable

2018-06-11 09:38:51 - [MESSAGE][PASSED] - Object 'Object Repository/delete_bin_with_cables/Page_Sites and Bins - OPI Blue (1)/button_Delete' is clickable

2018-06-11 09:38:51 - [TEST_STEP][PASSED] - click: Object: 'Object Repository/delete_bin_with_cables/Page_Sites and Bins - OPI Blue (1)/button_Delete' is clicked on

2018-06-11 09:38:53 - [MESSAGE][PASSED] - Object: 'Object Repository/delete_bin_with_cables/Page_Sites and Bins - OPI Blue (1)/button_Delete' is clicked on

2018-06-11 09:38:53 - [TEST_STEP][PASSED] - click: Object: 'Object Repository/delete_bin_with_cables/Page_Sites and Bins - OPI Blue/button_Delete' is clicked on

2018-06-11 09:38:55 - [MESSAGE][PASSED] - Object: 'Object Repository/delete_bin_with_cables/Page_Sites and Bins - OPI Blue/button_Delete' is clicked on

2018-06-11 09:38:55 - [TEST_STEP][PASSED] - waitForElementPresent: Object 'Object Repository/delete_bin_with_cables/Page_Sites and Bins - OPI Blue/a_Log out' is present

2018-06-11 09:38:56 - [MESSAGE][PASSED] - Object 'Object Repository/delete_bin_with_cables/Page_Sites and Bins - OPI Blue/a_Log out' is present

2018-06-11 09:38:56 - [TEST_STEP][PASSED] - waitForElementClickable: Object 'Object Repository/delete_bin_with_cables/Page_Sites and Bins - OPI Blue/a_Log out' is clickable

2018-06-11 09:38:58 - [MESSAGE][PASSED] - Object 'Object Repository/delete_bin_with_cables/Page_Sites and Bins - OPI Blue/a_Log out' is clickable

2018-06-11 09:38:58 - [TEST_STEP][PASSED] - click: Object: 'Object Repository/delete_bin_with_cables/Page_Sites and Bins - OPI Blue/a_Log out' is clicked on

2018-06-11 09:39:01 - [MESSAGE][PASSED] - Object: 'Object Repository/delete_bin_with_cables/Page_Sites and Bins - OPI Blue/a_Log out' is clicked on

2018-06-11 09:39:01 - [TEST_STEP][PASSED] - closeBrowser: Browser is closed

2018-06-11 09:39:03 - [MESSAGE][PASSED] - Browser is closed]]></system-out>
         <system-err><![CDATA[]]></system-err>
      </testcase>
      <testcase name="Test Cases/remove_weather_station_from_site" classname="Test Cases/remove_weather_station_from_site" status="PASSED">
         <system-out><![CDATA[2018-06-11 09:39:05 - [TEST_CASE][PASSED] - Test Cases/remove_weather_station_from_site: Test Cases/remove_weather_station_from_site

2018-06-11 09:39:06 - [TEST_STEP][PASSED] - openBrowser: Browser is opened with url: ''

2018-06-11 09:39:10 - [MESSAGE][PASSED] - Browser is opened with url: ''

2018-06-11 09:39:10 - [TEST_STEP][PASSED] - navigateToUrl: Navigate to 'https://ra.managegrain.com/#/dashboard/userPreferences' successfully

2018-06-11 09:39:14 - [MESSAGE][PASSED] - Navigate to 'https://ra.managegrain.com/#/dashboard/userPreferences' successfully

2018-06-11 09:39:14 - [TEST_STEP][PASSED] - setText: Text 'opiopi20171+00028@gmail.com' is set on object 'Object Repository/remove_weather_station/Page_OPI Blue/input_username'

2018-06-11 09:39:20 - [MESSAGE][PASSED] - Text 'opiopi20171+00028@gmail.com' is set on object 'Object Repository/remove_weather_station/Page_OPI Blue/input_username'

2018-06-11 09:39:20 - [TEST_STEP][PASSED] - setText: Text 'gWF7Q4IlreZBZUpxglt7' is set on object 'Object Repository/remove_weather_station/Page_OPI Blue/input_password'

2018-06-11 09:39:24 - [MESSAGE][PASSED] - Text 'gWF7Q4IlreZBZUpxglt7' is set on object 'Object Repository/remove_weather_station/Page_OPI Blue/input_password'

2018-06-11 09:39:24 - [TEST_STEP][PASSED] - click: Object: 'Object Repository/remove_weather_station/Page_OPI Blue/span_Log In' is clicked on

2018-06-11 09:39:28 - [MESSAGE][PASSED] - Object: 'Object Repository/remove_weather_station/Page_OPI Blue/span_Log In' is clicked on

2018-06-11 09:39:28 - [TEST_STEP][PASSED] - click: Object: 'Object Repository/remove_weather_station/Page_Dashboard - OPI Blue/span_Sites and Bins' is clicked on

2018-06-11 09:39:30 - [MESSAGE][PASSED] - Object: 'Object Repository/remove_weather_station/Page_Dashboard - OPI Blue/span_Sites and Bins' is clicked on

2018-06-11 09:39:30 - [TEST_STEP][PASSED] - click: Object: 'Object Repository/remove_weather_station/Page_Sites and Bins - OPI Blue/a_Sites' is clicked on

2018-06-11 09:39:32 - [MESSAGE][PASSED] - Object: 'Object Repository/remove_weather_station/Page_Sites and Bins - OPI Blue/a_Sites' is clicked on

2018-06-11 09:39:32 - [TEST_STEP][PASSED] - click: Object: 'Object Repository/remove_weather_station/Page_Sites and Bins - OPI Blue/a_Weather Stations' is clicked on

2018-06-11 09:39:34 - [MESSAGE][PASSED] - Object: 'Object Repository/remove_weather_station/Page_Sites and Bins - OPI Blue/a_Weather Stations' is clicked on

2018-06-11 09:39:34 - [TEST_STEP][PASSED] - click: Object: 'Object Repository/remove_weather_station/Page_Sites and Bins - OPI Blue/button_Remove' is clicked on

2018-06-11 09:39:36 - [MESSAGE][PASSED] - Object: 'Object Repository/remove_weather_station/Page_Sites and Bins - OPI Blue/button_Remove' is clicked on

2018-06-11 09:39:36 - [TEST_STEP][PASSED] - click: Object: 'Object Repository/remove_weather_station/Page_Sites and Bins - OPI Blue/button_Remove_1' is clicked on

2018-06-11 09:39:38 - [MESSAGE][PASSED] - Object: 'Object Repository/remove_weather_station/Page_Sites and Bins - OPI Blue/button_Remove_1' is clicked on

2018-06-11 09:39:38 - [TEST_STEP][PASSED] - waitForElementPresent: Object 'Object Repository/remove_weather_station/Page_Sites and Bins - OPI Blue/a_Log out' is present

2018-06-11 09:39:40 - [MESSAGE][PASSED] - Object 'Object Repository/remove_weather_station/Page_Sites and Bins - OPI Blue/a_Log out' is present

2018-06-11 09:39:40 - [TEST_STEP][PASSED] - waitForElementClickable: Object 'Object Repository/remove_weather_station/Page_Sites and Bins - OPI Blue/a_Log out' is clickable

2018-06-11 09:39:42 - [MESSAGE][PASSED] - Object 'Object Repository/remove_weather_station/Page_Sites and Bins - OPI Blue/a_Log out' is clickable

2018-06-11 09:39:42 - [TEST_STEP][PASSED] - click: Object: 'Object Repository/remove_weather_station/Page_Sites and Bins - OPI Blue/a_Log out' is clicked on

2018-06-11 09:39:44 - [MESSAGE][PASSED] - Object: 'Object Repository/remove_weather_station/Page_Sites and Bins - OPI Blue/a_Log out' is clicked on

2018-06-11 09:39:44 - [TEST_STEP][PASSED] - closeBrowser: Browser is closed

2018-06-11 09:39:46 - [MESSAGE][PASSED] - Browser is closed]]></system-out>
         <system-err><![CDATA[]]></system-err>
      </testcase>
      <testcase name="Test Cases/delete_site_without_ws" classname="Test Cases/delete_site_without_ws" status="PASSED">
         <system-out><![CDATA[2018-06-11 09:39:48 - [TEST_CASE][PASSED] - Test Cases/delete_site_without_ws: Test Cases/delete_site_without_ws

2018-06-11 09:39:49 - [TEST_STEP][PASSED] - openBrowser: Browser is opened with url: ''

2018-06-11 09:39:54 - [MESSAGE][PASSED] - Browser is opened with url: ''

2018-06-11 09:39:54 - [TEST_STEP][PASSED] - navigateToUrl: Navigate to 'https://ra.managegrain.com/#/dashboard/userPreferences' successfully

2018-06-11 09:39:57 - [MESSAGE][PASSED] - Navigate to 'https://ra.managegrain.com/#/dashboard/userPreferences' successfully

2018-06-11 09:39:57 - [TEST_STEP][PASSED] - setText: Text 'opiopi20171+00028@gmail.com' is set on object 'Object Repository/delete_site/Page_OPI Blue/input_username'

2018-06-11 09:40:03 - [MESSAGE][PASSED] - Text 'opiopi20171+00028@gmail.com' is set on object 'Object Repository/delete_site/Page_OPI Blue/input_username'

2018-06-11 09:40:03 - [TEST_STEP][PASSED] - setText: Text 'gWF7Q4IlreZBZUpxglt7' is set on object 'Object Repository/delete_site/Page_OPI Blue/input_password'

2018-06-11 09:40:07 - [MESSAGE][PASSED] - Text 'gWF7Q4IlreZBZUpxglt7' is set on object 'Object Repository/delete_site/Page_OPI Blue/input_password'

2018-06-11 09:40:07 - [TEST_STEP][PASSED] - click: Object: 'Object Repository/delete_site/Page_OPI Blue/span_Log In' is clicked on

2018-06-11 09:40:11 - [MESSAGE][PASSED] - Object: 'Object Repository/delete_site/Page_OPI Blue/span_Log In' is clicked on

2018-06-11 09:40:11 - [TEST_STEP][PASSED] - click: Object: 'Object Repository/delete_site/Page_Sites and Bins - OPI Blue/span_Sites and Bins' is clicked on

2018-06-11 09:40:13 - [MESSAGE][PASSED] - Object: 'Object Repository/delete_site/Page_Sites and Bins - OPI Blue/span_Sites and Bins' is clicked on

2018-06-11 09:40:13 - [TEST_STEP][PASSED] - click: Object: 'Object Repository/delete_site/Page_Sites and Bins - OPI Blue/a_Sites' is clicked on

2018-06-11 09:40:15 - [MESSAGE][PASSED] - Object: 'Object Repository/delete_site/Page_Sites and Bins - OPI Blue/a_Sites' is clicked on

2018-06-11 09:40:15 - [TEST_STEP][PASSED] - click: Object: 'Object Repository/delete_site/Page_Sites and Bins - OPI Blue/button_Delete' is clicked on

2018-06-11 09:40:17 - [MESSAGE][PASSED] - Object: 'Object Repository/delete_site/Page_Sites and Bins - OPI Blue/button_Delete' is clicked on

2018-06-11 09:40:17 - [TEST_STEP][PASSED] - click: Object: 'Object Repository/delete_site/Page_Sites and Bins - OPI Blue/button_Delete' is clicked on

2018-06-11 09:40:20 - [MESSAGE][PASSED] - Object: 'Object Repository/delete_site/Page_Sites and Bins - OPI Blue/button_Delete' is clicked on

2018-06-11 09:40:20 - [TEST_STEP][PASSED] - waitForElementPresent: Object 'Object Repository/delete_site/Page_Sites and Bins - OPI Blue/a_Log out' is present

2018-06-11 09:40:21 - [MESSAGE][PASSED] - Object 'Object Repository/delete_site/Page_Sites and Bins - OPI Blue/a_Log out' is present

2018-06-11 09:40:21 - [TEST_STEP][PASSED] - waitForElementClickable: Object 'Object Repository/delete_site/Page_Sites and Bins - OPI Blue/a_Log out' is clickable

2018-06-11 09:40:23 - [MESSAGE][PASSED] - Object 'Object Repository/delete_site/Page_Sites and Bins - OPI Blue/a_Log out' is clickable

2018-06-11 09:40:23 - [TEST_STEP][PASSED] - click: Object: 'Object Repository/delete_site/Page_Sites and Bins - OPI Blue/a_Log out' is clicked on

2018-06-11 09:40:25 - [MESSAGE][PASSED] - Object: 'Object Repository/delete_site/Page_Sites and Bins - OPI Blue/a_Log out' is clicked on

2018-06-11 09:40:25 - [TEST_STEP][PASSED] - closeBrowser: Browser is closed

2018-06-11 09:40:27 - [MESSAGE][PASSED] - Browser is closed]]></system-out>
         <system-err><![CDATA[]]></system-err>
      </testcase>
      <testcase name="Test Cases/unmap_node" classname="Test Cases/unmap_node" status="PASSED">
         <system-out><![CDATA[2018-06-11 09:40:29 - [TEST_CASE][PASSED] - Test Cases/unmap_node: Test Cases/unmap_node

2018-06-11 09:40:30 - [TEST_STEP][PASSED] - openBrowser: Browser is opened with url: ''

2018-06-11 09:40:35 - [MESSAGE][PASSED] - Browser is opened with url: ''

2018-06-11 09:40:35 - [TEST_STEP][PASSED] - navigateToUrl: Navigate to 'https://ra.managegrain.com/#/dashboard/userPreferences' successfully

2018-06-11 09:40:38 - [MESSAGE][PASSED] - Navigate to 'https://ra.managegrain.com/#/dashboard/userPreferences' successfully

2018-06-11 09:40:38 - [TEST_STEP][PASSED] - setText: Text 'opiopi20171+00028@gmail.com' is set on object 'Object Repository/unmap_node/Page_OPI Blue/input_username'

2018-06-11 09:40:44 - [MESSAGE][PASSED] - Text 'opiopi20171+00028@gmail.com' is set on object 'Object Repository/unmap_node/Page_OPI Blue/input_username'

2018-06-11 09:40:44 - [TEST_STEP][PASSED] - setText: Text 'gWF7Q4IlreZBZUpxglt7' is set on object 'Object Repository/unmap_node/Page_OPI Blue/input_password'

2018-06-11 09:40:48 - [MESSAGE][PASSED] - Text 'gWF7Q4IlreZBZUpxglt7' is set on object 'Object Repository/unmap_node/Page_OPI Blue/input_password'

2018-06-11 09:40:48 - [TEST_STEP][PASSED] - click: Object: 'Object Repository/unmap_node/Page_OPI Blue/span_Log In' is clicked on

2018-06-11 09:40:52 - [MESSAGE][PASSED] - Object: 'Object Repository/unmap_node/Page_OPI Blue/span_Log In' is clicked on

2018-06-11 09:40:52 - [TEST_STEP][PASSED] - click: Object: 'Object Repository/unmap_node/Page_Dashboard - OPI Blue/span_Gateways and Nodes' is clicked on

2018-06-11 09:40:54 - [MESSAGE][PASSED] - Object: 'Object Repository/unmap_node/Page_Dashboard - OPI Blue/span_Gateways and Nodes' is clicked on

2018-06-11 09:40:54 - [TEST_STEP][PASSED] - click: Object: 'Object Repository/unmap_node/Page_Gateways and Nodes - OPI Blue/a_Nodes' is clicked on

2018-06-11 09:40:56 - [MESSAGE][PASSED] - Object: 'Object Repository/unmap_node/Page_Gateways and Nodes - OPI Blue/a_Nodes' is clicked on

2018-06-11 09:40:56 - [TEST_STEP][PASSED] - click: Object: 'Object Repository/unmap_node/Page_Gateways and Nodes - OPI Blue/button_Unmap' is clicked on

2018-06-11 09:40:59 - [MESSAGE][PASSED] - Object: 'Object Repository/unmap_node/Page_Gateways and Nodes - OPI Blue/button_Unmap' is clicked on

2018-06-11 09:40:59 - [TEST_STEP][PASSED] - waitForElementPresent: Object 'Object Repository/unmap_node/Page_Gateways and Nodes - OPI Blue/a_Log out' is present

2018-06-11 09:41:00 - [MESSAGE][PASSED] - Object 'Object Repository/unmap_node/Page_Gateways and Nodes - OPI Blue/a_Log out' is present

2018-06-11 09:41:00 - [TEST_STEP][PASSED] - waitForElementClickable: Object 'Object Repository/unmap_node/Page_Gateways and Nodes - OPI Blue/a_Log out' is clickable

2018-06-11 09:41:02 - [MESSAGE][PASSED] - Object 'Object Repository/unmap_node/Page_Gateways and Nodes - OPI Blue/a_Log out' is clickable

2018-06-11 09:41:02 - [TEST_STEP][PASSED] - click: Object: 'Object Repository/unmap_node/Page_Gateways and Nodes - OPI Blue/a_Log out' is clicked on

2018-06-11 09:41:04 - [MESSAGE][PASSED] - Object: 'Object Repository/unmap_node/Page_Gateways and Nodes - OPI Blue/a_Log out' is clicked on

2018-06-11 09:41:04 - [TEST_STEP][PASSED] - closeBrowser: Browser is closed

2018-06-11 09:41:06 - [MESSAGE][PASSED] - Browser is closed]]></system-out>
         <system-err><![CDATA[]]></system-err>
      </testcase>
      <testcase name="Test Cases/unregister_node" classname="Test Cases/unregister_node" status="PASSED">
         <system-out><![CDATA[2018-06-11 09:41:09 - [TEST_CASE][PASSED] - Test Cases/unregister_node: Test Cases/unregister_node

2018-06-11 09:41:09 - [TEST_STEP][PASSED] - openBrowser: Browser is opened with url: ''

2018-06-11 09:41:14 - [MESSAGE][PASSED] - Browser is opened with url: ''

2018-06-11 09:41:14 - [TEST_STEP][PASSED] - navigateToUrl: Navigate to 'https://ra.managegrain.com/#/dashboard/userPreferences' successfully

2018-06-11 09:41:17 - [MESSAGE][PASSED] - Navigate to 'https://ra.managegrain.com/#/dashboard/userPreferences' successfully

2018-06-11 09:41:17 - [TEST_STEP][PASSED] - setText: Text 'opiopi20171+00028@gmail.com' is set on object 'Object Repository/unregister_node/Page_OPI Blue/input_username'

2018-06-11 09:41:23 - [MESSAGE][PASSED] - Text 'opiopi20171+00028@gmail.com' is set on object 'Object Repository/unregister_node/Page_OPI Blue/input_username'

2018-06-11 09:41:23 - [TEST_STEP][PASSED] - setText: Text 'gWF7Q4IlreZBZUpxglt7' is set on object 'Object Repository/unregister_node/Page_OPI Blue/input_password'

2018-06-11 09:41:27 - [MESSAGE][PASSED] - Text 'gWF7Q4IlreZBZUpxglt7' is set on object 'Object Repository/unregister_node/Page_OPI Blue/input_password'

2018-06-11 09:41:27 - [TEST_STEP][PASSED] - click: Object: 'Object Repository/unregister_node/Page_OPI Blue/span_Log In' is clicked on

2018-06-11 09:41:31 - [MESSAGE][PASSED] - Object: 'Object Repository/unregister_node/Page_OPI Blue/span_Log In' is clicked on

2018-06-11 09:41:31 - [TEST_STEP][PASSED] - click: Object: 'Object Repository/unregister_node/Page_Dashboard - OPI Blue/span_Gateways and Nodes' is clicked on

2018-06-11 09:41:33 - [MESSAGE][PASSED] - Object: 'Object Repository/unregister_node/Page_Dashboard - OPI Blue/span_Gateways and Nodes' is clicked on

2018-06-11 09:41:33 - [TEST_STEP][PASSED] - click: Object: 'Object Repository/unregister_node/Page_Gateways and Nodes - OPI Blue/a_Nodes' is clicked on

2018-06-11 09:41:35 - [MESSAGE][PASSED] - Object: 'Object Repository/unregister_node/Page_Gateways and Nodes - OPI Blue/a_Nodes' is clicked on

2018-06-11 09:41:35 - [TEST_STEP][PASSED] - click: Object: 'Object Repository/unregister_node/Page_Gateways and Nodes - OPI Blue/button_Unregister' is clicked on

2018-06-11 09:41:38 - [MESSAGE][PASSED] - Object: 'Object Repository/unregister_node/Page_Gateways and Nodes - OPI Blue/button_Unregister' is clicked on

2018-06-11 09:41:38 - [TEST_STEP][PASSED] - click: Object: 'Object Repository/unregister_node/Page_Gateways and Nodes - OPI Blue/button_Unregister_1' is clicked on

2018-06-11 09:41:40 - [MESSAGE][PASSED] - Object: 'Object Repository/unregister_node/Page_Gateways and Nodes - OPI Blue/button_Unregister_1' is clicked on

2018-06-11 09:41:40 - [TEST_STEP][PASSED] - click: Object: 'Object Repository/unregister_node/Page_Gateways and Nodes - OPI Blue/button_Close                 R' is clicked on

2018-06-11 09:41:42 - [MESSAGE][PASSED] - Object: 'Object Repository/unregister_node/Page_Gateways and Nodes - OPI Blue/button_Close                 R' is clicked on

2018-06-11 09:41:42 - [TEST_STEP][PASSED] - waitForElementPresent: Object 'Object Repository/unregister_node/Page_Gateways and Nodes - OPI Blue/a_Log out' is present

2018-06-11 09:41:43 - [MESSAGE][PASSED] - Object 'Object Repository/unregister_node/Page_Gateways and Nodes - OPI Blue/a_Log out' is present

2018-06-11 09:41:43 - [TEST_STEP][PASSED] - waitForElementClickable: Object 'Object Repository/unregister_node/Page_Gateways and Nodes - OPI Blue/a_Log out' is clickable

2018-06-11 09:41:45 - [MESSAGE][PASSED] - Object 'Object Repository/unregister_node/Page_Gateways and Nodes - OPI Blue/a_Log out' is clickable

2018-06-11 09:41:45 - [TEST_STEP][PASSED] - click: Object: 'Object Repository/unregister_node/Page_Gateways and Nodes - OPI Blue/a_Log out' is clicked on

2018-06-11 09:41:48 - [MESSAGE][PASSED] - Object: 'Object Repository/unregister_node/Page_Gateways and Nodes - OPI Blue/a_Log out' is clicked on

2018-06-11 09:41:48 - [TEST_STEP][PASSED] - closeBrowser: Browser is closed

2018-06-11 09:41:50 - [MESSAGE][PASSED] - Browser is closed]]></system-out>
         <system-err><![CDATA[]]></system-err>
      </testcase>
      <testcase name="Test Cases/unregister_gateway" classname="Test Cases/unregister_gateway" status="PASSED">
         <system-out><![CDATA[2018-06-11 09:41:52 - [TEST_CASE][PASSED] - Test Cases/unregister_gateway: Test Cases/unregister_gateway

2018-06-11 09:41:52 - [TEST_STEP][PASSED] - openBrowser: Browser is opened with url: ''

2018-06-11 09:41:57 - [MESSAGE][PASSED] - Browser is opened with url: ''

2018-06-11 09:41:57 - [TEST_STEP][PASSED] - navigateToUrl: Navigate to 'https://ra.managegrain.com/#/dashboard/userPreferences' successfully

2018-06-11 09:42:00 - [MESSAGE][PASSED] - Navigate to 'https://ra.managegrain.com/#/dashboard/userPreferences' successfully

2018-06-11 09:42:00 - [TEST_STEP][PASSED] - setText: Text 'opiopi20171+00028@gmail.com' is set on object 'Object Repository/unregister_gateway/Page_OPI Blue/input_username'

2018-06-11 09:42:06 - [MESSAGE][PASSED] - Text 'opiopi20171+00028@gmail.com' is set on object 'Object Repository/unregister_gateway/Page_OPI Blue/input_username'

2018-06-11 09:42:06 - [TEST_STEP][PASSED] - setText: Text 'gWF7Q4IlreZBZUpxglt7' is set on object 'Object Repository/unregister_gateway/Page_OPI Blue/input_password'

2018-06-11 09:42:11 - [MESSAGE][PASSED] - Text 'gWF7Q4IlreZBZUpxglt7' is set on object 'Object Repository/unregister_gateway/Page_OPI Blue/input_password'

2018-06-11 09:42:11 - [TEST_STEP][PASSED] - click: Object: 'Object Repository/unregister_gateway/Page_OPI Blue/span_Log In' is clicked on

2018-06-11 09:42:14 - [MESSAGE][PASSED] - Object: 'Object Repository/unregister_gateway/Page_OPI Blue/span_Log In' is clicked on

2018-06-11 09:42:14 - [TEST_STEP][PASSED] - click: Object: 'Object Repository/unregister_gateway/Page_Dashboard - OPI Blue/span_Gateways and Nodes' is clicked on

2018-06-11 09:42:16 - [MESSAGE][PASSED] - Object: 'Object Repository/unregister_gateway/Page_Dashboard - OPI Blue/span_Gateways and Nodes' is clicked on

2018-06-11 09:42:16 - [TEST_STEP][PASSED] - click: Object: 'Object Repository/unregister_gateway/Page_Gateways and Nodes - OPI Blue/button_Unregister' is clicked on

2018-06-11 09:42:19 - [MESSAGE][PASSED] - Object: 'Object Repository/unregister_gateway/Page_Gateways and Nodes - OPI Blue/button_Unregister' is clicked on

2018-06-11 09:42:19 - [TEST_STEP][PASSED] - click: Object: 'Object Repository/unregister_gateway/Page_Gateways and Nodes - OPI Blue/button_Unregister_1' is clicked on

2018-06-11 09:42:21 - [MESSAGE][PASSED] - Object: 'Object Repository/unregister_gateway/Page_Gateways and Nodes - OPI Blue/button_Unregister_1' is clicked on

2018-06-11 09:42:21 - [TEST_STEP][PASSED] - waitForElementPresent: Object 'Object Repository/unregister_gateway/Page_Gateways and Nodes - OPI Blue/a_Log out' is present

2018-06-11 09:42:22 - [MESSAGE][PASSED] - Object 'Object Repository/unregister_gateway/Page_Gateways and Nodes - OPI Blue/a_Log out' is present

2018-06-11 09:42:22 - [TEST_STEP][PASSED] - waitForElementClickable: Object 'Object Repository/unregister_gateway/Page_Gateways and Nodes - OPI Blue/a_Log out' is clickable

2018-06-11 09:42:24 - [MESSAGE][PASSED] - Object 'Object Repository/unregister_gateway/Page_Gateways and Nodes - OPI Blue/a_Log out' is clickable

2018-06-11 09:42:24 - [TEST_STEP][PASSED] - click: Object: 'Object Repository/unregister_gateway/Page_Gateways and Nodes - OPI Blue/a_Log out' is clicked on

2018-06-11 09:42:27 - [MESSAGE][PASSED] - Object: 'Object Repository/unregister_gateway/Page_Gateways and Nodes - OPI Blue/a_Log out' is clicked on

2018-06-11 09:42:27 - [TEST_STEP][PASSED] - closeBrowser: Browser is closed

2018-06-11 09:42:29 - [MESSAGE][PASSED] - Browser is closed]]></system-out>
         <system-err><![CDATA[]]></system-err>
      </testcase>
      <system-out><![CDATA[2018-06-11 09:35:45 - [TEST_SUITE][PASSED] - removePlenum_removeFan_deleteBin_deleteSite_unmapNode_unregNode_unregGW: Test Cases/unregister_gateway]]></system-out>
      <system-err><![CDATA[]]></system-err>
   </testsuite>
</testsuites>
