<?xml version="1.0" encoding="UTF-8"?>
<testsuites name="test_cases_execution" time="46" tests="1" failures="0" errors="0">
   <testsuite name="test_cases_execution" tests="1" failures="0" errors="0" time="46" timestamp="2018-06-27 13:14:16" hostname="geetab - OPI-LT66.opisystems.local" id="Test Suites/QA - Ver1.0/test_cases_execution">
      <properties>
         <property name="deviceName" value=""/>
         <property name="devicePlatform" value=""/>
         <property name="logFolder" value="C:\\Users\\geetab\\Katalon Studio\\RA_opi_blue_cloud\\Reports\\QA - Ver1.0\\test_cases_execution\\20180627_131414"/>
         <property name="logFiles" value="C:\\Users\\geetab\\Katalon Studio\\RA_opi_blue_cloud\\Reports\\QA - Ver1.0\\test_cases_execution\\20180627_131414\\execution0.log"/>
         <property name="attachments" value=""/>
         <property name="hostName" value="geetab - OPI-LT66.opisystems.local"/>
         <property name="os" value="Windows 10 64bit"/>
         <property name="katalonVersion" value="5.4.2.1"/>
         <property name="browser" value="Chrome 67.0.3396.79"/>
         <property name="hostAddress" value="172.16.6.51"/>
         <property name="sessionId" value="a2afafabd71798e9957ad4b42e01a6b5"/>
         <property name="seleniumVersion" value="3.7.1"/>
         <property name="proxyInformation" value="ProxyInformation{proxyOption=NO_PROXY, proxyServerType=HTTP, password=, proxyServerAddress=, proxyServerPort=0}"/>
         <property name="platform" value="Windows 10"/>
      </properties>
      <testcase name="Test Cases/grain_condition_grain_tile_temp_tab" classname="Test Cases/grain_condition_grain_tile_temp_tab" status="PASSED">
         <system-out><![CDATA[2018-06-27 13:14:17 - [TEST_CASE][PASSED] - Test Cases/grain_condition_grain_tile_temp_tab: Test Cases/grain_condition_grain_tile_temp_tab

2018-06-27 13:14:18 - [TEST_STEP][PASSED] - openBrowser: Browser is opened with url: ''

2018-06-27 13:14:27 - [MESSAGE][PASSED] - Browser is opened with url: ''

2018-06-27 13:14:27 - [TEST_STEP][PASSED] - navigateToUrl: Navigate to 'http://qa.managegrain.com' successfully

2018-06-27 13:14:28 - [MESSAGE][WARNING] - Test object with id 'Object Repository/valid_login/Page_OPI Blue/span_Log In' does not exist

2018-06-27 13:14:28 - [MESSAGE][WARNING] - Test object with id 'Object Repository/valid_logout/Page_Dashboard - OPI Blue/a_Log out' does not exist

2018-06-27 13:14:28 - [MESSAGE][WARNING] - Test object with id 'Object Repository/valid_login/Page_OPI Blue/input_username' does not exist

2018-06-27 13:14:28 - [MESSAGE][WARNING] - Test object with id 'Object Repository/valid_login/Page_OPI Blue/input_password' does not exist

2018-06-27 13:14:32 - [MESSAGE][PASSED] - Navigate to 'http://qa.managegrain.com' successfully

2018-06-27 13:14:32 - [TEST_STEP][PASSED] - setText: Text 'opiopi20171+00028@gmail.com' is set on object 'Object Repository/valid_login_logout/Page_OPI Blue/input_email'

2018-06-27 13:14:36 - [MESSAGE][PASSED] - Text 'opiopi20171+00028@gmail.com' is set on object 'Object Repository/valid_login_logout/Page_OPI Blue/input_email'

2018-06-27 13:14:36 - [TEST_STEP][PASSED] - setText: Text 'gWF7Q4IlreZBZUpxglt7' is set on object 'Object Repository/valid_login_logout/Page_OPI Blue/input_password'

2018-06-27 13:14:41 - [MESSAGE][PASSED] - Text 'gWF7Q4IlreZBZUpxglt7' is set on object 'Object Repository/valid_login_logout/Page_OPI Blue/input_password'

2018-06-27 13:14:41 - [TEST_STEP][PASSED] - click: Object: 'Object Repository/valid_login_logout/Page_OPI Blue/button_Sign In' is clicked on

2018-06-27 13:14:43 - [MESSAGE][PASSED] - Object: 'Object Repository/valid_login_logout/Page_OPI Blue/button_Sign In' is clicked on

2018-06-27 13:14:43 - [TEST_STEP][PASSED] - click: Object: 'Object Repository/grain_condition_grain_tile_temp_tab/Page_Dashboard - OPI Blue/a_Grain Condition' is clicked on

2018-06-27 13:14:46 - [MESSAGE][PASSED] - Object: 'Object Repository/grain_condition_grain_tile_temp_tab/Page_Dashboard - OPI Blue/a_Grain Condition' is clicked on

2018-06-27 13:14:46 - [TEST_STEP][PASSED] - click: Object: 'Object Repository/grain_condition_grain_tile_temp_tab/Page_Grain Condition - OPI Blue/div_Temperature' is clicked on

2018-06-27 13:14:48 - [MESSAGE][PASSED] - Object: 'Object Repository/grain_condition_grain_tile_temp_tab/Page_Grain Condition - OPI Blue/div_Temperature' is clicked on

2018-06-27 13:14:48 - [TEST_STEP][PASSED] - click: Object: 'Object Repository/grain_condition_grain_tile_temp_tab/Page_Grain Condition - OPI Blue/strong_Max Grain Temp' is clicked on

2018-06-27 13:14:50 - [MESSAGE][PASSED] - Object: 'Object Repository/grain_condition_grain_tile_temp_tab/Page_Grain Condition - OPI Blue/strong_Max Grain Temp' is clicked on

2018-06-27 13:14:50 - [TEST_STEP][PASSED] - click: Object: 'Object Repository/grain_condition_grain_tile_temp_tab/Page_Grain Condition - OPI Blue/strong_Max Temp Setpoint' is clicked on

2018-06-27 13:14:52 - [MESSAGE][PASSED] - Object: 'Object Repository/grain_condition_grain_tile_temp_tab/Page_Grain Condition - OPI Blue/strong_Max Temp Setpoint' is clicked on

2018-06-27 13:14:52 - [TEST_STEP][PASSED] - click: Object: 'Object Repository/grain_condition_grain_tile_temp_tab/Page_Grain Condition - OPI Blue/strong_Rate of Rise Setpoint' is clicked on

2018-06-27 13:14:54 - [MESSAGE][PASSED] - Object: 'Object Repository/grain_condition_grain_tile_temp_tab/Page_Grain Condition - OPI Blue/strong_Rate of Rise Setpoint' is clicked on

2018-06-27 13:14:54 - [TEST_STEP][PASSED] - click: Object: 'Object Repository/valid_login_logout/Page_OPI Blue/a_Log out' is clicked on

2018-06-27 13:14:59 - [MESSAGE][PASSED] - Object: 'Object Repository/valid_login_logout/Page_OPI Blue/a_Log out' is clicked on

2018-06-27 13:14:59 - [TEST_STEP][PASSED] - closeBrowser: Browser is closed

2018-06-27 13:15:01 - [MESSAGE][PASSED] - Browser is closed]]></system-out>
         <system-err><![CDATA[]]></system-err>
      </testcase>
      <system-out><![CDATA[2018-06-27 13:14:16 - [TEST_SUITE][PASSED] - test_cases_execution: Test Cases/grain_condition_grain_tile_temp_tab]]></system-out>
      <system-err><![CDATA[]]></system-err>
   </testsuite>
</testsuites>
