<?xml version="1.0" encoding="UTF-8"?>
<testsuites name="Login" time="89" tests="3" failures="0" errors="0">
   <testsuite name="Login" tests="3" failures="0" errors="0" time="89" timestamp="2018-05-15 12:44:02" hostname="geetab - OPI-LT66.opisystems.local" id="Test Suites/Login">
      <properties>
         <property name="deviceName" value=""/>
         <property name="devicePlatform" value=""/>
         <property name="logFolder" value="C:\\Users\\geetab\\Katalon Studio\\RA_opi_blue_cloud\\Reports\\Login\\20180515_124400"/>
         <property name="logFiles" value="C:\\Users\\geetab\\Katalon Studio\\RA_opi_blue_cloud\\Reports\\Login\\20180515_124400\\execution0.log"/>
         <property name="attachments" value=""/>
         <property name="hostName" value="geetab - OPI-LT66.opisystems.local"/>
         <property name="os" value="Windows 10 64bit"/>
         <property name="katalonVersion" value="5.4.1.1"/>
         <property name="browser" value="Chrome 66.0.3359.139"/>
         <property name="hostAddress" value="172.16.8.41"/>
         <property name="sessionId" value="6b0605940651972847b9b7af04fad73a"/>
         <property name="seleniumVersion" value="3.7.1"/>
         <property name="proxyInformation" value="ProxyInformation{proxyOption=NO_PROXY, proxyServerType=HTTP, password=, proxyServerAddress=, proxyServerPort=0}"/>
         <property name="platform" value="Windows 10"/>
      </properties>
      <testcase name="Test Cases/valid_login" classname="Test Cases/valid_login" status="PASSED">
         <system-out><![CDATA[2018-05-15 12:44:02 - [TEST_CASE][PASSED] - Test Cases/valid_login: Test Cases/valid_login

2018-05-15 12:44:04 - [TEST_STEP][PASSED] - openBrowser: Browser is opened with url: ''

2018-05-15 12:44:12 - [MESSAGE][PASSED] - Browser is opened with url: ''

2018-05-15 12:44:12 - [TEST_STEP][PASSED] - navigateToUrl: Navigate to 'https://ra.managegrain.com/#/dashboard/userPreferences' successfully

2018-05-15 12:44:17 - [MESSAGE][PASSED] - Navigate to 'https://ra.managegrain.com/#/dashboard/userPreferences' successfully

2018-05-15 12:44:17 - [TEST_STEP][PASSED] - setText: Text 'opiopi20171+00028@gmail.com' is set on object 'Object Repository/valid_login/Page_OPI Blue/input_username'

2018-05-15 12:44:23 - [MESSAGE][PASSED] - Text 'opiopi20171+00028@gmail.com' is set on object 'Object Repository/valid_login/Page_OPI Blue/input_username'

2018-05-15 12:44:23 - [TEST_STEP][PASSED] - setText: Text 'gWF7Q4IlreZBZUpxglt7' is set on object 'Object Repository/valid_login/Page_OPI Blue/input_password'

2018-05-15 12:44:27 - [MESSAGE][PASSED] - Text 'gWF7Q4IlreZBZUpxglt7' is set on object 'Object Repository/valid_login/Page_OPI Blue/input_password'

2018-05-15 12:44:27 - [TEST_STEP][PASSED] - click: Object: 'Object Repository/valid_login/Page_OPI Blue/span_Log In' is clicked on

2018-05-15 12:44:31 - [MESSAGE][PASSED] - Object: 'Object Repository/valid_login/Page_OPI Blue/span_Log In' is clicked on

2018-05-15 12:44:31 - [TEST_STEP][PASSED] - closeBrowser: Browser is closed

2018-05-15 12:44:34 - [MESSAGE][PASSED] - Browser is closed]]></system-out>
         <system-err><![CDATA[]]></system-err>
      </testcase>
      <testcase name="Test Cases/valid_login" classname="Test Cases/valid_login" status="PASSED">
         <system-out><![CDATA[2018-05-15 12:44:36 - [TEST_CASE][PASSED] - Test Cases/valid_login: Test Cases/valid_login

2018-05-15 12:44:36 - [TEST_STEP][PASSED] - openBrowser: Browser is opened with url: ''

2018-05-15 12:44:41 - [MESSAGE][PASSED] - Browser is opened with url: ''

2018-05-15 12:44:41 - [TEST_STEP][PASSED] - navigateToUrl: Navigate to 'https://ra.managegrain.com/#/dashboard/userPreferences' successfully

2018-05-15 12:44:46 - [MESSAGE][PASSED] - Navigate to 'https://ra.managegrain.com/#/dashboard/userPreferences' successfully

2018-05-15 12:44:46 - [TEST_STEP][PASSED] - setText: Text 'geetab@opisystems.com' is set on object 'Object Repository/valid_login/Page_OPI Blue/input_username'

2018-05-15 12:44:52 - [MESSAGE][PASSED] - Text 'geetab@opisystems.com' is set on object 'Object Repository/valid_login/Page_OPI Blue/input_username'

2018-05-15 12:44:52 - [TEST_STEP][PASSED] - setText: Text 'Mar@2017' is set on object 'Object Repository/valid_login/Page_OPI Blue/input_password'

2018-05-15 12:44:56 - [MESSAGE][PASSED] - Text 'Mar@2017' is set on object 'Object Repository/valid_login/Page_OPI Blue/input_password'

2018-05-15 12:44:56 - [TEST_STEP][PASSED] - click: Object: 'Object Repository/valid_login/Page_OPI Blue/span_Log In' is clicked on

2018-05-15 12:45:00 - [MESSAGE][PASSED] - Object: 'Object Repository/valid_login/Page_OPI Blue/span_Log In' is clicked on

2018-05-15 12:45:00 - [TEST_STEP][PASSED] - closeBrowser: Browser is closed

2018-05-15 12:45:02 - [MESSAGE][PASSED] - Browser is closed]]></system-out>
         <system-err><![CDATA[]]></system-err>
      </testcase>
      <testcase name="Test Cases/valid_login" classname="Test Cases/valid_login" status="PASSED">
         <system-out><![CDATA[2018-05-15 12:45:04 - [TEST_CASE][PASSED] - Test Cases/valid_login: Test Cases/valid_login

2018-05-15 12:45:04 - [TEST_STEP][PASSED] - openBrowser: Browser is opened with url: ''

2018-05-15 12:45:10 - [MESSAGE][PASSED] - Browser is opened with url: ''

2018-05-15 12:45:10 - [TEST_STEP][PASSED] - navigateToUrl: Navigate to 'https://ra.managegrain.com/#/dashboard/userPreferences' successfully

2018-05-15 12:45:14 - [MESSAGE][PASSED] - Navigate to 'https://ra.managegrain.com/#/dashboard/userPreferences' successfully

2018-05-15 12:45:14 - [TEST_STEP][PASSED] - setText: Text 'geetab@opisystems.com' is set on object 'Object Repository/valid_login/Page_OPI Blue/input_username'

2018-05-15 12:45:20 - [MESSAGE][PASSED] - Text 'geetab@opisystems.com' is set on object 'Object Repository/valid_login/Page_OPI Blue/input_username'

2018-05-15 12:45:20 - [TEST_STEP][PASSED] - setText: Text 'sfjsaldkfj' is set on object 'Object Repository/valid_login/Page_OPI Blue/input_password'

2018-05-15 12:45:24 - [MESSAGE][PASSED] - Text 'sfjsaldkfj' is set on object 'Object Repository/valid_login/Page_OPI Blue/input_password'

2018-05-15 12:45:24 - [TEST_STEP][PASSED] - click: Object: 'Object Repository/valid_login/Page_OPI Blue/span_Log In' is clicked on

2018-05-15 12:45:27 - [MESSAGE][PASSED] - Object: 'Object Repository/valid_login/Page_OPI Blue/span_Log In' is clicked on

2018-05-15 12:45:27 - [TEST_STEP][PASSED] - closeBrowser: Browser is closed

2018-05-15 12:45:29 - [MESSAGE][PASSED] - Browser is closed]]></system-out>
         <system-err><![CDATA[]]></system-err>
      </testcase>
      <system-out><![CDATA[2018-05-15 12:44:02 - [TEST_SUITE][PASSED] - Login: Test Cases/valid_login]]></system-out>
      <system-err><![CDATA[]]></system-err>
   </testsuite>
</testsuites>
